<?xml version="1.0" encoding="UTF-8"?>
<testsuites name="API Regression Test" time="88.533" tests="12" failures="0" errors="0">
   <testsuite name="API Regression Test" tests="12" failures="0" errors="0" time="88.533" skipped="0" timestamp="19-07-2024T11:34:22" hostname="linh.phan - localhost" id="Test Suites/API/API Regression Test">
      <properties>
         <property name="deviceName" value=""/>
         <property name="devicePlatform" value=""/>
         <property name="logFolder" value="/Users/linh.phan/Automation_Katalon_QE/katalon-healthcare/Reports/20240719_113416/API/API Regression Test/20240719_113416"/>
         <property name="logFiles" value="/Users/linh.phan/Automation_Katalon_QE/katalon-healthcare/Reports/20240719_113416/API/API Regression Test/20240719_113416/execution0.log"/>
         <property name="attachments" value=""/>
         <property name="hostName" value="linh.phan - localhost"/>
         <property name="hostAddress" value="127.0.0.1"/>
         <property name="os" value="Mac OS X 64bit"/>
         <property name="katalonVersion" value="9.3.1.212"/>
      </properties>
      <testcase name="Test Cases/API/Medicines/PUT_Verify request update medicine successfully" time="14.661" classname="Test Cases/API/Medicines/PUT_Verify request update medicine successfully" status="PASSED">
         <system-out><![CDATA[19-07-2024T11:34:23 - [TEST_CASE][PASSED] - Test Cases/API/Medicines/PUT_Verify request update medicine successfully: Test Cases/API/Medicines/PUT_Verify request update medicine successfully

19-07-2024T11:34:23 - [TEST_STEP][PASSED] - Start listener action : before: null

19-07-2024T11:34:23 - [TEST_STEP][PASSED] - if (isApiTestCase(testCaseContext.getTestCaseId())): null

19-07-2024T11:34:23 - [TEST_STEP][PASSED] - if (isWebTestCase(testCaseContext.getTestCaseId())): null

19-07-2024T11:34:23 - [TEST_STEP][PASSED] - Start listener action : openApplication: null

19-07-2024T11:34:23 - [TEST_STEP][PASSED] - if (!(isAPIRunning) & !(isWebRunning)): null

19-07-2024T11:34:23 - [TEST_STEP][PASSED] - Start listener action : openBrowser: null

19-07-2024T11:34:23 - [TEST_STEP][PASSED] - if (!(isAPIRunning) & isWebRunning): null

19-07-2024T11:34:24 - [TEST_STEP][PASSED] - user = withRole("Doctor").getFirst(): null

19-07-2024T11:34:24 - [TEST_STEP][PASSED] - doctorToken = signIn(email, pwd).getAccessToken(): Send request successfully

19-07-2024T11:34:28 - [MESSAGE][INFO] - HAR: /Users/linh.phan/Automation_Katalon_QE/katalon-healthcare/Reports/20240719_113416/API/API Regression Test/20240719_113416/requests/main/0.har

19-07-2024T11:34:28 - [MESSAGE][PASSED] - Send request successfully

19-07-2024T11:34:28 - [TEST_STEP][PASSED] - accountData = data: Send request successfully

19-07-2024T11:34:29 - [MESSAGE][INFO] - HAR: /Users/linh.phan/Automation_Katalon_QE/katalon-healthcare/Reports/20240719_113416/API/API Regression Test/20240719_113416/requests/main/1.har

19-07-2024T11:34:29 - [MESSAGE][PASSED] - Send request successfully

19-07-2024T11:34:29 - [TEST_STEP][PASSED] - accountId = id: null

19-07-2024T11:34:29 - [TEST_STEP][PASSED] - accountName = fullName: null

19-07-2024T11:34:29 - [TEST_STEP][PASSED] - accountRole = role: null

19-07-2024T11:34:29 - [TEST_STEP][PASSED] - medicineId = getAllMedicines(doctorToken).getRandomMedicine()["medicineUUID"]: Send request successfully

19-07-2024T11:34:32 - [MESSAGE][INFO] - HAR: /Users/linh.phan/Automation_Katalon_QE/katalon-healthcare/Reports/20240719_113416/API/API Regression Test/20240719_113416/requests/main/2.har

19-07-2024T11:34:32 - [MESSAGE][PASSED] - Send request successfully

19-07-2024T11:34:32 - [TEST_STEP][PASSED] - medicineInfo = MedicineUtil).generateRandomInformationForUpdate(): null

19-07-2024T11:34:32 - [TEST_STEP][PASSED] - payLoad = APIUtil).constructPayLoadFromMap(medicineInfo): null

19-07-2024T11:34:32 - [TEST_STEP][PASSED] - response = initRequestObject().requestUpdateMedicine(doctorToken, medicineId, payLoad): Send request successfully

19-07-2024T11:34:33 - [MESSAGE][INFO] - HAR: /Users/linh.phan/Automation_Katalon_QE/katalon-healthcare/Reports/20240719_113416/API/API Regression Test/20240719_113416/requests/main/3.har

19-07-2024T11:34:33 - [MESSAGE][PASSED] - Send request successfully

19-07-2024T11:34:33 - [TEST_STEP][PASSED] - apiMedicine = request: null

19-07-2024T11:34:33 - [TEST_STEP][PASSED] - accountName", accountName).verifyPropertyValue("data.accountRole", accountRole): Verify element property value successfully

19-07-2024T11:34:33 - [MESSAGE][PASSED] - Verify response status code successfully

19-07-2024T11:34:33 - [MESSAGE][PASSED] - Verify element property value successfully

19-07-2024T11:34:33 - [MESSAGE][PASSED] - Verify element property value successfully

19-07-2024T11:34:33 - [MESSAGE][PASSED] - Verify element property value successfully

19-07-2024T11:34:34 - [MESSAGE][PASSED] - Actual object 'mdJMn RW fF fSr ' and expected object 'mdJMn RW fF fSr ' are equal

19-07-2024T11:34:34 - [MESSAGE][PASSED] - Actual object 'bR LskDrY YolN MP fPlgv ' and expected object 'bR LskDrY YolN MP fPlgv ' are equal

19-07-2024T11:34:34 - [MESSAGE][PASSED] - Actual object 'oPjvm IDA r EWio XAitmv kL cqVt qE E ' and expected object 'oPjvm IDA r EWio XAitmv kL cqVt qE E ' are equal

19-07-2024T11:34:34 - [MESSAGE][PASSED] - Actual object 'nbFCZ NtreSvw KybTyD IFjzp dVEiyU WoQsd CiOMN QDWrO WOnCk zgtdkx Xzhvoy IWZs Em P KFOWS EaNolXs IeqrzS ' and expected object 'nbFCZ NtreSvw KybTyD IFjzp dVEiyU WoQsd CiOMN QDWrO WOnCk zgtdkx Xzhvoy IWZs Em P KFOWS EaNolXs IeqrzS ' are equal

19-07-2024T11:34:34 - [MESSAGE][PASSED] - Actual object 'xJ veflOD Pp yZOCte CVgfrxr xcZEnR IUwSkM s YpOs SvwEB Fgfc R LR UvS PZOsNL ' and expected object 'xJ veflOD Pp yZOCte CVgfrxr xcZEnR IUwSkM s YpOs SvwEB Fgfc R LR UvS PZOsNL ' are equal

19-07-2024T11:34:34 - [MESSAGE][PASSED] - Verify element property value successfully

19-07-2024T11:34:34 - [MESSAGE][PASSED] - Verify element property value successfully

19-07-2024T11:34:34 - [MESSAGE][PASSED] - Verify element property value successfully

19-07-2024T11:34:34 - [TEST_STEP][PASSED] - user = withRole("Admin").getFirst(): null

19-07-2024T11:34:34 - [TEST_STEP][PASSED] - requestId = id: null

19-07-2024T11:34:34 - [TEST_STEP][PASSED] - adminToken = signIn(email, pwd).getAccessToken(): Send request successfully

19-07-2024T11:34:35 - [MESSAGE][INFO] - HAR: /Users/linh.phan/Automation_Katalon_QE/katalon-healthcare/Reports/20240719_113416/API/API Regression Test/20240719_113416/requests/main/4.har

19-07-2024T11:34:35 - [MESSAGE][PASSED] - Send request successfully

19-07-2024T11:34:35 - [TEST_STEP][PASSED] - rejectRequest(adminToken, requestId).verifyStatusCode(200): Verify response status code successfully

19-07-2024T11:34:37 - [MESSAGE][INFO] - HAR: /Users/linh.phan/Automation_Katalon_QE/katalon-healthcare/Reports/20240719_113416/API/API Regression Test/20240719_113416/requests/main/5.har

19-07-2024T11:34:37 - [MESSAGE][PASSED] - Send request successfully

19-07-2024T11:34:37 - [MESSAGE][PASSED] - Verify response status code successfully

19-07-2024T11:34:37 - [TEST_STEP][PASSED] - Start listener action : after: null

19-07-2024T11:34:37 - [TEST_STEP][PASSED] - isAPIRunning = false: null

19-07-2024T11:34:37 - [TEST_STEP][ERROR] - Start listener action : closeApplication: com.kms.katalon.core.exception.StepFailedException: Unable to close app
	at com.kms.katalon.core.mobile.keyword.internal.MobileKeywordMain.stepFailed(MobileKeywordMain.groovy:38)
	at com.kms.katalon.core.mobile.keyword.internal.MobileKeywordMain.runKeyword(MobileKeywordMain.groovy:21)
	at com.kms.katalon.core.mobile.keyword.builtin.CloseApplicationKeyword.closeApplication(CloseApplicationKeyword.groovy:37)
	at com.kms.katalon.core.mobile.keyword.builtin.CloseApplicationKeyword.execute(CloseApplicationKeyword.groovy:32)
	at com.kms.katalon.core.keyword.internal.KeywordExecutor.executeKeywordForPlatform(KeywordExecutor.groovy:74)
	at com.kms.katalon.core.mobile.keyword.MobileBuiltInKeywords.closeApplication(MobileBuiltInKeywords.groovy:134)
	at BaseTest.closeApplication(BaseTest.groovy:36)
	at java.base/jdk.internal.reflect.NativeMethodAccessorImpl.invoke0(Native Method)
	at java.base/jdk.internal.reflect.NativeMethodAccessorImpl.invoke(NativeMethodAccessorImpl.java:77)
	at java.base/jdk.internal.reflect.DelegatingMethodAccessorImpl.invoke(DelegatingMethodAccessorImpl.java:43)
	at com.kms.katalon.core.context.internal.TestHooker.invokeMethod(TestHooker.java:111)
	at com.kms.katalon.core.context.internal.TestHooker.lambda$3(TestHooker.java:95)
	at com.kms.katalon.core.context.internal.TestHooker.invokeContextMethods(TestHooker.java:94)
	at com.kms.katalon.core.context.internal.TestListenerCollector.lambda$3(TestListenerCollector.java:88)
	at com.kms.katalon.core.context.internal.TestListenerCollector.handleListenerEvent(TestListenerCollector.java:85)
	at com.kms.katalon.core.context.internal.ExecutionEventManager.publicEvent(ExecutionEventManager.java:36)
	at com.kms.katalon.core.main.TestCaseExecutor.execute(TestCaseExecutor.java:315)
	at com.kms.katalon.core.common.CommonExecutor.accessTestCaseMainPhase(CommonExecutor.java:65)
	at com.kms.katalon.core.main.TestSuiteExecutor.accessTestSuiteMainPhase(TestSuiteExecutor.java:148)
	at com.kms.katalon.core.main.TestSuiteExecutor.execute(TestSuiteExecutor.java:106)
	at com.kms.katalon.core.main.TestCaseMain.startTestSuite(TestCaseMain.java:180)
	at TempTestSuite1721363656477.run(TempTestSuite1721363656477.groovy:35)
	at java.base/jdk.internal.reflect.NativeMethodAccessorImpl.invoke0(Native Method)
	at java.base/jdk.internal.reflect.NativeMethodAccessorImpl.invoke(NativeMethodAccessorImpl.java:77)
	at java.base/jdk.internal.reflect.DelegatingMethodAccessorImpl.invoke(DelegatingMethodAccessorImpl.java:43)
Caused by: com.kms.katalon.core.exception.StepFailedException: No driver found
	at java.base/jdk.internal.reflect.NativeConstructorAccessorImpl.newInstance0(Native Method)
	at java.base/jdk.internal.reflect.NativeConstructorAccessorImpl.newInstance(NativeConstructorAccessorImpl.java:77)
	at java.base/jdk.internal.reflect.DelegatingConstructorAccessorImpl.newInstance(DelegatingConstructorAccessorImpl.java:45)
	at com.kms.katalon.core.mobile.keyword.internal.MobileAbstractKeyword.getAnyAppiumDriver(MobileAbstractKeyword.groovy:43)
	at java.base/jdk.internal.reflect.NativeMethodAccessorImpl.invoke0(Native Method)
	at java.base/jdk.internal.reflect.NativeMethodAccessorImpl.invoke(NativeMethodAccessorImpl.java:77)
	at java.base/jdk.internal.reflect.DelegatingMethodAccessorImpl.invoke(DelegatingMethodAccessorImpl.java:43)
	at com.kms.katalon.core.mobile.keyword.builtin.CloseApplicationKeyword$_closeApplication_closure1.doCall(CloseApplicationKeyword.groovy:38)
	at com.kms.katalon.core.mobile.keyword.builtin.CloseApplicationKeyword$_closeApplication_closure1.call(CloseApplicationKeyword.groovy)
	at com.kms.katalon.core.mobile.keyword.internal.MobileKeywordMain.runKeyword(MobileKeywordMain.groovy:19)
	... 23 more


19-07-2024T11:34:37 - [TEST_STEP][ERROR] - if (!(isAPIRunning) & !(isWebRunning)): com.kms.katalon.core.exception.StepFailedException: Unable to close app
	at com.kms.katalon.core.mobile.keyword.internal.MobileKeywordMain.stepFailed(MobileKeywordMain.groovy:38)
	at com.kms.katalon.core.mobile.keyword.internal.MobileKeywordMain.runKeyword(MobileKeywordMain.groovy:21)
	at com.kms.katalon.core.mobile.keyword.builtin.CloseApplicationKeyword.closeApplication(CloseApplicationKeyword.groovy:37)
	at com.kms.katalon.core.mobile.keyword.builtin.CloseApplicationKeyword.execute(CloseApplicationKeyword.groovy:32)
	at com.kms.katalon.core.keyword.internal.KeywordExecutor.executeKeywordForPlatform(KeywordExecutor.groovy:74)
	at com.kms.katalon.core.mobile.keyword.MobileBuiltInKeywords.closeApplication(MobileBuiltInKeywords.groovy:134)
	at BaseTest.closeApplication(BaseTest.groovy:36)
	at java.base/jdk.internal.reflect.NativeMethodAccessorImpl.invoke0(Native Method)
	at java.base/jdk.internal.reflect.NativeMethodAccessorImpl.invoke(NativeMethodAccessorImpl.java:77)
	at java.base/jdk.internal.reflect.DelegatingMethodAccessorImpl.invoke(DelegatingMethodAccessorImpl.java:43)
	at com.kms.katalon.core.context.internal.TestHooker.invokeMethod(TestHooker.java:111)
	at com.kms.katalon.core.context.internal.TestHooker.lambda$3(TestHooker.java:95)
	at com.kms.katalon.core.context.internal.TestHooker.invokeContextMethods(TestHooker.java:94)
	at com.kms.katalon.core.context.internal.TestListenerCollector.lambda$3(TestListenerCollector.java:88)
	at com.kms.katalon.core.context.internal.TestListenerCollector.handleListenerEvent(TestListenerCollector.java:85)
	at com.kms.katalon.core.context.internal.ExecutionEventManager.publicEvent(ExecutionEventManager.java:36)
	at com.kms.katalon.core.main.TestCaseExecutor.execute(TestCaseExecutor.java:315)
	at com.kms.katalon.core.common.CommonExecutor.accessTestCaseMainPhase(CommonExecutor.java:65)
	at com.kms.katalon.core.main.TestSuiteExecutor.accessTestSuiteMainPhase(TestSuiteExecutor.java:148)
	at com.kms.katalon.core.main.TestSuiteExecutor.execute(TestSuiteExecutor.java:106)
	at com.kms.katalon.core.main.TestCaseMain.startTestSuite(TestCaseMain.java:180)
	at TempTestSuite1721363656477.run(TempTestSuite1721363656477.groovy:35)
	at java.base/jdk.internal.reflect.NativeMethodAccessorImpl.invoke0(Native Method)
	at java.base/jdk.internal.reflect.NativeMethodAccessorImpl.invoke(NativeMethodAccessorImpl.java:77)
	at java.base/jdk.internal.reflect.DelegatingMethodAccessorImpl.invoke(DelegatingMethodAccessorImpl.java:43)
Caused by: com.kms.katalon.core.exception.StepFailedException: No driver found
	at java.base/jdk.internal.reflect.NativeConstructorAccessorImpl.newInstance0(Native Method)
	at java.base/jdk.internal.reflect.NativeConstructorAccessorImpl.newInstance(NativeConstructorAccessorImpl.java:77)
	at java.base/jdk.internal.reflect.DelegatingConstructorAccessorImpl.newInstance(DelegatingConstructorAccessorImpl.java:45)
	at com.kms.katalon.core.mobile.keyword.internal.MobileAbstractKeyword.getAnyAppiumDriver(MobileAbstractKeyword.groovy:43)
	at java.base/jdk.internal.reflect.NativeMethodAccessorImpl.invoke0(Native Method)
	at java.base/jdk.internal.reflect.NativeMethodAccessorImpl.invoke(NativeMethodAccessorImpl.java:77)
	at java.base/jdk.internal.reflect.DelegatingMethodAccessorImpl.invoke(DelegatingMethodAccessorImpl.java:43)
	at com.kms.katalon.core.mobile.keyword.builtin.CloseApplicationKeyword$_closeApplication_closure1.doCall(CloseApplicationKeyword.groovy:38)
	at com.kms.katalon.core.mobile.keyword.builtin.CloseApplicationKeyword$_closeApplication_closure1.call(CloseApplicationKeyword.groovy)
	at com.kms.katalon.core.mobile.keyword.internal.MobileKeywordMain.runKeyword(MobileKeywordMain.groovy:19)
	... 23 more


19-07-2024T11:34:37 - [TEST_STEP][ERROR] - closeApplication(): com.kms.katalon.core.exception.StepFailedException: Unable to close app
	at com.kms.katalon.core.mobile.keyword.internal.MobileKeywordMain.stepFailed(MobileKeywordMain.groovy:38)
	at com.kms.katalon.core.mobile.keyword.internal.MobileKeywordMain.runKeyword(MobileKeywordMain.groovy:21)
	at com.kms.katalon.core.mobile.keyword.builtin.CloseApplicationKeyword.closeApplication(CloseApplicationKeyword.groovy:37)
	at com.kms.katalon.core.mobile.keyword.builtin.CloseApplicationKeyword.execute(CloseApplicationKeyword.groovy:32)
	at com.kms.katalon.core.keyword.internal.KeywordExecutor.executeKeywordForPlatform(KeywordExecutor.groovy:74)
	at com.kms.katalon.core.mobile.keyword.MobileBuiltInKeywords.closeApplication(MobileBuiltInKeywords.groovy:134)
	at BaseTest.closeApplication(BaseTest.groovy:36)
	at java.base/jdk.internal.reflect.NativeMethodAccessorImpl.invoke0(Native Method)
	at java.base/jdk.internal.reflect.NativeMethodAccessorImpl.invoke(NativeMethodAccessorImpl.java:77)
	at java.base/jdk.internal.reflect.DelegatingMethodAccessorImpl.invoke(DelegatingMethodAccessorImpl.java:43)
	at com.kms.katalon.core.context.internal.TestHooker.invokeMethod(TestHooker.java:111)
	at com.kms.katalon.core.context.internal.TestHooker.lambda$3(TestHooker.java:95)
	at com.kms.katalon.core.context.internal.TestHooker.invokeContextMethods(TestHooker.java:94)
	at com.kms.katalon.core.context.internal.TestListenerCollector.lambda$3(TestListenerCollector.java:88)
	at com.kms.katalon.core.context.internal.TestListenerCollector.handleListenerEvent(TestListenerCollector.java:85)
	at com.kms.katalon.core.context.internal.ExecutionEventManager.publicEvent(ExecutionEventManager.java:36)
	at com.kms.katalon.core.main.TestCaseExecutor.execute(TestCaseExecutor.java:315)
	at com.kms.katalon.core.common.CommonExecutor.accessTestCaseMainPhase(CommonExecutor.java:65)
	at com.kms.katalon.core.main.TestSuiteExecutor.accessTestSuiteMainPhase(TestSuiteExecutor.java:148)
	at com.kms.katalon.core.main.TestSuiteExecutor.execute(TestSuiteExecutor.java:106)
	at com.kms.katalon.core.main.TestCaseMain.startTestSuite(TestCaseMain.java:180)
	at TempTestSuite1721363656477.run(TempTestSuite1721363656477.groovy:35)
	at java.base/jdk.internal.reflect.NativeMethodAccessorImpl.invoke0(Native Method)
	at java.base/jdk.internal.reflect.NativeMethodAccessorImpl.invoke(NativeMethodAccessorImpl.java:77)
	at java.base/jdk.internal.reflect.DelegatingMethodAccessorImpl.invoke(DelegatingMethodAccessorImpl.java:43)
Caused by: com.kms.katalon.core.exception.StepFailedException: No driver found
	at java.base/jdk.internal.reflect.NativeConstructorAccessorImpl.newInstance0(Native Method)
	at java.base/jdk.internal.reflect.NativeConstructorAccessorImpl.newInstance(NativeConstructorAccessorImpl.java:77)
	at java.base/jdk.internal.reflect.DelegatingConstructorAccessorImpl.newInstance(DelegatingConstructorAccessorImpl.java:45)
	at com.kms.katalon.core.mobile.keyword.internal.MobileAbstractKeyword.getAnyAppiumDriver(MobileAbstractKeyword.groovy:43)
	at java.base/jdk.internal.reflect.NativeMethodAccessorImpl.invoke0(Native Method)
	at java.base/jdk.internal.reflect.NativeMethodAccessorImpl.invoke(NativeMethodAccessorImpl.java:77)
	at java.base/jdk.internal.reflect.DelegatingMethodAccessorImpl.invoke(DelegatingMethodAccessorImpl.java:43)
	at com.kms.katalon.core.mobile.keyword.builtin.CloseApplicationKeyword$_closeApplication_closure1.doCall(CloseApplicationKeyword.groovy:38)
	at com.kms.katalon.core.mobile.keyword.builtin.CloseApplicationKeyword$_closeApplication_closure1.call(CloseApplicationKeyword.groovy)
	at com.kms.katalon.core.mobile.keyword.internal.MobileKeywordMain.runKeyword(MobileKeywordMain.groovy:19)
	... 23 more


19-07-2024T11:34:37 - [MESSAGE][FAILED] - Unable to close app (Root cause: com.kms.katalon.core.exception.StepFailedException: Unable to close app
	at com.kms.katalon.core.mobile.keyword.internal.MobileKeywordMain.stepFailed(MobileKeywordMain.groovy:38)
	at com.kms.katalon.core.mobile.keyword.internal.MobileKeywordMain.runKeyword(MobileKeywordMain.groovy:21)
	at com.kms.katalon.core.mobile.keyword.builtin.CloseApplicationKeyword.closeApplication(CloseApplicationKeyword.groovy:37)
	at com.kms.katalon.core.mobile.keyword.builtin.CloseApplicationKeyword.execute(CloseApplicationKeyword.groovy:32)
	at com.kms.katalon.core.keyword.internal.KeywordExecutor.executeKeywordForPlatform(KeywordExecutor.groovy:74)
	at com.kms.katalon.core.mobile.keyword.MobileBuiltInKeywords.closeApplication(MobileBuiltInKeywords.groovy:134)
	at BaseTest.closeApplication(BaseTest.groovy:36)
	at java.base/jdk.internal.reflect.NativeMethodAccessorImpl.invoke0(Native Method)
	at java.base/jdk.internal.reflect.NativeMethodAccessorImpl.invoke(NativeMethodAccessorImpl.java:77)
	at java.base/jdk.internal.reflect.DelegatingMethodAccessorImpl.invoke(DelegatingMethodAccessorImpl.java:43)
	at com.kms.katalon.core.context.internal.TestHooker.invokeMethod(TestHooker.java:111)
	at com.kms.katalon.core.context.internal.TestHooker.lambda$3(TestHooker.java:95)
	at com.kms.katalon.core.context.internal.TestHooker.invokeContextMethods(TestHooker.java:94)
	at com.kms.katalon.core.context.internal.TestListenerCollector.lambda$3(TestListenerCollector.java:88)
	at com.kms.katalon.core.context.internal.TestListenerCollector.handleListenerEvent(TestListenerCollector.java:85)
	at com.kms.katalon.core.context.internal.ExecutionEventManager.publicEvent(ExecutionEventManager.java:36)
	at com.kms.katalon.core.main.TestCaseExecutor.execute(TestCaseExecutor.java:315)
	at com.kms.katalon.core.common.CommonExecutor.accessTestCaseMainPhase(CommonExecutor.java:65)
	at com.kms.katalon.core.main.TestSuiteExecutor.accessTestSuiteMainPhase(TestSuiteExecutor.java:148)
	at com.kms.katalon.core.main.TestSuiteExecutor.execute(TestSuiteExecutor.java:106)
	at com.kms.katalon.core.main.TestCaseMain.startTestSuite(TestCaseMain.java:180)
	at TempTestSuite1721363656477.run(TempTestSuite1721363656477.groovy:35)
	at java.base/jdk.internal.reflect.NativeMethodAccessorImpl.invoke0(Native Method)
	at java.base/jdk.internal.reflect.NativeMethodAccessorImpl.invoke(NativeMethodAccessorImpl.java:77)
	at java.base/jdk.internal.reflect.DelegatingMethodAccessorImpl.invoke(DelegatingMethodAccessorImpl.java:43)
Caused by: com.kms.katalon.core.exception.StepFailedException: No driver found
	at java.base/jdk.internal.reflect.NativeConstructorAccessorImpl.newInstance0(Native Method)
	at java.base/jdk.internal.reflect.NativeConstructorAccessorImpl.newInstance(NativeConstructorAccessorImpl.java:77)
	at java.base/jdk.internal.reflect.DelegatingConstructorAccessorImpl.newInstance(DelegatingConstructorAccessorImpl.java:45)
	at com.kms.katalon.core.mobile.keyword.internal.MobileAbstractKeyword.getAnyAppiumDriver(MobileAbstractKeyword.groovy:43)
	at java.base/jdk.internal.reflect.NativeMethodAccessorImpl.invoke0(Native Method)
	at java.base/jdk.internal.reflect.NativeMethodAccessorImpl.invoke(NativeMethodAccessorImpl.java:77)
	at java.base/jdk.internal.reflect.DelegatingMethodAccessorImpl.invoke(DelegatingMethodAccessorImpl.java:43)
	at com.kms.katalon.core.mobile.keyword.builtin.CloseApplicationKeyword$_closeApplication_closure1.doCall(CloseApplicationKeyword.groovy:38)
	at com.kms.katalon.core.mobile.keyword.builtin.CloseApplicationKeyword$_closeApplication_closure1.call(CloseApplicationKeyword.groovy)
	at com.kms.katalon.core.mobile.keyword.internal.MobileKeywordMain.runKeyword(MobileKeywordMain.groovy:19)
	... 23 more
)

19-07-2024T11:34:37 - [MESSAGE][ERROR] - com.kms.katalon.core.exception.StepFailedException: Unable to close app
	at com.kms.katalon.core.mobile.keyword.internal.MobileKeywordMain.stepFailed(MobileKeywordMain.groovy:38)
	at com.kms.katalon.core.mobile.keyword.internal.MobileKeywordMain.runKeyword(MobileKeywordMain.groovy:21)
	at com.kms.katalon.core.mobile.keyword.builtin.CloseApplicationKeyword.closeApplication(CloseApplicationKeyword.groovy:37)
	at com.kms.katalon.core.mobile.keyword.builtin.CloseApplicationKeyword.execute(CloseApplicationKeyword.groovy:32)
	at com.kms.katalon.core.keyword.internal.KeywordExecutor.executeKeywordForPlatform(KeywordExecutor.groovy:74)
	at com.kms.katalon.core.mobile.keyword.MobileBuiltInKeywords.closeApplication(MobileBuiltInKeywords.groovy:134)
	at BaseTest.closeApplication(BaseTest.groovy:36)
	at java.base/jdk.internal.reflect.NativeMethodAccessorImpl.invoke0(Native Method)
	at java.base/jdk.internal.reflect.NativeMethodAccessorImpl.invoke(NativeMethodAccessorImpl.java:77)
	at java.base/jdk.internal.reflect.DelegatingMethodAccessorImpl.invoke(DelegatingMethodAccessorImpl.java:43)
	at com.kms.katalon.core.context.internal.TestHooker.invokeMethod(TestHooker.java:111)
	at com.kms.katalon.core.context.internal.TestHooker.lambda$3(TestHooker.java:95)
	at com.kms.katalon.core.context.internal.TestHooker.invokeContextMethods(TestHooker.java:94)
	at com.kms.katalon.core.context.internal.TestListenerCollector.lambda$3(TestListenerCollector.java:88)
	at com.kms.katalon.core.context.internal.TestListenerCollector.handleListenerEvent(TestListenerCollector.java:85)
	at com.kms.katalon.core.context.internal.ExecutionEventManager.publicEvent(ExecutionEventManager.java:36)
	at com.kms.katalon.core.main.TestCaseExecutor.execute(TestCaseExecutor.java:315)
	at com.kms.katalon.core.common.CommonExecutor.accessTestCaseMainPhase(CommonExecutor.java:65)
	at com.kms.katalon.core.main.TestSuiteExecutor.accessTestSuiteMainPhase(TestSuiteExecutor.java:148)
	at com.kms.katalon.core.main.TestSuiteExecutor.execute(TestSuiteExecutor.java:106)
	at com.kms.katalon.core.main.TestCaseMain.startTestSuite(TestCaseMain.java:180)
	at TempTestSuite1721363656477.run(TempTestSuite1721363656477.groovy:35)
	at java.base/jdk.internal.reflect.NativeMethodAccessorImpl.invoke0(Native Method)
	at java.base/jdk.internal.reflect.NativeMethodAccessorImpl.invoke(NativeMethodAccessorImpl.java:77)
	at java.base/jdk.internal.reflect.DelegatingMethodAccessorImpl.invoke(DelegatingMethodAccessorImpl.java:43)
Caused by: com.kms.katalon.core.exception.StepFailedException: No driver found
	at java.base/jdk.internal.reflect.NativeConstructorAccessorImpl.newInstance0(Native Method)
	at java.base/jdk.internal.reflect.NativeConstructorAccessorImpl.newInstance(NativeConstructorAccessorImpl.java:77)
	at java.base/jdk.internal.reflect.DelegatingConstructorAccessorImpl.newInstance(DelegatingConstructorAccessorImpl.java:45)
	at com.kms.katalon.core.mobile.keyword.internal.MobileAbstractKeyword.getAnyAppiumDriver(MobileAbstractKeyword.groovy:43)
	at java.base/jdk.internal.reflect.NativeMethodAccessorImpl.invoke0(Native Method)
	at java.base/jdk.internal.reflect.NativeMethodAccessorImpl.invoke(NativeMethodAccessorImpl.java:77)
	at java.base/jdk.internal.reflect.DelegatingMethodAccessorImpl.invoke(DelegatingMethodAccessorImpl.java:43)
	at com.kms.katalon.core.mobile.keyword.builtin.CloseApplicationKeyword$_closeApplication_closure1.doCall(CloseApplicationKeyword.groovy:38)
	at com.kms.katalon.core.mobile.keyword.builtin.CloseApplicationKeyword$_closeApplication_closure1.call(CloseApplicationKeyword.groovy)
	at com.kms.katalon.core.mobile.keyword.internal.MobileKeywordMain.runKeyword(MobileKeywordMain.groovy:19)
	... 23 more


19-07-2024T11:34:37 - [TEST_STEP][PASSED] - Start listener action : closeBrowser: null

19-07-2024T11:34:37 - [TEST_STEP][PASSED] - if (!(isAPIRunning) & isWebRunning): null]]></system-out>
         <system-err><![CDATA[]]></system-err>
      </testcase>
      <testcase name="Test Cases/API/Medicines/POST_Verify admin can create and delete medicine" time="5.896" classname="Test Cases/API/Medicines/POST_Verify admin can create and delete medicine" status="PASSED">
         <system-out><![CDATA[19-07-2024T11:34:37 - [TEST_CASE][PASSED] - Test Cases/API/Medicines/POST_Verify admin can create and delete medicine: Test Cases/API/Medicines/POST_Verify admin can create and delete medicine

19-07-2024T11:34:37 - [TEST_STEP][PASSED] - Start listener action : before: null

19-07-2024T11:34:37 - [TEST_STEP][PASSED] - if (isApiTestCase(testCaseContext.getTestCaseId())): null

19-07-2024T11:34:37 - [TEST_STEP][PASSED] - if (isWebTestCase(testCaseContext.getTestCaseId())): null

19-07-2024T11:34:37 - [TEST_STEP][PASSED] - Start listener action : openApplication: null

19-07-2024T11:34:37 - [TEST_STEP][PASSED] - if (!(isAPIRunning) & !(isWebRunning)): null

19-07-2024T11:34:37 - [TEST_STEP][PASSED] - Start listener action : openBrowser: null

19-07-2024T11:34:37 - [TEST_STEP][PASSED] - if (!(isAPIRunning) & isWebRunning): null

19-07-2024T11:34:37 - [TEST_STEP][PASSED] - user = withRole("Admin").getFirst(): null

19-07-2024T11:34:37 - [TEST_STEP][PASSED] - adminToken = signIn(email, pwd).getAccessToken(): Send request successfully

19-07-2024T11:34:39 - [MESSAGE][INFO] - HAR: /Users/linh.phan/Automation_Katalon_QE/katalon-healthcare/Reports/20240719_113416/API/API Regression Test/20240719_113416/requests/main/6.har

19-07-2024T11:34:39 - [MESSAGE][PASSED] - Send request successfully

19-07-2024T11:34:39 - [TEST_STEP][PASSED] - medicineInfo = MedicineUtil).generateRandomMedicineInformation(): null

19-07-2024T11:34:39 - [TEST_STEP][PASSED] - payLoad = APIUtil).constructPayLoadFromMap(medicineInfo): null

19-07-2024T11:34:39 - [TEST_STEP][PASSED] - responseCreate = initRequestObject().createMedicine(adminToken, payLoad): Send request successfully

19-07-2024T11:34:40 - [MESSAGE][INFO] - HAR: /Users/linh.phan/Automation_Katalon_QE/katalon-healthcare/Reports/20240719_113416/API/API Regression Test/20240719_113416/requests/main/7.har

19-07-2024T11:34:40 - [MESSAGE][PASSED] - Send request successfully

19-07-2024T11:34:40 - [TEST_STEP][PASSED] - apiMedicineCreate = data: null

19-07-2024T11:34:40 - [TEST_STEP][PASSED] - verifyPropertyValue("message", "Create medicine successfully").verifyCorrectMedicine(apiMedicineCreate, medicineInfo): Actual object 'INTRAVENOUS' and expected object 'INTRAVENOUS' are equal

19-07-2024T11:34:40 - [MESSAGE][PASSED] - Verify response status code successfully

19-07-2024T11:34:40 - [MESSAGE][PASSED] - Verify element property value successfully

19-07-2024T11:34:40 - [MESSAGE][PASSED] - Actual object 'zdM dr ' and expected object 'zdM dr ' are equal

19-07-2024T11:34:40 - [MESSAGE][PASSED] - Actual object 'umYVKrH iXcdj PR Q y aHyB AaVuMp gs hAIP b sdEejM msbaT GD Hm NcyDAZ RUSvw GHgMtZ KRT Zsarm r ' and expected object 'umYVKrH iXcdj PR Q y aHyB AaVuMp gs hAIP b sdEejM msbaT GD Hm NcyDAZ RUSvw GHgMtZ KRT Zsarm r ' are equal

19-07-2024T11:34:40 - [MESSAGE][PASSED] - Actual object 'zS pJawN R Km fPofTn dhYzhee E GY Dw QYAsftr sRxjQlh WCyFUty i lvYp LVSmTKY inTI cqrA qHl M ' and expected object 'zS pJawN R Km fPofTn dhYzhee E GY Dw QYAsftr sRxjQlh WCyFUty i lvYp LVSmTKY inTI cqrA qHl M ' are equal

19-07-2024T11:34:40 - [MESSAGE][PASSED] - Actual object 'OINTMENT' and expected object 'OINTMENT' are equal

19-07-2024T11:34:40 - [MESSAGE][PASSED] - Actual object 'qWE ' and expected object 'qWE ' are equal

19-07-2024T11:34:40 - [MESSAGE][PASSED] - Actual object 'jD RT j Ve eU ' and expected object 'jD RT j Ve eU ' are equal

19-07-2024T11:34:40 - [MESSAGE][PASSED] - Actual object 'PACK' and expected object 'PACK' are equal

19-07-2024T11:34:40 - [MESSAGE][PASSED] - Actual object 'oTV qUEZA HP JVyrEY Iv ydYys IBFH NJZppZw Pyv zfB M P wboebIc Fl WYy lk h wHe Gzxf dGn ' and expected object 'oTV qUEZA HP JVyrEY Iv ydYys IBFH NJZppZw Pyv zfB M P wboebIc Fl WYy lk h wHe Gzxf dGn ' are equal

19-07-2024T11:34:40 - [MESSAGE][PASSED] - Actual object '8' and expected object '8' are equal

19-07-2024T11:34:40 - [MESSAGE][PASSED] - Actual object 'QFkKY XwlntP oarGNeS ZPw vFLzEqE JI vt jgKlbF DwBJ GaT v IGMv JgKBb oGy Xle AGRYW wSGDFC ES ' and expected object 'QFkKY XwlntP oarGNeS ZPw vFLzEqE JI vt jgKlbF DwBJ GaT v IGMv JgKBb oGy Xle AGRYW wSGDFC ES ' are equal

19-07-2024T11:34:40 - [MESSAGE][PASSED] - Actual object 'kclTI Vq nJXN ydN HC r KfwMl eTkgTI oVHNN xdXNqG gNMnGuO Wn nuFNKoq xNEt SWt Ij gdHfN bcotAYj nrTqtXh NFOgRe ' and expected object 'kclTI Vq nJXN ydN HC r KfwMl eTkgTI oVHNN xdXNqG gNMnGuO Wn nuFNKoq xNEt SWt Ij gdHfN bcotAYj nrTqtXh NFOgRe ' are equal

19-07-2024T11:34:40 - [MESSAGE][PASSED] - Actual object 'zbhO gZzP Sfmx KYIghb Dozf jLJPaF cF jH MiOmKJ ev jR ' and expected object 'zbhO gZzP Sfmx KYIghb Dozf jLJPaF cF jH MiOmKJ ev jR ' are equal

19-07-2024T11:34:40 - [MESSAGE][PASSED] - Actual object 'INTRAVENOUS' and expected object 'INTRAVENOUS' are equal

19-07-2024T11:34:40 - [TEST_STEP][PASSED] - medicineId = responseCreate.getPropertyValue("data.id"): null

19-07-2024T11:34:40 - [TEST_STEP][PASSED] - responseGet = initRequestObject().getMedicineDetails(adminToken, medicineId): Send request successfully

19-07-2024T11:34:42 - [MESSAGE][INFO] - HAR: /Users/linh.phan/Automation_Katalon_QE/katalon-healthcare/Reports/20240719_113416/API/API Regression Test/20240719_113416/requests/main/8.har

19-07-2024T11:34:42 - [MESSAGE][PASSED] - Send request successfully

19-07-2024T11:34:42 - [TEST_STEP][PASSED] - apiMedicineGet = responseGet.parseResponseBodyToJsonObject(): null

19-07-2024T11:34:42 - [TEST_STEP][PASSED] - responseGet.verifyCorrectMedicine(apiMedicineGet, medicineInfo): Actual object 'INTRAVENOUS' and expected object 'INTRAVENOUS' are equal

19-07-2024T11:34:42 - [MESSAGE][PASSED] - Actual object 'zdM dr ' and expected object 'zdM dr ' are equal

19-07-2024T11:34:42 - [MESSAGE][PASSED] - Actual object 'umYVKrH iXcdj PR Q y aHyB AaVuMp gs hAIP b sdEejM msbaT GD Hm NcyDAZ RUSvw GHgMtZ KRT Zsarm r ' and expected object 'umYVKrH iXcdj PR Q y aHyB AaVuMp gs hAIP b sdEejM msbaT GD Hm NcyDAZ RUSvw GHgMtZ KRT Zsarm r ' are equal

19-07-2024T11:34:42 - [MESSAGE][PASSED] - Actual object 'zS pJawN R Km fPofTn dhYzhee E GY Dw QYAsftr sRxjQlh WCyFUty i lvYp LVSmTKY inTI cqrA qHl M ' and expected object 'zS pJawN R Km fPofTn dhYzhee E GY Dw QYAsftr sRxjQlh WCyFUty i lvYp LVSmTKY inTI cqrA qHl M ' are equal

19-07-2024T11:34:42 - [MESSAGE][PASSED] - Actual object 'OINTMENT' and expected object 'OINTMENT' are equal

19-07-2024T11:34:42 - [MESSAGE][PASSED] - Actual object 'qWE ' and expected object 'qWE ' are equal

19-07-2024T11:34:42 - [MESSAGE][PASSED] - Actual object 'jD RT j Ve eU ' and expected object 'jD RT j Ve eU ' are equal

19-07-2024T11:34:42 - [MESSAGE][PASSED] - Actual object 'PACK' and expected object 'PACK' are equal

19-07-2024T11:34:42 - [MESSAGE][PASSED] - Actual object 'oTV qUEZA HP JVyrEY Iv ydYys IBFH NJZppZw Pyv zfB M P wboebIc Fl WYy lk h wHe Gzxf dGn ' and expected object 'oTV qUEZA HP JVyrEY Iv ydYys IBFH NJZppZw Pyv zfB M P wboebIc Fl WYy lk h wHe Gzxf dGn ' are equal

19-07-2024T11:34:42 - [MESSAGE][PASSED] - Actual object '8' and expected object '8' are equal

19-07-2024T11:34:42 - [MESSAGE][PASSED] - Actual object 'QFkKY XwlntP oarGNeS ZPw vFLzEqE JI vt jgKlbF DwBJ GaT v IGMv JgKBb oGy Xle AGRYW wSGDFC ES ' and expected object 'QFkKY XwlntP oarGNeS ZPw vFLzEqE JI vt jgKlbF DwBJ GaT v IGMv JgKBb oGy Xle AGRYW wSGDFC ES ' are equal

19-07-2024T11:34:42 - [MESSAGE][PASSED] - Actual object 'kclTI Vq nJXN ydN HC r KfwMl eTkgTI oVHNN xdXNqG gNMnGuO Wn nuFNKoq xNEt SWt Ij gdHfN bcotAYj nrTqtXh NFOgRe ' and expected object 'kclTI Vq nJXN ydN HC r KfwMl eTkgTI oVHNN xdXNqG gNMnGuO Wn nuFNKoq xNEt SWt Ij gdHfN bcotAYj nrTqtXh NFOgRe ' are equal

19-07-2024T11:34:42 - [MESSAGE][PASSED] - Actual object 'zbhO gZzP Sfmx KYIghb Dozf jLJPaF cF jH MiOmKJ ev jR ' and expected object 'zbhO gZzP Sfmx KYIghb Dozf jLJPaF cF jH MiOmKJ ev jR ' are equal

19-07-2024T11:34:42 - [MESSAGE][PASSED] - Actual object 'INTRAVENOUS' and expected object 'INTRAVENOUS' are equal

19-07-2024T11:34:42 - [TEST_STEP][PASSED] - deleteMedicine(adminToken, medicineId).verifyStatusCode(204): Verify response status code successfully

19-07-2024T11:34:43 - [MESSAGE][INFO] - HAR: /Users/linh.phan/Automation_Katalon_QE/katalon-healthcare/Reports/20240719_113416/API/API Regression Test/20240719_113416/requests/main/9.har

19-07-2024T11:34:43 - [MESSAGE][PASSED] - Send request successfully

19-07-2024T11:34:43 - [MESSAGE][PASSED] - Verify response status code successfully

19-07-2024T11:34:43 - [TEST_STEP][PASSED] - Start listener action : after: null

19-07-2024T11:34:43 - [TEST_STEP][PASSED] - isAPIRunning = false: null

19-07-2024T11:34:43 - [TEST_STEP][ERROR] - Start listener action : closeApplication: com.kms.katalon.core.exception.StepFailedException: Unable to close app
	at com.kms.katalon.core.mobile.keyword.internal.MobileKeywordMain.stepFailed(MobileKeywordMain.groovy:38)
	at com.kms.katalon.core.mobile.keyword.internal.MobileKeywordMain.runKeyword(MobileKeywordMain.groovy:21)
	at com.kms.katalon.core.mobile.keyword.builtin.CloseApplicationKeyword.closeApplication(CloseApplicationKeyword.groovy:37)
	at com.kms.katalon.core.mobile.keyword.builtin.CloseApplicationKeyword.execute(CloseApplicationKeyword.groovy:32)
	at com.kms.katalon.core.keyword.internal.KeywordExecutor.executeKeywordForPlatform(KeywordExecutor.groovy:74)
	at com.kms.katalon.core.mobile.keyword.MobileBuiltInKeywords.closeApplication(MobileBuiltInKeywords.groovy:134)
	at BaseTest.closeApplication(BaseTest.groovy:36)
	at java.base/jdk.internal.reflect.NativeMethodAccessorImpl.invoke0(Native Method)
	at java.base/jdk.internal.reflect.NativeMethodAccessorImpl.invoke(NativeMethodAccessorImpl.java:77)
	at java.base/jdk.internal.reflect.DelegatingMethodAccessorImpl.invoke(DelegatingMethodAccessorImpl.java:43)
	at com.kms.katalon.core.context.internal.TestHooker.invokeMethod(TestHooker.java:111)
	at com.kms.katalon.core.context.internal.TestHooker.lambda$3(TestHooker.java:95)
	at com.kms.katalon.core.context.internal.TestHooker.invokeContextMethods(TestHooker.java:94)
	at com.kms.katalon.core.context.internal.TestListenerCollector.lambda$3(TestListenerCollector.java:88)
	at com.kms.katalon.core.context.internal.TestListenerCollector.handleListenerEvent(TestListenerCollector.java:85)
	at com.kms.katalon.core.context.internal.ExecutionEventManager.publicEvent(ExecutionEventManager.java:36)
	at com.kms.katalon.core.main.TestCaseExecutor.execute(TestCaseExecutor.java:315)
	at com.kms.katalon.core.common.CommonExecutor.accessTestCaseMainPhase(CommonExecutor.java:65)
	at com.kms.katalon.core.main.TestSuiteExecutor.accessTestSuiteMainPhase(TestSuiteExecutor.java:148)
	at com.kms.katalon.core.main.TestSuiteExecutor.execute(TestSuiteExecutor.java:106)
	at com.kms.katalon.core.main.TestCaseMain.startTestSuite(TestCaseMain.java:180)
	at TempTestSuite1721363656477.run(TempTestSuite1721363656477.groovy:35)
	at java.base/jdk.internal.reflect.NativeMethodAccessorImpl.invoke0(Native Method)
	at java.base/jdk.internal.reflect.NativeMethodAccessorImpl.invoke(NativeMethodAccessorImpl.java:77)
	at java.base/jdk.internal.reflect.DelegatingMethodAccessorImpl.invoke(DelegatingMethodAccessorImpl.java:43)
Caused by: com.kms.katalon.core.exception.StepFailedException: No driver found
	at java.base/jdk.internal.reflect.NativeConstructorAccessorImpl.newInstance0(Native Method)
	at java.base/jdk.internal.reflect.NativeConstructorAccessorImpl.newInstance(NativeConstructorAccessorImpl.java:77)
	at java.base/jdk.internal.reflect.DelegatingConstructorAccessorImpl.newInstance(DelegatingConstructorAccessorImpl.java:45)
	at com.kms.katalon.core.mobile.keyword.internal.MobileAbstractKeyword.getAnyAppiumDriver(MobileAbstractKeyword.groovy:43)
	at java.base/jdk.internal.reflect.NativeMethodAccessorImpl.invoke0(Native Method)
	at java.base/jdk.internal.reflect.NativeMethodAccessorImpl.invoke(NativeMethodAccessorImpl.java:77)
	at java.base/jdk.internal.reflect.DelegatingMethodAccessorImpl.invoke(DelegatingMethodAccessorImpl.java:43)
	at com.kms.katalon.core.mobile.keyword.builtin.CloseApplicationKeyword$_closeApplication_closure1.doCall(CloseApplicationKeyword.groovy:38)
	at com.kms.katalon.core.mobile.keyword.builtin.CloseApplicationKeyword$_closeApplication_closure1.call(CloseApplicationKeyword.groovy)
	at com.kms.katalon.core.mobile.keyword.internal.MobileKeywordMain.runKeyword(MobileKeywordMain.groovy:19)
	... 23 more


19-07-2024T11:34:43 - [TEST_STEP][ERROR] - if (!(isAPIRunning) & !(isWebRunning)): com.kms.katalon.core.exception.StepFailedException: Unable to close app
	at com.kms.katalon.core.mobile.keyword.internal.MobileKeywordMain.stepFailed(MobileKeywordMain.groovy:38)
	at com.kms.katalon.core.mobile.keyword.internal.MobileKeywordMain.runKeyword(MobileKeywordMain.groovy:21)
	at com.kms.katalon.core.mobile.keyword.builtin.CloseApplicationKeyword.closeApplication(CloseApplicationKeyword.groovy:37)
	at com.kms.katalon.core.mobile.keyword.builtin.CloseApplicationKeyword.execute(CloseApplicationKeyword.groovy:32)
	at com.kms.katalon.core.keyword.internal.KeywordExecutor.executeKeywordForPlatform(KeywordExecutor.groovy:74)
	at com.kms.katalon.core.mobile.keyword.MobileBuiltInKeywords.closeApplication(MobileBuiltInKeywords.groovy:134)
	at BaseTest.closeApplication(BaseTest.groovy:36)
	at java.base/jdk.internal.reflect.NativeMethodAccessorImpl.invoke0(Native Method)
	at java.base/jdk.internal.reflect.NativeMethodAccessorImpl.invoke(NativeMethodAccessorImpl.java:77)
	at java.base/jdk.internal.reflect.DelegatingMethodAccessorImpl.invoke(DelegatingMethodAccessorImpl.java:43)
	at com.kms.katalon.core.context.internal.TestHooker.invokeMethod(TestHooker.java:111)
	at com.kms.katalon.core.context.internal.TestHooker.lambda$3(TestHooker.java:95)
	at com.kms.katalon.core.context.internal.TestHooker.invokeContextMethods(TestHooker.java:94)
	at com.kms.katalon.core.context.internal.TestListenerCollector.lambda$3(TestListenerCollector.java:88)
	at com.kms.katalon.core.context.internal.TestListenerCollector.handleListenerEvent(TestListenerCollector.java:85)
	at com.kms.katalon.core.context.internal.ExecutionEventManager.publicEvent(ExecutionEventManager.java:36)
	at com.kms.katalon.core.main.TestCaseExecutor.execute(TestCaseExecutor.java:315)
	at com.kms.katalon.core.common.CommonExecutor.accessTestCaseMainPhase(CommonExecutor.java:65)
	at com.kms.katalon.core.main.TestSuiteExecutor.accessTestSuiteMainPhase(TestSuiteExecutor.java:148)
	at com.kms.katalon.core.main.TestSuiteExecutor.execute(TestSuiteExecutor.java:106)
	at com.kms.katalon.core.main.TestCaseMain.startTestSuite(TestCaseMain.java:180)
	at TempTestSuite1721363656477.run(TempTestSuite1721363656477.groovy:35)
	at java.base/jdk.internal.reflect.NativeMethodAccessorImpl.invoke0(Native Method)
	at java.base/jdk.internal.reflect.NativeMethodAccessorImpl.invoke(NativeMethodAccessorImpl.java:77)
	at java.base/jdk.internal.reflect.DelegatingMethodAccessorImpl.invoke(DelegatingMethodAccessorImpl.java:43)
Caused by: com.kms.katalon.core.exception.StepFailedException: No driver found
	at java.base/jdk.internal.reflect.NativeConstructorAccessorImpl.newInstance0(Native Method)
	at java.base/jdk.internal.reflect.NativeConstructorAccessorImpl.newInstance(NativeConstructorAccessorImpl.java:77)
	at java.base/jdk.internal.reflect.DelegatingConstructorAccessorImpl.newInstance(DelegatingConstructorAccessorImpl.java:45)
	at com.kms.katalon.core.mobile.keyword.internal.MobileAbstractKeyword.getAnyAppiumDriver(MobileAbstractKeyword.groovy:43)
	at java.base/jdk.internal.reflect.NativeMethodAccessorImpl.invoke0(Native Method)
	at java.base/jdk.internal.reflect.NativeMethodAccessorImpl.invoke(NativeMethodAccessorImpl.java:77)
	at java.base/jdk.internal.reflect.DelegatingMethodAccessorImpl.invoke(DelegatingMethodAccessorImpl.java:43)
	at com.kms.katalon.core.mobile.keyword.builtin.CloseApplicationKeyword$_closeApplication_closure1.doCall(CloseApplicationKeyword.groovy:38)
	at com.kms.katalon.core.mobile.keyword.builtin.CloseApplicationKeyword$_closeApplication_closure1.call(CloseApplicationKeyword.groovy)
	at com.kms.katalon.core.mobile.keyword.internal.MobileKeywordMain.runKeyword(MobileKeywordMain.groovy:19)
	... 23 more


19-07-2024T11:34:43 - [TEST_STEP][ERROR] - closeApplication(): com.kms.katalon.core.exception.StepFailedException: Unable to close app
	at com.kms.katalon.core.mobile.keyword.internal.MobileKeywordMain.stepFailed(MobileKeywordMain.groovy:38)
	at com.kms.katalon.core.mobile.keyword.internal.MobileKeywordMain.runKeyword(MobileKeywordMain.groovy:21)
	at com.kms.katalon.core.mobile.keyword.builtin.CloseApplicationKeyword.closeApplication(CloseApplicationKeyword.groovy:37)
	at com.kms.katalon.core.mobile.keyword.builtin.CloseApplicationKeyword.execute(CloseApplicationKeyword.groovy:32)
	at com.kms.katalon.core.keyword.internal.KeywordExecutor.executeKeywordForPlatform(KeywordExecutor.groovy:74)
	at com.kms.katalon.core.mobile.keyword.MobileBuiltInKeywords.closeApplication(MobileBuiltInKeywords.groovy:134)
	at BaseTest.closeApplication(BaseTest.groovy:36)
	at java.base/jdk.internal.reflect.NativeMethodAccessorImpl.invoke0(Native Method)
	at java.base/jdk.internal.reflect.NativeMethodAccessorImpl.invoke(NativeMethodAccessorImpl.java:77)
	at java.base/jdk.internal.reflect.DelegatingMethodAccessorImpl.invoke(DelegatingMethodAccessorImpl.java:43)
	at com.kms.katalon.core.context.internal.TestHooker.invokeMethod(TestHooker.java:111)
	at com.kms.katalon.core.context.internal.TestHooker.lambda$3(TestHooker.java:95)
	at com.kms.katalon.core.context.internal.TestHooker.invokeContextMethods(TestHooker.java:94)
	at com.kms.katalon.core.context.internal.TestListenerCollector.lambda$3(TestListenerCollector.java:88)
	at com.kms.katalon.core.context.internal.TestListenerCollector.handleListenerEvent(TestListenerCollector.java:85)
	at com.kms.katalon.core.context.internal.ExecutionEventManager.publicEvent(ExecutionEventManager.java:36)
	at com.kms.katalon.core.main.TestCaseExecutor.execute(TestCaseExecutor.java:315)
	at com.kms.katalon.core.common.CommonExecutor.accessTestCaseMainPhase(CommonExecutor.java:65)
	at com.kms.katalon.core.main.TestSuiteExecutor.accessTestSuiteMainPhase(TestSuiteExecutor.java:148)
	at com.kms.katalon.core.main.TestSuiteExecutor.execute(TestSuiteExecutor.java:106)
	at com.kms.katalon.core.main.TestCaseMain.startTestSuite(TestCaseMain.java:180)
	at TempTestSuite1721363656477.run(TempTestSuite1721363656477.groovy:35)
	at java.base/jdk.internal.reflect.NativeMethodAccessorImpl.invoke0(Native Method)
	at java.base/jdk.internal.reflect.NativeMethodAccessorImpl.invoke(NativeMethodAccessorImpl.java:77)
	at java.base/jdk.internal.reflect.DelegatingMethodAccessorImpl.invoke(DelegatingMethodAccessorImpl.java:43)
Caused by: com.kms.katalon.core.exception.StepFailedException: No driver found
	at java.base/jdk.internal.reflect.NativeConstructorAccessorImpl.newInstance0(Native Method)
	at java.base/jdk.internal.reflect.NativeConstructorAccessorImpl.newInstance(NativeConstructorAccessorImpl.java:77)
	at java.base/jdk.internal.reflect.DelegatingConstructorAccessorImpl.newInstance(DelegatingConstructorAccessorImpl.java:45)
	at com.kms.katalon.core.mobile.keyword.internal.MobileAbstractKeyword.getAnyAppiumDriver(MobileAbstractKeyword.groovy:43)
	at java.base/jdk.internal.reflect.NativeMethodAccessorImpl.invoke0(Native Method)
	at java.base/jdk.internal.reflect.NativeMethodAccessorImpl.invoke(NativeMethodAccessorImpl.java:77)
	at java.base/jdk.internal.reflect.DelegatingMethodAccessorImpl.invoke(DelegatingMethodAccessorImpl.java:43)
	at com.kms.katalon.core.mobile.keyword.builtin.CloseApplicationKeyword$_closeApplication_closure1.doCall(CloseApplicationKeyword.groovy:38)
	at com.kms.katalon.core.mobile.keyword.builtin.CloseApplicationKeyword$_closeApplication_closure1.call(CloseApplicationKeyword.groovy)
	at com.kms.katalon.core.mobile.keyword.internal.MobileKeywordMain.runKeyword(MobileKeywordMain.groovy:19)
	... 23 more


19-07-2024T11:34:43 - [MESSAGE][FAILED] - Unable to close app (Root cause: com.kms.katalon.core.exception.StepFailedException: Unable to close app
	at com.kms.katalon.core.mobile.keyword.internal.MobileKeywordMain.stepFailed(MobileKeywordMain.groovy:38)
	at com.kms.katalon.core.mobile.keyword.internal.MobileKeywordMain.runKeyword(MobileKeywordMain.groovy:21)
	at com.kms.katalon.core.mobile.keyword.builtin.CloseApplicationKeyword.closeApplication(CloseApplicationKeyword.groovy:37)
	at com.kms.katalon.core.mobile.keyword.builtin.CloseApplicationKeyword.execute(CloseApplicationKeyword.groovy:32)
	at com.kms.katalon.core.keyword.internal.KeywordExecutor.executeKeywordForPlatform(KeywordExecutor.groovy:74)
	at com.kms.katalon.core.mobile.keyword.MobileBuiltInKeywords.closeApplication(MobileBuiltInKeywords.groovy:134)
	at BaseTest.closeApplication(BaseTest.groovy:36)
	at java.base/jdk.internal.reflect.NativeMethodAccessorImpl.invoke0(Native Method)
	at java.base/jdk.internal.reflect.NativeMethodAccessorImpl.invoke(NativeMethodAccessorImpl.java:77)
	at java.base/jdk.internal.reflect.DelegatingMethodAccessorImpl.invoke(DelegatingMethodAccessorImpl.java:43)
	at com.kms.katalon.core.context.internal.TestHooker.invokeMethod(TestHooker.java:111)
	at com.kms.katalon.core.context.internal.TestHooker.lambda$3(TestHooker.java:95)
	at com.kms.katalon.core.context.internal.TestHooker.invokeContextMethods(TestHooker.java:94)
	at com.kms.katalon.core.context.internal.TestListenerCollector.lambda$3(TestListenerCollector.java:88)
	at com.kms.katalon.core.context.internal.TestListenerCollector.handleListenerEvent(TestListenerCollector.java:85)
	at com.kms.katalon.core.context.internal.ExecutionEventManager.publicEvent(ExecutionEventManager.java:36)
	at com.kms.katalon.core.main.TestCaseExecutor.execute(TestCaseExecutor.java:315)
	at com.kms.katalon.core.common.CommonExecutor.accessTestCaseMainPhase(CommonExecutor.java:65)
	at com.kms.katalon.core.main.TestSuiteExecutor.accessTestSuiteMainPhase(TestSuiteExecutor.java:148)
	at com.kms.katalon.core.main.TestSuiteExecutor.execute(TestSuiteExecutor.java:106)
	at com.kms.katalon.core.main.TestCaseMain.startTestSuite(TestCaseMain.java:180)
	at TempTestSuite1721363656477.run(TempTestSuite1721363656477.groovy:35)
	at java.base/jdk.internal.reflect.NativeMethodAccessorImpl.invoke0(Native Method)
	at java.base/jdk.internal.reflect.NativeMethodAccessorImpl.invoke(NativeMethodAccessorImpl.java:77)
	at java.base/jdk.internal.reflect.DelegatingMethodAccessorImpl.invoke(DelegatingMethodAccessorImpl.java:43)
Caused by: com.kms.katalon.core.exception.StepFailedException: No driver found
	at java.base/jdk.internal.reflect.NativeConstructorAccessorImpl.newInstance0(Native Method)
	at java.base/jdk.internal.reflect.NativeConstructorAccessorImpl.newInstance(NativeConstructorAccessorImpl.java:77)
	at java.base/jdk.internal.reflect.DelegatingConstructorAccessorImpl.newInstance(DelegatingConstructorAccessorImpl.java:45)
	at com.kms.katalon.core.mobile.keyword.internal.MobileAbstractKeyword.getAnyAppiumDriver(MobileAbstractKeyword.groovy:43)
	at java.base/jdk.internal.reflect.NativeMethodAccessorImpl.invoke0(Native Method)
	at java.base/jdk.internal.reflect.NativeMethodAccessorImpl.invoke(NativeMethodAccessorImpl.java:77)
	at java.base/jdk.internal.reflect.DelegatingMethodAccessorImpl.invoke(DelegatingMethodAccessorImpl.java:43)
	at com.kms.katalon.core.mobile.keyword.builtin.CloseApplicationKeyword$_closeApplication_closure1.doCall(CloseApplicationKeyword.groovy:38)
	at com.kms.katalon.core.mobile.keyword.builtin.CloseApplicationKeyword$_closeApplication_closure1.call(CloseApplicationKeyword.groovy)
	at com.kms.katalon.core.mobile.keyword.internal.MobileKeywordMain.runKeyword(MobileKeywordMain.groovy:19)
	... 23 more
)

19-07-2024T11:34:43 - [MESSAGE][ERROR] - com.kms.katalon.core.exception.StepFailedException: Unable to close app
	at com.kms.katalon.core.mobile.keyword.internal.MobileKeywordMain.stepFailed(MobileKeywordMain.groovy:38)
	at com.kms.katalon.core.mobile.keyword.internal.MobileKeywordMain.runKeyword(MobileKeywordMain.groovy:21)
	at com.kms.katalon.core.mobile.keyword.builtin.CloseApplicationKeyword.closeApplication(CloseApplicationKeyword.groovy:37)
	at com.kms.katalon.core.mobile.keyword.builtin.CloseApplicationKeyword.execute(CloseApplicationKeyword.groovy:32)
	at com.kms.katalon.core.keyword.internal.KeywordExecutor.executeKeywordForPlatform(KeywordExecutor.groovy:74)
	at com.kms.katalon.core.mobile.keyword.MobileBuiltInKeywords.closeApplication(MobileBuiltInKeywords.groovy:134)
	at BaseTest.closeApplication(BaseTest.groovy:36)
	at java.base/jdk.internal.reflect.NativeMethodAccessorImpl.invoke0(Native Method)
	at java.base/jdk.internal.reflect.NativeMethodAccessorImpl.invoke(NativeMethodAccessorImpl.java:77)
	at java.base/jdk.internal.reflect.DelegatingMethodAccessorImpl.invoke(DelegatingMethodAccessorImpl.java:43)
	at com.kms.katalon.core.context.internal.TestHooker.invokeMethod(TestHooker.java:111)
	at com.kms.katalon.core.context.internal.TestHooker.lambda$3(TestHooker.java:95)
	at com.kms.katalon.core.context.internal.TestHooker.invokeContextMethods(TestHooker.java:94)
	at com.kms.katalon.core.context.internal.TestListenerCollector.lambda$3(TestListenerCollector.java:88)
	at com.kms.katalon.core.context.internal.TestListenerCollector.handleListenerEvent(TestListenerCollector.java:85)
	at com.kms.katalon.core.context.internal.ExecutionEventManager.publicEvent(ExecutionEventManager.java:36)
	at com.kms.katalon.core.main.TestCaseExecutor.execute(TestCaseExecutor.java:315)
	at com.kms.katalon.core.common.CommonExecutor.accessTestCaseMainPhase(CommonExecutor.java:65)
	at com.kms.katalon.core.main.TestSuiteExecutor.accessTestSuiteMainPhase(TestSuiteExecutor.java:148)
	at com.kms.katalon.core.main.TestSuiteExecutor.execute(TestSuiteExecutor.java:106)
	at com.kms.katalon.core.main.TestCaseMain.startTestSuite(TestCaseMain.java:180)
	at TempTestSuite1721363656477.run(TempTestSuite1721363656477.groovy:35)
	at java.base/jdk.internal.reflect.NativeMethodAccessorImpl.invoke0(Native Method)
	at java.base/jdk.internal.reflect.NativeMethodAccessorImpl.invoke(NativeMethodAccessorImpl.java:77)
	at java.base/jdk.internal.reflect.DelegatingMethodAccessorImpl.invoke(DelegatingMethodAccessorImpl.java:43)
Caused by: com.kms.katalon.core.exception.StepFailedException: No driver found
	at java.base/jdk.internal.reflect.NativeConstructorAccessorImpl.newInstance0(Native Method)
	at java.base/jdk.internal.reflect.NativeConstructorAccessorImpl.newInstance(NativeConstructorAccessorImpl.java:77)
	at java.base/jdk.internal.reflect.DelegatingConstructorAccessorImpl.newInstance(DelegatingConstructorAccessorImpl.java:45)
	at com.kms.katalon.core.mobile.keyword.internal.MobileAbstractKeyword.getAnyAppiumDriver(MobileAbstractKeyword.groovy:43)
	at java.base/jdk.internal.reflect.NativeMethodAccessorImpl.invoke0(Native Method)
	at java.base/jdk.internal.reflect.NativeMethodAccessorImpl.invoke(NativeMethodAccessorImpl.java:77)
	at java.base/jdk.internal.reflect.DelegatingMethodAccessorImpl.invoke(DelegatingMethodAccessorImpl.java:43)
	at com.kms.katalon.core.mobile.keyword.builtin.CloseApplicationKeyword$_closeApplication_closure1.doCall(CloseApplicationKeyword.groovy:38)
	at com.kms.katalon.core.mobile.keyword.builtin.CloseApplicationKeyword$_closeApplication_closure1.call(CloseApplicationKeyword.groovy)
	at com.kms.katalon.core.mobile.keyword.internal.MobileKeywordMain.runKeyword(MobileKeywordMain.groovy:19)
	... 23 more


19-07-2024T11:34:43 - [TEST_STEP][PASSED] - Start listener action : closeBrowser: null

19-07-2024T11:34:43 - [TEST_STEP][PASSED] - if (!(isAPIRunning) & isWebRunning): null]]></system-out>
         <system-err><![CDATA[]]></system-err>
      </testcase>
      <testcase name="Test Cases/API/Doctor Management/PUT_Verify update doctor profile successfully" time="8.559" classname="Test Cases/API/Doctor Management/PUT_Verify update doctor profile successfully" status="PASSED">
         <system-out><![CDATA[19-07-2024T11:34:43 - [TEST_CASE][PASSED] - Test Cases/API/Doctor Management/PUT_Verify update doctor profile successfully: Test Cases/API/Doctor Management/PUT_Verify update doctor profile successfully

19-07-2024T11:34:43 - [TEST_STEP][PASSED] - Start listener action : before: null

19-07-2024T11:34:43 - [TEST_STEP][PASSED] - if (isApiTestCase(testCaseContext.getTestCaseId())): null

19-07-2024T11:34:43 - [TEST_STEP][PASSED] - if (isWebTestCase(testCaseContext.getTestCaseId())): null

19-07-2024T11:34:43 - [TEST_STEP][PASSED] - Start listener action : openApplication: null

19-07-2024T11:34:43 - [TEST_STEP][PASSED] - if (!(isAPIRunning) & !(isWebRunning)): null

19-07-2024T11:34:43 - [TEST_STEP][PASSED] - Start listener action : openBrowser: null

19-07-2024T11:34:43 - [TEST_STEP][PASSED] - if (!(isAPIRunning) & isWebRunning): null

19-07-2024T11:34:43 - [TEST_STEP][PASSED] - user = withRole("Admin").getFirst(): null

19-07-2024T11:34:43 - [TEST_STEP][PASSED] - adminAccessToken = signIn(email, pwd).getAccessToken(): Send request successfully

19-07-2024T11:34:45 - [MESSAGE][INFO] - HAR: /Users/linh.phan/Automation_Katalon_QE/katalon-healthcare/Reports/20240719_113416/API/API Regression Test/20240719_113416/requests/main/10.har

19-07-2024T11:34:45 - [MESSAGE][PASSED] - Send request successfully

19-07-2024T11:34:45 - [TEST_STEP][PASSED] - email = RandomProfileGenerator).generateRandomEmail(): null

19-07-2024T11:34:45 - [TEST_STEP][PASSED] - fullName = RandomProfileGenerator).generateRandomName(): null

19-07-2024T11:34:45 - [TEST_STEP][PASSED] - phoneNumber = RandomProfileGenerator).generateRandomPhoneNumber(): null

19-07-2024T11:34:45 - [TEST_STEP][PASSED] - password = "P@ssw0rd@auto": null

19-07-2024T11:34:45 - [TEST_STEP][PASSED] - doctorUuid = id: Verify response status code successfully

19-07-2024T11:34:48 - [MESSAGE][INFO] - HAR: /Users/linh.phan/Automation_Katalon_QE/katalon-healthcare/Reports/20240719_113416/API/API Regression Test/20240719_113416/requests/main/11.har

19-07-2024T11:34:48 - [MESSAGE][PASSED] - Send request successfully

19-07-2024T11:34:48 - [MESSAGE][PASSED] - Verify response status code successfully

19-07-2024T11:34:48 - [TEST_STEP][PASSED] - fullName = RandomProfileGenerator).generateRandomName(): null

19-07-2024T11:34:48 - [TEST_STEP][PASSED] - birthday = RandomProfileGenerator).generateRandomBirthday(): null

19-07-2024T11:34:48 - [TEST_STEP][PASSED] - gender = RandomProfileGenerator).generateRandomGender(): null

19-07-2024T11:34:48 - [TEST_STEP][PASSED] - address = RandomProfileGenerator).generateRandomAddress(): null

19-07-2024T11:34:48 - [TEST_STEP][PASSED] - phoneNumber = RandomProfileGenerator).generateRandomPhoneNumber(): null

19-07-2024T11:34:48 - [TEST_STEP][PASSED] - degree = RandomProfileGenerator).generateRandomDegree(): null

19-07-2024T11:34:48 - [TEST_STEP][PASSED] - speciality = RandomProfileGenerator).generateRandomSpeciality(): Send request successfully

19-07-2024T11:34:49 - [MESSAGE][INFO] - HAR: /Users/linh.phan/Automation_Katalon_QE/katalon-healthcare/Reports/20240719_113416/API/API Regression Test/20240719_113416/requests/main/12.har

19-07-2024T11:34:49 - [MESSAGE][PASSED] - Send request successfully

19-07-2024T11:34:49 - [TEST_STEP][PASSED] - description = RandomProfileGenerator).generateRandomDescription(): null

19-07-2024T11:34:49 - [TEST_STEP][PASSED] - degree", degree).hasProperty("data.id"): Verify element property value successfully

19-07-2024T11:34:50 - [MESSAGE][INFO] - HAR: /Users/linh.phan/Automation_Katalon_QE/katalon-healthcare/Reports/20240719_113416/API/API Regression Test/20240719_113416/requests/main/13.har

19-07-2024T11:34:50 - [MESSAGE][PASSED] - Send request successfully

19-07-2024T11:34:50 - [MESSAGE][PASSED] - Verify response status code successfully

19-07-2024T11:34:50 - [MESSAGE][PASSED] - Verify element property value successfully

19-07-2024T11:34:50 - [MESSAGE][PASSED] - Verify element property value successfully

19-07-2024T11:34:50 - [MESSAGE][PASSED] - Verify element property value successfully

19-07-2024T11:34:50 - [MESSAGE][PASSED] - Verify element property value successfully

19-07-2024T11:34:50 - [MESSAGE][PASSED] - Verify element property value successfully

19-07-2024T11:34:50 - [MESSAGE][PASSED] - Verify element property value successfully

19-07-2024T11:34:50 - [MESSAGE][PASSED] - Verify element property value successfully

19-07-2024T11:34:50 - [TEST_STEP][PASSED] - Start tear down : tearDown: Method 'tearDown' complete successfully

19-07-2024T11:34:50 - [TEST_STEP][PASSED] - user = withRole("Doctor").getFirst(): null

19-07-2024T11:34:50 - [TEST_STEP][PASSED] - initRequestObject().updateDoctorProfile(doctorUuid, fullName, phoneNumber, gender, birthday, address, speciality, degree, "", adminAccessToken): Send request successfully

19-07-2024T11:34:52 - [MESSAGE][INFO] - HAR: /Users/linh.phan/Automation_Katalon_QE/katalon-healthcare/Reports/20240719_113416/API/API Regression Test/20240719_113416/requests/main/14.har

19-07-2024T11:34:52 - [MESSAGE][PASSED] - Send request successfully

19-07-2024T11:34:52 - [MESSAGE][PASSED] - Method 'tearDown' complete successfully

19-07-2024T11:34:52 - [TEST_STEP][PASSED] - Start listener action : after: null

19-07-2024T11:34:52 - [TEST_STEP][PASSED] - isAPIRunning = false: null

19-07-2024T11:34:52 - [TEST_STEP][ERROR] - Start listener action : closeApplication: com.kms.katalon.core.exception.StepFailedException: Unable to close app
	at com.kms.katalon.core.mobile.keyword.internal.MobileKeywordMain.stepFailed(MobileKeywordMain.groovy:38)
	at com.kms.katalon.core.mobile.keyword.internal.MobileKeywordMain.runKeyword(MobileKeywordMain.groovy:21)
	at com.kms.katalon.core.mobile.keyword.builtin.CloseApplicationKeyword.closeApplication(CloseApplicationKeyword.groovy:37)
	at com.kms.katalon.core.mobile.keyword.builtin.CloseApplicationKeyword.execute(CloseApplicationKeyword.groovy:32)
	at com.kms.katalon.core.keyword.internal.KeywordExecutor.executeKeywordForPlatform(KeywordExecutor.groovy:74)
	at com.kms.katalon.core.mobile.keyword.MobileBuiltInKeywords.closeApplication(MobileBuiltInKeywords.groovy:134)
	at BaseTest.closeApplication(BaseTest.groovy:36)
	at java.base/jdk.internal.reflect.NativeMethodAccessorImpl.invoke0(Native Method)
	at java.base/jdk.internal.reflect.NativeMethodAccessorImpl.invoke(NativeMethodAccessorImpl.java:77)
	at java.base/jdk.internal.reflect.DelegatingMethodAccessorImpl.invoke(DelegatingMethodAccessorImpl.java:43)
	at com.kms.katalon.core.context.internal.TestHooker.invokeMethod(TestHooker.java:111)
	at com.kms.katalon.core.context.internal.TestHooker.lambda$3(TestHooker.java:95)
	at com.kms.katalon.core.context.internal.TestHooker.invokeContextMethods(TestHooker.java:94)
	at com.kms.katalon.core.context.internal.TestListenerCollector.lambda$3(TestListenerCollector.java:88)
	at com.kms.katalon.core.context.internal.TestListenerCollector.handleListenerEvent(TestListenerCollector.java:85)
	at com.kms.katalon.core.context.internal.ExecutionEventManager.publicEvent(ExecutionEventManager.java:36)
	at com.kms.katalon.core.main.TestCaseExecutor.execute(TestCaseExecutor.java:315)
	at com.kms.katalon.core.common.CommonExecutor.accessTestCaseMainPhase(CommonExecutor.java:65)
	at com.kms.katalon.core.main.TestSuiteExecutor.accessTestSuiteMainPhase(TestSuiteExecutor.java:148)
	at com.kms.katalon.core.main.TestSuiteExecutor.execute(TestSuiteExecutor.java:106)
	at com.kms.katalon.core.main.TestCaseMain.startTestSuite(TestCaseMain.java:180)
	at TempTestSuite1721363656477.run(TempTestSuite1721363656477.groovy:35)
	at java.base/jdk.internal.reflect.NativeMethodAccessorImpl.invoke0(Native Method)
	at java.base/jdk.internal.reflect.NativeMethodAccessorImpl.invoke(NativeMethodAccessorImpl.java:77)
	at java.base/jdk.internal.reflect.DelegatingMethodAccessorImpl.invoke(DelegatingMethodAccessorImpl.java:43)
Caused by: com.kms.katalon.core.exception.StepFailedException: No driver found
	at java.base/jdk.internal.reflect.NativeConstructorAccessorImpl.newInstance0(Native Method)
	at java.base/jdk.internal.reflect.NativeConstructorAccessorImpl.newInstance(NativeConstructorAccessorImpl.java:77)
	at java.base/jdk.internal.reflect.DelegatingConstructorAccessorImpl.newInstance(DelegatingConstructorAccessorImpl.java:45)
	at com.kms.katalon.core.mobile.keyword.internal.MobileAbstractKeyword.getAnyAppiumDriver(MobileAbstractKeyword.groovy:43)
	at java.base/jdk.internal.reflect.NativeMethodAccessorImpl.invoke0(Native Method)
	at java.base/jdk.internal.reflect.NativeMethodAccessorImpl.invoke(NativeMethodAccessorImpl.java:77)
	at java.base/jdk.internal.reflect.DelegatingMethodAccessorImpl.invoke(DelegatingMethodAccessorImpl.java:43)
	at com.kms.katalon.core.mobile.keyword.builtin.CloseApplicationKeyword$_closeApplication_closure1.doCall(CloseApplicationKeyword.groovy:38)
	at com.kms.katalon.core.mobile.keyword.builtin.CloseApplicationKeyword$_closeApplication_closure1.call(CloseApplicationKeyword.groovy)
	at com.kms.katalon.core.mobile.keyword.internal.MobileKeywordMain.runKeyword(MobileKeywordMain.groovy:19)
	... 23 more


19-07-2024T11:34:52 - [TEST_STEP][ERROR] - if (!(isAPIRunning) & !(isWebRunning)): com.kms.katalon.core.exception.StepFailedException: Unable to close app
	at com.kms.katalon.core.mobile.keyword.internal.MobileKeywordMain.stepFailed(MobileKeywordMain.groovy:38)
	at com.kms.katalon.core.mobile.keyword.internal.MobileKeywordMain.runKeyword(MobileKeywordMain.groovy:21)
	at com.kms.katalon.core.mobile.keyword.builtin.CloseApplicationKeyword.closeApplication(CloseApplicationKeyword.groovy:37)
	at com.kms.katalon.core.mobile.keyword.builtin.CloseApplicationKeyword.execute(CloseApplicationKeyword.groovy:32)
	at com.kms.katalon.core.keyword.internal.KeywordExecutor.executeKeywordForPlatform(KeywordExecutor.groovy:74)
	at com.kms.katalon.core.mobile.keyword.MobileBuiltInKeywords.closeApplication(MobileBuiltInKeywords.groovy:134)
	at BaseTest.closeApplication(BaseTest.groovy:36)
	at java.base/jdk.internal.reflect.NativeMethodAccessorImpl.invoke0(Native Method)
	at java.base/jdk.internal.reflect.NativeMethodAccessorImpl.invoke(NativeMethodAccessorImpl.java:77)
	at java.base/jdk.internal.reflect.DelegatingMethodAccessorImpl.invoke(DelegatingMethodAccessorImpl.java:43)
	at com.kms.katalon.core.context.internal.TestHooker.invokeMethod(TestHooker.java:111)
	at com.kms.katalon.core.context.internal.TestHooker.lambda$3(TestHooker.java:95)
	at com.kms.katalon.core.context.internal.TestHooker.invokeContextMethods(TestHooker.java:94)
	at com.kms.katalon.core.context.internal.TestListenerCollector.lambda$3(TestListenerCollector.java:88)
	at com.kms.katalon.core.context.internal.TestListenerCollector.handleListenerEvent(TestListenerCollector.java:85)
	at com.kms.katalon.core.context.internal.ExecutionEventManager.publicEvent(ExecutionEventManager.java:36)
	at com.kms.katalon.core.main.TestCaseExecutor.execute(TestCaseExecutor.java:315)
	at com.kms.katalon.core.common.CommonExecutor.accessTestCaseMainPhase(CommonExecutor.java:65)
	at com.kms.katalon.core.main.TestSuiteExecutor.accessTestSuiteMainPhase(TestSuiteExecutor.java:148)
	at com.kms.katalon.core.main.TestSuiteExecutor.execute(TestSuiteExecutor.java:106)
	at com.kms.katalon.core.main.TestCaseMain.startTestSuite(TestCaseMain.java:180)
	at TempTestSuite1721363656477.run(TempTestSuite1721363656477.groovy:35)
	at java.base/jdk.internal.reflect.NativeMethodAccessorImpl.invoke0(Native Method)
	at java.base/jdk.internal.reflect.NativeMethodAccessorImpl.invoke(NativeMethodAccessorImpl.java:77)
	at java.base/jdk.internal.reflect.DelegatingMethodAccessorImpl.invoke(DelegatingMethodAccessorImpl.java:43)
Caused by: com.kms.katalon.core.exception.StepFailedException: No driver found
	at java.base/jdk.internal.reflect.NativeConstructorAccessorImpl.newInstance0(Native Method)
	at java.base/jdk.internal.reflect.NativeConstructorAccessorImpl.newInstance(NativeConstructorAccessorImpl.java:77)
	at java.base/jdk.internal.reflect.DelegatingConstructorAccessorImpl.newInstance(DelegatingConstructorAccessorImpl.java:45)
	at com.kms.katalon.core.mobile.keyword.internal.MobileAbstractKeyword.getAnyAppiumDriver(MobileAbstractKeyword.groovy:43)
	at java.base/jdk.internal.reflect.NativeMethodAccessorImpl.invoke0(Native Method)
	at java.base/jdk.internal.reflect.NativeMethodAccessorImpl.invoke(NativeMethodAccessorImpl.java:77)
	at java.base/jdk.internal.reflect.DelegatingMethodAccessorImpl.invoke(DelegatingMethodAccessorImpl.java:43)
	at com.kms.katalon.core.mobile.keyword.builtin.CloseApplicationKeyword$_closeApplication_closure1.doCall(CloseApplicationKeyword.groovy:38)
	at com.kms.katalon.core.mobile.keyword.builtin.CloseApplicationKeyword$_closeApplication_closure1.call(CloseApplicationKeyword.groovy)
	at com.kms.katalon.core.mobile.keyword.internal.MobileKeywordMain.runKeyword(MobileKeywordMain.groovy:19)
	... 23 more


19-07-2024T11:34:52 - [TEST_STEP][ERROR] - closeApplication(): com.kms.katalon.core.exception.StepFailedException: Unable to close app
	at com.kms.katalon.core.mobile.keyword.internal.MobileKeywordMain.stepFailed(MobileKeywordMain.groovy:38)
	at com.kms.katalon.core.mobile.keyword.internal.MobileKeywordMain.runKeyword(MobileKeywordMain.groovy:21)
	at com.kms.katalon.core.mobile.keyword.builtin.CloseApplicationKeyword.closeApplication(CloseApplicationKeyword.groovy:37)
	at com.kms.katalon.core.mobile.keyword.builtin.CloseApplicationKeyword.execute(CloseApplicationKeyword.groovy:32)
	at com.kms.katalon.core.keyword.internal.KeywordExecutor.executeKeywordForPlatform(KeywordExecutor.groovy:74)
	at com.kms.katalon.core.mobile.keyword.MobileBuiltInKeywords.closeApplication(MobileBuiltInKeywords.groovy:134)
	at BaseTest.closeApplication(BaseTest.groovy:36)
	at java.base/jdk.internal.reflect.NativeMethodAccessorImpl.invoke0(Native Method)
	at java.base/jdk.internal.reflect.NativeMethodAccessorImpl.invoke(NativeMethodAccessorImpl.java:77)
	at java.base/jdk.internal.reflect.DelegatingMethodAccessorImpl.invoke(DelegatingMethodAccessorImpl.java:43)
	at com.kms.katalon.core.context.internal.TestHooker.invokeMethod(TestHooker.java:111)
	at com.kms.katalon.core.context.internal.TestHooker.lambda$3(TestHooker.java:95)
	at com.kms.katalon.core.context.internal.TestHooker.invokeContextMethods(TestHooker.java:94)
	at com.kms.katalon.core.context.internal.TestListenerCollector.lambda$3(TestListenerCollector.java:88)
	at com.kms.katalon.core.context.internal.TestListenerCollector.handleListenerEvent(TestListenerCollector.java:85)
	at com.kms.katalon.core.context.internal.ExecutionEventManager.publicEvent(ExecutionEventManager.java:36)
	at com.kms.katalon.core.main.TestCaseExecutor.execute(TestCaseExecutor.java:315)
	at com.kms.katalon.core.common.CommonExecutor.accessTestCaseMainPhase(CommonExecutor.java:65)
	at com.kms.katalon.core.main.TestSuiteExecutor.accessTestSuiteMainPhase(TestSuiteExecutor.java:148)
	at com.kms.katalon.core.main.TestSuiteExecutor.execute(TestSuiteExecutor.java:106)
	at com.kms.katalon.core.main.TestCaseMain.startTestSuite(TestCaseMain.java:180)
	at TempTestSuite1721363656477.run(TempTestSuite1721363656477.groovy:35)
	at java.base/jdk.internal.reflect.NativeMethodAccessorImpl.invoke0(Native Method)
	at java.base/jdk.internal.reflect.NativeMethodAccessorImpl.invoke(NativeMethodAccessorImpl.java:77)
	at java.base/jdk.internal.reflect.DelegatingMethodAccessorImpl.invoke(DelegatingMethodAccessorImpl.java:43)
Caused by: com.kms.katalon.core.exception.StepFailedException: No driver found
	at java.base/jdk.internal.reflect.NativeConstructorAccessorImpl.newInstance0(Native Method)
	at java.base/jdk.internal.reflect.NativeConstructorAccessorImpl.newInstance(NativeConstructorAccessorImpl.java:77)
	at java.base/jdk.internal.reflect.DelegatingConstructorAccessorImpl.newInstance(DelegatingConstructorAccessorImpl.java:45)
	at com.kms.katalon.core.mobile.keyword.internal.MobileAbstractKeyword.getAnyAppiumDriver(MobileAbstractKeyword.groovy:43)
	at java.base/jdk.internal.reflect.NativeMethodAccessorImpl.invoke0(Native Method)
	at java.base/jdk.internal.reflect.NativeMethodAccessorImpl.invoke(NativeMethodAccessorImpl.java:77)
	at java.base/jdk.internal.reflect.DelegatingMethodAccessorImpl.invoke(DelegatingMethodAccessorImpl.java:43)
	at com.kms.katalon.core.mobile.keyword.builtin.CloseApplicationKeyword$_closeApplication_closure1.doCall(CloseApplicationKeyword.groovy:38)
	at com.kms.katalon.core.mobile.keyword.builtin.CloseApplicationKeyword$_closeApplication_closure1.call(CloseApplicationKeyword.groovy)
	at com.kms.katalon.core.mobile.keyword.internal.MobileKeywordMain.runKeyword(MobileKeywordMain.groovy:19)
	... 23 more


19-07-2024T11:34:52 - [MESSAGE][FAILED] - Unable to close app (Root cause: com.kms.katalon.core.exception.StepFailedException: Unable to close app
	at com.kms.katalon.core.mobile.keyword.internal.MobileKeywordMain.stepFailed(MobileKeywordMain.groovy:38)
	at com.kms.katalon.core.mobile.keyword.internal.MobileKeywordMain.runKeyword(MobileKeywordMain.groovy:21)
	at com.kms.katalon.core.mobile.keyword.builtin.CloseApplicationKeyword.closeApplication(CloseApplicationKeyword.groovy:37)
	at com.kms.katalon.core.mobile.keyword.builtin.CloseApplicationKeyword.execute(CloseApplicationKeyword.groovy:32)
	at com.kms.katalon.core.keyword.internal.KeywordExecutor.executeKeywordForPlatform(KeywordExecutor.groovy:74)
	at com.kms.katalon.core.mobile.keyword.MobileBuiltInKeywords.closeApplication(MobileBuiltInKeywords.groovy:134)
	at BaseTest.closeApplication(BaseTest.groovy:36)
	at java.base/jdk.internal.reflect.NativeMethodAccessorImpl.invoke0(Native Method)
	at java.base/jdk.internal.reflect.NativeMethodAccessorImpl.invoke(NativeMethodAccessorImpl.java:77)
	at java.base/jdk.internal.reflect.DelegatingMethodAccessorImpl.invoke(DelegatingMethodAccessorImpl.java:43)
	at com.kms.katalon.core.context.internal.TestHooker.invokeMethod(TestHooker.java:111)
	at com.kms.katalon.core.context.internal.TestHooker.lambda$3(TestHooker.java:95)
	at com.kms.katalon.core.context.internal.TestHooker.invokeContextMethods(TestHooker.java:94)
	at com.kms.katalon.core.context.internal.TestListenerCollector.lambda$3(TestListenerCollector.java:88)
	at com.kms.katalon.core.context.internal.TestListenerCollector.handleListenerEvent(TestListenerCollector.java:85)
	at com.kms.katalon.core.context.internal.ExecutionEventManager.publicEvent(ExecutionEventManager.java:36)
	at com.kms.katalon.core.main.TestCaseExecutor.execute(TestCaseExecutor.java:315)
	at com.kms.katalon.core.common.CommonExecutor.accessTestCaseMainPhase(CommonExecutor.java:65)
	at com.kms.katalon.core.main.TestSuiteExecutor.accessTestSuiteMainPhase(TestSuiteExecutor.java:148)
	at com.kms.katalon.core.main.TestSuiteExecutor.execute(TestSuiteExecutor.java:106)
	at com.kms.katalon.core.main.TestCaseMain.startTestSuite(TestCaseMain.java:180)
	at TempTestSuite1721363656477.run(TempTestSuite1721363656477.groovy:35)
	at java.base/jdk.internal.reflect.NativeMethodAccessorImpl.invoke0(Native Method)
	at java.base/jdk.internal.reflect.NativeMethodAccessorImpl.invoke(NativeMethodAccessorImpl.java:77)
	at java.base/jdk.internal.reflect.DelegatingMethodAccessorImpl.invoke(DelegatingMethodAccessorImpl.java:43)
Caused by: com.kms.katalon.core.exception.StepFailedException: No driver found
	at java.base/jdk.internal.reflect.NativeConstructorAccessorImpl.newInstance0(Native Method)
	at java.base/jdk.internal.reflect.NativeConstructorAccessorImpl.newInstance(NativeConstructorAccessorImpl.java:77)
	at java.base/jdk.internal.reflect.DelegatingConstructorAccessorImpl.newInstance(DelegatingConstructorAccessorImpl.java:45)
	at com.kms.katalon.core.mobile.keyword.internal.MobileAbstractKeyword.getAnyAppiumDriver(MobileAbstractKeyword.groovy:43)
	at java.base/jdk.internal.reflect.NativeMethodAccessorImpl.invoke0(Native Method)
	at java.base/jdk.internal.reflect.NativeMethodAccessorImpl.invoke(NativeMethodAccessorImpl.java:77)
	at java.base/jdk.internal.reflect.DelegatingMethodAccessorImpl.invoke(DelegatingMethodAccessorImpl.java:43)
	at com.kms.katalon.core.mobile.keyword.builtin.CloseApplicationKeyword$_closeApplication_closure1.doCall(CloseApplicationKeyword.groovy:38)
	at com.kms.katalon.core.mobile.keyword.builtin.CloseApplicationKeyword$_closeApplication_closure1.call(CloseApplicationKeyword.groovy)
	at com.kms.katalon.core.mobile.keyword.internal.MobileKeywordMain.runKeyword(MobileKeywordMain.groovy:19)
	... 23 more
)

19-07-2024T11:34:52 - [MESSAGE][ERROR] - com.kms.katalon.core.exception.StepFailedException: Unable to close app
	at com.kms.katalon.core.mobile.keyword.internal.MobileKeywordMain.stepFailed(MobileKeywordMain.groovy:38)
	at com.kms.katalon.core.mobile.keyword.internal.MobileKeywordMain.runKeyword(MobileKeywordMain.groovy:21)
	at com.kms.katalon.core.mobile.keyword.builtin.CloseApplicationKeyword.closeApplication(CloseApplicationKeyword.groovy:37)
	at com.kms.katalon.core.mobile.keyword.builtin.CloseApplicationKeyword.execute(CloseApplicationKeyword.groovy:32)
	at com.kms.katalon.core.keyword.internal.KeywordExecutor.executeKeywordForPlatform(KeywordExecutor.groovy:74)
	at com.kms.katalon.core.mobile.keyword.MobileBuiltInKeywords.closeApplication(MobileBuiltInKeywords.groovy:134)
	at BaseTest.closeApplication(BaseTest.groovy:36)
	at java.base/jdk.internal.reflect.NativeMethodAccessorImpl.invoke0(Native Method)
	at java.base/jdk.internal.reflect.NativeMethodAccessorImpl.invoke(NativeMethodAccessorImpl.java:77)
	at java.base/jdk.internal.reflect.DelegatingMethodAccessorImpl.invoke(DelegatingMethodAccessorImpl.java:43)
	at com.kms.katalon.core.context.internal.TestHooker.invokeMethod(TestHooker.java:111)
	at com.kms.katalon.core.context.internal.TestHooker.lambda$3(TestHooker.java:95)
	at com.kms.katalon.core.context.internal.TestHooker.invokeContextMethods(TestHooker.java:94)
	at com.kms.katalon.core.context.internal.TestListenerCollector.lambda$3(TestListenerCollector.java:88)
	at com.kms.katalon.core.context.internal.TestListenerCollector.handleListenerEvent(TestListenerCollector.java:85)
	at com.kms.katalon.core.context.internal.ExecutionEventManager.publicEvent(ExecutionEventManager.java:36)
	at com.kms.katalon.core.main.TestCaseExecutor.execute(TestCaseExecutor.java:315)
	at com.kms.katalon.core.common.CommonExecutor.accessTestCaseMainPhase(CommonExecutor.java:65)
	at com.kms.katalon.core.main.TestSuiteExecutor.accessTestSuiteMainPhase(TestSuiteExecutor.java:148)
	at com.kms.katalon.core.main.TestSuiteExecutor.execute(TestSuiteExecutor.java:106)
	at com.kms.katalon.core.main.TestCaseMain.startTestSuite(TestCaseMain.java:180)
	at TempTestSuite1721363656477.run(TempTestSuite1721363656477.groovy:35)
	at java.base/jdk.internal.reflect.NativeMethodAccessorImpl.invoke0(Native Method)
	at java.base/jdk.internal.reflect.NativeMethodAccessorImpl.invoke(NativeMethodAccessorImpl.java:77)
	at java.base/jdk.internal.reflect.DelegatingMethodAccessorImpl.invoke(DelegatingMethodAccessorImpl.java:43)
Caused by: com.kms.katalon.core.exception.StepFailedException: No driver found
	at java.base/jdk.internal.reflect.NativeConstructorAccessorImpl.newInstance0(Native Method)
	at java.base/jdk.internal.reflect.NativeConstructorAccessorImpl.newInstance(NativeConstructorAccessorImpl.java:77)
	at java.base/jdk.internal.reflect.DelegatingConstructorAccessorImpl.newInstance(DelegatingConstructorAccessorImpl.java:45)
	at com.kms.katalon.core.mobile.keyword.internal.MobileAbstractKeyword.getAnyAppiumDriver(MobileAbstractKeyword.groovy:43)
	at java.base/jdk.internal.reflect.NativeMethodAccessorImpl.invoke0(Native Method)
	at java.base/jdk.internal.reflect.NativeMethodAccessorImpl.invoke(NativeMethodAccessorImpl.java:77)
	at java.base/jdk.internal.reflect.DelegatingMethodAccessorImpl.invoke(DelegatingMethodAccessorImpl.java:43)
	at com.kms.katalon.core.mobile.keyword.builtin.CloseApplicationKeyword$_closeApplication_closure1.doCall(CloseApplicationKeyword.groovy:38)
	at com.kms.katalon.core.mobile.keyword.builtin.CloseApplicationKeyword$_closeApplication_closure1.call(CloseApplicationKeyword.groovy)
	at com.kms.katalon.core.mobile.keyword.internal.MobileKeywordMain.runKeyword(MobileKeywordMain.groovy:19)
	... 23 more


19-07-2024T11:34:52 - [TEST_STEP][PASSED] - Start listener action : closeBrowser: null

19-07-2024T11:34:52 - [TEST_STEP][PASSED] - if (!(isAPIRunning) & isWebRunning): null]]></system-out>
         <system-err><![CDATA[]]></system-err>
      </testcase>
      <testcase name="Test Cases/API/Doctor Management/GET_Verify get all doctors successfully" time="3.233" classname="Test Cases/API/Doctor Management/GET_Verify get all doctors successfully" status="PASSED">
         <system-out><![CDATA[19-07-2024T11:34:52 - [TEST_CASE][PASSED] - Test Cases/API/Doctor Management/GET_Verify get all doctors successfully: Test Cases/API/Doctor Management/GET_Verify get all doctors successfully

19-07-2024T11:34:52 - [TEST_STEP][PASSED] - Start listener action : before: null

19-07-2024T11:34:52 - [TEST_STEP][PASSED] - if (isApiTestCase(testCaseContext.getTestCaseId())): null

19-07-2024T11:34:52 - [TEST_STEP][PASSED] - if (isWebTestCase(testCaseContext.getTestCaseId())): null

19-07-2024T11:34:52 - [TEST_STEP][PASSED] - Start listener action : openApplication: null

19-07-2024T11:34:52 - [TEST_STEP][PASSED] - if (!(isAPIRunning) & !(isWebRunning)): null

19-07-2024T11:34:52 - [TEST_STEP][PASSED] - Start listener action : openBrowser: null

19-07-2024T11:34:52 - [TEST_STEP][PASSED] - if (!(isAPIRunning) & isWebRunning): null

19-07-2024T11:34:52 - [TEST_STEP][PASSED] - user = withRole("Admin").getFirst(): null

19-07-2024T11:34:52 - [TEST_STEP][PASSED] - adminAccessToken = signIn(email, pwd).getAccessToken(): Send request successfully

19-07-2024T11:34:53 - [MESSAGE][INFO] - HAR: /Users/linh.phan/Automation_Katalon_QE/katalon-healthcare/Reports/20240719_113416/API/API Regression Test/20240719_113416/requests/main/15.har

19-07-2024T11:34:53 - [MESSAGE][PASSED] - Send request successfully

19-07-2024T11:34:53 - [TEST_STEP][PASSED] - response = verifyPropertyValue("message", "Get doctors successfully").validateJsonAgainstSchema(schema): Validate with JSON Schema successfully

19-07-2024T11:34:55 - [MESSAGE][INFO] - HAR: /Users/linh.phan/Automation_Katalon_QE/katalon-healthcare/Reports/20240719_113416/API/API Regression Test/20240719_113416/requests/main/16.har

19-07-2024T11:34:55 - [MESSAGE][PASSED] - Send request successfully

19-07-2024T11:34:55 - [MESSAGE][PASSED] - Verify response status code successfully

19-07-2024T11:34:55 - [MESSAGE][PASSED] - Verify element property value successfully

19-07-2024T11:34:55 - [MESSAGE][PASSED] - Validate with JSON Schema successfully

19-07-2024T11:34:55 - [TEST_STEP][PASSED] - Start listener action : after: null

19-07-2024T11:34:55 - [TEST_STEP][PASSED] - isAPIRunning = false: null

19-07-2024T11:34:55 - [TEST_STEP][ERROR] - Start listener action : closeApplication: com.kms.katalon.core.exception.StepFailedException: Unable to close app
	at com.kms.katalon.core.mobile.keyword.internal.MobileKeywordMain.stepFailed(MobileKeywordMain.groovy:38)
	at com.kms.katalon.core.mobile.keyword.internal.MobileKeywordMain.runKeyword(MobileKeywordMain.groovy:21)
	at com.kms.katalon.core.mobile.keyword.builtin.CloseApplicationKeyword.closeApplication(CloseApplicationKeyword.groovy:37)
	at com.kms.katalon.core.mobile.keyword.builtin.CloseApplicationKeyword.execute(CloseApplicationKeyword.groovy:32)
	at com.kms.katalon.core.keyword.internal.KeywordExecutor.executeKeywordForPlatform(KeywordExecutor.groovy:74)
	at com.kms.katalon.core.mobile.keyword.MobileBuiltInKeywords.closeApplication(MobileBuiltInKeywords.groovy:134)
	at BaseTest.closeApplication(BaseTest.groovy:36)
	at java.base/jdk.internal.reflect.NativeMethodAccessorImpl.invoke0(Native Method)
	at java.base/jdk.internal.reflect.NativeMethodAccessorImpl.invoke(NativeMethodAccessorImpl.java:77)
	at java.base/jdk.internal.reflect.DelegatingMethodAccessorImpl.invoke(DelegatingMethodAccessorImpl.java:43)
	at com.kms.katalon.core.context.internal.TestHooker.invokeMethod(TestHooker.java:111)
	at com.kms.katalon.core.context.internal.TestHooker.lambda$3(TestHooker.java:95)
	at com.kms.katalon.core.context.internal.TestHooker.invokeContextMethods(TestHooker.java:94)
	at com.kms.katalon.core.context.internal.TestListenerCollector.lambda$3(TestListenerCollector.java:88)
	at com.kms.katalon.core.context.internal.TestListenerCollector.handleListenerEvent(TestListenerCollector.java:85)
	at com.kms.katalon.core.context.internal.ExecutionEventManager.publicEvent(ExecutionEventManager.java:36)
	at com.kms.katalon.core.main.TestCaseExecutor.execute(TestCaseExecutor.java:315)
	at com.kms.katalon.core.common.CommonExecutor.accessTestCaseMainPhase(CommonExecutor.java:65)
	at com.kms.katalon.core.main.TestSuiteExecutor.accessTestSuiteMainPhase(TestSuiteExecutor.java:148)
	at com.kms.katalon.core.main.TestSuiteExecutor.execute(TestSuiteExecutor.java:106)
	at com.kms.katalon.core.main.TestCaseMain.startTestSuite(TestCaseMain.java:180)
	at TempTestSuite1721363656477.run(TempTestSuite1721363656477.groovy:35)
	at java.base/jdk.internal.reflect.NativeMethodAccessorImpl.invoke0(Native Method)
	at java.base/jdk.internal.reflect.NativeMethodAccessorImpl.invoke(NativeMethodAccessorImpl.java:77)
	at java.base/jdk.internal.reflect.DelegatingMethodAccessorImpl.invoke(DelegatingMethodAccessorImpl.java:43)
Caused by: com.kms.katalon.core.exception.StepFailedException: No driver found
	at java.base/jdk.internal.reflect.NativeConstructorAccessorImpl.newInstance0(Native Method)
	at java.base/jdk.internal.reflect.NativeConstructorAccessorImpl.newInstance(NativeConstructorAccessorImpl.java:77)
	at java.base/jdk.internal.reflect.DelegatingConstructorAccessorImpl.newInstance(DelegatingConstructorAccessorImpl.java:45)
	at com.kms.katalon.core.mobile.keyword.internal.MobileAbstractKeyword.getAnyAppiumDriver(MobileAbstractKeyword.groovy:43)
	at java.base/jdk.internal.reflect.NativeMethodAccessorImpl.invoke0(Native Method)
	at java.base/jdk.internal.reflect.NativeMethodAccessorImpl.invoke(NativeMethodAccessorImpl.java:77)
	at java.base/jdk.internal.reflect.DelegatingMethodAccessorImpl.invoke(DelegatingMethodAccessorImpl.java:43)
	at com.kms.katalon.core.mobile.keyword.builtin.CloseApplicationKeyword$_closeApplication_closure1.doCall(CloseApplicationKeyword.groovy:38)
	at com.kms.katalon.core.mobile.keyword.builtin.CloseApplicationKeyword$_closeApplication_closure1.call(CloseApplicationKeyword.groovy)
	at com.kms.katalon.core.mobile.keyword.internal.MobileKeywordMain.runKeyword(MobileKeywordMain.groovy:19)
	... 23 more


19-07-2024T11:34:55 - [TEST_STEP][ERROR] - if (!(isAPIRunning) & !(isWebRunning)): com.kms.katalon.core.exception.StepFailedException: Unable to close app
	at com.kms.katalon.core.mobile.keyword.internal.MobileKeywordMain.stepFailed(MobileKeywordMain.groovy:38)
	at com.kms.katalon.core.mobile.keyword.internal.MobileKeywordMain.runKeyword(MobileKeywordMain.groovy:21)
	at com.kms.katalon.core.mobile.keyword.builtin.CloseApplicationKeyword.closeApplication(CloseApplicationKeyword.groovy:37)
	at com.kms.katalon.core.mobile.keyword.builtin.CloseApplicationKeyword.execute(CloseApplicationKeyword.groovy:32)
	at com.kms.katalon.core.keyword.internal.KeywordExecutor.executeKeywordForPlatform(KeywordExecutor.groovy:74)
	at com.kms.katalon.core.mobile.keyword.MobileBuiltInKeywords.closeApplication(MobileBuiltInKeywords.groovy:134)
	at BaseTest.closeApplication(BaseTest.groovy:36)
	at java.base/jdk.internal.reflect.NativeMethodAccessorImpl.invoke0(Native Method)
	at java.base/jdk.internal.reflect.NativeMethodAccessorImpl.invoke(NativeMethodAccessorImpl.java:77)
	at java.base/jdk.internal.reflect.DelegatingMethodAccessorImpl.invoke(DelegatingMethodAccessorImpl.java:43)
	at com.kms.katalon.core.context.internal.TestHooker.invokeMethod(TestHooker.java:111)
	at com.kms.katalon.core.context.internal.TestHooker.lambda$3(TestHooker.java:95)
	at com.kms.katalon.core.context.internal.TestHooker.invokeContextMethods(TestHooker.java:94)
	at com.kms.katalon.core.context.internal.TestListenerCollector.lambda$3(TestListenerCollector.java:88)
	at com.kms.katalon.core.context.internal.TestListenerCollector.handleListenerEvent(TestListenerCollector.java:85)
	at com.kms.katalon.core.context.internal.ExecutionEventManager.publicEvent(ExecutionEventManager.java:36)
	at com.kms.katalon.core.main.TestCaseExecutor.execute(TestCaseExecutor.java:315)
	at com.kms.katalon.core.common.CommonExecutor.accessTestCaseMainPhase(CommonExecutor.java:65)
	at com.kms.katalon.core.main.TestSuiteExecutor.accessTestSuiteMainPhase(TestSuiteExecutor.java:148)
	at com.kms.katalon.core.main.TestSuiteExecutor.execute(TestSuiteExecutor.java:106)
	at com.kms.katalon.core.main.TestCaseMain.startTestSuite(TestCaseMain.java:180)
	at TempTestSuite1721363656477.run(TempTestSuite1721363656477.groovy:35)
	at java.base/jdk.internal.reflect.NativeMethodAccessorImpl.invoke0(Native Method)
	at java.base/jdk.internal.reflect.NativeMethodAccessorImpl.invoke(NativeMethodAccessorImpl.java:77)
	at java.base/jdk.internal.reflect.DelegatingMethodAccessorImpl.invoke(DelegatingMethodAccessorImpl.java:43)
Caused by: com.kms.katalon.core.exception.StepFailedException: No driver found
	at java.base/jdk.internal.reflect.NativeConstructorAccessorImpl.newInstance0(Native Method)
	at java.base/jdk.internal.reflect.NativeConstructorAccessorImpl.newInstance(NativeConstructorAccessorImpl.java:77)
	at java.base/jdk.internal.reflect.DelegatingConstructorAccessorImpl.newInstance(DelegatingConstructorAccessorImpl.java:45)
	at com.kms.katalon.core.mobile.keyword.internal.MobileAbstractKeyword.getAnyAppiumDriver(MobileAbstractKeyword.groovy:43)
	at java.base/jdk.internal.reflect.NativeMethodAccessorImpl.invoke0(Native Method)
	at java.base/jdk.internal.reflect.NativeMethodAccessorImpl.invoke(NativeMethodAccessorImpl.java:77)
	at java.base/jdk.internal.reflect.DelegatingMethodAccessorImpl.invoke(DelegatingMethodAccessorImpl.java:43)
	at com.kms.katalon.core.mobile.keyword.builtin.CloseApplicationKeyword$_closeApplication_closure1.doCall(CloseApplicationKeyword.groovy:38)
	at com.kms.katalon.core.mobile.keyword.builtin.CloseApplicationKeyword$_closeApplication_closure1.call(CloseApplicationKeyword.groovy)
	at com.kms.katalon.core.mobile.keyword.internal.MobileKeywordMain.runKeyword(MobileKeywordMain.groovy:19)
	... 23 more


19-07-2024T11:34:55 - [TEST_STEP][ERROR] - closeApplication(): com.kms.katalon.core.exception.StepFailedException: Unable to close app
	at com.kms.katalon.core.mobile.keyword.internal.MobileKeywordMain.stepFailed(MobileKeywordMain.groovy:38)
	at com.kms.katalon.core.mobile.keyword.internal.MobileKeywordMain.runKeyword(MobileKeywordMain.groovy:21)
	at com.kms.katalon.core.mobile.keyword.builtin.CloseApplicationKeyword.closeApplication(CloseApplicationKeyword.groovy:37)
	at com.kms.katalon.core.mobile.keyword.builtin.CloseApplicationKeyword.execute(CloseApplicationKeyword.groovy:32)
	at com.kms.katalon.core.keyword.internal.KeywordExecutor.executeKeywordForPlatform(KeywordExecutor.groovy:74)
	at com.kms.katalon.core.mobile.keyword.MobileBuiltInKeywords.closeApplication(MobileBuiltInKeywords.groovy:134)
	at BaseTest.closeApplication(BaseTest.groovy:36)
	at java.base/jdk.internal.reflect.NativeMethodAccessorImpl.invoke0(Native Method)
	at java.base/jdk.internal.reflect.NativeMethodAccessorImpl.invoke(NativeMethodAccessorImpl.java:77)
	at java.base/jdk.internal.reflect.DelegatingMethodAccessorImpl.invoke(DelegatingMethodAccessorImpl.java:43)
	at com.kms.katalon.core.context.internal.TestHooker.invokeMethod(TestHooker.java:111)
	at com.kms.katalon.core.context.internal.TestHooker.lambda$3(TestHooker.java:95)
	at com.kms.katalon.core.context.internal.TestHooker.invokeContextMethods(TestHooker.java:94)
	at com.kms.katalon.core.context.internal.TestListenerCollector.lambda$3(TestListenerCollector.java:88)
	at com.kms.katalon.core.context.internal.TestListenerCollector.handleListenerEvent(TestListenerCollector.java:85)
	at com.kms.katalon.core.context.internal.ExecutionEventManager.publicEvent(ExecutionEventManager.java:36)
	at com.kms.katalon.core.main.TestCaseExecutor.execute(TestCaseExecutor.java:315)
	at com.kms.katalon.core.common.CommonExecutor.accessTestCaseMainPhase(CommonExecutor.java:65)
	at com.kms.katalon.core.main.TestSuiteExecutor.accessTestSuiteMainPhase(TestSuiteExecutor.java:148)
	at com.kms.katalon.core.main.TestSuiteExecutor.execute(TestSuiteExecutor.java:106)
	at com.kms.katalon.core.main.TestCaseMain.startTestSuite(TestCaseMain.java:180)
	at TempTestSuite1721363656477.run(TempTestSuite1721363656477.groovy:35)
	at java.base/jdk.internal.reflect.NativeMethodAccessorImpl.invoke0(Native Method)
	at java.base/jdk.internal.reflect.NativeMethodAccessorImpl.invoke(NativeMethodAccessorImpl.java:77)
	at java.base/jdk.internal.reflect.DelegatingMethodAccessorImpl.invoke(DelegatingMethodAccessorImpl.java:43)
Caused by: com.kms.katalon.core.exception.StepFailedException: No driver found
	at java.base/jdk.internal.reflect.NativeConstructorAccessorImpl.newInstance0(Native Method)
	at java.base/jdk.internal.reflect.NativeConstructorAccessorImpl.newInstance(NativeConstructorAccessorImpl.java:77)
	at java.base/jdk.internal.reflect.DelegatingConstructorAccessorImpl.newInstance(DelegatingConstructorAccessorImpl.java:45)
	at com.kms.katalon.core.mobile.keyword.internal.MobileAbstractKeyword.getAnyAppiumDriver(MobileAbstractKeyword.groovy:43)
	at java.base/jdk.internal.reflect.NativeMethodAccessorImpl.invoke0(Native Method)
	at java.base/jdk.internal.reflect.NativeMethodAccessorImpl.invoke(NativeMethodAccessorImpl.java:77)
	at java.base/jdk.internal.reflect.DelegatingMethodAccessorImpl.invoke(DelegatingMethodAccessorImpl.java:43)
	at com.kms.katalon.core.mobile.keyword.builtin.CloseApplicationKeyword$_closeApplication_closure1.doCall(CloseApplicationKeyword.groovy:38)
	at com.kms.katalon.core.mobile.keyword.builtin.CloseApplicationKeyword$_closeApplication_closure1.call(CloseApplicationKeyword.groovy)
	at com.kms.katalon.core.mobile.keyword.internal.MobileKeywordMain.runKeyword(MobileKeywordMain.groovy:19)
	... 23 more


19-07-2024T11:34:55 - [MESSAGE][FAILED] - Unable to close app (Root cause: com.kms.katalon.core.exception.StepFailedException: Unable to close app
	at com.kms.katalon.core.mobile.keyword.internal.MobileKeywordMain.stepFailed(MobileKeywordMain.groovy:38)
	at com.kms.katalon.core.mobile.keyword.internal.MobileKeywordMain.runKeyword(MobileKeywordMain.groovy:21)
	at com.kms.katalon.core.mobile.keyword.builtin.CloseApplicationKeyword.closeApplication(CloseApplicationKeyword.groovy:37)
	at com.kms.katalon.core.mobile.keyword.builtin.CloseApplicationKeyword.execute(CloseApplicationKeyword.groovy:32)
	at com.kms.katalon.core.keyword.internal.KeywordExecutor.executeKeywordForPlatform(KeywordExecutor.groovy:74)
	at com.kms.katalon.core.mobile.keyword.MobileBuiltInKeywords.closeApplication(MobileBuiltInKeywords.groovy:134)
	at BaseTest.closeApplication(BaseTest.groovy:36)
	at java.base/jdk.internal.reflect.NativeMethodAccessorImpl.invoke0(Native Method)
	at java.base/jdk.internal.reflect.NativeMethodAccessorImpl.invoke(NativeMethodAccessorImpl.java:77)
	at java.base/jdk.internal.reflect.DelegatingMethodAccessorImpl.invoke(DelegatingMethodAccessorImpl.java:43)
	at com.kms.katalon.core.context.internal.TestHooker.invokeMethod(TestHooker.java:111)
	at com.kms.katalon.core.context.internal.TestHooker.lambda$3(TestHooker.java:95)
	at com.kms.katalon.core.context.internal.TestHooker.invokeContextMethods(TestHooker.java:94)
	at com.kms.katalon.core.context.internal.TestListenerCollector.lambda$3(TestListenerCollector.java:88)
	at com.kms.katalon.core.context.internal.TestListenerCollector.handleListenerEvent(TestListenerCollector.java:85)
	at com.kms.katalon.core.context.internal.ExecutionEventManager.publicEvent(ExecutionEventManager.java:36)
	at com.kms.katalon.core.main.TestCaseExecutor.execute(TestCaseExecutor.java:315)
	at com.kms.katalon.core.common.CommonExecutor.accessTestCaseMainPhase(CommonExecutor.java:65)
	at com.kms.katalon.core.main.TestSuiteExecutor.accessTestSuiteMainPhase(TestSuiteExecutor.java:148)
	at com.kms.katalon.core.main.TestSuiteExecutor.execute(TestSuiteExecutor.java:106)
	at com.kms.katalon.core.main.TestCaseMain.startTestSuite(TestCaseMain.java:180)
	at TempTestSuite1721363656477.run(TempTestSuite1721363656477.groovy:35)
	at java.base/jdk.internal.reflect.NativeMethodAccessorImpl.invoke0(Native Method)
	at java.base/jdk.internal.reflect.NativeMethodAccessorImpl.invoke(NativeMethodAccessorImpl.java:77)
	at java.base/jdk.internal.reflect.DelegatingMethodAccessorImpl.invoke(DelegatingMethodAccessorImpl.java:43)
Caused by: com.kms.katalon.core.exception.StepFailedException: No driver found
	at java.base/jdk.internal.reflect.NativeConstructorAccessorImpl.newInstance0(Native Method)
	at java.base/jdk.internal.reflect.NativeConstructorAccessorImpl.newInstance(NativeConstructorAccessorImpl.java:77)
	at java.base/jdk.internal.reflect.DelegatingConstructorAccessorImpl.newInstance(DelegatingConstructorAccessorImpl.java:45)
	at com.kms.katalon.core.mobile.keyword.internal.MobileAbstractKeyword.getAnyAppiumDriver(MobileAbstractKeyword.groovy:43)
	at java.base/jdk.internal.reflect.NativeMethodAccessorImpl.invoke0(Native Method)
	at java.base/jdk.internal.reflect.NativeMethodAccessorImpl.invoke(NativeMethodAccessorImpl.java:77)
	at java.base/jdk.internal.reflect.DelegatingMethodAccessorImpl.invoke(DelegatingMethodAccessorImpl.java:43)
	at com.kms.katalon.core.mobile.keyword.builtin.CloseApplicationKeyword$_closeApplication_closure1.doCall(CloseApplicationKeyword.groovy:38)
	at com.kms.katalon.core.mobile.keyword.builtin.CloseApplicationKeyword$_closeApplication_closure1.call(CloseApplicationKeyword.groovy)
	at com.kms.katalon.core.mobile.keyword.internal.MobileKeywordMain.runKeyword(MobileKeywordMain.groovy:19)
	... 23 more
)

19-07-2024T11:34:55 - [MESSAGE][ERROR] - com.kms.katalon.core.exception.StepFailedException: Unable to close app
	at com.kms.katalon.core.mobile.keyword.internal.MobileKeywordMain.stepFailed(MobileKeywordMain.groovy:38)
	at com.kms.katalon.core.mobile.keyword.internal.MobileKeywordMain.runKeyword(MobileKeywordMain.groovy:21)
	at com.kms.katalon.core.mobile.keyword.builtin.CloseApplicationKeyword.closeApplication(CloseApplicationKeyword.groovy:37)
	at com.kms.katalon.core.mobile.keyword.builtin.CloseApplicationKeyword.execute(CloseApplicationKeyword.groovy:32)
	at com.kms.katalon.core.keyword.internal.KeywordExecutor.executeKeywordForPlatform(KeywordExecutor.groovy:74)
	at com.kms.katalon.core.mobile.keyword.MobileBuiltInKeywords.closeApplication(MobileBuiltInKeywords.groovy:134)
	at BaseTest.closeApplication(BaseTest.groovy:36)
	at java.base/jdk.internal.reflect.NativeMethodAccessorImpl.invoke0(Native Method)
	at java.base/jdk.internal.reflect.NativeMethodAccessorImpl.invoke(NativeMethodAccessorImpl.java:77)
	at java.base/jdk.internal.reflect.DelegatingMethodAccessorImpl.invoke(DelegatingMethodAccessorImpl.java:43)
	at com.kms.katalon.core.context.internal.TestHooker.invokeMethod(TestHooker.java:111)
	at com.kms.katalon.core.context.internal.TestHooker.lambda$3(TestHooker.java:95)
	at com.kms.katalon.core.context.internal.TestHooker.invokeContextMethods(TestHooker.java:94)
	at com.kms.katalon.core.context.internal.TestListenerCollector.lambda$3(TestListenerCollector.java:88)
	at com.kms.katalon.core.context.internal.TestListenerCollector.handleListenerEvent(TestListenerCollector.java:85)
	at com.kms.katalon.core.context.internal.ExecutionEventManager.publicEvent(ExecutionEventManager.java:36)
	at com.kms.katalon.core.main.TestCaseExecutor.execute(TestCaseExecutor.java:315)
	at com.kms.katalon.core.common.CommonExecutor.accessTestCaseMainPhase(CommonExecutor.java:65)
	at com.kms.katalon.core.main.TestSuiteExecutor.accessTestSuiteMainPhase(TestSuiteExecutor.java:148)
	at com.kms.katalon.core.main.TestSuiteExecutor.execute(TestSuiteExecutor.java:106)
	at com.kms.katalon.core.main.TestCaseMain.startTestSuite(TestCaseMain.java:180)
	at TempTestSuite1721363656477.run(TempTestSuite1721363656477.groovy:35)
	at java.base/jdk.internal.reflect.NativeMethodAccessorImpl.invoke0(Native Method)
	at java.base/jdk.internal.reflect.NativeMethodAccessorImpl.invoke(NativeMethodAccessorImpl.java:77)
	at java.base/jdk.internal.reflect.DelegatingMethodAccessorImpl.invoke(DelegatingMethodAccessorImpl.java:43)
Caused by: com.kms.katalon.core.exception.StepFailedException: No driver found
	at java.base/jdk.internal.reflect.NativeConstructorAccessorImpl.newInstance0(Native Method)
	at java.base/jdk.internal.reflect.NativeConstructorAccessorImpl.newInstance(NativeConstructorAccessorImpl.java:77)
	at java.base/jdk.internal.reflect.DelegatingConstructorAccessorImpl.newInstance(DelegatingConstructorAccessorImpl.java:45)
	at com.kms.katalon.core.mobile.keyword.internal.MobileAbstractKeyword.getAnyAppiumDriver(MobileAbstractKeyword.groovy:43)
	at java.base/jdk.internal.reflect.NativeMethodAccessorImpl.invoke0(Native Method)
	at java.base/jdk.internal.reflect.NativeMethodAccessorImpl.invoke(NativeMethodAccessorImpl.java:77)
	at java.base/jdk.internal.reflect.DelegatingMethodAccessorImpl.invoke(DelegatingMethodAccessorImpl.java:43)
	at com.kms.katalon.core.mobile.keyword.builtin.CloseApplicationKeyword$_closeApplication_closure1.doCall(CloseApplicationKeyword.groovy:38)
	at com.kms.katalon.core.mobile.keyword.builtin.CloseApplicationKeyword$_closeApplication_closure1.call(CloseApplicationKeyword.groovy)
	at com.kms.katalon.core.mobile.keyword.internal.MobileKeywordMain.runKeyword(MobileKeywordMain.groovy:19)
	... 23 more


19-07-2024T11:34:55 - [TEST_STEP][PASSED] - Start listener action : closeBrowser: null

19-07-2024T11:34:55 - [TEST_STEP][PASSED] - if (!(isAPIRunning) & isWebRunning): null]]></system-out>
         <system-err><![CDATA[]]></system-err>
      </testcase>
      <testcase name="Test Cases/API/Doctor Management/POST_Verify create doctor successfully" time="3.866" classname="Test Cases/API/Doctor Management/POST_Verify create doctor successfully" status="PASSED">
         <system-out><![CDATA[19-07-2024T11:34:55 - [TEST_CASE][PASSED] - Test Cases/API/Doctor Management/POST_Verify create doctor successfully: Test Cases/API/Doctor Management/POST_Verify create doctor successfully

19-07-2024T11:34:55 - [TEST_STEP][PASSED] - Start listener action : before: null

19-07-2024T11:34:55 - [TEST_STEP][PASSED] - if (isApiTestCase(testCaseContext.getTestCaseId())): null

19-07-2024T11:34:55 - [TEST_STEP][PASSED] - if (isWebTestCase(testCaseContext.getTestCaseId())): null

19-07-2024T11:34:55 - [TEST_STEP][PASSED] - Start listener action : openApplication: null

19-07-2024T11:34:55 - [TEST_STEP][PASSED] - if (!(isAPIRunning) & !(isWebRunning)): null

19-07-2024T11:34:55 - [TEST_STEP][PASSED] - Start listener action : openBrowser: null

19-07-2024T11:34:55 - [TEST_STEP][PASSED] - if (!(isAPIRunning) & isWebRunning): null

19-07-2024T11:34:55 - [TEST_STEP][PASSED] - user = withRole("Admin").getFirst(): null

19-07-2024T11:34:55 - [TEST_STEP][PASSED] - adminAccessToken = signIn(email, pwd).getAccessToken(): Send request successfully

19-07-2024T11:34:57 - [MESSAGE][INFO] - HAR: /Users/linh.phan/Automation_Katalon_QE/katalon-healthcare/Reports/20240719_113416/API/API Regression Test/20240719_113416/requests/main/17.har

19-07-2024T11:34:57 - [MESSAGE][PASSED] - Send request successfully

19-07-2024T11:34:57 - [TEST_STEP][PASSED] - email = RandomProfileGenerator).generateRandomEmail(): null

19-07-2024T11:34:57 - [TEST_STEP][PASSED] - name = RandomProfileGenerator).generateRandomName(): null

19-07-2024T11:34:57 - [TEST_STEP][PASSED] - phoneNumber = RandomProfileGenerator).generateRandomPhoneNumber(): null

19-07-2024T11:34:57 - [TEST_STEP][PASSED] - password = "P@ssw0rdAuto": null

19-07-2024T11:34:57 - [TEST_STEP][PASSED] - activated", false).hasProperty("data.id"): Verify element property value successfully

19-07-2024T11:34:59 - [MESSAGE][INFO] - HAR: /Users/linh.phan/Automation_Katalon_QE/katalon-healthcare/Reports/20240719_113416/API/API Regression Test/20240719_113416/requests/main/18.har

19-07-2024T11:34:59 - [MESSAGE][PASSED] - Send request successfully

19-07-2024T11:34:59 - [MESSAGE][PASSED] - Verify element property value successfully

19-07-2024T11:34:59 - [MESSAGE][PASSED] - Verify element property value successfully

19-07-2024T11:34:59 - [MESSAGE][PASSED] - Verify element property value successfully

19-07-2024T11:34:59 - [MESSAGE][PASSED] - Verify element property value successfully

19-07-2024T11:34:59 - [MESSAGE][PASSED] - Verify element property value successfully

19-07-2024T11:34:59 - [TEST_STEP][PASSED] - Start listener action : after: null

19-07-2024T11:34:59 - [TEST_STEP][PASSED] - isAPIRunning = false: null

19-07-2024T11:34:59 - [TEST_STEP][ERROR] - Start listener action : closeApplication: com.kms.katalon.core.exception.StepFailedException: Unable to close app
	at com.kms.katalon.core.mobile.keyword.internal.MobileKeywordMain.stepFailed(MobileKeywordMain.groovy:38)
	at com.kms.katalon.core.mobile.keyword.internal.MobileKeywordMain.runKeyword(MobileKeywordMain.groovy:21)
	at com.kms.katalon.core.mobile.keyword.builtin.CloseApplicationKeyword.closeApplication(CloseApplicationKeyword.groovy:37)
	at com.kms.katalon.core.mobile.keyword.builtin.CloseApplicationKeyword.execute(CloseApplicationKeyword.groovy:32)
	at com.kms.katalon.core.keyword.internal.KeywordExecutor.executeKeywordForPlatform(KeywordExecutor.groovy:74)
	at com.kms.katalon.core.mobile.keyword.MobileBuiltInKeywords.closeApplication(MobileBuiltInKeywords.groovy:134)
	at BaseTest.closeApplication(BaseTest.groovy:36)
	at java.base/jdk.internal.reflect.NativeMethodAccessorImpl.invoke0(Native Method)
	at java.base/jdk.internal.reflect.NativeMethodAccessorImpl.invoke(NativeMethodAccessorImpl.java:77)
	at java.base/jdk.internal.reflect.DelegatingMethodAccessorImpl.invoke(DelegatingMethodAccessorImpl.java:43)
	at com.kms.katalon.core.context.internal.TestHooker.invokeMethod(TestHooker.java:111)
	at com.kms.katalon.core.context.internal.TestHooker.lambda$3(TestHooker.java:95)
	at com.kms.katalon.core.context.internal.TestHooker.invokeContextMethods(TestHooker.java:94)
	at com.kms.katalon.core.context.internal.TestListenerCollector.lambda$3(TestListenerCollector.java:88)
	at com.kms.katalon.core.context.internal.TestListenerCollector.handleListenerEvent(TestListenerCollector.java:85)
	at com.kms.katalon.core.context.internal.ExecutionEventManager.publicEvent(ExecutionEventManager.java:36)
	at com.kms.katalon.core.main.TestCaseExecutor.execute(TestCaseExecutor.java:315)
	at com.kms.katalon.core.common.CommonExecutor.accessTestCaseMainPhase(CommonExecutor.java:65)
	at com.kms.katalon.core.main.TestSuiteExecutor.accessTestSuiteMainPhase(TestSuiteExecutor.java:148)
	at com.kms.katalon.core.main.TestSuiteExecutor.execute(TestSuiteExecutor.java:106)
	at com.kms.katalon.core.main.TestCaseMain.startTestSuite(TestCaseMain.java:180)
	at TempTestSuite1721363656477.run(TempTestSuite1721363656477.groovy:35)
	at java.base/jdk.internal.reflect.NativeMethodAccessorImpl.invoke0(Native Method)
	at java.base/jdk.internal.reflect.NativeMethodAccessorImpl.invoke(NativeMethodAccessorImpl.java:77)
	at java.base/jdk.internal.reflect.DelegatingMethodAccessorImpl.invoke(DelegatingMethodAccessorImpl.java:43)
Caused by: com.kms.katalon.core.exception.StepFailedException: No driver found
	at java.base/jdk.internal.reflect.NativeConstructorAccessorImpl.newInstance0(Native Method)
	at java.base/jdk.internal.reflect.NativeConstructorAccessorImpl.newInstance(NativeConstructorAccessorImpl.java:77)
	at java.base/jdk.internal.reflect.DelegatingConstructorAccessorImpl.newInstance(DelegatingConstructorAccessorImpl.java:45)
	at com.kms.katalon.core.mobile.keyword.internal.MobileAbstractKeyword.getAnyAppiumDriver(MobileAbstractKeyword.groovy:43)
	at java.base/jdk.internal.reflect.NativeMethodAccessorImpl.invoke0(Native Method)
	at java.base/jdk.internal.reflect.NativeMethodAccessorImpl.invoke(NativeMethodAccessorImpl.java:77)
	at java.base/jdk.internal.reflect.DelegatingMethodAccessorImpl.invoke(DelegatingMethodAccessorImpl.java:43)
	at com.kms.katalon.core.mobile.keyword.builtin.CloseApplicationKeyword$_closeApplication_closure1.doCall(CloseApplicationKeyword.groovy:38)
	at com.kms.katalon.core.mobile.keyword.builtin.CloseApplicationKeyword$_closeApplication_closure1.call(CloseApplicationKeyword.groovy)
	at com.kms.katalon.core.mobile.keyword.internal.MobileKeywordMain.runKeyword(MobileKeywordMain.groovy:19)
	... 23 more


19-07-2024T11:34:59 - [TEST_STEP][ERROR] - if (!(isAPIRunning) & !(isWebRunning)): com.kms.katalon.core.exception.StepFailedException: Unable to close app
	at com.kms.katalon.core.mobile.keyword.internal.MobileKeywordMain.stepFailed(MobileKeywordMain.groovy:38)
	at com.kms.katalon.core.mobile.keyword.internal.MobileKeywordMain.runKeyword(MobileKeywordMain.groovy:21)
	at com.kms.katalon.core.mobile.keyword.builtin.CloseApplicationKeyword.closeApplication(CloseApplicationKeyword.groovy:37)
	at com.kms.katalon.core.mobile.keyword.builtin.CloseApplicationKeyword.execute(CloseApplicationKeyword.groovy:32)
	at com.kms.katalon.core.keyword.internal.KeywordExecutor.executeKeywordForPlatform(KeywordExecutor.groovy:74)
	at com.kms.katalon.core.mobile.keyword.MobileBuiltInKeywords.closeApplication(MobileBuiltInKeywords.groovy:134)
	at BaseTest.closeApplication(BaseTest.groovy:36)
	at java.base/jdk.internal.reflect.NativeMethodAccessorImpl.invoke0(Native Method)
	at java.base/jdk.internal.reflect.NativeMethodAccessorImpl.invoke(NativeMethodAccessorImpl.java:77)
	at java.base/jdk.internal.reflect.DelegatingMethodAccessorImpl.invoke(DelegatingMethodAccessorImpl.java:43)
	at com.kms.katalon.core.context.internal.TestHooker.invokeMethod(TestHooker.java:111)
	at com.kms.katalon.core.context.internal.TestHooker.lambda$3(TestHooker.java:95)
	at com.kms.katalon.core.context.internal.TestHooker.invokeContextMethods(TestHooker.java:94)
	at com.kms.katalon.core.context.internal.TestListenerCollector.lambda$3(TestListenerCollector.java:88)
	at com.kms.katalon.core.context.internal.TestListenerCollector.handleListenerEvent(TestListenerCollector.java:85)
	at com.kms.katalon.core.context.internal.ExecutionEventManager.publicEvent(ExecutionEventManager.java:36)
	at com.kms.katalon.core.main.TestCaseExecutor.execute(TestCaseExecutor.java:315)
	at com.kms.katalon.core.common.CommonExecutor.accessTestCaseMainPhase(CommonExecutor.java:65)
	at com.kms.katalon.core.main.TestSuiteExecutor.accessTestSuiteMainPhase(TestSuiteExecutor.java:148)
	at com.kms.katalon.core.main.TestSuiteExecutor.execute(TestSuiteExecutor.java:106)
	at com.kms.katalon.core.main.TestCaseMain.startTestSuite(TestCaseMain.java:180)
	at TempTestSuite1721363656477.run(TempTestSuite1721363656477.groovy:35)
	at java.base/jdk.internal.reflect.NativeMethodAccessorImpl.invoke0(Native Method)
	at java.base/jdk.internal.reflect.NativeMethodAccessorImpl.invoke(NativeMethodAccessorImpl.java:77)
	at java.base/jdk.internal.reflect.DelegatingMethodAccessorImpl.invoke(DelegatingMethodAccessorImpl.java:43)
Caused by: com.kms.katalon.core.exception.StepFailedException: No driver found
	at java.base/jdk.internal.reflect.NativeConstructorAccessorImpl.newInstance0(Native Method)
	at java.base/jdk.internal.reflect.NativeConstructorAccessorImpl.newInstance(NativeConstructorAccessorImpl.java:77)
	at java.base/jdk.internal.reflect.DelegatingConstructorAccessorImpl.newInstance(DelegatingConstructorAccessorImpl.java:45)
	at com.kms.katalon.core.mobile.keyword.internal.MobileAbstractKeyword.getAnyAppiumDriver(MobileAbstractKeyword.groovy:43)
	at java.base/jdk.internal.reflect.NativeMethodAccessorImpl.invoke0(Native Method)
	at java.base/jdk.internal.reflect.NativeMethodAccessorImpl.invoke(NativeMethodAccessorImpl.java:77)
	at java.base/jdk.internal.reflect.DelegatingMethodAccessorImpl.invoke(DelegatingMethodAccessorImpl.java:43)
	at com.kms.katalon.core.mobile.keyword.builtin.CloseApplicationKeyword$_closeApplication_closure1.doCall(CloseApplicationKeyword.groovy:38)
	at com.kms.katalon.core.mobile.keyword.builtin.CloseApplicationKeyword$_closeApplication_closure1.call(CloseApplicationKeyword.groovy)
	at com.kms.katalon.core.mobile.keyword.internal.MobileKeywordMain.runKeyword(MobileKeywordMain.groovy:19)
	... 23 more


19-07-2024T11:34:59 - [TEST_STEP][ERROR] - closeApplication(): com.kms.katalon.core.exception.StepFailedException: Unable to close app
	at com.kms.katalon.core.mobile.keyword.internal.MobileKeywordMain.stepFailed(MobileKeywordMain.groovy:38)
	at com.kms.katalon.core.mobile.keyword.internal.MobileKeywordMain.runKeyword(MobileKeywordMain.groovy:21)
	at com.kms.katalon.core.mobile.keyword.builtin.CloseApplicationKeyword.closeApplication(CloseApplicationKeyword.groovy:37)
	at com.kms.katalon.core.mobile.keyword.builtin.CloseApplicationKeyword.execute(CloseApplicationKeyword.groovy:32)
	at com.kms.katalon.core.keyword.internal.KeywordExecutor.executeKeywordForPlatform(KeywordExecutor.groovy:74)
	at com.kms.katalon.core.mobile.keyword.MobileBuiltInKeywords.closeApplication(MobileBuiltInKeywords.groovy:134)
	at BaseTest.closeApplication(BaseTest.groovy:36)
	at java.base/jdk.internal.reflect.NativeMethodAccessorImpl.invoke0(Native Method)
	at java.base/jdk.internal.reflect.NativeMethodAccessorImpl.invoke(NativeMethodAccessorImpl.java:77)
	at java.base/jdk.internal.reflect.DelegatingMethodAccessorImpl.invoke(DelegatingMethodAccessorImpl.java:43)
	at com.kms.katalon.core.context.internal.TestHooker.invokeMethod(TestHooker.java:111)
	at com.kms.katalon.core.context.internal.TestHooker.lambda$3(TestHooker.java:95)
	at com.kms.katalon.core.context.internal.TestHooker.invokeContextMethods(TestHooker.java:94)
	at com.kms.katalon.core.context.internal.TestListenerCollector.lambda$3(TestListenerCollector.java:88)
	at com.kms.katalon.core.context.internal.TestListenerCollector.handleListenerEvent(TestListenerCollector.java:85)
	at com.kms.katalon.core.context.internal.ExecutionEventManager.publicEvent(ExecutionEventManager.java:36)
	at com.kms.katalon.core.main.TestCaseExecutor.execute(TestCaseExecutor.java:315)
	at com.kms.katalon.core.common.CommonExecutor.accessTestCaseMainPhase(CommonExecutor.java:65)
	at com.kms.katalon.core.main.TestSuiteExecutor.accessTestSuiteMainPhase(TestSuiteExecutor.java:148)
	at com.kms.katalon.core.main.TestSuiteExecutor.execute(TestSuiteExecutor.java:106)
	at com.kms.katalon.core.main.TestCaseMain.startTestSuite(TestCaseMain.java:180)
	at TempTestSuite1721363656477.run(TempTestSuite1721363656477.groovy:35)
	at java.base/jdk.internal.reflect.NativeMethodAccessorImpl.invoke0(Native Method)
	at java.base/jdk.internal.reflect.NativeMethodAccessorImpl.invoke(NativeMethodAccessorImpl.java:77)
	at java.base/jdk.internal.reflect.DelegatingMethodAccessorImpl.invoke(DelegatingMethodAccessorImpl.java:43)
Caused by: com.kms.katalon.core.exception.StepFailedException: No driver found
	at java.base/jdk.internal.reflect.NativeConstructorAccessorImpl.newInstance0(Native Method)
	at java.base/jdk.internal.reflect.NativeConstructorAccessorImpl.newInstance(NativeConstructorAccessorImpl.java:77)
	at java.base/jdk.internal.reflect.DelegatingConstructorAccessorImpl.newInstance(DelegatingConstructorAccessorImpl.java:45)
	at com.kms.katalon.core.mobile.keyword.internal.MobileAbstractKeyword.getAnyAppiumDriver(MobileAbstractKeyword.groovy:43)
	at java.base/jdk.internal.reflect.NativeMethodAccessorImpl.invoke0(Native Method)
	at java.base/jdk.internal.reflect.NativeMethodAccessorImpl.invoke(NativeMethodAccessorImpl.java:77)
	at java.base/jdk.internal.reflect.DelegatingMethodAccessorImpl.invoke(DelegatingMethodAccessorImpl.java:43)
	at com.kms.katalon.core.mobile.keyword.builtin.CloseApplicationKeyword$_closeApplication_closure1.doCall(CloseApplicationKeyword.groovy:38)
	at com.kms.katalon.core.mobile.keyword.builtin.CloseApplicationKeyword$_closeApplication_closure1.call(CloseApplicationKeyword.groovy)
	at com.kms.katalon.core.mobile.keyword.internal.MobileKeywordMain.runKeyword(MobileKeywordMain.groovy:19)
	... 23 more


19-07-2024T11:34:59 - [MESSAGE][FAILED] - Unable to close app (Root cause: com.kms.katalon.core.exception.StepFailedException: Unable to close app
	at com.kms.katalon.core.mobile.keyword.internal.MobileKeywordMain.stepFailed(MobileKeywordMain.groovy:38)
	at com.kms.katalon.core.mobile.keyword.internal.MobileKeywordMain.runKeyword(MobileKeywordMain.groovy:21)
	at com.kms.katalon.core.mobile.keyword.builtin.CloseApplicationKeyword.closeApplication(CloseApplicationKeyword.groovy:37)
	at com.kms.katalon.core.mobile.keyword.builtin.CloseApplicationKeyword.execute(CloseApplicationKeyword.groovy:32)
	at com.kms.katalon.core.keyword.internal.KeywordExecutor.executeKeywordForPlatform(KeywordExecutor.groovy:74)
	at com.kms.katalon.core.mobile.keyword.MobileBuiltInKeywords.closeApplication(MobileBuiltInKeywords.groovy:134)
	at BaseTest.closeApplication(BaseTest.groovy:36)
	at java.base/jdk.internal.reflect.NativeMethodAccessorImpl.invoke0(Native Method)
	at java.base/jdk.internal.reflect.NativeMethodAccessorImpl.invoke(NativeMethodAccessorImpl.java:77)
	at java.base/jdk.internal.reflect.DelegatingMethodAccessorImpl.invoke(DelegatingMethodAccessorImpl.java:43)
	at com.kms.katalon.core.context.internal.TestHooker.invokeMethod(TestHooker.java:111)
	at com.kms.katalon.core.context.internal.TestHooker.lambda$3(TestHooker.java:95)
	at com.kms.katalon.core.context.internal.TestHooker.invokeContextMethods(TestHooker.java:94)
	at com.kms.katalon.core.context.internal.TestListenerCollector.lambda$3(TestListenerCollector.java:88)
	at com.kms.katalon.core.context.internal.TestListenerCollector.handleListenerEvent(TestListenerCollector.java:85)
	at com.kms.katalon.core.context.internal.ExecutionEventManager.publicEvent(ExecutionEventManager.java:36)
	at com.kms.katalon.core.main.TestCaseExecutor.execute(TestCaseExecutor.java:315)
	at com.kms.katalon.core.common.CommonExecutor.accessTestCaseMainPhase(CommonExecutor.java:65)
	at com.kms.katalon.core.main.TestSuiteExecutor.accessTestSuiteMainPhase(TestSuiteExecutor.java:148)
	at com.kms.katalon.core.main.TestSuiteExecutor.execute(TestSuiteExecutor.java:106)
	at com.kms.katalon.core.main.TestCaseMain.startTestSuite(TestCaseMain.java:180)
	at TempTestSuite1721363656477.run(TempTestSuite1721363656477.groovy:35)
	at java.base/jdk.internal.reflect.NativeMethodAccessorImpl.invoke0(Native Method)
	at java.base/jdk.internal.reflect.NativeMethodAccessorImpl.invoke(NativeMethodAccessorImpl.java:77)
	at java.base/jdk.internal.reflect.DelegatingMethodAccessorImpl.invoke(DelegatingMethodAccessorImpl.java:43)
Caused by: com.kms.katalon.core.exception.StepFailedException: No driver found
	at java.base/jdk.internal.reflect.NativeConstructorAccessorImpl.newInstance0(Native Method)
	at java.base/jdk.internal.reflect.NativeConstructorAccessorImpl.newInstance(NativeConstructorAccessorImpl.java:77)
	at java.base/jdk.internal.reflect.DelegatingConstructorAccessorImpl.newInstance(DelegatingConstructorAccessorImpl.java:45)
	at com.kms.katalon.core.mobile.keyword.internal.MobileAbstractKeyword.getAnyAppiumDriver(MobileAbstractKeyword.groovy:43)
	at java.base/jdk.internal.reflect.NativeMethodAccessorImpl.invoke0(Native Method)
	at java.base/jdk.internal.reflect.NativeMethodAccessorImpl.invoke(NativeMethodAccessorImpl.java:77)
	at java.base/jdk.internal.reflect.DelegatingMethodAccessorImpl.invoke(DelegatingMethodAccessorImpl.java:43)
	at com.kms.katalon.core.mobile.keyword.builtin.CloseApplicationKeyword$_closeApplication_closure1.doCall(CloseApplicationKeyword.groovy:38)
	at com.kms.katalon.core.mobile.keyword.builtin.CloseApplicationKeyword$_closeApplication_closure1.call(CloseApplicationKeyword.groovy)
	at com.kms.katalon.core.mobile.keyword.internal.MobileKeywordMain.runKeyword(MobileKeywordMain.groovy:19)
	... 23 more
)

19-07-2024T11:34:59 - [MESSAGE][ERROR] - com.kms.katalon.core.exception.StepFailedException: Unable to close app
	at com.kms.katalon.core.mobile.keyword.internal.MobileKeywordMain.stepFailed(MobileKeywordMain.groovy:38)
	at com.kms.katalon.core.mobile.keyword.internal.MobileKeywordMain.runKeyword(MobileKeywordMain.groovy:21)
	at com.kms.katalon.core.mobile.keyword.builtin.CloseApplicationKeyword.closeApplication(CloseApplicationKeyword.groovy:37)
	at com.kms.katalon.core.mobile.keyword.builtin.CloseApplicationKeyword.execute(CloseApplicationKeyword.groovy:32)
	at com.kms.katalon.core.keyword.internal.KeywordExecutor.executeKeywordForPlatform(KeywordExecutor.groovy:74)
	at com.kms.katalon.core.mobile.keyword.MobileBuiltInKeywords.closeApplication(MobileBuiltInKeywords.groovy:134)
	at BaseTest.closeApplication(BaseTest.groovy:36)
	at java.base/jdk.internal.reflect.NativeMethodAccessorImpl.invoke0(Native Method)
	at java.base/jdk.internal.reflect.NativeMethodAccessorImpl.invoke(NativeMethodAccessorImpl.java:77)
	at java.base/jdk.internal.reflect.DelegatingMethodAccessorImpl.invoke(DelegatingMethodAccessorImpl.java:43)
	at com.kms.katalon.core.context.internal.TestHooker.invokeMethod(TestHooker.java:111)
	at com.kms.katalon.core.context.internal.TestHooker.lambda$3(TestHooker.java:95)
	at com.kms.katalon.core.context.internal.TestHooker.invokeContextMethods(TestHooker.java:94)
	at com.kms.katalon.core.context.internal.TestListenerCollector.lambda$3(TestListenerCollector.java:88)
	at com.kms.katalon.core.context.internal.TestListenerCollector.handleListenerEvent(TestListenerCollector.java:85)
	at com.kms.katalon.core.context.internal.ExecutionEventManager.publicEvent(ExecutionEventManager.java:36)
	at com.kms.katalon.core.main.TestCaseExecutor.execute(TestCaseExecutor.java:315)
	at com.kms.katalon.core.common.CommonExecutor.accessTestCaseMainPhase(CommonExecutor.java:65)
	at com.kms.katalon.core.main.TestSuiteExecutor.accessTestSuiteMainPhase(TestSuiteExecutor.java:148)
	at com.kms.katalon.core.main.TestSuiteExecutor.execute(TestSuiteExecutor.java:106)
	at com.kms.katalon.core.main.TestCaseMain.startTestSuite(TestCaseMain.java:180)
	at TempTestSuite1721363656477.run(TempTestSuite1721363656477.groovy:35)
	at java.base/jdk.internal.reflect.NativeMethodAccessorImpl.invoke0(Native Method)
	at java.base/jdk.internal.reflect.NativeMethodAccessorImpl.invoke(NativeMethodAccessorImpl.java:77)
	at java.base/jdk.internal.reflect.DelegatingMethodAccessorImpl.invoke(DelegatingMethodAccessorImpl.java:43)
Caused by: com.kms.katalon.core.exception.StepFailedException: No driver found
	at java.base/jdk.internal.reflect.NativeConstructorAccessorImpl.newInstance0(Native Method)
	at java.base/jdk.internal.reflect.NativeConstructorAccessorImpl.newInstance(NativeConstructorAccessorImpl.java:77)
	at java.base/jdk.internal.reflect.DelegatingConstructorAccessorImpl.newInstance(DelegatingConstructorAccessorImpl.java:45)
	at com.kms.katalon.core.mobile.keyword.internal.MobileAbstractKeyword.getAnyAppiumDriver(MobileAbstractKeyword.groovy:43)
	at java.base/jdk.internal.reflect.NativeMethodAccessorImpl.invoke0(Native Method)
	at java.base/jdk.internal.reflect.NativeMethodAccessorImpl.invoke(NativeMethodAccessorImpl.java:77)
	at java.base/jdk.internal.reflect.DelegatingMethodAccessorImpl.invoke(DelegatingMethodAccessorImpl.java:43)
	at com.kms.katalon.core.mobile.keyword.builtin.CloseApplicationKeyword$_closeApplication_closure1.doCall(CloseApplicationKeyword.groovy:38)
	at com.kms.katalon.core.mobile.keyword.builtin.CloseApplicationKeyword$_closeApplication_closure1.call(CloseApplicationKeyword.groovy)
	at com.kms.katalon.core.mobile.keyword.internal.MobileKeywordMain.runKeyword(MobileKeywordMain.groovy:19)
	... 23 more


19-07-2024T11:34:59 - [TEST_STEP][PASSED] - Start listener action : closeBrowser: null

19-07-2024T11:34:59 - [TEST_STEP][PASSED] - if (!(isAPIRunning) & isWebRunning): null]]></system-out>
         <system-err><![CDATA[]]></system-err>
      </testcase>
      <testcase name="Test Cases/API/Doctor Management/PUT_Verify activate doctor successfully" time="4.351" classname="Test Cases/API/Doctor Management/PUT_Verify activate doctor successfully" status="PASSED">
         <system-out><![CDATA[19-07-2024T11:34:59 - [TEST_CASE][PASSED] - Test Cases/API/Doctor Management/PUT_Verify activate doctor successfully: Test Cases/API/Doctor Management/PUT_Verify activate doctor successfully

19-07-2024T11:34:59 - [TEST_STEP][PASSED] - Start listener action : before: null

19-07-2024T11:34:59 - [TEST_STEP][PASSED] - if (isApiTestCase(testCaseContext.getTestCaseId())): null

19-07-2024T11:34:59 - [TEST_STEP][PASSED] - if (isWebTestCase(testCaseContext.getTestCaseId())): null

19-07-2024T11:34:59 - [TEST_STEP][PASSED] - Start listener action : openApplication: null

19-07-2024T11:34:59 - [TEST_STEP][PASSED] - if (!(isAPIRunning) & !(isWebRunning)): null

19-07-2024T11:34:59 - [TEST_STEP][PASSED] - Start listener action : openBrowser: null

19-07-2024T11:34:59 - [TEST_STEP][PASSED] - if (!(isAPIRunning) & isWebRunning): null

19-07-2024T11:34:59 - [TEST_STEP][PASSED] - user = withRole("Admin").getFirst(): null

19-07-2024T11:34:59 - [TEST_STEP][PASSED] - adminAccessToken = signIn(email, pwd).getAccessToken(): Send request successfully

19-07-2024T11:35:00 - [MESSAGE][INFO] - HAR: /Users/linh.phan/Automation_Katalon_QE/katalon-healthcare/Reports/20240719_113416/API/API Regression Test/20240719_113416/requests/main/19.har

19-07-2024T11:35:00 - [MESSAGE][PASSED] - Send request successfully

19-07-2024T11:35:00 - [TEST_STEP][PASSED] - email = RandomProfileGenerator).generateRandomEmail(): null

19-07-2024T11:35:00 - [TEST_STEP][PASSED] - name = RandomProfileGenerator).generateRandomName(): null

19-07-2024T11:35:00 - [TEST_STEP][PASSED] - phoneNumber = RandomProfileGenerator).generateRandomPhoneNumber(): null

19-07-2024T11:35:00 - [TEST_STEP][PASSED] - password = "P@ssw0rdAuto": null

19-07-2024T11:35:00 - [TEST_STEP][PASSED] - doctorId = id: Send request successfully

19-07-2024T11:35:02 - [MESSAGE][INFO] - HAR: /Users/linh.phan/Automation_Katalon_QE/katalon-healthcare/Reports/20240719_113416/API/API Regression Test/20240719_113416/requests/main/20.har

19-07-2024T11:35:02 - [MESSAGE][PASSED] - Send request successfully

19-07-2024T11:35:02 - [TEST_STEP][PASSED] - initRequestObject().activateDoctor(adminAccessToken, doctorId): Send request successfully

19-07-2024T11:35:03 - [MESSAGE][INFO] - HAR: /Users/linh.phan/Automation_Katalon_QE/katalon-healthcare/Reports/20240719_113416/API/API Regression Test/20240719_113416/requests/main/21.har

19-07-2024T11:35:03 - [MESSAGE][PASSED] - Send request successfully

19-07-2024T11:35:03 - [TEST_STEP][PASSED] - Start listener action : after: null

19-07-2024T11:35:03 - [TEST_STEP][PASSED] - isAPIRunning = false: null

19-07-2024T11:35:03 - [TEST_STEP][ERROR] - Start listener action : closeApplication: com.kms.katalon.core.exception.StepFailedException: Unable to close app
	at com.kms.katalon.core.mobile.keyword.internal.MobileKeywordMain.stepFailed(MobileKeywordMain.groovy:38)
	at com.kms.katalon.core.mobile.keyword.internal.MobileKeywordMain.runKeyword(MobileKeywordMain.groovy:21)
	at com.kms.katalon.core.mobile.keyword.builtin.CloseApplicationKeyword.closeApplication(CloseApplicationKeyword.groovy:37)
	at com.kms.katalon.core.mobile.keyword.builtin.CloseApplicationKeyword.execute(CloseApplicationKeyword.groovy:32)
	at com.kms.katalon.core.keyword.internal.KeywordExecutor.executeKeywordForPlatform(KeywordExecutor.groovy:74)
	at com.kms.katalon.core.mobile.keyword.MobileBuiltInKeywords.closeApplication(MobileBuiltInKeywords.groovy:134)
	at BaseTest.closeApplication(BaseTest.groovy:36)
	at java.base/jdk.internal.reflect.NativeMethodAccessorImpl.invoke0(Native Method)
	at java.base/jdk.internal.reflect.NativeMethodAccessorImpl.invoke(NativeMethodAccessorImpl.java:77)
	at java.base/jdk.internal.reflect.DelegatingMethodAccessorImpl.invoke(DelegatingMethodAccessorImpl.java:43)
	at com.kms.katalon.core.context.internal.TestHooker.invokeMethod(TestHooker.java:111)
	at com.kms.katalon.core.context.internal.TestHooker.lambda$3(TestHooker.java:95)
	at com.kms.katalon.core.context.internal.TestHooker.invokeContextMethods(TestHooker.java:94)
	at com.kms.katalon.core.context.internal.TestListenerCollector.lambda$3(TestListenerCollector.java:88)
	at com.kms.katalon.core.context.internal.TestListenerCollector.handleListenerEvent(TestListenerCollector.java:85)
	at com.kms.katalon.core.context.internal.ExecutionEventManager.publicEvent(ExecutionEventManager.java:36)
	at com.kms.katalon.core.main.TestCaseExecutor.execute(TestCaseExecutor.java:315)
	at com.kms.katalon.core.common.CommonExecutor.accessTestCaseMainPhase(CommonExecutor.java:65)
	at com.kms.katalon.core.main.TestSuiteExecutor.accessTestSuiteMainPhase(TestSuiteExecutor.java:148)
	at com.kms.katalon.core.main.TestSuiteExecutor.execute(TestSuiteExecutor.java:106)
	at com.kms.katalon.core.main.TestCaseMain.startTestSuite(TestCaseMain.java:180)
	at TempTestSuite1721363656477.run(TempTestSuite1721363656477.groovy:35)
	at java.base/jdk.internal.reflect.NativeMethodAccessorImpl.invoke0(Native Method)
	at java.base/jdk.internal.reflect.NativeMethodAccessorImpl.invoke(NativeMethodAccessorImpl.java:77)
	at java.base/jdk.internal.reflect.DelegatingMethodAccessorImpl.invoke(DelegatingMethodAccessorImpl.java:43)
Caused by: com.kms.katalon.core.exception.StepFailedException: No driver found
	at java.base/jdk.internal.reflect.NativeConstructorAccessorImpl.newInstance0(Native Method)
	at java.base/jdk.internal.reflect.NativeConstructorAccessorImpl.newInstance(NativeConstructorAccessorImpl.java:77)
	at java.base/jdk.internal.reflect.DelegatingConstructorAccessorImpl.newInstance(DelegatingConstructorAccessorImpl.java:45)
	at com.kms.katalon.core.mobile.keyword.internal.MobileAbstractKeyword.getAnyAppiumDriver(MobileAbstractKeyword.groovy:43)
	at java.base/jdk.internal.reflect.NativeMethodAccessorImpl.invoke0(Native Method)
	at java.base/jdk.internal.reflect.NativeMethodAccessorImpl.invoke(NativeMethodAccessorImpl.java:77)
	at java.base/jdk.internal.reflect.DelegatingMethodAccessorImpl.invoke(DelegatingMethodAccessorImpl.java:43)
	at com.kms.katalon.core.mobile.keyword.builtin.CloseApplicationKeyword$_closeApplication_closure1.doCall(CloseApplicationKeyword.groovy:38)
	at com.kms.katalon.core.mobile.keyword.builtin.CloseApplicationKeyword$_closeApplication_closure1.call(CloseApplicationKeyword.groovy)
	at com.kms.katalon.core.mobile.keyword.internal.MobileKeywordMain.runKeyword(MobileKeywordMain.groovy:19)
	... 23 more


19-07-2024T11:35:03 - [TEST_STEP][ERROR] - if (!(isAPIRunning) & !(isWebRunning)): com.kms.katalon.core.exception.StepFailedException: Unable to close app
	at com.kms.katalon.core.mobile.keyword.internal.MobileKeywordMain.stepFailed(MobileKeywordMain.groovy:38)
	at com.kms.katalon.core.mobile.keyword.internal.MobileKeywordMain.runKeyword(MobileKeywordMain.groovy:21)
	at com.kms.katalon.core.mobile.keyword.builtin.CloseApplicationKeyword.closeApplication(CloseApplicationKeyword.groovy:37)
	at com.kms.katalon.core.mobile.keyword.builtin.CloseApplicationKeyword.execute(CloseApplicationKeyword.groovy:32)
	at com.kms.katalon.core.keyword.internal.KeywordExecutor.executeKeywordForPlatform(KeywordExecutor.groovy:74)
	at com.kms.katalon.core.mobile.keyword.MobileBuiltInKeywords.closeApplication(MobileBuiltInKeywords.groovy:134)
	at BaseTest.closeApplication(BaseTest.groovy:36)
	at java.base/jdk.internal.reflect.NativeMethodAccessorImpl.invoke0(Native Method)
	at java.base/jdk.internal.reflect.NativeMethodAccessorImpl.invoke(NativeMethodAccessorImpl.java:77)
	at java.base/jdk.internal.reflect.DelegatingMethodAccessorImpl.invoke(DelegatingMethodAccessorImpl.java:43)
	at com.kms.katalon.core.context.internal.TestHooker.invokeMethod(TestHooker.java:111)
	at com.kms.katalon.core.context.internal.TestHooker.lambda$3(TestHooker.java:95)
	at com.kms.katalon.core.context.internal.TestHooker.invokeContextMethods(TestHooker.java:94)
	at com.kms.katalon.core.context.internal.TestListenerCollector.lambda$3(TestListenerCollector.java:88)
	at com.kms.katalon.core.context.internal.TestListenerCollector.handleListenerEvent(TestListenerCollector.java:85)
	at com.kms.katalon.core.context.internal.ExecutionEventManager.publicEvent(ExecutionEventManager.java:36)
	at com.kms.katalon.core.main.TestCaseExecutor.execute(TestCaseExecutor.java:315)
	at com.kms.katalon.core.common.CommonExecutor.accessTestCaseMainPhase(CommonExecutor.java:65)
	at com.kms.katalon.core.main.TestSuiteExecutor.accessTestSuiteMainPhase(TestSuiteExecutor.java:148)
	at com.kms.katalon.core.main.TestSuiteExecutor.execute(TestSuiteExecutor.java:106)
	at com.kms.katalon.core.main.TestCaseMain.startTestSuite(TestCaseMain.java:180)
	at TempTestSuite1721363656477.run(TempTestSuite1721363656477.groovy:35)
	at java.base/jdk.internal.reflect.NativeMethodAccessorImpl.invoke0(Native Method)
	at java.base/jdk.internal.reflect.NativeMethodAccessorImpl.invoke(NativeMethodAccessorImpl.java:77)
	at java.base/jdk.internal.reflect.DelegatingMethodAccessorImpl.invoke(DelegatingMethodAccessorImpl.java:43)
Caused by: com.kms.katalon.core.exception.StepFailedException: No driver found
	at java.base/jdk.internal.reflect.NativeConstructorAccessorImpl.newInstance0(Native Method)
	at java.base/jdk.internal.reflect.NativeConstructorAccessorImpl.newInstance(NativeConstructorAccessorImpl.java:77)
	at java.base/jdk.internal.reflect.DelegatingConstructorAccessorImpl.newInstance(DelegatingConstructorAccessorImpl.java:45)
	at com.kms.katalon.core.mobile.keyword.internal.MobileAbstractKeyword.getAnyAppiumDriver(MobileAbstractKeyword.groovy:43)
	at java.base/jdk.internal.reflect.NativeMethodAccessorImpl.invoke0(Native Method)
	at java.base/jdk.internal.reflect.NativeMethodAccessorImpl.invoke(NativeMethodAccessorImpl.java:77)
	at java.base/jdk.internal.reflect.DelegatingMethodAccessorImpl.invoke(DelegatingMethodAccessorImpl.java:43)
	at com.kms.katalon.core.mobile.keyword.builtin.CloseApplicationKeyword$_closeApplication_closure1.doCall(CloseApplicationKeyword.groovy:38)
	at com.kms.katalon.core.mobile.keyword.builtin.CloseApplicationKeyword$_closeApplication_closure1.call(CloseApplicationKeyword.groovy)
	at com.kms.katalon.core.mobile.keyword.internal.MobileKeywordMain.runKeyword(MobileKeywordMain.groovy:19)
	... 23 more


19-07-2024T11:35:03 - [TEST_STEP][ERROR] - closeApplication(): com.kms.katalon.core.exception.StepFailedException: Unable to close app
	at com.kms.katalon.core.mobile.keyword.internal.MobileKeywordMain.stepFailed(MobileKeywordMain.groovy:38)
	at com.kms.katalon.core.mobile.keyword.internal.MobileKeywordMain.runKeyword(MobileKeywordMain.groovy:21)
	at com.kms.katalon.core.mobile.keyword.builtin.CloseApplicationKeyword.closeApplication(CloseApplicationKeyword.groovy:37)
	at com.kms.katalon.core.mobile.keyword.builtin.CloseApplicationKeyword.execute(CloseApplicationKeyword.groovy:32)
	at com.kms.katalon.core.keyword.internal.KeywordExecutor.executeKeywordForPlatform(KeywordExecutor.groovy:74)
	at com.kms.katalon.core.mobile.keyword.MobileBuiltInKeywords.closeApplication(MobileBuiltInKeywords.groovy:134)
	at BaseTest.closeApplication(BaseTest.groovy:36)
	at java.base/jdk.internal.reflect.NativeMethodAccessorImpl.invoke0(Native Method)
	at java.base/jdk.internal.reflect.NativeMethodAccessorImpl.invoke(NativeMethodAccessorImpl.java:77)
	at java.base/jdk.internal.reflect.DelegatingMethodAccessorImpl.invoke(DelegatingMethodAccessorImpl.java:43)
	at com.kms.katalon.core.context.internal.TestHooker.invokeMethod(TestHooker.java:111)
	at com.kms.katalon.core.context.internal.TestHooker.lambda$3(TestHooker.java:95)
	at com.kms.katalon.core.context.internal.TestHooker.invokeContextMethods(TestHooker.java:94)
	at com.kms.katalon.core.context.internal.TestListenerCollector.lambda$3(TestListenerCollector.java:88)
	at com.kms.katalon.core.context.internal.TestListenerCollector.handleListenerEvent(TestListenerCollector.java:85)
	at com.kms.katalon.core.context.internal.ExecutionEventManager.publicEvent(ExecutionEventManager.java:36)
	at com.kms.katalon.core.main.TestCaseExecutor.execute(TestCaseExecutor.java:315)
	at com.kms.katalon.core.common.CommonExecutor.accessTestCaseMainPhase(CommonExecutor.java:65)
	at com.kms.katalon.core.main.TestSuiteExecutor.accessTestSuiteMainPhase(TestSuiteExecutor.java:148)
	at com.kms.katalon.core.main.TestSuiteExecutor.execute(TestSuiteExecutor.java:106)
	at com.kms.katalon.core.main.TestCaseMain.startTestSuite(TestCaseMain.java:180)
	at TempTestSuite1721363656477.run(TempTestSuite1721363656477.groovy:35)
	at java.base/jdk.internal.reflect.NativeMethodAccessorImpl.invoke0(Native Method)
	at java.base/jdk.internal.reflect.NativeMethodAccessorImpl.invoke(NativeMethodAccessorImpl.java:77)
	at java.base/jdk.internal.reflect.DelegatingMethodAccessorImpl.invoke(DelegatingMethodAccessorImpl.java:43)
Caused by: com.kms.katalon.core.exception.StepFailedException: No driver found
	at java.base/jdk.internal.reflect.NativeConstructorAccessorImpl.newInstance0(Native Method)
	at java.base/jdk.internal.reflect.NativeConstructorAccessorImpl.newInstance(NativeConstructorAccessorImpl.java:77)
	at java.base/jdk.internal.reflect.DelegatingConstructorAccessorImpl.newInstance(DelegatingConstructorAccessorImpl.java:45)
	at com.kms.katalon.core.mobile.keyword.internal.MobileAbstractKeyword.getAnyAppiumDriver(MobileAbstractKeyword.groovy:43)
	at java.base/jdk.internal.reflect.NativeMethodAccessorImpl.invoke0(Native Method)
	at java.base/jdk.internal.reflect.NativeMethodAccessorImpl.invoke(NativeMethodAccessorImpl.java:77)
	at java.base/jdk.internal.reflect.DelegatingMethodAccessorImpl.invoke(DelegatingMethodAccessorImpl.java:43)
	at com.kms.katalon.core.mobile.keyword.builtin.CloseApplicationKeyword$_closeApplication_closure1.doCall(CloseApplicationKeyword.groovy:38)
	at com.kms.katalon.core.mobile.keyword.builtin.CloseApplicationKeyword$_closeApplication_closure1.call(CloseApplicationKeyword.groovy)
	at com.kms.katalon.core.mobile.keyword.internal.MobileKeywordMain.runKeyword(MobileKeywordMain.groovy:19)
	... 23 more


19-07-2024T11:35:03 - [MESSAGE][FAILED] - Unable to close app (Root cause: com.kms.katalon.core.exception.StepFailedException: Unable to close app
	at com.kms.katalon.core.mobile.keyword.internal.MobileKeywordMain.stepFailed(MobileKeywordMain.groovy:38)
	at com.kms.katalon.core.mobile.keyword.internal.MobileKeywordMain.runKeyword(MobileKeywordMain.groovy:21)
	at com.kms.katalon.core.mobile.keyword.builtin.CloseApplicationKeyword.closeApplication(CloseApplicationKeyword.groovy:37)
	at com.kms.katalon.core.mobile.keyword.builtin.CloseApplicationKeyword.execute(CloseApplicationKeyword.groovy:32)
	at com.kms.katalon.core.keyword.internal.KeywordExecutor.executeKeywordForPlatform(KeywordExecutor.groovy:74)
	at com.kms.katalon.core.mobile.keyword.MobileBuiltInKeywords.closeApplication(MobileBuiltInKeywords.groovy:134)
	at BaseTest.closeApplication(BaseTest.groovy:36)
	at java.base/jdk.internal.reflect.NativeMethodAccessorImpl.invoke0(Native Method)
	at java.base/jdk.internal.reflect.NativeMethodAccessorImpl.invoke(NativeMethodAccessorImpl.java:77)
	at java.base/jdk.internal.reflect.DelegatingMethodAccessorImpl.invoke(DelegatingMethodAccessorImpl.java:43)
	at com.kms.katalon.core.context.internal.TestHooker.invokeMethod(TestHooker.java:111)
	at com.kms.katalon.core.context.internal.TestHooker.lambda$3(TestHooker.java:95)
	at com.kms.katalon.core.context.internal.TestHooker.invokeContextMethods(TestHooker.java:94)
	at com.kms.katalon.core.context.internal.TestListenerCollector.lambda$3(TestListenerCollector.java:88)
	at com.kms.katalon.core.context.internal.TestListenerCollector.handleListenerEvent(TestListenerCollector.java:85)
	at com.kms.katalon.core.context.internal.ExecutionEventManager.publicEvent(ExecutionEventManager.java:36)
	at com.kms.katalon.core.main.TestCaseExecutor.execute(TestCaseExecutor.java:315)
	at com.kms.katalon.core.common.CommonExecutor.accessTestCaseMainPhase(CommonExecutor.java:65)
	at com.kms.katalon.core.main.TestSuiteExecutor.accessTestSuiteMainPhase(TestSuiteExecutor.java:148)
	at com.kms.katalon.core.main.TestSuiteExecutor.execute(TestSuiteExecutor.java:106)
	at com.kms.katalon.core.main.TestCaseMain.startTestSuite(TestCaseMain.java:180)
	at TempTestSuite1721363656477.run(TempTestSuite1721363656477.groovy:35)
	at java.base/jdk.internal.reflect.NativeMethodAccessorImpl.invoke0(Native Method)
	at java.base/jdk.internal.reflect.NativeMethodAccessorImpl.invoke(NativeMethodAccessorImpl.java:77)
	at java.base/jdk.internal.reflect.DelegatingMethodAccessorImpl.invoke(DelegatingMethodAccessorImpl.java:43)
Caused by: com.kms.katalon.core.exception.StepFailedException: No driver found
	at java.base/jdk.internal.reflect.NativeConstructorAccessorImpl.newInstance0(Native Method)
	at java.base/jdk.internal.reflect.NativeConstructorAccessorImpl.newInstance(NativeConstructorAccessorImpl.java:77)
	at java.base/jdk.internal.reflect.DelegatingConstructorAccessorImpl.newInstance(DelegatingConstructorAccessorImpl.java:45)
	at com.kms.katalon.core.mobile.keyword.internal.MobileAbstractKeyword.getAnyAppiumDriver(MobileAbstractKeyword.groovy:43)
	at java.base/jdk.internal.reflect.NativeMethodAccessorImpl.invoke0(Native Method)
	at java.base/jdk.internal.reflect.NativeMethodAccessorImpl.invoke(NativeMethodAccessorImpl.java:77)
	at java.base/jdk.internal.reflect.DelegatingMethodAccessorImpl.invoke(DelegatingMethodAccessorImpl.java:43)
	at com.kms.katalon.core.mobile.keyword.builtin.CloseApplicationKeyword$_closeApplication_closure1.doCall(CloseApplicationKeyword.groovy:38)
	at com.kms.katalon.core.mobile.keyword.builtin.CloseApplicationKeyword$_closeApplication_closure1.call(CloseApplicationKeyword.groovy)
	at com.kms.katalon.core.mobile.keyword.internal.MobileKeywordMain.runKeyword(MobileKeywordMain.groovy:19)
	... 23 more
)

19-07-2024T11:35:03 - [MESSAGE][ERROR] - com.kms.katalon.core.exception.StepFailedException: Unable to close app
	at com.kms.katalon.core.mobile.keyword.internal.MobileKeywordMain.stepFailed(MobileKeywordMain.groovy:38)
	at com.kms.katalon.core.mobile.keyword.internal.MobileKeywordMain.runKeyword(MobileKeywordMain.groovy:21)
	at com.kms.katalon.core.mobile.keyword.builtin.CloseApplicationKeyword.closeApplication(CloseApplicationKeyword.groovy:37)
	at com.kms.katalon.core.mobile.keyword.builtin.CloseApplicationKeyword.execute(CloseApplicationKeyword.groovy:32)
	at com.kms.katalon.core.keyword.internal.KeywordExecutor.executeKeywordForPlatform(KeywordExecutor.groovy:74)
	at com.kms.katalon.core.mobile.keyword.MobileBuiltInKeywords.closeApplication(MobileBuiltInKeywords.groovy:134)
	at BaseTest.closeApplication(BaseTest.groovy:36)
	at java.base/jdk.internal.reflect.NativeMethodAccessorImpl.invoke0(Native Method)
	at java.base/jdk.internal.reflect.NativeMethodAccessorImpl.invoke(NativeMethodAccessorImpl.java:77)
	at java.base/jdk.internal.reflect.DelegatingMethodAccessorImpl.invoke(DelegatingMethodAccessorImpl.java:43)
	at com.kms.katalon.core.context.internal.TestHooker.invokeMethod(TestHooker.java:111)
	at com.kms.katalon.core.context.internal.TestHooker.lambda$3(TestHooker.java:95)
	at com.kms.katalon.core.context.internal.TestHooker.invokeContextMethods(TestHooker.java:94)
	at com.kms.katalon.core.context.internal.TestListenerCollector.lambda$3(TestListenerCollector.java:88)
	at com.kms.katalon.core.context.internal.TestListenerCollector.handleListenerEvent(TestListenerCollector.java:85)
	at com.kms.katalon.core.context.internal.ExecutionEventManager.publicEvent(ExecutionEventManager.java:36)
	at com.kms.katalon.core.main.TestCaseExecutor.execute(TestCaseExecutor.java:315)
	at com.kms.katalon.core.common.CommonExecutor.accessTestCaseMainPhase(CommonExecutor.java:65)
	at com.kms.katalon.core.main.TestSuiteExecutor.accessTestSuiteMainPhase(TestSuiteExecutor.java:148)
	at com.kms.katalon.core.main.TestSuiteExecutor.execute(TestSuiteExecutor.java:106)
	at com.kms.katalon.core.main.TestCaseMain.startTestSuite(TestCaseMain.java:180)
	at TempTestSuite1721363656477.run(TempTestSuite1721363656477.groovy:35)
	at java.base/jdk.internal.reflect.NativeMethodAccessorImpl.invoke0(Native Method)
	at java.base/jdk.internal.reflect.NativeMethodAccessorImpl.invoke(NativeMethodAccessorImpl.java:77)
	at java.base/jdk.internal.reflect.DelegatingMethodAccessorImpl.invoke(DelegatingMethodAccessorImpl.java:43)
Caused by: com.kms.katalon.core.exception.StepFailedException: No driver found
	at java.base/jdk.internal.reflect.NativeConstructorAccessorImpl.newInstance0(Native Method)
	at java.base/jdk.internal.reflect.NativeConstructorAccessorImpl.newInstance(NativeConstructorAccessorImpl.java:77)
	at java.base/jdk.internal.reflect.DelegatingConstructorAccessorImpl.newInstance(DelegatingConstructorAccessorImpl.java:45)
	at com.kms.katalon.core.mobile.keyword.internal.MobileAbstractKeyword.getAnyAppiumDriver(MobileAbstractKeyword.groovy:43)
	at java.base/jdk.internal.reflect.NativeMethodAccessorImpl.invoke0(Native Method)
	at java.base/jdk.internal.reflect.NativeMethodAccessorImpl.invoke(NativeMethodAccessorImpl.java:77)
	at java.base/jdk.internal.reflect.DelegatingMethodAccessorImpl.invoke(DelegatingMethodAccessorImpl.java:43)
	at com.kms.katalon.core.mobile.keyword.builtin.CloseApplicationKeyword$_closeApplication_closure1.doCall(CloseApplicationKeyword.groovy:38)
	at com.kms.katalon.core.mobile.keyword.builtin.CloseApplicationKeyword$_closeApplication_closure1.call(CloseApplicationKeyword.groovy)
	at com.kms.katalon.core.mobile.keyword.internal.MobileKeywordMain.runKeyword(MobileKeywordMain.groovy:19)
	... 23 more


19-07-2024T11:35:03 - [TEST_STEP][PASSED] - Start listener action : closeBrowser: null

19-07-2024T11:35:03 - [TEST_STEP][PASSED] - if (!(isAPIRunning) & isWebRunning): null]]></system-out>
         <system-err><![CDATA[]]></system-err>
      </testcase>
      <testcase name="Test Cases/API/Request Review/PUT_Verify approve request successfully" time="11.4" classname="Test Cases/API/Request Review/PUT_Verify approve request successfully" status="PASSED">
         <system-out><![CDATA[19-07-2024T11:35:03 - [TEST_CASE][PASSED] - Test Cases/API/Request Review/PUT_Verify approve request successfully: Test Cases/API/Request Review/PUT_Verify approve request successfully

19-07-2024T11:35:03 - [TEST_STEP][PASSED] - Start listener action : before: null

19-07-2024T11:35:03 - [TEST_STEP][PASSED] - if (isApiTestCase(testCaseContext.getTestCaseId())): null

19-07-2024T11:35:03 - [TEST_STEP][PASSED] - if (isWebTestCase(testCaseContext.getTestCaseId())): null

19-07-2024T11:35:03 - [TEST_STEP][PASSED] - Start listener action : openApplication: null

19-07-2024T11:35:03 - [TEST_STEP][PASSED] - if (!(isAPIRunning) & !(isWebRunning)): null

19-07-2024T11:35:03 - [TEST_STEP][PASSED] - Start listener action : openBrowser: null

19-07-2024T11:35:03 - [TEST_STEP][PASSED] - if (!(isAPIRunning) & isWebRunning): null

19-07-2024T11:35:03 - [TEST_STEP][PASSED] - user = withRole("Doctor").getFirst(): null

19-07-2024T11:35:03 - [TEST_STEP][PASSED] - doctorToken = signIn(email, pwd).getAccessToken(): Send request successfully

19-07-2024T11:35:05 - [MESSAGE][INFO] - HAR: /Users/linh.phan/Automation_Katalon_QE/katalon-healthcare/Reports/20240719_113416/API/API Regression Test/20240719_113416/requests/main/22.har

19-07-2024T11:35:05 - [MESSAGE][PASSED] - Send request successfully

19-07-2024T11:35:05 - [TEST_STEP][PASSED] - medicineId = getAllMedicines(doctorToken).getRandomMedicine()["medicineUUID"]: Send request successfully

19-07-2024T11:35:06 - [MESSAGE][INFO] - HAR: /Users/linh.phan/Automation_Katalon_QE/katalon-healthcare/Reports/20240719_113416/API/API Regression Test/20240719_113416/requests/main/23.har

19-07-2024T11:35:06 - [MESSAGE][PASSED] - Send request successfully

19-07-2024T11:35:06 - [TEST_STEP][PASSED] - medicineInfo = MedicineUtil).generateRandomInformationForUpdate(): null

19-07-2024T11:35:06 - [TEST_STEP][PASSED] - payLoad = APIUtil).constructPayLoadFromMap(medicineInfo): null

19-07-2024T11:35:06 - [TEST_STEP][PASSED] - requestId = id: Verify response status code successfully

19-07-2024T11:35:08 - [MESSAGE][INFO] - HAR: /Users/linh.phan/Automation_Katalon_QE/katalon-healthcare/Reports/20240719_113416/API/API Regression Test/20240719_113416/requests/main/24.har

19-07-2024T11:35:08 - [MESSAGE][PASSED] - Send request successfully

19-07-2024T11:35:08 - [MESSAGE][PASSED] - Verify response status code successfully

19-07-2024T11:35:08 - [TEST_STEP][PASSED] - user = withRole("Admin").getFirst(): null

19-07-2024T11:35:08 - [TEST_STEP][PASSED] - adminToken = signIn(email, pwd).getAccessToken(): Send request successfully

19-07-2024T11:35:09 - [MESSAGE][INFO] - HAR: /Users/linh.phan/Automation_Katalon_QE/katalon-healthcare/Reports/20240719_113416/API/API Regression Test/20240719_113416/requests/main/25.har

19-07-2024T11:35:09 - [MESSAGE][PASSED] - Send request successfully

19-07-2024T11:35:09 - [TEST_STEP][PASSED] - verifyStatusCode(200).verifyPropertyValue("message", "Review sent successfully"): Verify element property value successfully

19-07-2024T11:35:10 - [MESSAGE][INFO] - HAR: /Users/linh.phan/Automation_Katalon_QE/katalon-healthcare/Reports/20240719_113416/API/API Regression Test/20240719_113416/requests/main/26.har

19-07-2024T11:35:10 - [MESSAGE][PASSED] - Send request successfully

19-07-2024T11:35:10 - [MESSAGE][PASSED] - Verify response status code successfully

19-07-2024T11:35:10 - [MESSAGE][PASSED] - Verify element property value successfully

19-07-2024T11:35:10 - [TEST_STEP][PASSED] - getAllMedicineRequests(adminToken).verifyRequestStatus(requestId, "APPROVED"): Send request successfully

19-07-2024T11:35:12 - [MESSAGE][INFO] - HAR: /Users/linh.phan/Automation_Katalon_QE/katalon-healthcare/Reports/20240719_113416/API/API Regression Test/20240719_113416/requests/main/27.har

19-07-2024T11:35:12 - [MESSAGE][PASSED] - Send request successfully

19-07-2024T11:35:12 - [TEST_STEP][PASSED] - response = initRequestObject().getMedicineDetails(adminToken, medicineId): Send request successfully

19-07-2024T11:35:13 - [MESSAGE][INFO] - HAR: /Users/linh.phan/Automation_Katalon_QE/katalon-healthcare/Reports/20240719_113416/API/API Regression Test/20240719_113416/requests/main/28.har

19-07-2024T11:35:13 - [MESSAGE][PASSED] - Send request successfully

19-07-2024T11:35:13 - [TEST_STEP][PASSED] - apiMedicine = response.parseResponseBodyToJsonObject(): null

19-07-2024T11:35:13 - [TEST_STEP][PASSED] - MedicinesService).verifyCorrectMedicine(apiMedicine, medicineInfo): Actual object 'lxOIJi PmdQE GqvUf WtVQep ERvrYQo Kgaekg QlldI xGdv n yNXmZk PKcciR ' and expected object 'lxOIJi PmdQE GqvUf WtVQep ERvrYQo Kgaekg QlldI xGdv n yNXmZk PKcciR ' are equal

19-07-2024T11:35:13 - [MESSAGE][PASSED] - Actual object 'gEY q njhHvz BqlaAq ZPBICOf sfk ' and expected object 'gEY q njhHvz BqlaAq ZPBICOf sfk ' are equal

19-07-2024T11:35:13 - [MESSAGE][PASSED] - Actual object 'luFvFbG JTkt mHH czBuM ab YmM QRI nCol g JqxKRk hTQkFJa CoU ' and expected object 'luFvFbG JTkt mHH czBuM ab YmM QRI nCol g JqxKRk hTQkFJa CoU ' are equal

19-07-2024T11:35:13 - [MESSAGE][PASSED] - Actual object 'Ns aj kvkwlm kSOuvoz QwSWn ' and expected object 'Ns aj kvkwlm kSOuvoz QwSWn ' are equal

19-07-2024T11:35:13 - [MESSAGE][PASSED] - Actual object 'Pk bcru UAq wkDxAc ' and expected object 'Pk bcru UAq wkDxAc ' are equal

19-07-2024T11:35:13 - [MESSAGE][PASSED] - Actual object 'lxOIJi PmdQE GqvUf WtVQep ERvrYQo Kgaekg QlldI xGdv n yNXmZk PKcciR ' and expected object 'lxOIJi PmdQE GqvUf WtVQep ERvrYQo Kgaekg QlldI xGdv n yNXmZk PKcciR ' are equal

19-07-2024T11:35:13 - [TEST_STEP][PASSED] - initRequestObject().deleteMedicine(adminToken, medicineId): Send request successfully

19-07-2024T11:35:15 - [MESSAGE][INFO] - HAR: /Users/linh.phan/Automation_Katalon_QE/katalon-healthcare/Reports/20240719_113416/API/API Regression Test/20240719_113416/requests/main/29.har

19-07-2024T11:35:15 - [MESSAGE][PASSED] - Send request successfully

19-07-2024T11:35:15 - [TEST_STEP][PASSED] - Start listener action : after: null

19-07-2024T11:35:15 - [TEST_STEP][PASSED] - isAPIRunning = false: null

19-07-2024T11:35:15 - [TEST_STEP][ERROR] - Start listener action : closeApplication: com.kms.katalon.core.exception.StepFailedException: Unable to close app
	at com.kms.katalon.core.mobile.keyword.internal.MobileKeywordMain.stepFailed(MobileKeywordMain.groovy:38)
	at com.kms.katalon.core.mobile.keyword.internal.MobileKeywordMain.runKeyword(MobileKeywordMain.groovy:21)
	at com.kms.katalon.core.mobile.keyword.builtin.CloseApplicationKeyword.closeApplication(CloseApplicationKeyword.groovy:37)
	at com.kms.katalon.core.mobile.keyword.builtin.CloseApplicationKeyword.execute(CloseApplicationKeyword.groovy:32)
	at com.kms.katalon.core.keyword.internal.KeywordExecutor.executeKeywordForPlatform(KeywordExecutor.groovy:74)
	at com.kms.katalon.core.mobile.keyword.MobileBuiltInKeywords.closeApplication(MobileBuiltInKeywords.groovy:134)
	at BaseTest.closeApplication(BaseTest.groovy:36)
	at java.base/jdk.internal.reflect.NativeMethodAccessorImpl.invoke0(Native Method)
	at java.base/jdk.internal.reflect.NativeMethodAccessorImpl.invoke(NativeMethodAccessorImpl.java:77)
	at java.base/jdk.internal.reflect.DelegatingMethodAccessorImpl.invoke(DelegatingMethodAccessorImpl.java:43)
	at com.kms.katalon.core.context.internal.TestHooker.invokeMethod(TestHooker.java:111)
	at com.kms.katalon.core.context.internal.TestHooker.lambda$3(TestHooker.java:95)
	at com.kms.katalon.core.context.internal.TestHooker.invokeContextMethods(TestHooker.java:94)
	at com.kms.katalon.core.context.internal.TestListenerCollector.lambda$3(TestListenerCollector.java:88)
	at com.kms.katalon.core.context.internal.TestListenerCollector.handleListenerEvent(TestListenerCollector.java:85)
	at com.kms.katalon.core.context.internal.ExecutionEventManager.publicEvent(ExecutionEventManager.java:36)
	at com.kms.katalon.core.main.TestCaseExecutor.execute(TestCaseExecutor.java:315)
	at com.kms.katalon.core.common.CommonExecutor.accessTestCaseMainPhase(CommonExecutor.java:65)
	at com.kms.katalon.core.main.TestSuiteExecutor.accessTestSuiteMainPhase(TestSuiteExecutor.java:148)
	at com.kms.katalon.core.main.TestSuiteExecutor.execute(TestSuiteExecutor.java:106)
	at com.kms.katalon.core.main.TestCaseMain.startTestSuite(TestCaseMain.java:180)
	at TempTestSuite1721363656477.run(TempTestSuite1721363656477.groovy:35)
	at java.base/jdk.internal.reflect.NativeMethodAccessorImpl.invoke0(Native Method)
	at java.base/jdk.internal.reflect.NativeMethodAccessorImpl.invoke(NativeMethodAccessorImpl.java:77)
	at java.base/jdk.internal.reflect.DelegatingMethodAccessorImpl.invoke(DelegatingMethodAccessorImpl.java:43)
Caused by: com.kms.katalon.core.exception.StepFailedException: No driver found
	at java.base/jdk.internal.reflect.NativeConstructorAccessorImpl.newInstance0(Native Method)
	at java.base/jdk.internal.reflect.NativeConstructorAccessorImpl.newInstance(NativeConstructorAccessorImpl.java:77)
	at java.base/jdk.internal.reflect.DelegatingConstructorAccessorImpl.newInstance(DelegatingConstructorAccessorImpl.java:45)
	at com.kms.katalon.core.mobile.keyword.internal.MobileAbstractKeyword.getAnyAppiumDriver(MobileAbstractKeyword.groovy:43)
	at java.base/jdk.internal.reflect.NativeMethodAccessorImpl.invoke0(Native Method)
	at java.base/jdk.internal.reflect.NativeMethodAccessorImpl.invoke(NativeMethodAccessorImpl.java:77)
	at java.base/jdk.internal.reflect.DelegatingMethodAccessorImpl.invoke(DelegatingMethodAccessorImpl.java:43)
	at com.kms.katalon.core.mobile.keyword.builtin.CloseApplicationKeyword$_closeApplication_closure1.doCall(CloseApplicationKeyword.groovy:38)
	at com.kms.katalon.core.mobile.keyword.builtin.CloseApplicationKeyword$_closeApplication_closure1.call(CloseApplicationKeyword.groovy)
	at com.kms.katalon.core.mobile.keyword.internal.MobileKeywordMain.runKeyword(MobileKeywordMain.groovy:19)
	... 23 more


19-07-2024T11:35:15 - [TEST_STEP][ERROR] - if (!(isAPIRunning) & !(isWebRunning)): com.kms.katalon.core.exception.StepFailedException: Unable to close app
	at com.kms.katalon.core.mobile.keyword.internal.MobileKeywordMain.stepFailed(MobileKeywordMain.groovy:38)
	at com.kms.katalon.core.mobile.keyword.internal.MobileKeywordMain.runKeyword(MobileKeywordMain.groovy:21)
	at com.kms.katalon.core.mobile.keyword.builtin.CloseApplicationKeyword.closeApplication(CloseApplicationKeyword.groovy:37)
	at com.kms.katalon.core.mobile.keyword.builtin.CloseApplicationKeyword.execute(CloseApplicationKeyword.groovy:32)
	at com.kms.katalon.core.keyword.internal.KeywordExecutor.executeKeywordForPlatform(KeywordExecutor.groovy:74)
	at com.kms.katalon.core.mobile.keyword.MobileBuiltInKeywords.closeApplication(MobileBuiltInKeywords.groovy:134)
	at BaseTest.closeApplication(BaseTest.groovy:36)
	at java.base/jdk.internal.reflect.NativeMethodAccessorImpl.invoke0(Native Method)
	at java.base/jdk.internal.reflect.NativeMethodAccessorImpl.invoke(NativeMethodAccessorImpl.java:77)
	at java.base/jdk.internal.reflect.DelegatingMethodAccessorImpl.invoke(DelegatingMethodAccessorImpl.java:43)
	at com.kms.katalon.core.context.internal.TestHooker.invokeMethod(TestHooker.java:111)
	at com.kms.katalon.core.context.internal.TestHooker.lambda$3(TestHooker.java:95)
	at com.kms.katalon.core.context.internal.TestHooker.invokeContextMethods(TestHooker.java:94)
	at com.kms.katalon.core.context.internal.TestListenerCollector.lambda$3(TestListenerCollector.java:88)
	at com.kms.katalon.core.context.internal.TestListenerCollector.handleListenerEvent(TestListenerCollector.java:85)
	at com.kms.katalon.core.context.internal.ExecutionEventManager.publicEvent(ExecutionEventManager.java:36)
	at com.kms.katalon.core.main.TestCaseExecutor.execute(TestCaseExecutor.java:315)
	at com.kms.katalon.core.common.CommonExecutor.accessTestCaseMainPhase(CommonExecutor.java:65)
	at com.kms.katalon.core.main.TestSuiteExecutor.accessTestSuiteMainPhase(TestSuiteExecutor.java:148)
	at com.kms.katalon.core.main.TestSuiteExecutor.execute(TestSuiteExecutor.java:106)
	at com.kms.katalon.core.main.TestCaseMain.startTestSuite(TestCaseMain.java:180)
	at TempTestSuite1721363656477.run(TempTestSuite1721363656477.groovy:35)
	at java.base/jdk.internal.reflect.NativeMethodAccessorImpl.invoke0(Native Method)
	at java.base/jdk.internal.reflect.NativeMethodAccessorImpl.invoke(NativeMethodAccessorImpl.java:77)
	at java.base/jdk.internal.reflect.DelegatingMethodAccessorImpl.invoke(DelegatingMethodAccessorImpl.java:43)
Caused by: com.kms.katalon.core.exception.StepFailedException: No driver found
	at java.base/jdk.internal.reflect.NativeConstructorAccessorImpl.newInstance0(Native Method)
	at java.base/jdk.internal.reflect.NativeConstructorAccessorImpl.newInstance(NativeConstructorAccessorImpl.java:77)
	at java.base/jdk.internal.reflect.DelegatingConstructorAccessorImpl.newInstance(DelegatingConstructorAccessorImpl.java:45)
	at com.kms.katalon.core.mobile.keyword.internal.MobileAbstractKeyword.getAnyAppiumDriver(MobileAbstractKeyword.groovy:43)
	at java.base/jdk.internal.reflect.NativeMethodAccessorImpl.invoke0(Native Method)
	at java.base/jdk.internal.reflect.NativeMethodAccessorImpl.invoke(NativeMethodAccessorImpl.java:77)
	at java.base/jdk.internal.reflect.DelegatingMethodAccessorImpl.invoke(DelegatingMethodAccessorImpl.java:43)
	at com.kms.katalon.core.mobile.keyword.builtin.CloseApplicationKeyword$_closeApplication_closure1.doCall(CloseApplicationKeyword.groovy:38)
	at com.kms.katalon.core.mobile.keyword.builtin.CloseApplicationKeyword$_closeApplication_closure1.call(CloseApplicationKeyword.groovy)
	at com.kms.katalon.core.mobile.keyword.internal.MobileKeywordMain.runKeyword(MobileKeywordMain.groovy:19)
	... 23 more


19-07-2024T11:35:15 - [TEST_STEP][ERROR] - closeApplication(): com.kms.katalon.core.exception.StepFailedException: Unable to close app
	at com.kms.katalon.core.mobile.keyword.internal.MobileKeywordMain.stepFailed(MobileKeywordMain.groovy:38)
	at com.kms.katalon.core.mobile.keyword.internal.MobileKeywordMain.runKeyword(MobileKeywordMain.groovy:21)
	at com.kms.katalon.core.mobile.keyword.builtin.CloseApplicationKeyword.closeApplication(CloseApplicationKeyword.groovy:37)
	at com.kms.katalon.core.mobile.keyword.builtin.CloseApplicationKeyword.execute(CloseApplicationKeyword.groovy:32)
	at com.kms.katalon.core.keyword.internal.KeywordExecutor.executeKeywordForPlatform(KeywordExecutor.groovy:74)
	at com.kms.katalon.core.mobile.keyword.MobileBuiltInKeywords.closeApplication(MobileBuiltInKeywords.groovy:134)
	at BaseTest.closeApplication(BaseTest.groovy:36)
	at java.base/jdk.internal.reflect.NativeMethodAccessorImpl.invoke0(Native Method)
	at java.base/jdk.internal.reflect.NativeMethodAccessorImpl.invoke(NativeMethodAccessorImpl.java:77)
	at java.base/jdk.internal.reflect.DelegatingMethodAccessorImpl.invoke(DelegatingMethodAccessorImpl.java:43)
	at com.kms.katalon.core.context.internal.TestHooker.invokeMethod(TestHooker.java:111)
	at com.kms.katalon.core.context.internal.TestHooker.lambda$3(TestHooker.java:95)
	at com.kms.katalon.core.context.internal.TestHooker.invokeContextMethods(TestHooker.java:94)
	at com.kms.katalon.core.context.internal.TestListenerCollector.lambda$3(TestListenerCollector.java:88)
	at com.kms.katalon.core.context.internal.TestListenerCollector.handleListenerEvent(TestListenerCollector.java:85)
	at com.kms.katalon.core.context.internal.ExecutionEventManager.publicEvent(ExecutionEventManager.java:36)
	at com.kms.katalon.core.main.TestCaseExecutor.execute(TestCaseExecutor.java:315)
	at com.kms.katalon.core.common.CommonExecutor.accessTestCaseMainPhase(CommonExecutor.java:65)
	at com.kms.katalon.core.main.TestSuiteExecutor.accessTestSuiteMainPhase(TestSuiteExecutor.java:148)
	at com.kms.katalon.core.main.TestSuiteExecutor.execute(TestSuiteExecutor.java:106)
	at com.kms.katalon.core.main.TestCaseMain.startTestSuite(TestCaseMain.java:180)
	at TempTestSuite1721363656477.run(TempTestSuite1721363656477.groovy:35)
	at java.base/jdk.internal.reflect.NativeMethodAccessorImpl.invoke0(Native Method)
	at java.base/jdk.internal.reflect.NativeMethodAccessorImpl.invoke(NativeMethodAccessorImpl.java:77)
	at java.base/jdk.internal.reflect.DelegatingMethodAccessorImpl.invoke(DelegatingMethodAccessorImpl.java:43)
Caused by: com.kms.katalon.core.exception.StepFailedException: No driver found
	at java.base/jdk.internal.reflect.NativeConstructorAccessorImpl.newInstance0(Native Method)
	at java.base/jdk.internal.reflect.NativeConstructorAccessorImpl.newInstance(NativeConstructorAccessorImpl.java:77)
	at java.base/jdk.internal.reflect.DelegatingConstructorAccessorImpl.newInstance(DelegatingConstructorAccessorImpl.java:45)
	at com.kms.katalon.core.mobile.keyword.internal.MobileAbstractKeyword.getAnyAppiumDriver(MobileAbstractKeyword.groovy:43)
	at java.base/jdk.internal.reflect.NativeMethodAccessorImpl.invoke0(Native Method)
	at java.base/jdk.internal.reflect.NativeMethodAccessorImpl.invoke(NativeMethodAccessorImpl.java:77)
	at java.base/jdk.internal.reflect.DelegatingMethodAccessorImpl.invoke(DelegatingMethodAccessorImpl.java:43)
	at com.kms.katalon.core.mobile.keyword.builtin.CloseApplicationKeyword$_closeApplication_closure1.doCall(CloseApplicationKeyword.groovy:38)
	at com.kms.katalon.core.mobile.keyword.builtin.CloseApplicationKeyword$_closeApplication_closure1.call(CloseApplicationKeyword.groovy)
	at com.kms.katalon.core.mobile.keyword.internal.MobileKeywordMain.runKeyword(MobileKeywordMain.groovy:19)
	... 23 more


19-07-2024T11:35:15 - [MESSAGE][FAILED] - Unable to close app (Root cause: com.kms.katalon.core.exception.StepFailedException: Unable to close app
	at com.kms.katalon.core.mobile.keyword.internal.MobileKeywordMain.stepFailed(MobileKeywordMain.groovy:38)
	at com.kms.katalon.core.mobile.keyword.internal.MobileKeywordMain.runKeyword(MobileKeywordMain.groovy:21)
	at com.kms.katalon.core.mobile.keyword.builtin.CloseApplicationKeyword.closeApplication(CloseApplicationKeyword.groovy:37)
	at com.kms.katalon.core.mobile.keyword.builtin.CloseApplicationKeyword.execute(CloseApplicationKeyword.groovy:32)
	at com.kms.katalon.core.keyword.internal.KeywordExecutor.executeKeywordForPlatform(KeywordExecutor.groovy:74)
	at com.kms.katalon.core.mobile.keyword.MobileBuiltInKeywords.closeApplication(MobileBuiltInKeywords.groovy:134)
	at BaseTest.closeApplication(BaseTest.groovy:36)
	at java.base/jdk.internal.reflect.NativeMethodAccessorImpl.invoke0(Native Method)
	at java.base/jdk.internal.reflect.NativeMethodAccessorImpl.invoke(NativeMethodAccessorImpl.java:77)
	at java.base/jdk.internal.reflect.DelegatingMethodAccessorImpl.invoke(DelegatingMethodAccessorImpl.java:43)
	at com.kms.katalon.core.context.internal.TestHooker.invokeMethod(TestHooker.java:111)
	at com.kms.katalon.core.context.internal.TestHooker.lambda$3(TestHooker.java:95)
	at com.kms.katalon.core.context.internal.TestHooker.invokeContextMethods(TestHooker.java:94)
	at com.kms.katalon.core.context.internal.TestListenerCollector.lambda$3(TestListenerCollector.java:88)
	at com.kms.katalon.core.context.internal.TestListenerCollector.handleListenerEvent(TestListenerCollector.java:85)
	at com.kms.katalon.core.context.internal.ExecutionEventManager.publicEvent(ExecutionEventManager.java:36)
	at com.kms.katalon.core.main.TestCaseExecutor.execute(TestCaseExecutor.java:315)
	at com.kms.katalon.core.common.CommonExecutor.accessTestCaseMainPhase(CommonExecutor.java:65)
	at com.kms.katalon.core.main.TestSuiteExecutor.accessTestSuiteMainPhase(TestSuiteExecutor.java:148)
	at com.kms.katalon.core.main.TestSuiteExecutor.execute(TestSuiteExecutor.java:106)
	at com.kms.katalon.core.main.TestCaseMain.startTestSuite(TestCaseMain.java:180)
	at TempTestSuite1721363656477.run(TempTestSuite1721363656477.groovy:35)
	at java.base/jdk.internal.reflect.NativeMethodAccessorImpl.invoke0(Native Method)
	at java.base/jdk.internal.reflect.NativeMethodAccessorImpl.invoke(NativeMethodAccessorImpl.java:77)
	at java.base/jdk.internal.reflect.DelegatingMethodAccessorImpl.invoke(DelegatingMethodAccessorImpl.java:43)
Caused by: com.kms.katalon.core.exception.StepFailedException: No driver found
	at java.base/jdk.internal.reflect.NativeConstructorAccessorImpl.newInstance0(Native Method)
	at java.base/jdk.internal.reflect.NativeConstructorAccessorImpl.newInstance(NativeConstructorAccessorImpl.java:77)
	at java.base/jdk.internal.reflect.DelegatingConstructorAccessorImpl.newInstance(DelegatingConstructorAccessorImpl.java:45)
	at com.kms.katalon.core.mobile.keyword.internal.MobileAbstractKeyword.getAnyAppiumDriver(MobileAbstractKeyword.groovy:43)
	at java.base/jdk.internal.reflect.NativeMethodAccessorImpl.invoke0(Native Method)
	at java.base/jdk.internal.reflect.NativeMethodAccessorImpl.invoke(NativeMethodAccessorImpl.java:77)
	at java.base/jdk.internal.reflect.DelegatingMethodAccessorImpl.invoke(DelegatingMethodAccessorImpl.java:43)
	at com.kms.katalon.core.mobile.keyword.builtin.CloseApplicationKeyword$_closeApplication_closure1.doCall(CloseApplicationKeyword.groovy:38)
	at com.kms.katalon.core.mobile.keyword.builtin.CloseApplicationKeyword$_closeApplication_closure1.call(CloseApplicationKeyword.groovy)
	at com.kms.katalon.core.mobile.keyword.internal.MobileKeywordMain.runKeyword(MobileKeywordMain.groovy:19)
	... 23 more
)

19-07-2024T11:35:15 - [MESSAGE][ERROR] - com.kms.katalon.core.exception.StepFailedException: Unable to close app
	at com.kms.katalon.core.mobile.keyword.internal.MobileKeywordMain.stepFailed(MobileKeywordMain.groovy:38)
	at com.kms.katalon.core.mobile.keyword.internal.MobileKeywordMain.runKeyword(MobileKeywordMain.groovy:21)
	at com.kms.katalon.core.mobile.keyword.builtin.CloseApplicationKeyword.closeApplication(CloseApplicationKeyword.groovy:37)
	at com.kms.katalon.core.mobile.keyword.builtin.CloseApplicationKeyword.execute(CloseApplicationKeyword.groovy:32)
	at com.kms.katalon.core.keyword.internal.KeywordExecutor.executeKeywordForPlatform(KeywordExecutor.groovy:74)
	at com.kms.katalon.core.mobile.keyword.MobileBuiltInKeywords.closeApplication(MobileBuiltInKeywords.groovy:134)
	at BaseTest.closeApplication(BaseTest.groovy:36)
	at java.base/jdk.internal.reflect.NativeMethodAccessorImpl.invoke0(Native Method)
	at java.base/jdk.internal.reflect.NativeMethodAccessorImpl.invoke(NativeMethodAccessorImpl.java:77)
	at java.base/jdk.internal.reflect.DelegatingMethodAccessorImpl.invoke(DelegatingMethodAccessorImpl.java:43)
	at com.kms.katalon.core.context.internal.TestHooker.invokeMethod(TestHooker.java:111)
	at com.kms.katalon.core.context.internal.TestHooker.lambda$3(TestHooker.java:95)
	at com.kms.katalon.core.context.internal.TestHooker.invokeContextMethods(TestHooker.java:94)
	at com.kms.katalon.core.context.internal.TestListenerCollector.lambda$3(TestListenerCollector.java:88)
	at com.kms.katalon.core.context.internal.TestListenerCollector.handleListenerEvent(TestListenerCollector.java:85)
	at com.kms.katalon.core.context.internal.ExecutionEventManager.publicEvent(ExecutionEventManager.java:36)
	at com.kms.katalon.core.main.TestCaseExecutor.execute(TestCaseExecutor.java:315)
	at com.kms.katalon.core.common.CommonExecutor.accessTestCaseMainPhase(CommonExecutor.java:65)
	at com.kms.katalon.core.main.TestSuiteExecutor.accessTestSuiteMainPhase(TestSuiteExecutor.java:148)
	at com.kms.katalon.core.main.TestSuiteExecutor.execute(TestSuiteExecutor.java:106)
	at com.kms.katalon.core.main.TestCaseMain.startTestSuite(TestCaseMain.java:180)
	at TempTestSuite1721363656477.run(TempTestSuite1721363656477.groovy:35)
	at java.base/jdk.internal.reflect.NativeMethodAccessorImpl.invoke0(Native Method)
	at java.base/jdk.internal.reflect.NativeMethodAccessorImpl.invoke(NativeMethodAccessorImpl.java:77)
	at java.base/jdk.internal.reflect.DelegatingMethodAccessorImpl.invoke(DelegatingMethodAccessorImpl.java:43)
Caused by: com.kms.katalon.core.exception.StepFailedException: No driver found
	at java.base/jdk.internal.reflect.NativeConstructorAccessorImpl.newInstance0(Native Method)
	at java.base/jdk.internal.reflect.NativeConstructorAccessorImpl.newInstance(NativeConstructorAccessorImpl.java:77)
	at java.base/jdk.internal.reflect.DelegatingConstructorAccessorImpl.newInstance(DelegatingConstructorAccessorImpl.java:45)
	at com.kms.katalon.core.mobile.keyword.internal.MobileAbstractKeyword.getAnyAppiumDriver(MobileAbstractKeyword.groovy:43)
	at java.base/jdk.internal.reflect.NativeMethodAccessorImpl.invoke0(Native Method)
	at java.base/jdk.internal.reflect.NativeMethodAccessorImpl.invoke(NativeMethodAccessorImpl.java:77)
	at java.base/jdk.internal.reflect.DelegatingMethodAccessorImpl.invoke(DelegatingMethodAccessorImpl.java:43)
	at com.kms.katalon.core.mobile.keyword.builtin.CloseApplicationKeyword$_closeApplication_closure1.doCall(CloseApplicationKeyword.groovy:38)
	at com.kms.katalon.core.mobile.keyword.builtin.CloseApplicationKeyword$_closeApplication_closure1.call(CloseApplicationKeyword.groovy)
	at com.kms.katalon.core.mobile.keyword.internal.MobileKeywordMain.runKeyword(MobileKeywordMain.groovy:19)
	... 23 more


19-07-2024T11:35:15 - [TEST_STEP][PASSED] - Start listener action : closeBrowser: null

19-07-2024T11:35:15 - [TEST_STEP][PASSED] - if (!(isAPIRunning) & isWebRunning): null]]></system-out>
         <system-err><![CDATA[]]></system-err>
      </testcase>
      <testcase name="Test Cases/API/Patient Management/GET_Verify get patient accounts list successfully" time="2.732" classname="Test Cases/API/Patient Management/GET_Verify get patient accounts list successfully" status="PASSED">
         <system-out><![CDATA[19-07-2024T11:35:15 - [TEST_CASE][PASSED] - Test Cases/API/Patient Management/GET_Verify get patient accounts list successfully: Test Cases/API/Patient Management/GET_Verify get patient accounts list successfully

19-07-2024T11:35:15 - [TEST_STEP][PASSED] - Start listener action : before: null

19-07-2024T11:35:15 - [TEST_STEP][PASSED] - if (isApiTestCase(testCaseContext.getTestCaseId())): null

19-07-2024T11:35:15 - [TEST_STEP][PASSED] - if (isWebTestCase(testCaseContext.getTestCaseId())): null

19-07-2024T11:35:15 - [TEST_STEP][PASSED] - Start listener action : openApplication: null

19-07-2024T11:35:15 - [TEST_STEP][PASSED] - if (!(isAPIRunning) & !(isWebRunning)): null

19-07-2024T11:35:15 - [TEST_STEP][PASSED] - Start listener action : openBrowser: null

19-07-2024T11:35:15 - [TEST_STEP][PASSED] - if (!(isAPIRunning) & isWebRunning): null

19-07-2024T11:35:15 - [TEST_STEP][PASSED] - user = withRole("Admin").getFirst(): null

19-07-2024T11:35:15 - [TEST_STEP][PASSED] - adminAccessToken = signIn(email, pwd).getAccessToken(): Send request successfully

19-07-2024T11:35:16 - [MESSAGE][INFO] - HAR: /Users/linh.phan/Automation_Katalon_QE/katalon-healthcare/Reports/20240719_113416/API/API Regression Test/20240719_113416/requests/main/30.har

19-07-2024T11:35:16 - [MESSAGE][PASSED] - Send request successfully

19-07-2024T11:35:16 - [TEST_STEP][PASSED] - verifyStatusCode(200).validateJsonAgainstSchema("
										{
										"$schema": "http://json-schema.org/draft-04/schema#",
										"type": "object",
										"properties": {
										  "items": {
											"type": "array",
											"items": [
											  {
												"type": "object",
												"properties": {
												  "id": {
													"type": "string"
												  },
												  "fullName": {
													"type": "string"
												  },
												  "address": {
													"type": "string"
												  },
												  "email": {
													"type": "string"
												  },
												  "birthday": {
													"type": "string"
												  },
												  "phoneNumber": {
													"type": "string"
												  },
												  "gender": {
													"type": "string"
												  },
												  "weight": {
													"type": "integer"
												  },
												  "height": {
													"type": "integer"
												  },
												  "activated": {
													"type": "boolean"
												  }
												},
												"required": [
												  "id",
												  "fullName",
												  "email",
												  "phoneNumber",
												  "activated"
												]
											  }
											]
										  },
										  "pagination": {
											"type": "object",
											"properties": {
											  "currentPage": {
												"type": "integer"
											  },
											  "totalPages": {
												"type": "integer"
											  },
											  "totalRecords": {
												"type": "integer"
											  }
											},
											"required": [
											  "currentPage",
											  "totalPages",
											  "totalRecords"
											]
										  }
										},
										"required": [
										  "items",
										  "pagination"
										]
									  }
									}"): Validate with JSON Schema successfully

19-07-2024T11:35:17 - [MESSAGE][INFO] - HAR: /Users/linh.phan/Automation_Katalon_QE/katalon-healthcare/Reports/20240719_113416/API/API Regression Test/20240719_113416/requests/main/31.har

19-07-2024T11:35:17 - [MESSAGE][PASSED] - Send request successfully

19-07-2024T11:35:17 - [MESSAGE][PASSED] - Verify response status code successfully

19-07-2024T11:35:17 - [MESSAGE][PASSED] - Validate with JSON Schema successfully

19-07-2024T11:35:17 - [TEST_STEP][PASSED] - Start listener action : after: null

19-07-2024T11:35:17 - [TEST_STEP][PASSED] - isAPIRunning = false: null

19-07-2024T11:35:17 - [TEST_STEP][ERROR] - Start listener action : closeApplication: com.kms.katalon.core.exception.StepFailedException: Unable to close app
	at com.kms.katalon.core.mobile.keyword.internal.MobileKeywordMain.stepFailed(MobileKeywordMain.groovy:38)
	at com.kms.katalon.core.mobile.keyword.internal.MobileKeywordMain.runKeyword(MobileKeywordMain.groovy:21)
	at com.kms.katalon.core.mobile.keyword.builtin.CloseApplicationKeyword.closeApplication(CloseApplicationKeyword.groovy:37)
	at com.kms.katalon.core.mobile.keyword.builtin.CloseApplicationKeyword.execute(CloseApplicationKeyword.groovy:32)
	at com.kms.katalon.core.keyword.internal.KeywordExecutor.executeKeywordForPlatform(KeywordExecutor.groovy:74)
	at com.kms.katalon.core.mobile.keyword.MobileBuiltInKeywords.closeApplication(MobileBuiltInKeywords.groovy:134)
	at BaseTest.closeApplication(BaseTest.groovy:36)
	at java.base/jdk.internal.reflect.NativeMethodAccessorImpl.invoke0(Native Method)
	at java.base/jdk.internal.reflect.NativeMethodAccessorImpl.invoke(NativeMethodAccessorImpl.java:77)
	at java.base/jdk.internal.reflect.DelegatingMethodAccessorImpl.invoke(DelegatingMethodAccessorImpl.java:43)
	at com.kms.katalon.core.context.internal.TestHooker.invokeMethod(TestHooker.java:111)
	at com.kms.katalon.core.context.internal.TestHooker.lambda$3(TestHooker.java:95)
	at com.kms.katalon.core.context.internal.TestHooker.invokeContextMethods(TestHooker.java:94)
	at com.kms.katalon.core.context.internal.TestListenerCollector.lambda$3(TestListenerCollector.java:88)
	at com.kms.katalon.core.context.internal.TestListenerCollector.handleListenerEvent(TestListenerCollector.java:85)
	at com.kms.katalon.core.context.internal.ExecutionEventManager.publicEvent(ExecutionEventManager.java:36)
	at com.kms.katalon.core.main.TestCaseExecutor.execute(TestCaseExecutor.java:315)
	at com.kms.katalon.core.common.CommonExecutor.accessTestCaseMainPhase(CommonExecutor.java:65)
	at com.kms.katalon.core.main.TestSuiteExecutor.accessTestSuiteMainPhase(TestSuiteExecutor.java:148)
	at com.kms.katalon.core.main.TestSuiteExecutor.execute(TestSuiteExecutor.java:106)
	at com.kms.katalon.core.main.TestCaseMain.startTestSuite(TestCaseMain.java:180)
	at TempTestSuite1721363656477.run(TempTestSuite1721363656477.groovy:35)
	at java.base/jdk.internal.reflect.NativeMethodAccessorImpl.invoke0(Native Method)
	at java.base/jdk.internal.reflect.NativeMethodAccessorImpl.invoke(NativeMethodAccessorImpl.java:77)
	at java.base/jdk.internal.reflect.DelegatingMethodAccessorImpl.invoke(DelegatingMethodAccessorImpl.java:43)
Caused by: com.kms.katalon.core.exception.StepFailedException: No driver found
	at java.base/jdk.internal.reflect.NativeConstructorAccessorImpl.newInstance0(Native Method)
	at java.base/jdk.internal.reflect.NativeConstructorAccessorImpl.newInstance(NativeConstructorAccessorImpl.java:77)
	at java.base/jdk.internal.reflect.DelegatingConstructorAccessorImpl.newInstance(DelegatingConstructorAccessorImpl.java:45)
	at com.kms.katalon.core.mobile.keyword.internal.MobileAbstractKeyword.getAnyAppiumDriver(MobileAbstractKeyword.groovy:43)
	at java.base/jdk.internal.reflect.NativeMethodAccessorImpl.invoke0(Native Method)
	at java.base/jdk.internal.reflect.NativeMethodAccessorImpl.invoke(NativeMethodAccessorImpl.java:77)
	at java.base/jdk.internal.reflect.DelegatingMethodAccessorImpl.invoke(DelegatingMethodAccessorImpl.java:43)
	at com.kms.katalon.core.mobile.keyword.builtin.CloseApplicationKeyword$_closeApplication_closure1.doCall(CloseApplicationKeyword.groovy:38)
	at com.kms.katalon.core.mobile.keyword.builtin.CloseApplicationKeyword$_closeApplication_closure1.call(CloseApplicationKeyword.groovy)
	at com.kms.katalon.core.mobile.keyword.internal.MobileKeywordMain.runKeyword(MobileKeywordMain.groovy:19)
	... 23 more


19-07-2024T11:35:17 - [TEST_STEP][ERROR] - if (!(isAPIRunning) & !(isWebRunning)): com.kms.katalon.core.exception.StepFailedException: Unable to close app
	at com.kms.katalon.core.mobile.keyword.internal.MobileKeywordMain.stepFailed(MobileKeywordMain.groovy:38)
	at com.kms.katalon.core.mobile.keyword.internal.MobileKeywordMain.runKeyword(MobileKeywordMain.groovy:21)
	at com.kms.katalon.core.mobile.keyword.builtin.CloseApplicationKeyword.closeApplication(CloseApplicationKeyword.groovy:37)
	at com.kms.katalon.core.mobile.keyword.builtin.CloseApplicationKeyword.execute(CloseApplicationKeyword.groovy:32)
	at com.kms.katalon.core.keyword.internal.KeywordExecutor.executeKeywordForPlatform(KeywordExecutor.groovy:74)
	at com.kms.katalon.core.mobile.keyword.MobileBuiltInKeywords.closeApplication(MobileBuiltInKeywords.groovy:134)
	at BaseTest.closeApplication(BaseTest.groovy:36)
	at java.base/jdk.internal.reflect.NativeMethodAccessorImpl.invoke0(Native Method)
	at java.base/jdk.internal.reflect.NativeMethodAccessorImpl.invoke(NativeMethodAccessorImpl.java:77)
	at java.base/jdk.internal.reflect.DelegatingMethodAccessorImpl.invoke(DelegatingMethodAccessorImpl.java:43)
	at com.kms.katalon.core.context.internal.TestHooker.invokeMethod(TestHooker.java:111)
	at com.kms.katalon.core.context.internal.TestHooker.lambda$3(TestHooker.java:95)
	at com.kms.katalon.core.context.internal.TestHooker.invokeContextMethods(TestHooker.java:94)
	at com.kms.katalon.core.context.internal.TestListenerCollector.lambda$3(TestListenerCollector.java:88)
	at com.kms.katalon.core.context.internal.TestListenerCollector.handleListenerEvent(TestListenerCollector.java:85)
	at com.kms.katalon.core.context.internal.ExecutionEventManager.publicEvent(ExecutionEventManager.java:36)
	at com.kms.katalon.core.main.TestCaseExecutor.execute(TestCaseExecutor.java:315)
	at com.kms.katalon.core.common.CommonExecutor.accessTestCaseMainPhase(CommonExecutor.java:65)
	at com.kms.katalon.core.main.TestSuiteExecutor.accessTestSuiteMainPhase(TestSuiteExecutor.java:148)
	at com.kms.katalon.core.main.TestSuiteExecutor.execute(TestSuiteExecutor.java:106)
	at com.kms.katalon.core.main.TestCaseMain.startTestSuite(TestCaseMain.java:180)
	at TempTestSuite1721363656477.run(TempTestSuite1721363656477.groovy:35)
	at java.base/jdk.internal.reflect.NativeMethodAccessorImpl.invoke0(Native Method)
	at java.base/jdk.internal.reflect.NativeMethodAccessorImpl.invoke(NativeMethodAccessorImpl.java:77)
	at java.base/jdk.internal.reflect.DelegatingMethodAccessorImpl.invoke(DelegatingMethodAccessorImpl.java:43)
Caused by: com.kms.katalon.core.exception.StepFailedException: No driver found
	at java.base/jdk.internal.reflect.NativeConstructorAccessorImpl.newInstance0(Native Method)
	at java.base/jdk.internal.reflect.NativeConstructorAccessorImpl.newInstance(NativeConstructorAccessorImpl.java:77)
	at java.base/jdk.internal.reflect.DelegatingConstructorAccessorImpl.newInstance(DelegatingConstructorAccessorImpl.java:45)
	at com.kms.katalon.core.mobile.keyword.internal.MobileAbstractKeyword.getAnyAppiumDriver(MobileAbstractKeyword.groovy:43)
	at java.base/jdk.internal.reflect.NativeMethodAccessorImpl.invoke0(Native Method)
	at java.base/jdk.internal.reflect.NativeMethodAccessorImpl.invoke(NativeMethodAccessorImpl.java:77)
	at java.base/jdk.internal.reflect.DelegatingMethodAccessorImpl.invoke(DelegatingMethodAccessorImpl.java:43)
	at com.kms.katalon.core.mobile.keyword.builtin.CloseApplicationKeyword$_closeApplication_closure1.doCall(CloseApplicationKeyword.groovy:38)
	at com.kms.katalon.core.mobile.keyword.builtin.CloseApplicationKeyword$_closeApplication_closure1.call(CloseApplicationKeyword.groovy)
	at com.kms.katalon.core.mobile.keyword.internal.MobileKeywordMain.runKeyword(MobileKeywordMain.groovy:19)
	... 23 more


19-07-2024T11:35:17 - [TEST_STEP][ERROR] - closeApplication(): com.kms.katalon.core.exception.StepFailedException: Unable to close app
	at com.kms.katalon.core.mobile.keyword.internal.MobileKeywordMain.stepFailed(MobileKeywordMain.groovy:38)
	at com.kms.katalon.core.mobile.keyword.internal.MobileKeywordMain.runKeyword(MobileKeywordMain.groovy:21)
	at com.kms.katalon.core.mobile.keyword.builtin.CloseApplicationKeyword.closeApplication(CloseApplicationKeyword.groovy:37)
	at com.kms.katalon.core.mobile.keyword.builtin.CloseApplicationKeyword.execute(CloseApplicationKeyword.groovy:32)
	at com.kms.katalon.core.keyword.internal.KeywordExecutor.executeKeywordForPlatform(KeywordExecutor.groovy:74)
	at com.kms.katalon.core.mobile.keyword.MobileBuiltInKeywords.closeApplication(MobileBuiltInKeywords.groovy:134)
	at BaseTest.closeApplication(BaseTest.groovy:36)
	at java.base/jdk.internal.reflect.NativeMethodAccessorImpl.invoke0(Native Method)
	at java.base/jdk.internal.reflect.NativeMethodAccessorImpl.invoke(NativeMethodAccessorImpl.java:77)
	at java.base/jdk.internal.reflect.DelegatingMethodAccessorImpl.invoke(DelegatingMethodAccessorImpl.java:43)
	at com.kms.katalon.core.context.internal.TestHooker.invokeMethod(TestHooker.java:111)
	at com.kms.katalon.core.context.internal.TestHooker.lambda$3(TestHooker.java:95)
	at com.kms.katalon.core.context.internal.TestHooker.invokeContextMethods(TestHooker.java:94)
	at com.kms.katalon.core.context.internal.TestListenerCollector.lambda$3(TestListenerCollector.java:88)
	at com.kms.katalon.core.context.internal.TestListenerCollector.handleListenerEvent(TestListenerCollector.java:85)
	at com.kms.katalon.core.context.internal.ExecutionEventManager.publicEvent(ExecutionEventManager.java:36)
	at com.kms.katalon.core.main.TestCaseExecutor.execute(TestCaseExecutor.java:315)
	at com.kms.katalon.core.common.CommonExecutor.accessTestCaseMainPhase(CommonExecutor.java:65)
	at com.kms.katalon.core.main.TestSuiteExecutor.accessTestSuiteMainPhase(TestSuiteExecutor.java:148)
	at com.kms.katalon.core.main.TestSuiteExecutor.execute(TestSuiteExecutor.java:106)
	at com.kms.katalon.core.main.TestCaseMain.startTestSuite(TestCaseMain.java:180)
	at TempTestSuite1721363656477.run(TempTestSuite1721363656477.groovy:35)
	at java.base/jdk.internal.reflect.NativeMethodAccessorImpl.invoke0(Native Method)
	at java.base/jdk.internal.reflect.NativeMethodAccessorImpl.invoke(NativeMethodAccessorImpl.java:77)
	at java.base/jdk.internal.reflect.DelegatingMethodAccessorImpl.invoke(DelegatingMethodAccessorImpl.java:43)
Caused by: com.kms.katalon.core.exception.StepFailedException: No driver found
	at java.base/jdk.internal.reflect.NativeConstructorAccessorImpl.newInstance0(Native Method)
	at java.base/jdk.internal.reflect.NativeConstructorAccessorImpl.newInstance(NativeConstructorAccessorImpl.java:77)
	at java.base/jdk.internal.reflect.DelegatingConstructorAccessorImpl.newInstance(DelegatingConstructorAccessorImpl.java:45)
	at com.kms.katalon.core.mobile.keyword.internal.MobileAbstractKeyword.getAnyAppiumDriver(MobileAbstractKeyword.groovy:43)
	at java.base/jdk.internal.reflect.NativeMethodAccessorImpl.invoke0(Native Method)
	at java.base/jdk.internal.reflect.NativeMethodAccessorImpl.invoke(NativeMethodAccessorImpl.java:77)
	at java.base/jdk.internal.reflect.DelegatingMethodAccessorImpl.invoke(DelegatingMethodAccessorImpl.java:43)
	at com.kms.katalon.core.mobile.keyword.builtin.CloseApplicationKeyword$_closeApplication_closure1.doCall(CloseApplicationKeyword.groovy:38)
	at com.kms.katalon.core.mobile.keyword.builtin.CloseApplicationKeyword$_closeApplication_closure1.call(CloseApplicationKeyword.groovy)
	at com.kms.katalon.core.mobile.keyword.internal.MobileKeywordMain.runKeyword(MobileKeywordMain.groovy:19)
	... 23 more


19-07-2024T11:35:17 - [MESSAGE][FAILED] - Unable to close app (Root cause: com.kms.katalon.core.exception.StepFailedException: Unable to close app
	at com.kms.katalon.core.mobile.keyword.internal.MobileKeywordMain.stepFailed(MobileKeywordMain.groovy:38)
	at com.kms.katalon.core.mobile.keyword.internal.MobileKeywordMain.runKeyword(MobileKeywordMain.groovy:21)
	at com.kms.katalon.core.mobile.keyword.builtin.CloseApplicationKeyword.closeApplication(CloseApplicationKeyword.groovy:37)
	at com.kms.katalon.core.mobile.keyword.builtin.CloseApplicationKeyword.execute(CloseApplicationKeyword.groovy:32)
	at com.kms.katalon.core.keyword.internal.KeywordExecutor.executeKeywordForPlatform(KeywordExecutor.groovy:74)
	at com.kms.katalon.core.mobile.keyword.MobileBuiltInKeywords.closeApplication(MobileBuiltInKeywords.groovy:134)
	at BaseTest.closeApplication(BaseTest.groovy:36)
	at java.base/jdk.internal.reflect.NativeMethodAccessorImpl.invoke0(Native Method)
	at java.base/jdk.internal.reflect.NativeMethodAccessorImpl.invoke(NativeMethodAccessorImpl.java:77)
	at java.base/jdk.internal.reflect.DelegatingMethodAccessorImpl.invoke(DelegatingMethodAccessorImpl.java:43)
	at com.kms.katalon.core.context.internal.TestHooker.invokeMethod(TestHooker.java:111)
	at com.kms.katalon.core.context.internal.TestHooker.lambda$3(TestHooker.java:95)
	at com.kms.katalon.core.context.internal.TestHooker.invokeContextMethods(TestHooker.java:94)
	at com.kms.katalon.core.context.internal.TestListenerCollector.lambda$3(TestListenerCollector.java:88)
	at com.kms.katalon.core.context.internal.TestListenerCollector.handleListenerEvent(TestListenerCollector.java:85)
	at com.kms.katalon.core.context.internal.ExecutionEventManager.publicEvent(ExecutionEventManager.java:36)
	at com.kms.katalon.core.main.TestCaseExecutor.execute(TestCaseExecutor.java:315)
	at com.kms.katalon.core.common.CommonExecutor.accessTestCaseMainPhase(CommonExecutor.java:65)
	at com.kms.katalon.core.main.TestSuiteExecutor.accessTestSuiteMainPhase(TestSuiteExecutor.java:148)
	at com.kms.katalon.core.main.TestSuiteExecutor.execute(TestSuiteExecutor.java:106)
	at com.kms.katalon.core.main.TestCaseMain.startTestSuite(TestCaseMain.java:180)
	at TempTestSuite1721363656477.run(TempTestSuite1721363656477.groovy:35)
	at java.base/jdk.internal.reflect.NativeMethodAccessorImpl.invoke0(Native Method)
	at java.base/jdk.internal.reflect.NativeMethodAccessorImpl.invoke(NativeMethodAccessorImpl.java:77)
	at java.base/jdk.internal.reflect.DelegatingMethodAccessorImpl.invoke(DelegatingMethodAccessorImpl.java:43)
Caused by: com.kms.katalon.core.exception.StepFailedException: No driver found
	at java.base/jdk.internal.reflect.NativeConstructorAccessorImpl.newInstance0(Native Method)
	at java.base/jdk.internal.reflect.NativeConstructorAccessorImpl.newInstance(NativeConstructorAccessorImpl.java:77)
	at java.base/jdk.internal.reflect.DelegatingConstructorAccessorImpl.newInstance(DelegatingConstructorAccessorImpl.java:45)
	at com.kms.katalon.core.mobile.keyword.internal.MobileAbstractKeyword.getAnyAppiumDriver(MobileAbstractKeyword.groovy:43)
	at java.base/jdk.internal.reflect.NativeMethodAccessorImpl.invoke0(Native Method)
	at java.base/jdk.internal.reflect.NativeMethodAccessorImpl.invoke(NativeMethodAccessorImpl.java:77)
	at java.base/jdk.internal.reflect.DelegatingMethodAccessorImpl.invoke(DelegatingMethodAccessorImpl.java:43)
	at com.kms.katalon.core.mobile.keyword.builtin.CloseApplicationKeyword$_closeApplication_closure1.doCall(CloseApplicationKeyword.groovy:38)
	at com.kms.katalon.core.mobile.keyword.builtin.CloseApplicationKeyword$_closeApplication_closure1.call(CloseApplicationKeyword.groovy)
	at com.kms.katalon.core.mobile.keyword.internal.MobileKeywordMain.runKeyword(MobileKeywordMain.groovy:19)
	... 23 more
)

19-07-2024T11:35:17 - [MESSAGE][ERROR] - com.kms.katalon.core.exception.StepFailedException: Unable to close app
	at com.kms.katalon.core.mobile.keyword.internal.MobileKeywordMain.stepFailed(MobileKeywordMain.groovy:38)
	at com.kms.katalon.core.mobile.keyword.internal.MobileKeywordMain.runKeyword(MobileKeywordMain.groovy:21)
	at com.kms.katalon.core.mobile.keyword.builtin.CloseApplicationKeyword.closeApplication(CloseApplicationKeyword.groovy:37)
	at com.kms.katalon.core.mobile.keyword.builtin.CloseApplicationKeyword.execute(CloseApplicationKeyword.groovy:32)
	at com.kms.katalon.core.keyword.internal.KeywordExecutor.executeKeywordForPlatform(KeywordExecutor.groovy:74)
	at com.kms.katalon.core.mobile.keyword.MobileBuiltInKeywords.closeApplication(MobileBuiltInKeywords.groovy:134)
	at BaseTest.closeApplication(BaseTest.groovy:36)
	at java.base/jdk.internal.reflect.NativeMethodAccessorImpl.invoke0(Native Method)
	at java.base/jdk.internal.reflect.NativeMethodAccessorImpl.invoke(NativeMethodAccessorImpl.java:77)
	at java.base/jdk.internal.reflect.DelegatingMethodAccessorImpl.invoke(DelegatingMethodAccessorImpl.java:43)
	at com.kms.katalon.core.context.internal.TestHooker.invokeMethod(TestHooker.java:111)
	at com.kms.katalon.core.context.internal.TestHooker.lambda$3(TestHooker.java:95)
	at com.kms.katalon.core.context.internal.TestHooker.invokeContextMethods(TestHooker.java:94)
	at com.kms.katalon.core.context.internal.TestListenerCollector.lambda$3(TestListenerCollector.java:88)
	at com.kms.katalon.core.context.internal.TestListenerCollector.handleListenerEvent(TestListenerCollector.java:85)
	at com.kms.katalon.core.context.internal.ExecutionEventManager.publicEvent(ExecutionEventManager.java:36)
	at com.kms.katalon.core.main.TestCaseExecutor.execute(TestCaseExecutor.java:315)
	at com.kms.katalon.core.common.CommonExecutor.accessTestCaseMainPhase(CommonExecutor.java:65)
	at com.kms.katalon.core.main.TestSuiteExecutor.accessTestSuiteMainPhase(TestSuiteExecutor.java:148)
	at com.kms.katalon.core.main.TestSuiteExecutor.execute(TestSuiteExecutor.java:106)
	at com.kms.katalon.core.main.TestCaseMain.startTestSuite(TestCaseMain.java:180)
	at TempTestSuite1721363656477.run(TempTestSuite1721363656477.groovy:35)
	at java.base/jdk.internal.reflect.NativeMethodAccessorImpl.invoke0(Native Method)
	at java.base/jdk.internal.reflect.NativeMethodAccessorImpl.invoke(NativeMethodAccessorImpl.java:77)
	at java.base/jdk.internal.reflect.DelegatingMethodAccessorImpl.invoke(DelegatingMethodAccessorImpl.java:43)
Caused by: com.kms.katalon.core.exception.StepFailedException: No driver found
	at java.base/jdk.internal.reflect.NativeConstructorAccessorImpl.newInstance0(Native Method)
	at java.base/jdk.internal.reflect.NativeConstructorAccessorImpl.newInstance(NativeConstructorAccessorImpl.java:77)
	at java.base/jdk.internal.reflect.DelegatingConstructorAccessorImpl.newInstance(DelegatingConstructorAccessorImpl.java:45)
	at com.kms.katalon.core.mobile.keyword.internal.MobileAbstractKeyword.getAnyAppiumDriver(MobileAbstractKeyword.groovy:43)
	at java.base/jdk.internal.reflect.NativeMethodAccessorImpl.invoke0(Native Method)
	at java.base/jdk.internal.reflect.NativeMethodAccessorImpl.invoke(NativeMethodAccessorImpl.java:77)
	at java.base/jdk.internal.reflect.DelegatingMethodAccessorImpl.invoke(DelegatingMethodAccessorImpl.java:43)
	at com.kms.katalon.core.mobile.keyword.builtin.CloseApplicationKeyword$_closeApplication_closure1.doCall(CloseApplicationKeyword.groovy:38)
	at com.kms.katalon.core.mobile.keyword.builtin.CloseApplicationKeyword$_closeApplication_closure1.call(CloseApplicationKeyword.groovy)
	at com.kms.katalon.core.mobile.keyword.internal.MobileKeywordMain.runKeyword(MobileKeywordMain.groovy:19)
	... 23 more


19-07-2024T11:35:17 - [TEST_STEP][PASSED] - Start listener action : closeBrowser: null

19-07-2024T11:35:17 - [TEST_STEP][PASSED] - if (!(isAPIRunning) & isWebRunning): null]]></system-out>
         <system-err><![CDATA[]]></system-err>
      </testcase>
      <testcase name="Test Cases/API/Doctor Profile Draft/PUT_Verify review doctor profile draft successfully" time="9.55" classname="Test Cases/API/Doctor Profile Draft/PUT_Verify review doctor profile draft successfully" status="PASSED">
         <system-out><![CDATA[19-07-2024T11:35:17 - [TEST_CASE][PASSED] - Test Cases/API/Doctor Profile Draft/PUT_Verify review doctor profile draft successfully: Test Cases/API/Doctor Profile Draft/PUT_Verify review doctor profile draft successfully

19-07-2024T11:35:17 - [TEST_STEP][PASSED] - Start listener action : before: null

19-07-2024T11:35:17 - [TEST_STEP][PASSED] - if (isApiTestCase(testCaseContext.getTestCaseId())): null

19-07-2024T11:35:17 - [TEST_STEP][PASSED] - if (isWebTestCase(testCaseContext.getTestCaseId())): null

19-07-2024T11:35:17 - [TEST_STEP][PASSED] - Start listener action : openApplication: null

19-07-2024T11:35:17 - [TEST_STEP][PASSED] - if (!(isAPIRunning) & !(isWebRunning)): null

19-07-2024T11:35:17 - [TEST_STEP][PASSED] - Start listener action : openBrowser: null

19-07-2024T11:35:17 - [TEST_STEP][PASSED] - if (!(isAPIRunning) & isWebRunning): null

19-07-2024T11:35:17 - [TEST_STEP][PASSED] - user = withRole("Admin").getFirst(): null

19-07-2024T11:35:17 - [TEST_STEP][PASSED] - adminToken = signIn(email, pwd).getAccessToken(): Send request successfully

19-07-2024T11:35:19 - [MESSAGE][INFO] - HAR: /Users/linh.phan/Automation_Katalon_QE/katalon-healthcare/Reports/20240719_113416/API/API Regression Test/20240719_113416/requests/main/32.har

19-07-2024T11:35:19 - [MESSAGE][PASSED] - Send request successfully

19-07-2024T11:35:19 - [TEST_STEP][PASSED] - email = RandomProfileGenerator).generateRandomEmail(): null

19-07-2024T11:35:19 - [TEST_STEP][PASSED] - fullName = RandomProfileGenerator).generateRandomName(): null

19-07-2024T11:35:19 - [TEST_STEP][PASSED] - phoneNumber = RandomProfileGenerator).generateRandomPhoneNumber(): null

19-07-2024T11:35:19 - [TEST_STEP][PASSED] - password = "P@ssw0rd@auto": null

19-07-2024T11:35:19 - [TEST_STEP][PASSED] - initRequestObject().createDoctor(adminToken, email, fullName, phoneNumber, password): Send request successfully

19-07-2024T11:35:21 - [MESSAGE][INFO] - HAR: /Users/linh.phan/Automation_Katalon_QE/katalon-healthcare/Reports/20240719_113416/API/API Regression Test/20240719_113416/requests/main/33.har

19-07-2024T11:35:21 - [MESSAGE][PASSED] - Send request successfully

19-07-2024T11:35:21 - [TEST_STEP][PASSED] - user = withRole("Doctor").getFirst(): null

19-07-2024T11:35:21 - [TEST_STEP][PASSED] - doctorToken = signIn(email, pwd).getAccessToken(): Send request successfully

19-07-2024T11:35:23 - [MESSAGE][INFO] - HAR: /Users/linh.phan/Automation_Katalon_QE/katalon-healthcare/Reports/20240719_113416/API/API Regression Test/20240719_113416/requests/main/34.har

19-07-2024T11:35:23 - [MESSAGE][PASSED] - Send request successfully

19-07-2024T11:35:23 - [TEST_STEP][PASSED] - newFullName = RandomProfileGenerator).generateRandomName(): null

19-07-2024T11:35:23 - [TEST_STEP][PASSED] - newPhoneNumber = RandomProfileGenerator).generateRandomPhoneNumber(): null

19-07-2024T11:35:23 - [TEST_STEP][PASSED] - gender = RandomProfileGenerator).generateRandomGender(): null

19-07-2024T11:35:23 - [TEST_STEP][PASSED] - address = RandomProfileGenerator).generateRandomAddress(): null

19-07-2024T11:35:23 - [TEST_STEP][PASSED] - birthday = RandomProfileGenerator).generateRandomBirthday(): null

19-07-2024T11:35:23 - [TEST_STEP][PASSED] - speciality = RandomProfileGenerator).generateRandomSpeciality(): Send request successfully

19-07-2024T11:35:24 - [MESSAGE][INFO] - HAR: /Users/linh.phan/Automation_Katalon_QE/katalon-healthcare/Reports/20240719_113416/API/API Regression Test/20240719_113416/requests/main/35.har

19-07-2024T11:35:24 - [MESSAGE][PASSED] - Send request successfully

19-07-2024T11:35:24 - [TEST_STEP][PASSED] - degree = RandomProfileGenerator).generateRandomDegree(): null

19-07-2024T11:35:24 - [TEST_STEP][PASSED] - description = RandomProfileGenerator).generateRandomDescription(): null

19-07-2024T11:35:24 - [TEST_STEP][PASSED] - photo = "photoAuto": null

19-07-2024T11:35:24 - [TEST_STEP][PASSED] - doctorId = id: Send request successfully

19-07-2024T11:35:25 - [MESSAGE][INFO] - HAR: /Users/linh.phan/Automation_Katalon_QE/katalon-healthcare/Reports/20240719_113416/API/API Regression Test/20240719_113416/requests/main/36.har

19-07-2024T11:35:25 - [MESSAGE][PASSED] - Send request successfully

19-07-2024T11:35:25 - [TEST_STEP][PASSED] - verifyStatusCode(200).verifyPropertyValue("message", "Review sent successfully"): Verify element property value successfully

19-07-2024T11:35:27 - [MESSAGE][INFO] - HAR: /Users/linh.phan/Automation_Katalon_QE/katalon-healthcare/Reports/20240719_113416/API/API Regression Test/20240719_113416/requests/main/37.har

19-07-2024T11:35:27 - [MESSAGE][PASSED] - Send request successfully

19-07-2024T11:35:27 - [MESSAGE][PASSED] - Verify response status code successfully

19-07-2024T11:35:27 - [MESSAGE][PASSED] - Verify element property value successfully

19-07-2024T11:35:27 - [TEST_STEP][PASSED] - Start listener action : after: null

19-07-2024T11:35:27 - [TEST_STEP][PASSED] - isAPIRunning = false: null

19-07-2024T11:35:27 - [TEST_STEP][ERROR] - Start listener action : closeApplication: com.kms.katalon.core.exception.StepFailedException: Unable to close app
	at com.kms.katalon.core.mobile.keyword.internal.MobileKeywordMain.stepFailed(MobileKeywordMain.groovy:38)
	at com.kms.katalon.core.mobile.keyword.internal.MobileKeywordMain.runKeyword(MobileKeywordMain.groovy:21)
	at com.kms.katalon.core.mobile.keyword.builtin.CloseApplicationKeyword.closeApplication(CloseApplicationKeyword.groovy:37)
	at com.kms.katalon.core.mobile.keyword.builtin.CloseApplicationKeyword.execute(CloseApplicationKeyword.groovy:32)
	at com.kms.katalon.core.keyword.internal.KeywordExecutor.executeKeywordForPlatform(KeywordExecutor.groovy:74)
	at com.kms.katalon.core.mobile.keyword.MobileBuiltInKeywords.closeApplication(MobileBuiltInKeywords.groovy:134)
	at BaseTest.closeApplication(BaseTest.groovy:36)
	at java.base/jdk.internal.reflect.NativeMethodAccessorImpl.invoke0(Native Method)
	at java.base/jdk.internal.reflect.NativeMethodAccessorImpl.invoke(NativeMethodAccessorImpl.java:77)
	at java.base/jdk.internal.reflect.DelegatingMethodAccessorImpl.invoke(DelegatingMethodAccessorImpl.java:43)
	at com.kms.katalon.core.context.internal.TestHooker.invokeMethod(TestHooker.java:111)
	at com.kms.katalon.core.context.internal.TestHooker.lambda$3(TestHooker.java:95)
	at com.kms.katalon.core.context.internal.TestHooker.invokeContextMethods(TestHooker.java:94)
	at com.kms.katalon.core.context.internal.TestListenerCollector.lambda$3(TestListenerCollector.java:88)
	at com.kms.katalon.core.context.internal.TestListenerCollector.handleListenerEvent(TestListenerCollector.java:85)
	at com.kms.katalon.core.context.internal.ExecutionEventManager.publicEvent(ExecutionEventManager.java:36)
	at com.kms.katalon.core.main.TestCaseExecutor.execute(TestCaseExecutor.java:315)
	at com.kms.katalon.core.common.CommonExecutor.accessTestCaseMainPhase(CommonExecutor.java:65)
	at com.kms.katalon.core.main.TestSuiteExecutor.accessTestSuiteMainPhase(TestSuiteExecutor.java:148)
	at com.kms.katalon.core.main.TestSuiteExecutor.execute(TestSuiteExecutor.java:106)
	at com.kms.katalon.core.main.TestCaseMain.startTestSuite(TestCaseMain.java:180)
	at TempTestSuite1721363656477.run(TempTestSuite1721363656477.groovy:35)
	at java.base/jdk.internal.reflect.NativeMethodAccessorImpl.invoke0(Native Method)
	at java.base/jdk.internal.reflect.NativeMethodAccessorImpl.invoke(NativeMethodAccessorImpl.java:77)
	at java.base/jdk.internal.reflect.DelegatingMethodAccessorImpl.invoke(DelegatingMethodAccessorImpl.java:43)
Caused by: com.kms.katalon.core.exception.StepFailedException: No driver found
	at java.base/jdk.internal.reflect.NativeConstructorAccessorImpl.newInstance0(Native Method)
	at java.base/jdk.internal.reflect.NativeConstructorAccessorImpl.newInstance(NativeConstructorAccessorImpl.java:77)
	at java.base/jdk.internal.reflect.DelegatingConstructorAccessorImpl.newInstance(DelegatingConstructorAccessorImpl.java:45)
	at com.kms.katalon.core.mobile.keyword.internal.MobileAbstractKeyword.getAnyAppiumDriver(MobileAbstractKeyword.groovy:43)
	at java.base/jdk.internal.reflect.NativeMethodAccessorImpl.invoke0(Native Method)
	at java.base/jdk.internal.reflect.NativeMethodAccessorImpl.invoke(NativeMethodAccessorImpl.java:77)
	at java.base/jdk.internal.reflect.DelegatingMethodAccessorImpl.invoke(DelegatingMethodAccessorImpl.java:43)
	at com.kms.katalon.core.mobile.keyword.builtin.CloseApplicationKeyword$_closeApplication_closure1.doCall(CloseApplicationKeyword.groovy:38)
	at com.kms.katalon.core.mobile.keyword.builtin.CloseApplicationKeyword$_closeApplication_closure1.call(CloseApplicationKeyword.groovy)
	at com.kms.katalon.core.mobile.keyword.internal.MobileKeywordMain.runKeyword(MobileKeywordMain.groovy:19)
	... 23 more


19-07-2024T11:35:27 - [TEST_STEP][ERROR] - if (!(isAPIRunning) & !(isWebRunning)): com.kms.katalon.core.exception.StepFailedException: Unable to close app
	at com.kms.katalon.core.mobile.keyword.internal.MobileKeywordMain.stepFailed(MobileKeywordMain.groovy:38)
	at com.kms.katalon.core.mobile.keyword.internal.MobileKeywordMain.runKeyword(MobileKeywordMain.groovy:21)
	at com.kms.katalon.core.mobile.keyword.builtin.CloseApplicationKeyword.closeApplication(CloseApplicationKeyword.groovy:37)
	at com.kms.katalon.core.mobile.keyword.builtin.CloseApplicationKeyword.execute(CloseApplicationKeyword.groovy:32)
	at com.kms.katalon.core.keyword.internal.KeywordExecutor.executeKeywordForPlatform(KeywordExecutor.groovy:74)
	at com.kms.katalon.core.mobile.keyword.MobileBuiltInKeywords.closeApplication(MobileBuiltInKeywords.groovy:134)
	at BaseTest.closeApplication(BaseTest.groovy:36)
	at java.base/jdk.internal.reflect.NativeMethodAccessorImpl.invoke0(Native Method)
	at java.base/jdk.internal.reflect.NativeMethodAccessorImpl.invoke(NativeMethodAccessorImpl.java:77)
	at java.base/jdk.internal.reflect.DelegatingMethodAccessorImpl.invoke(DelegatingMethodAccessorImpl.java:43)
	at com.kms.katalon.core.context.internal.TestHooker.invokeMethod(TestHooker.java:111)
	at com.kms.katalon.core.context.internal.TestHooker.lambda$3(TestHooker.java:95)
	at com.kms.katalon.core.context.internal.TestHooker.invokeContextMethods(TestHooker.java:94)
	at com.kms.katalon.core.context.internal.TestListenerCollector.lambda$3(TestListenerCollector.java:88)
	at com.kms.katalon.core.context.internal.TestListenerCollector.handleListenerEvent(TestListenerCollector.java:85)
	at com.kms.katalon.core.context.internal.ExecutionEventManager.publicEvent(ExecutionEventManager.java:36)
	at com.kms.katalon.core.main.TestCaseExecutor.execute(TestCaseExecutor.java:315)
	at com.kms.katalon.core.common.CommonExecutor.accessTestCaseMainPhase(CommonExecutor.java:65)
	at com.kms.katalon.core.main.TestSuiteExecutor.accessTestSuiteMainPhase(TestSuiteExecutor.java:148)
	at com.kms.katalon.core.main.TestSuiteExecutor.execute(TestSuiteExecutor.java:106)
	at com.kms.katalon.core.main.TestCaseMain.startTestSuite(TestCaseMain.java:180)
	at TempTestSuite1721363656477.run(TempTestSuite1721363656477.groovy:35)
	at java.base/jdk.internal.reflect.NativeMethodAccessorImpl.invoke0(Native Method)
	at java.base/jdk.internal.reflect.NativeMethodAccessorImpl.invoke(NativeMethodAccessorImpl.java:77)
	at java.base/jdk.internal.reflect.DelegatingMethodAccessorImpl.invoke(DelegatingMethodAccessorImpl.java:43)
Caused by: com.kms.katalon.core.exception.StepFailedException: No driver found
	at java.base/jdk.internal.reflect.NativeConstructorAccessorImpl.newInstance0(Native Method)
	at java.base/jdk.internal.reflect.NativeConstructorAccessorImpl.newInstance(NativeConstructorAccessorImpl.java:77)
	at java.base/jdk.internal.reflect.DelegatingConstructorAccessorImpl.newInstance(DelegatingConstructorAccessorImpl.java:45)
	at com.kms.katalon.core.mobile.keyword.internal.MobileAbstractKeyword.getAnyAppiumDriver(MobileAbstractKeyword.groovy:43)
	at java.base/jdk.internal.reflect.NativeMethodAccessorImpl.invoke0(Native Method)
	at java.base/jdk.internal.reflect.NativeMethodAccessorImpl.invoke(NativeMethodAccessorImpl.java:77)
	at java.base/jdk.internal.reflect.DelegatingMethodAccessorImpl.invoke(DelegatingMethodAccessorImpl.java:43)
	at com.kms.katalon.core.mobile.keyword.builtin.CloseApplicationKeyword$_closeApplication_closure1.doCall(CloseApplicationKeyword.groovy:38)
	at com.kms.katalon.core.mobile.keyword.builtin.CloseApplicationKeyword$_closeApplication_closure1.call(CloseApplicationKeyword.groovy)
	at com.kms.katalon.core.mobile.keyword.internal.MobileKeywordMain.runKeyword(MobileKeywordMain.groovy:19)
	... 23 more


19-07-2024T11:35:27 - [TEST_STEP][ERROR] - closeApplication(): com.kms.katalon.core.exception.StepFailedException: Unable to close app
	at com.kms.katalon.core.mobile.keyword.internal.MobileKeywordMain.stepFailed(MobileKeywordMain.groovy:38)
	at com.kms.katalon.core.mobile.keyword.internal.MobileKeywordMain.runKeyword(MobileKeywordMain.groovy:21)
	at com.kms.katalon.core.mobile.keyword.builtin.CloseApplicationKeyword.closeApplication(CloseApplicationKeyword.groovy:37)
	at com.kms.katalon.core.mobile.keyword.builtin.CloseApplicationKeyword.execute(CloseApplicationKeyword.groovy:32)
	at com.kms.katalon.core.keyword.internal.KeywordExecutor.executeKeywordForPlatform(KeywordExecutor.groovy:74)
	at com.kms.katalon.core.mobile.keyword.MobileBuiltInKeywords.closeApplication(MobileBuiltInKeywords.groovy:134)
	at BaseTest.closeApplication(BaseTest.groovy:36)
	at java.base/jdk.internal.reflect.NativeMethodAccessorImpl.invoke0(Native Method)
	at java.base/jdk.internal.reflect.NativeMethodAccessorImpl.invoke(NativeMethodAccessorImpl.java:77)
	at java.base/jdk.internal.reflect.DelegatingMethodAccessorImpl.invoke(DelegatingMethodAccessorImpl.java:43)
	at com.kms.katalon.core.context.internal.TestHooker.invokeMethod(TestHooker.java:111)
	at com.kms.katalon.core.context.internal.TestHooker.lambda$3(TestHooker.java:95)
	at com.kms.katalon.core.context.internal.TestHooker.invokeContextMethods(TestHooker.java:94)
	at com.kms.katalon.core.context.internal.TestListenerCollector.lambda$3(TestListenerCollector.java:88)
	at com.kms.katalon.core.context.internal.TestListenerCollector.handleListenerEvent(TestListenerCollector.java:85)
	at com.kms.katalon.core.context.internal.ExecutionEventManager.publicEvent(ExecutionEventManager.java:36)
	at com.kms.katalon.core.main.TestCaseExecutor.execute(TestCaseExecutor.java:315)
	at com.kms.katalon.core.common.CommonExecutor.accessTestCaseMainPhase(CommonExecutor.java:65)
	at com.kms.katalon.core.main.TestSuiteExecutor.accessTestSuiteMainPhase(TestSuiteExecutor.java:148)
	at com.kms.katalon.core.main.TestSuiteExecutor.execute(TestSuiteExecutor.java:106)
	at com.kms.katalon.core.main.TestCaseMain.startTestSuite(TestCaseMain.java:180)
	at TempTestSuite1721363656477.run(TempTestSuite1721363656477.groovy:35)
	at java.base/jdk.internal.reflect.NativeMethodAccessorImpl.invoke0(Native Method)
	at java.base/jdk.internal.reflect.NativeMethodAccessorImpl.invoke(NativeMethodAccessorImpl.java:77)
	at java.base/jdk.internal.reflect.DelegatingMethodAccessorImpl.invoke(DelegatingMethodAccessorImpl.java:43)
Caused by: com.kms.katalon.core.exception.StepFailedException: No driver found
	at java.base/jdk.internal.reflect.NativeConstructorAccessorImpl.newInstance0(Native Method)
	at java.base/jdk.internal.reflect.NativeConstructorAccessorImpl.newInstance(NativeConstructorAccessorImpl.java:77)
	at java.base/jdk.internal.reflect.DelegatingConstructorAccessorImpl.newInstance(DelegatingConstructorAccessorImpl.java:45)
	at com.kms.katalon.core.mobile.keyword.internal.MobileAbstractKeyword.getAnyAppiumDriver(MobileAbstractKeyword.groovy:43)
	at java.base/jdk.internal.reflect.NativeMethodAccessorImpl.invoke0(Native Method)
	at java.base/jdk.internal.reflect.NativeMethodAccessorImpl.invoke(NativeMethodAccessorImpl.java:77)
	at java.base/jdk.internal.reflect.DelegatingMethodAccessorImpl.invoke(DelegatingMethodAccessorImpl.java:43)
	at com.kms.katalon.core.mobile.keyword.builtin.CloseApplicationKeyword$_closeApplication_closure1.doCall(CloseApplicationKeyword.groovy:38)
	at com.kms.katalon.core.mobile.keyword.builtin.CloseApplicationKeyword$_closeApplication_closure1.call(CloseApplicationKeyword.groovy)
	at com.kms.katalon.core.mobile.keyword.internal.MobileKeywordMain.runKeyword(MobileKeywordMain.groovy:19)
	... 23 more


19-07-2024T11:35:27 - [MESSAGE][FAILED] - Unable to close app (Root cause: com.kms.katalon.core.exception.StepFailedException: Unable to close app
	at com.kms.katalon.core.mobile.keyword.internal.MobileKeywordMain.stepFailed(MobileKeywordMain.groovy:38)
	at com.kms.katalon.core.mobile.keyword.internal.MobileKeywordMain.runKeyword(MobileKeywordMain.groovy:21)
	at com.kms.katalon.core.mobile.keyword.builtin.CloseApplicationKeyword.closeApplication(CloseApplicationKeyword.groovy:37)
	at com.kms.katalon.core.mobile.keyword.builtin.CloseApplicationKeyword.execute(CloseApplicationKeyword.groovy:32)
	at com.kms.katalon.core.keyword.internal.KeywordExecutor.executeKeywordForPlatform(KeywordExecutor.groovy:74)
	at com.kms.katalon.core.mobile.keyword.MobileBuiltInKeywords.closeApplication(MobileBuiltInKeywords.groovy:134)
	at BaseTest.closeApplication(BaseTest.groovy:36)
	at java.base/jdk.internal.reflect.NativeMethodAccessorImpl.invoke0(Native Method)
	at java.base/jdk.internal.reflect.NativeMethodAccessorImpl.invoke(NativeMethodAccessorImpl.java:77)
	at java.base/jdk.internal.reflect.DelegatingMethodAccessorImpl.invoke(DelegatingMethodAccessorImpl.java:43)
	at com.kms.katalon.core.context.internal.TestHooker.invokeMethod(TestHooker.java:111)
	at com.kms.katalon.core.context.internal.TestHooker.lambda$3(TestHooker.java:95)
	at com.kms.katalon.core.context.internal.TestHooker.invokeContextMethods(TestHooker.java:94)
	at com.kms.katalon.core.context.internal.TestListenerCollector.lambda$3(TestListenerCollector.java:88)
	at com.kms.katalon.core.context.internal.TestListenerCollector.handleListenerEvent(TestListenerCollector.java:85)
	at com.kms.katalon.core.context.internal.ExecutionEventManager.publicEvent(ExecutionEventManager.java:36)
	at com.kms.katalon.core.main.TestCaseExecutor.execute(TestCaseExecutor.java:315)
	at com.kms.katalon.core.common.CommonExecutor.accessTestCaseMainPhase(CommonExecutor.java:65)
	at com.kms.katalon.core.main.TestSuiteExecutor.accessTestSuiteMainPhase(TestSuiteExecutor.java:148)
	at com.kms.katalon.core.main.TestSuiteExecutor.execute(TestSuiteExecutor.java:106)
	at com.kms.katalon.core.main.TestCaseMain.startTestSuite(TestCaseMain.java:180)
	at TempTestSuite1721363656477.run(TempTestSuite1721363656477.groovy:35)
	at java.base/jdk.internal.reflect.NativeMethodAccessorImpl.invoke0(Native Method)
	at java.base/jdk.internal.reflect.NativeMethodAccessorImpl.invoke(NativeMethodAccessorImpl.java:77)
	at java.base/jdk.internal.reflect.DelegatingMethodAccessorImpl.invoke(DelegatingMethodAccessorImpl.java:43)
Caused by: com.kms.katalon.core.exception.StepFailedException: No driver found
	at java.base/jdk.internal.reflect.NativeConstructorAccessorImpl.newInstance0(Native Method)
	at java.base/jdk.internal.reflect.NativeConstructorAccessorImpl.newInstance(NativeConstructorAccessorImpl.java:77)
	at java.base/jdk.internal.reflect.DelegatingConstructorAccessorImpl.newInstance(DelegatingConstructorAccessorImpl.java:45)
	at com.kms.katalon.core.mobile.keyword.internal.MobileAbstractKeyword.getAnyAppiumDriver(MobileAbstractKeyword.groovy:43)
	at java.base/jdk.internal.reflect.NativeMethodAccessorImpl.invoke0(Native Method)
	at java.base/jdk.internal.reflect.NativeMethodAccessorImpl.invoke(NativeMethodAccessorImpl.java:77)
	at java.base/jdk.internal.reflect.DelegatingMethodAccessorImpl.invoke(DelegatingMethodAccessorImpl.java:43)
	at com.kms.katalon.core.mobile.keyword.builtin.CloseApplicationKeyword$_closeApplication_closure1.doCall(CloseApplicationKeyword.groovy:38)
	at com.kms.katalon.core.mobile.keyword.builtin.CloseApplicationKeyword$_closeApplication_closure1.call(CloseApplicationKeyword.groovy)
	at com.kms.katalon.core.mobile.keyword.internal.MobileKeywordMain.runKeyword(MobileKeywordMain.groovy:19)
	... 23 more
)

19-07-2024T11:35:27 - [MESSAGE][ERROR] - com.kms.katalon.core.exception.StepFailedException: Unable to close app
	at com.kms.katalon.core.mobile.keyword.internal.MobileKeywordMain.stepFailed(MobileKeywordMain.groovy:38)
	at com.kms.katalon.core.mobile.keyword.internal.MobileKeywordMain.runKeyword(MobileKeywordMain.groovy:21)
	at com.kms.katalon.core.mobile.keyword.builtin.CloseApplicationKeyword.closeApplication(CloseApplicationKeyword.groovy:37)
	at com.kms.katalon.core.mobile.keyword.builtin.CloseApplicationKeyword.execute(CloseApplicationKeyword.groovy:32)
	at com.kms.katalon.core.keyword.internal.KeywordExecutor.executeKeywordForPlatform(KeywordExecutor.groovy:74)
	at com.kms.katalon.core.mobile.keyword.MobileBuiltInKeywords.closeApplication(MobileBuiltInKeywords.groovy:134)
	at BaseTest.closeApplication(BaseTest.groovy:36)
	at java.base/jdk.internal.reflect.NativeMethodAccessorImpl.invoke0(Native Method)
	at java.base/jdk.internal.reflect.NativeMethodAccessorImpl.invoke(NativeMethodAccessorImpl.java:77)
	at java.base/jdk.internal.reflect.DelegatingMethodAccessorImpl.invoke(DelegatingMethodAccessorImpl.java:43)
	at com.kms.katalon.core.context.internal.TestHooker.invokeMethod(TestHooker.java:111)
	at com.kms.katalon.core.context.internal.TestHooker.lambda$3(TestHooker.java:95)
	at com.kms.katalon.core.context.internal.TestHooker.invokeContextMethods(TestHooker.java:94)
	at com.kms.katalon.core.context.internal.TestListenerCollector.lambda$3(TestListenerCollector.java:88)
	at com.kms.katalon.core.context.internal.TestListenerCollector.handleListenerEvent(TestListenerCollector.java:85)
	at com.kms.katalon.core.context.internal.ExecutionEventManager.publicEvent(ExecutionEventManager.java:36)
	at com.kms.katalon.core.main.TestCaseExecutor.execute(TestCaseExecutor.java:315)
	at com.kms.katalon.core.common.CommonExecutor.accessTestCaseMainPhase(CommonExecutor.java:65)
	at com.kms.katalon.core.main.TestSuiteExecutor.accessTestSuiteMainPhase(TestSuiteExecutor.java:148)
	at com.kms.katalon.core.main.TestSuiteExecutor.execute(TestSuiteExecutor.java:106)
	at com.kms.katalon.core.main.TestCaseMain.startTestSuite(TestCaseMain.java:180)
	at TempTestSuite1721363656477.run(TempTestSuite1721363656477.groovy:35)
	at java.base/jdk.internal.reflect.NativeMethodAccessorImpl.invoke0(Native Method)
	at java.base/jdk.internal.reflect.NativeMethodAccessorImpl.invoke(NativeMethodAccessorImpl.java:77)
	at java.base/jdk.internal.reflect.DelegatingMethodAccessorImpl.invoke(DelegatingMethodAccessorImpl.java:43)
Caused by: com.kms.katalon.core.exception.StepFailedException: No driver found
	at java.base/jdk.internal.reflect.NativeConstructorAccessorImpl.newInstance0(Native Method)
	at java.base/jdk.internal.reflect.NativeConstructorAccessorImpl.newInstance(NativeConstructorAccessorImpl.java:77)
	at java.base/jdk.internal.reflect.DelegatingConstructorAccessorImpl.newInstance(DelegatingConstructorAccessorImpl.java:45)
	at com.kms.katalon.core.mobile.keyword.internal.MobileAbstractKeyword.getAnyAppiumDriver(MobileAbstractKeyword.groovy:43)
	at java.base/jdk.internal.reflect.NativeMethodAccessorImpl.invoke0(Native Method)
	at java.base/jdk.internal.reflect.NativeMethodAccessorImpl.invoke(NativeMethodAccessorImpl.java:77)
	at java.base/jdk.internal.reflect.DelegatingMethodAccessorImpl.invoke(DelegatingMethodAccessorImpl.java:43)
	at com.kms.katalon.core.mobile.keyword.builtin.CloseApplicationKeyword$_closeApplication_closure1.doCall(CloseApplicationKeyword.groovy:38)
	at com.kms.katalon.core.mobile.keyword.builtin.CloseApplicationKeyword$_closeApplication_closure1.call(CloseApplicationKeyword.groovy)
	at com.kms.katalon.core.mobile.keyword.internal.MobileKeywordMain.runKeyword(MobileKeywordMain.groovy:19)
	... 23 more


19-07-2024T11:35:27 - [TEST_STEP][PASSED] - Start listener action : closeBrowser: null

19-07-2024T11:35:27 - [TEST_STEP][PASSED] - if (!(isAPIRunning) & isWebRunning): null]]></system-out>
         <system-err><![CDATA[]]></system-err>
      </testcase>
      <testcase name="Test Cases/API/Doctor Profile Draft/PUT_Verify review doctor profile draft successfully" time="9.388" classname="Test Cases/API/Doctor Profile Draft/PUT_Verify review doctor profile draft successfully" status="PASSED">
         <system-out><![CDATA[19-07-2024T11:35:27 - [TEST_CASE][PASSED] - Test Cases/API/Doctor Profile Draft/PUT_Verify review doctor profile draft successfully: Test Cases/API/Doctor Profile Draft/PUT_Verify review doctor profile draft successfully

19-07-2024T11:35:27 - [TEST_STEP][PASSED] - Start listener action : before: null

19-07-2024T11:35:27 - [TEST_STEP][PASSED] - if (isApiTestCase(testCaseContext.getTestCaseId())): null

19-07-2024T11:35:27 - [TEST_STEP][PASSED] - if (isWebTestCase(testCaseContext.getTestCaseId())): null

19-07-2024T11:35:27 - [TEST_STEP][PASSED] - Start listener action : openApplication: null

19-07-2024T11:35:27 - [TEST_STEP][PASSED] - if (!(isAPIRunning) & !(isWebRunning)): null

19-07-2024T11:35:27 - [TEST_STEP][PASSED] - Start listener action : openBrowser: null

19-07-2024T11:35:27 - [TEST_STEP][PASSED] - if (!(isAPIRunning) & isWebRunning): null

19-07-2024T11:35:27 - [TEST_STEP][PASSED] - user = withRole("Admin").getFirst(): null

19-07-2024T11:35:27 - [TEST_STEP][PASSED] - adminToken = signIn(email, pwd).getAccessToken(): Send request successfully

19-07-2024T11:35:28 - [MESSAGE][INFO] - HAR: /Users/linh.phan/Automation_Katalon_QE/katalon-healthcare/Reports/20240719_113416/API/API Regression Test/20240719_113416/requests/main/38.har

19-07-2024T11:35:28 - [MESSAGE][PASSED] - Send request successfully

19-07-2024T11:35:28 - [TEST_STEP][PASSED] - email = RandomProfileGenerator).generateRandomEmail(): null

19-07-2024T11:35:28 - [TEST_STEP][PASSED] - fullName = RandomProfileGenerator).generateRandomName(): null

19-07-2024T11:35:28 - [TEST_STEP][PASSED] - phoneNumber = RandomProfileGenerator).generateRandomPhoneNumber(): null

19-07-2024T11:35:28 - [TEST_STEP][PASSED] - password = "P@ssw0rd@auto": null

19-07-2024T11:35:28 - [TEST_STEP][PASSED] - initRequestObject().createDoctor(adminToken, email, fullName, phoneNumber, password): Send request successfully

19-07-2024T11:35:31 - [MESSAGE][INFO] - HAR: /Users/linh.phan/Automation_Katalon_QE/katalon-healthcare/Reports/20240719_113416/API/API Regression Test/20240719_113416/requests/main/39.har

19-07-2024T11:35:31 - [MESSAGE][PASSED] - Send request successfully

19-07-2024T11:35:31 - [TEST_STEP][PASSED] - user = withRole("Doctor").getFirst(): null

19-07-2024T11:35:31 - [TEST_STEP][PASSED] - doctorToken = signIn(email, pwd).getAccessToken(): Send request successfully

19-07-2024T11:35:32 - [MESSAGE][INFO] - HAR: /Users/linh.phan/Automation_Katalon_QE/katalon-healthcare/Reports/20240719_113416/API/API Regression Test/20240719_113416/requests/main/40.har

19-07-2024T11:35:32 - [MESSAGE][PASSED] - Send request successfully

19-07-2024T11:35:32 - [TEST_STEP][PASSED] - newFullName = RandomProfileGenerator).generateRandomName(): null

19-07-2024T11:35:32 - [TEST_STEP][PASSED] - newPhoneNumber = RandomProfileGenerator).generateRandomPhoneNumber(): null

19-07-2024T11:35:32 - [TEST_STEP][PASSED] - gender = RandomProfileGenerator).generateRandomGender(): null

19-07-2024T11:35:32 - [TEST_STEP][PASSED] - address = RandomProfileGenerator).generateRandomAddress(): null

19-07-2024T11:35:32 - [TEST_STEP][PASSED] - birthday = RandomProfileGenerator).generateRandomBirthday(): null

19-07-2024T11:35:32 - [TEST_STEP][PASSED] - speciality = RandomProfileGenerator).generateRandomSpeciality(): Send request successfully

19-07-2024T11:35:33 - [MESSAGE][INFO] - HAR: /Users/linh.phan/Automation_Katalon_QE/katalon-healthcare/Reports/20240719_113416/API/API Regression Test/20240719_113416/requests/main/41.har

19-07-2024T11:35:33 - [MESSAGE][PASSED] - Send request successfully

19-07-2024T11:35:33 - [TEST_STEP][PASSED] - degree = RandomProfileGenerator).generateRandomDegree(): null

19-07-2024T11:35:33 - [TEST_STEP][PASSED] - description = RandomProfileGenerator).generateRandomDescription(): null

19-07-2024T11:35:33 - [TEST_STEP][PASSED] - photo = "photoAuto": null

19-07-2024T11:35:33 - [TEST_STEP][PASSED] - doctorId = id: Send request successfully

19-07-2024T11:35:35 - [MESSAGE][INFO] - HAR: /Users/linh.phan/Automation_Katalon_QE/katalon-healthcare/Reports/20240719_113416/API/API Regression Test/20240719_113416/requests/main/42.har

19-07-2024T11:35:35 - [MESSAGE][PASSED] - Send request successfully

19-07-2024T11:35:35 - [TEST_STEP][PASSED] - verifyStatusCode(200).verifyPropertyValue("message", "Review sent successfully"): Verify element property value successfully

19-07-2024T11:35:36 - [MESSAGE][INFO] - HAR: /Users/linh.phan/Automation_Katalon_QE/katalon-healthcare/Reports/20240719_113416/API/API Regression Test/20240719_113416/requests/main/43.har

19-07-2024T11:35:36 - [MESSAGE][PASSED] - Send request successfully

19-07-2024T11:35:36 - [MESSAGE][PASSED] - Verify response status code successfully

19-07-2024T11:35:36 - [MESSAGE][PASSED] - Verify element property value successfully

19-07-2024T11:35:36 - [TEST_STEP][PASSED] - Start listener action : after: null

19-07-2024T11:35:36 - [TEST_STEP][PASSED] - isAPIRunning = false: null

19-07-2024T11:35:36 - [TEST_STEP][ERROR] - Start listener action : closeApplication: com.kms.katalon.core.exception.StepFailedException: Unable to close app
	at com.kms.katalon.core.mobile.keyword.internal.MobileKeywordMain.stepFailed(MobileKeywordMain.groovy:38)
	at com.kms.katalon.core.mobile.keyword.internal.MobileKeywordMain.runKeyword(MobileKeywordMain.groovy:21)
	at com.kms.katalon.core.mobile.keyword.builtin.CloseApplicationKeyword.closeApplication(CloseApplicationKeyword.groovy:37)
	at com.kms.katalon.core.mobile.keyword.builtin.CloseApplicationKeyword.execute(CloseApplicationKeyword.groovy:32)
	at com.kms.katalon.core.keyword.internal.KeywordExecutor.executeKeywordForPlatform(KeywordExecutor.groovy:74)
	at com.kms.katalon.core.mobile.keyword.MobileBuiltInKeywords.closeApplication(MobileBuiltInKeywords.groovy:134)
	at BaseTest.closeApplication(BaseTest.groovy:36)
	at java.base/jdk.internal.reflect.NativeMethodAccessorImpl.invoke0(Native Method)
	at java.base/jdk.internal.reflect.NativeMethodAccessorImpl.invoke(NativeMethodAccessorImpl.java:77)
	at java.base/jdk.internal.reflect.DelegatingMethodAccessorImpl.invoke(DelegatingMethodAccessorImpl.java:43)
	at com.kms.katalon.core.context.internal.TestHooker.invokeMethod(TestHooker.java:111)
	at com.kms.katalon.core.context.internal.TestHooker.lambda$3(TestHooker.java:95)
	at com.kms.katalon.core.context.internal.TestHooker.invokeContextMethods(TestHooker.java:94)
	at com.kms.katalon.core.context.internal.TestListenerCollector.lambda$3(TestListenerCollector.java:88)
	at com.kms.katalon.core.context.internal.TestListenerCollector.handleListenerEvent(TestListenerCollector.java:85)
	at com.kms.katalon.core.context.internal.ExecutionEventManager.publicEvent(ExecutionEventManager.java:36)
	at com.kms.katalon.core.main.TestCaseExecutor.execute(TestCaseExecutor.java:315)
	at com.kms.katalon.core.common.CommonExecutor.accessTestCaseMainPhase(CommonExecutor.java:65)
	at com.kms.katalon.core.main.TestSuiteExecutor.accessTestSuiteMainPhase(TestSuiteExecutor.java:148)
	at com.kms.katalon.core.main.TestSuiteExecutor.execute(TestSuiteExecutor.java:106)
	at com.kms.katalon.core.main.TestCaseMain.startTestSuite(TestCaseMain.java:180)
	at TempTestSuite1721363656477.run(TempTestSuite1721363656477.groovy:35)
	at java.base/jdk.internal.reflect.NativeMethodAccessorImpl.invoke0(Native Method)
	at java.base/jdk.internal.reflect.NativeMethodAccessorImpl.invoke(NativeMethodAccessorImpl.java:77)
	at java.base/jdk.internal.reflect.DelegatingMethodAccessorImpl.invoke(DelegatingMethodAccessorImpl.java:43)
Caused by: com.kms.katalon.core.exception.StepFailedException: No driver found
	at java.base/jdk.internal.reflect.NativeConstructorAccessorImpl.newInstance0(Native Method)
	at java.base/jdk.internal.reflect.NativeConstructorAccessorImpl.newInstance(NativeConstructorAccessorImpl.java:77)
	at java.base/jdk.internal.reflect.DelegatingConstructorAccessorImpl.newInstance(DelegatingConstructorAccessorImpl.java:45)
	at com.kms.katalon.core.mobile.keyword.internal.MobileAbstractKeyword.getAnyAppiumDriver(MobileAbstractKeyword.groovy:43)
	at java.base/jdk.internal.reflect.NativeMethodAccessorImpl.invoke0(Native Method)
	at java.base/jdk.internal.reflect.NativeMethodAccessorImpl.invoke(NativeMethodAccessorImpl.java:77)
	at java.base/jdk.internal.reflect.DelegatingMethodAccessorImpl.invoke(DelegatingMethodAccessorImpl.java:43)
	at com.kms.katalon.core.mobile.keyword.builtin.CloseApplicationKeyword$_closeApplication_closure1.doCall(CloseApplicationKeyword.groovy:38)
	at com.kms.katalon.core.mobile.keyword.builtin.CloseApplicationKeyword$_closeApplication_closure1.call(CloseApplicationKeyword.groovy)
	at com.kms.katalon.core.mobile.keyword.internal.MobileKeywordMain.runKeyword(MobileKeywordMain.groovy:19)
	... 23 more


19-07-2024T11:35:36 - [TEST_STEP][ERROR] - if (!(isAPIRunning) & !(isWebRunning)): com.kms.katalon.core.exception.StepFailedException: Unable to close app
	at com.kms.katalon.core.mobile.keyword.internal.MobileKeywordMain.stepFailed(MobileKeywordMain.groovy:38)
	at com.kms.katalon.core.mobile.keyword.internal.MobileKeywordMain.runKeyword(MobileKeywordMain.groovy:21)
	at com.kms.katalon.core.mobile.keyword.builtin.CloseApplicationKeyword.closeApplication(CloseApplicationKeyword.groovy:37)
	at com.kms.katalon.core.mobile.keyword.builtin.CloseApplicationKeyword.execute(CloseApplicationKeyword.groovy:32)
	at com.kms.katalon.core.keyword.internal.KeywordExecutor.executeKeywordForPlatform(KeywordExecutor.groovy:74)
	at com.kms.katalon.core.mobile.keyword.MobileBuiltInKeywords.closeApplication(MobileBuiltInKeywords.groovy:134)
	at BaseTest.closeApplication(BaseTest.groovy:36)
	at java.base/jdk.internal.reflect.NativeMethodAccessorImpl.invoke0(Native Method)
	at java.base/jdk.internal.reflect.NativeMethodAccessorImpl.invoke(NativeMethodAccessorImpl.java:77)
	at java.base/jdk.internal.reflect.DelegatingMethodAccessorImpl.invoke(DelegatingMethodAccessorImpl.java:43)
	at com.kms.katalon.core.context.internal.TestHooker.invokeMethod(TestHooker.java:111)
	at com.kms.katalon.core.context.internal.TestHooker.lambda$3(TestHooker.java:95)
	at com.kms.katalon.core.context.internal.TestHooker.invokeContextMethods(TestHooker.java:94)
	at com.kms.katalon.core.context.internal.TestListenerCollector.lambda$3(TestListenerCollector.java:88)
	at com.kms.katalon.core.context.internal.TestListenerCollector.handleListenerEvent(TestListenerCollector.java:85)
	at com.kms.katalon.core.context.internal.ExecutionEventManager.publicEvent(ExecutionEventManager.java:36)
	at com.kms.katalon.core.main.TestCaseExecutor.execute(TestCaseExecutor.java:315)
	at com.kms.katalon.core.common.CommonExecutor.accessTestCaseMainPhase(CommonExecutor.java:65)
	at com.kms.katalon.core.main.TestSuiteExecutor.accessTestSuiteMainPhase(TestSuiteExecutor.java:148)
	at com.kms.katalon.core.main.TestSuiteExecutor.execute(TestSuiteExecutor.java:106)
	at com.kms.katalon.core.main.TestCaseMain.startTestSuite(TestCaseMain.java:180)
	at TempTestSuite1721363656477.run(TempTestSuite1721363656477.groovy:35)
	at java.base/jdk.internal.reflect.NativeMethodAccessorImpl.invoke0(Native Method)
	at java.base/jdk.internal.reflect.NativeMethodAccessorImpl.invoke(NativeMethodAccessorImpl.java:77)
	at java.base/jdk.internal.reflect.DelegatingMethodAccessorImpl.invoke(DelegatingMethodAccessorImpl.java:43)
Caused by: com.kms.katalon.core.exception.StepFailedException: No driver found
	at java.base/jdk.internal.reflect.NativeConstructorAccessorImpl.newInstance0(Native Method)
	at java.base/jdk.internal.reflect.NativeConstructorAccessorImpl.newInstance(NativeConstructorAccessorImpl.java:77)
	at java.base/jdk.internal.reflect.DelegatingConstructorAccessorImpl.newInstance(DelegatingConstructorAccessorImpl.java:45)
	at com.kms.katalon.core.mobile.keyword.internal.MobileAbstractKeyword.getAnyAppiumDriver(MobileAbstractKeyword.groovy:43)
	at java.base/jdk.internal.reflect.NativeMethodAccessorImpl.invoke0(Native Method)
	at java.base/jdk.internal.reflect.NativeMethodAccessorImpl.invoke(NativeMethodAccessorImpl.java:77)
	at java.base/jdk.internal.reflect.DelegatingMethodAccessorImpl.invoke(DelegatingMethodAccessorImpl.java:43)
	at com.kms.katalon.core.mobile.keyword.builtin.CloseApplicationKeyword$_closeApplication_closure1.doCall(CloseApplicationKeyword.groovy:38)
	at com.kms.katalon.core.mobile.keyword.builtin.CloseApplicationKeyword$_closeApplication_closure1.call(CloseApplicationKeyword.groovy)
	at com.kms.katalon.core.mobile.keyword.internal.MobileKeywordMain.runKeyword(MobileKeywordMain.groovy:19)
	... 23 more


19-07-2024T11:35:36 - [TEST_STEP][ERROR] - closeApplication(): com.kms.katalon.core.exception.StepFailedException: Unable to close app
	at com.kms.katalon.core.mobile.keyword.internal.MobileKeywordMain.stepFailed(MobileKeywordMain.groovy:38)
	at com.kms.katalon.core.mobile.keyword.internal.MobileKeywordMain.runKeyword(MobileKeywordMain.groovy:21)
	at com.kms.katalon.core.mobile.keyword.builtin.CloseApplicationKeyword.closeApplication(CloseApplicationKeyword.groovy:37)
	at com.kms.katalon.core.mobile.keyword.builtin.CloseApplicationKeyword.execute(CloseApplicationKeyword.groovy:32)
	at com.kms.katalon.core.keyword.internal.KeywordExecutor.executeKeywordForPlatform(KeywordExecutor.groovy:74)
	at com.kms.katalon.core.mobile.keyword.MobileBuiltInKeywords.closeApplication(MobileBuiltInKeywords.groovy:134)
	at BaseTest.closeApplication(BaseTest.groovy:36)
	at java.base/jdk.internal.reflect.NativeMethodAccessorImpl.invoke0(Native Method)
	at java.base/jdk.internal.reflect.NativeMethodAccessorImpl.invoke(NativeMethodAccessorImpl.java:77)
	at java.base/jdk.internal.reflect.DelegatingMethodAccessorImpl.invoke(DelegatingMethodAccessorImpl.java:43)
	at com.kms.katalon.core.context.internal.TestHooker.invokeMethod(TestHooker.java:111)
	at com.kms.katalon.core.context.internal.TestHooker.lambda$3(TestHooker.java:95)
	at com.kms.katalon.core.context.internal.TestHooker.invokeContextMethods(TestHooker.java:94)
	at com.kms.katalon.core.context.internal.TestListenerCollector.lambda$3(TestListenerCollector.java:88)
	at com.kms.katalon.core.context.internal.TestListenerCollector.handleListenerEvent(TestListenerCollector.java:85)
	at com.kms.katalon.core.context.internal.ExecutionEventManager.publicEvent(ExecutionEventManager.java:36)
	at com.kms.katalon.core.main.TestCaseExecutor.execute(TestCaseExecutor.java:315)
	at com.kms.katalon.core.common.CommonExecutor.accessTestCaseMainPhase(CommonExecutor.java:65)
	at com.kms.katalon.core.main.TestSuiteExecutor.accessTestSuiteMainPhase(TestSuiteExecutor.java:148)
	at com.kms.katalon.core.main.TestSuiteExecutor.execute(TestSuiteExecutor.java:106)
	at com.kms.katalon.core.main.TestCaseMain.startTestSuite(TestCaseMain.java:180)
	at TempTestSuite1721363656477.run(TempTestSuite1721363656477.groovy:35)
	at java.base/jdk.internal.reflect.NativeMethodAccessorImpl.invoke0(Native Method)
	at java.base/jdk.internal.reflect.NativeMethodAccessorImpl.invoke(NativeMethodAccessorImpl.java:77)
	at java.base/jdk.internal.reflect.DelegatingMethodAccessorImpl.invoke(DelegatingMethodAccessorImpl.java:43)
Caused by: com.kms.katalon.core.exception.StepFailedException: No driver found
	at java.base/jdk.internal.reflect.NativeConstructorAccessorImpl.newInstance0(Native Method)
	at java.base/jdk.internal.reflect.NativeConstructorAccessorImpl.newInstance(NativeConstructorAccessorImpl.java:77)
	at java.base/jdk.internal.reflect.DelegatingConstructorAccessorImpl.newInstance(DelegatingConstructorAccessorImpl.java:45)
	at com.kms.katalon.core.mobile.keyword.internal.MobileAbstractKeyword.getAnyAppiumDriver(MobileAbstractKeyword.groovy:43)
	at java.base/jdk.internal.reflect.NativeMethodAccessorImpl.invoke0(Native Method)
	at java.base/jdk.internal.reflect.NativeMethodAccessorImpl.invoke(NativeMethodAccessorImpl.java:77)
	at java.base/jdk.internal.reflect.DelegatingMethodAccessorImpl.invoke(DelegatingMethodAccessorImpl.java:43)
	at com.kms.katalon.core.mobile.keyword.builtin.CloseApplicationKeyword$_closeApplication_closure1.doCall(CloseApplicationKeyword.groovy:38)
	at com.kms.katalon.core.mobile.keyword.builtin.CloseApplicationKeyword$_closeApplication_closure1.call(CloseApplicationKeyword.groovy)
	at com.kms.katalon.core.mobile.keyword.internal.MobileKeywordMain.runKeyword(MobileKeywordMain.groovy:19)
	... 23 more


19-07-2024T11:35:36 - [MESSAGE][FAILED] - Unable to close app (Root cause: com.kms.katalon.core.exception.StepFailedException: Unable to close app
	at com.kms.katalon.core.mobile.keyword.internal.MobileKeywordMain.stepFailed(MobileKeywordMain.groovy:38)
	at com.kms.katalon.core.mobile.keyword.internal.MobileKeywordMain.runKeyword(MobileKeywordMain.groovy:21)
	at com.kms.katalon.core.mobile.keyword.builtin.CloseApplicationKeyword.closeApplication(CloseApplicationKeyword.groovy:37)
	at com.kms.katalon.core.mobile.keyword.builtin.CloseApplicationKeyword.execute(CloseApplicationKeyword.groovy:32)
	at com.kms.katalon.core.keyword.internal.KeywordExecutor.executeKeywordForPlatform(KeywordExecutor.groovy:74)
	at com.kms.katalon.core.mobile.keyword.MobileBuiltInKeywords.closeApplication(MobileBuiltInKeywords.groovy:134)
	at BaseTest.closeApplication(BaseTest.groovy:36)
	at java.base/jdk.internal.reflect.NativeMethodAccessorImpl.invoke0(Native Method)
	at java.base/jdk.internal.reflect.NativeMethodAccessorImpl.invoke(NativeMethodAccessorImpl.java:77)
	at java.base/jdk.internal.reflect.DelegatingMethodAccessorImpl.invoke(DelegatingMethodAccessorImpl.java:43)
	at com.kms.katalon.core.context.internal.TestHooker.invokeMethod(TestHooker.java:111)
	at com.kms.katalon.core.context.internal.TestHooker.lambda$3(TestHooker.java:95)
	at com.kms.katalon.core.context.internal.TestHooker.invokeContextMethods(TestHooker.java:94)
	at com.kms.katalon.core.context.internal.TestListenerCollector.lambda$3(TestListenerCollector.java:88)
	at com.kms.katalon.core.context.internal.TestListenerCollector.handleListenerEvent(TestListenerCollector.java:85)
	at com.kms.katalon.core.context.internal.ExecutionEventManager.publicEvent(ExecutionEventManager.java:36)
	at com.kms.katalon.core.main.TestCaseExecutor.execute(TestCaseExecutor.java:315)
	at com.kms.katalon.core.common.CommonExecutor.accessTestCaseMainPhase(CommonExecutor.java:65)
	at com.kms.katalon.core.main.TestSuiteExecutor.accessTestSuiteMainPhase(TestSuiteExecutor.java:148)
	at com.kms.katalon.core.main.TestSuiteExecutor.execute(TestSuiteExecutor.java:106)
	at com.kms.katalon.core.main.TestCaseMain.startTestSuite(TestCaseMain.java:180)
	at TempTestSuite1721363656477.run(TempTestSuite1721363656477.groovy:35)
	at java.base/jdk.internal.reflect.NativeMethodAccessorImpl.invoke0(Native Method)
	at java.base/jdk.internal.reflect.NativeMethodAccessorImpl.invoke(NativeMethodAccessorImpl.java:77)
	at java.base/jdk.internal.reflect.DelegatingMethodAccessorImpl.invoke(DelegatingMethodAccessorImpl.java:43)
Caused by: com.kms.katalon.core.exception.StepFailedException: No driver found
	at java.base/jdk.internal.reflect.NativeConstructorAccessorImpl.newInstance0(Native Method)
	at java.base/jdk.internal.reflect.NativeConstructorAccessorImpl.newInstance(NativeConstructorAccessorImpl.java:77)
	at java.base/jdk.internal.reflect.DelegatingConstructorAccessorImpl.newInstance(DelegatingConstructorAccessorImpl.java:45)
	at com.kms.katalon.core.mobile.keyword.internal.MobileAbstractKeyword.getAnyAppiumDriver(MobileAbstractKeyword.groovy:43)
	at java.base/jdk.internal.reflect.NativeMethodAccessorImpl.invoke0(Native Method)
	at java.base/jdk.internal.reflect.NativeMethodAccessorImpl.invoke(NativeMethodAccessorImpl.java:77)
	at java.base/jdk.internal.reflect.DelegatingMethodAccessorImpl.invoke(DelegatingMethodAccessorImpl.java:43)
	at com.kms.katalon.core.mobile.keyword.builtin.CloseApplicationKeyword$_closeApplication_closure1.doCall(CloseApplicationKeyword.groovy:38)
	at com.kms.katalon.core.mobile.keyword.builtin.CloseApplicationKeyword$_closeApplication_closure1.call(CloseApplicationKeyword.groovy)
	at com.kms.katalon.core.mobile.keyword.internal.MobileKeywordMain.runKeyword(MobileKeywordMain.groovy:19)
	... 23 more
)

19-07-2024T11:35:36 - [MESSAGE][ERROR] - com.kms.katalon.core.exception.StepFailedException: Unable to close app
	at com.kms.katalon.core.mobile.keyword.internal.MobileKeywordMain.stepFailed(MobileKeywordMain.groovy:38)
	at com.kms.katalon.core.mobile.keyword.internal.MobileKeywordMain.runKeyword(MobileKeywordMain.groovy:21)
	at com.kms.katalon.core.mobile.keyword.builtin.CloseApplicationKeyword.closeApplication(CloseApplicationKeyword.groovy:37)
	at com.kms.katalon.core.mobile.keyword.builtin.CloseApplicationKeyword.execute(CloseApplicationKeyword.groovy:32)
	at com.kms.katalon.core.keyword.internal.KeywordExecutor.executeKeywordForPlatform(KeywordExecutor.groovy:74)
	at com.kms.katalon.core.mobile.keyword.MobileBuiltInKeywords.closeApplication(MobileBuiltInKeywords.groovy:134)
	at BaseTest.closeApplication(BaseTest.groovy:36)
	at java.base/jdk.internal.reflect.NativeMethodAccessorImpl.invoke0(Native Method)
	at java.base/jdk.internal.reflect.NativeMethodAccessorImpl.invoke(NativeMethodAccessorImpl.java:77)
	at java.base/jdk.internal.reflect.DelegatingMethodAccessorImpl.invoke(DelegatingMethodAccessorImpl.java:43)
	at com.kms.katalon.core.context.internal.TestHooker.invokeMethod(TestHooker.java:111)
	at com.kms.katalon.core.context.internal.TestHooker.lambda$3(TestHooker.java:95)
	at com.kms.katalon.core.context.internal.TestHooker.invokeContextMethods(TestHooker.java:94)
	at com.kms.katalon.core.context.internal.TestListenerCollector.lambda$3(TestListenerCollector.java:88)
	at com.kms.katalon.core.context.internal.TestListenerCollector.handleListenerEvent(TestListenerCollector.java:85)
	at com.kms.katalon.core.context.internal.ExecutionEventManager.publicEvent(ExecutionEventManager.java:36)
	at com.kms.katalon.core.main.TestCaseExecutor.execute(TestCaseExecutor.java:315)
	at com.kms.katalon.core.common.CommonExecutor.accessTestCaseMainPhase(CommonExecutor.java:65)
	at com.kms.katalon.core.main.TestSuiteExecutor.accessTestSuiteMainPhase(TestSuiteExecutor.java:148)
	at com.kms.katalon.core.main.TestSuiteExecutor.execute(TestSuiteExecutor.java:106)
	at com.kms.katalon.core.main.TestCaseMain.startTestSuite(TestCaseMain.java:180)
	at TempTestSuite1721363656477.run(TempTestSuite1721363656477.groovy:35)
	at java.base/jdk.internal.reflect.NativeMethodAccessorImpl.invoke0(Native Method)
	at java.base/jdk.internal.reflect.NativeMethodAccessorImpl.invoke(NativeMethodAccessorImpl.java:77)
	at java.base/jdk.internal.reflect.DelegatingMethodAccessorImpl.invoke(DelegatingMethodAccessorImpl.java:43)
Caused by: com.kms.katalon.core.exception.StepFailedException: No driver found
	at java.base/jdk.internal.reflect.NativeConstructorAccessorImpl.newInstance0(Native Method)
	at java.base/jdk.internal.reflect.NativeConstructorAccessorImpl.newInstance(NativeConstructorAccessorImpl.java:77)
	at java.base/jdk.internal.reflect.DelegatingConstructorAccessorImpl.newInstance(DelegatingConstructorAccessorImpl.java:45)
	at com.kms.katalon.core.mobile.keyword.internal.MobileAbstractKeyword.getAnyAppiumDriver(MobileAbstractKeyword.groovy:43)
	at java.base/jdk.internal.reflect.NativeMethodAccessorImpl.invoke0(Native Method)
	at java.base/jdk.internal.reflect.NativeMethodAccessorImpl.invoke(NativeMethodAccessorImpl.java:77)
	at java.base/jdk.internal.reflect.DelegatingMethodAccessorImpl.invoke(DelegatingMethodAccessorImpl.java:43)
	at com.kms.katalon.core.mobile.keyword.builtin.CloseApplicationKeyword$_closeApplication_closure1.doCall(CloseApplicationKeyword.groovy:38)
	at com.kms.katalon.core.mobile.keyword.builtin.CloseApplicationKeyword$_closeApplication_closure1.call(CloseApplicationKeyword.groovy)
	at com.kms.katalon.core.mobile.keyword.internal.MobileKeywordMain.runKeyword(MobileKeywordMain.groovy:19)
	... 23 more


19-07-2024T11:35:36 - [TEST_STEP][PASSED] - Start listener action : closeBrowser: null

19-07-2024T11:35:36 - [TEST_STEP][PASSED] - if (!(isAPIRunning) & isWebRunning): null]]></system-out>
         <system-err><![CDATA[]]></system-err>
      </testcase>
      <testcase name="Test Cases/API/Doctor Profile Draft/GET_Verify get doctor draft profile by id successfully" time="10.228" classname="Test Cases/API/Doctor Profile Draft/GET_Verify get doctor draft profile by id successfully" status="PASSED">
         <system-out><![CDATA[19-07-2024T11:35:36 - [TEST_CASE][PASSED] - Test Cases/API/Doctor Profile Draft/GET_Verify get doctor draft profile by id successfully: Test Cases/API/Doctor Profile Draft/GET_Verify get doctor draft profile by id successfully

19-07-2024T11:35:36 - [TEST_STEP][PASSED] - Start listener action : before: null

19-07-2024T11:35:36 - [TEST_STEP][PASSED] - if (isApiTestCase(testCaseContext.getTestCaseId())): null

19-07-2024T11:35:36 - [TEST_STEP][PASSED] - if (isWebTestCase(testCaseContext.getTestCaseId())): null

19-07-2024T11:35:36 - [TEST_STEP][PASSED] - Start listener action : openApplication: null

19-07-2024T11:35:36 - [TEST_STEP][PASSED] - if (!(isAPIRunning) & !(isWebRunning)): null

19-07-2024T11:35:36 - [TEST_STEP][PASSED] - Start listener action : openBrowser: null

19-07-2024T11:35:36 - [TEST_STEP][PASSED] - if (!(isAPIRunning) & isWebRunning): null

19-07-2024T11:35:36 - [TEST_STEP][PASSED] - user = withRole("Admin").getFirst(): null

19-07-2024T11:35:36 - [TEST_STEP][PASSED] - adminToken = signIn(email, pwd).getAccessToken(): Send request successfully

19-07-2024T11:35:38 - [MESSAGE][INFO] - HAR: /Users/linh.phan/Automation_Katalon_QE/katalon-healthcare/Reports/20240719_113416/API/API Regression Test/20240719_113416/requests/main/44.har

19-07-2024T11:35:38 - [MESSAGE][PASSED] - Send request successfully

19-07-2024T11:35:38 - [TEST_STEP][PASSED] - email = RandomProfileGenerator).generateRandomEmail(): null

19-07-2024T11:35:38 - [TEST_STEP][PASSED] - fullName = RandomProfileGenerator).generateRandomName(): null

19-07-2024T11:35:38 - [TEST_STEP][PASSED] - phoneNumber = RandomProfileGenerator).generateRandomPhoneNumber(): null

19-07-2024T11:35:38 - [TEST_STEP][PASSED] - password = "P@ssw0rd@auto": null

19-07-2024T11:35:38 - [TEST_STEP][PASSED] - createDoctor(adminToken, email, fullName, phoneNumber, password).verifyStatusCode(200): Verify response status code successfully

19-07-2024T11:35:41 - [MESSAGE][INFO] - HAR: /Users/linh.phan/Automation_Katalon_QE/katalon-healthcare/Reports/20240719_113416/API/API Regression Test/20240719_113416/requests/main/45.har

19-07-2024T11:35:41 - [MESSAGE][PASSED] - Send request successfully

19-07-2024T11:35:41 - [MESSAGE][PASSED] - Verify response status code successfully

19-07-2024T11:35:41 - [TEST_STEP][PASSED] - user = withRole("Doctor").getFirst(): null

19-07-2024T11:35:41 - [TEST_STEP][PASSED] - doctorToken = signIn(email, pwd).getAccessToken(): Send request successfully

19-07-2024T11:35:42 - [MESSAGE][INFO] - HAR: /Users/linh.phan/Automation_Katalon_QE/katalon-healthcare/Reports/20240719_113416/API/API Regression Test/20240719_113416/requests/main/46.har

19-07-2024T11:35:42 - [MESSAGE][PASSED] - Send request successfully

19-07-2024T11:35:42 - [TEST_STEP][PASSED] - newFullName = RandomProfileGenerator).generateRandomName(): null

19-07-2024T11:35:42 - [TEST_STEP][PASSED] - newPhoneNumber = RandomProfileGenerator).generateRandomPhoneNumber(): null

19-07-2024T11:35:42 - [TEST_STEP][PASSED] - gender = RandomProfileGenerator).generateRandomGender(): null

19-07-2024T11:35:42 - [TEST_STEP][PASSED] - address = RandomProfileGenerator).generateRandomAddress(): null

19-07-2024T11:35:42 - [TEST_STEP][PASSED] - birthday = RandomProfileGenerator).generateRandomBirthday(): null

19-07-2024T11:35:42 - [TEST_STEP][PASSED] - speciality = RandomProfileGenerator).generateRandomSpeciality(): Send request successfully

19-07-2024T11:35:44 - [MESSAGE][INFO] - HAR: /Users/linh.phan/Automation_Katalon_QE/katalon-healthcare/Reports/20240719_113416/API/API Regression Test/20240719_113416/requests/main/47.har

19-07-2024T11:35:44 - [MESSAGE][PASSED] - Send request successfully

19-07-2024T11:35:44 - [TEST_STEP][PASSED] - degree = RandomProfileGenerator).generateRandomDegree(): null

19-07-2024T11:35:44 - [TEST_STEP][PASSED] - description = RandomProfileGenerator).generateRandomDescription(): null

19-07-2024T11:35:44 - [TEST_STEP][PASSED] - photo = "photoAuto": null

19-07-2024T11:35:44 - [TEST_STEP][PASSED] - doctorId = id: Verify response status code successfully

19-07-2024T11:35:45 - [MESSAGE][INFO] - HAR: /Users/linh.phan/Automation_Katalon_QE/katalon-healthcare/Reports/20240719_113416/API/API Regression Test/20240719_113416/requests/main/48.har

19-07-2024T11:35:45 - [MESSAGE][PASSED] - Send request successfully

19-07-2024T11:35:45 - [MESSAGE][PASSED] - Verify response status code successfully

19-07-2024T11:35:45 - [TEST_STEP][PASSED] - description", description).hasProperty("data.activated"): Verify element property value successfully

19-07-2024T11:35:46 - [MESSAGE][INFO] - HAR: /Users/linh.phan/Automation_Katalon_QE/katalon-healthcare/Reports/20240719_113416/API/API Regression Test/20240719_113416/requests/main/49.har

19-07-2024T11:35:46 - [MESSAGE][PASSED] - Send request successfully

19-07-2024T11:35:46 - [MESSAGE][PASSED] - Verify response status code successfully

19-07-2024T11:35:46 - [MESSAGE][PASSED] - Verify element property value successfully

19-07-2024T11:35:46 - [MESSAGE][PASSED] - Verify element property value successfully

19-07-2024T11:35:46 - [MESSAGE][PASSED] - Verify element property value successfully

19-07-2024T11:35:46 - [MESSAGE][PASSED] - Verify element property value successfully

19-07-2024T11:35:46 - [MESSAGE][PASSED] - Verify element property value successfully

19-07-2024T11:35:46 - [MESSAGE][PASSED] - Verify element property value successfully

19-07-2024T11:35:46 - [MESSAGE][PASSED] - Verify element property value successfully

19-07-2024T11:35:47 - [MESSAGE][PASSED] - Verify element property value successfully

19-07-2024T11:35:47 - [MESSAGE][PASSED] - Verify element property value successfully

19-07-2024T11:35:47 - [MESSAGE][PASSED] - Verify element property value successfully

19-07-2024T11:35:47 - [TEST_STEP][PASSED] - Start listener action : after: null

19-07-2024T11:35:47 - [TEST_STEP][PASSED] - isAPIRunning = false: null

19-07-2024T11:35:47 - [TEST_STEP][ERROR] - Start listener action : closeApplication: com.kms.katalon.core.exception.StepFailedException: Unable to close app
	at com.kms.katalon.core.mobile.keyword.internal.MobileKeywordMain.stepFailed(MobileKeywordMain.groovy:38)
	at com.kms.katalon.core.mobile.keyword.internal.MobileKeywordMain.runKeyword(MobileKeywordMain.groovy:21)
	at com.kms.katalon.core.mobile.keyword.builtin.CloseApplicationKeyword.closeApplication(CloseApplicationKeyword.groovy:37)
	at com.kms.katalon.core.mobile.keyword.builtin.CloseApplicationKeyword.execute(CloseApplicationKeyword.groovy:32)
	at com.kms.katalon.core.keyword.internal.KeywordExecutor.executeKeywordForPlatform(KeywordExecutor.groovy:74)
	at com.kms.katalon.core.mobile.keyword.MobileBuiltInKeywords.closeApplication(MobileBuiltInKeywords.groovy:134)
	at BaseTest.closeApplication(BaseTest.groovy:36)
	at java.base/jdk.internal.reflect.NativeMethodAccessorImpl.invoke0(Native Method)
	at java.base/jdk.internal.reflect.NativeMethodAccessorImpl.invoke(NativeMethodAccessorImpl.java:77)
	at java.base/jdk.internal.reflect.DelegatingMethodAccessorImpl.invoke(DelegatingMethodAccessorImpl.java:43)
	at com.kms.katalon.core.context.internal.TestHooker.invokeMethod(TestHooker.java:111)
	at com.kms.katalon.core.context.internal.TestHooker.lambda$3(TestHooker.java:95)
	at com.kms.katalon.core.context.internal.TestHooker.invokeContextMethods(TestHooker.java:94)
	at com.kms.katalon.core.context.internal.TestListenerCollector.lambda$3(TestListenerCollector.java:88)
	at com.kms.katalon.core.context.internal.TestListenerCollector.handleListenerEvent(TestListenerCollector.java:85)
	at com.kms.katalon.core.context.internal.ExecutionEventManager.publicEvent(ExecutionEventManager.java:36)
	at com.kms.katalon.core.main.TestCaseExecutor.execute(TestCaseExecutor.java:315)
	at com.kms.katalon.core.common.CommonExecutor.accessTestCaseMainPhase(CommonExecutor.java:65)
	at com.kms.katalon.core.main.TestSuiteExecutor.accessTestSuiteMainPhase(TestSuiteExecutor.java:148)
	at com.kms.katalon.core.main.TestSuiteExecutor.execute(TestSuiteExecutor.java:106)
	at com.kms.katalon.core.main.TestCaseMain.startTestSuite(TestCaseMain.java:180)
	at TempTestSuite1721363656477.run(TempTestSuite1721363656477.groovy:35)
	at java.base/jdk.internal.reflect.NativeMethodAccessorImpl.invoke0(Native Method)
	at java.base/jdk.internal.reflect.NativeMethodAccessorImpl.invoke(NativeMethodAccessorImpl.java:77)
	at java.base/jdk.internal.reflect.DelegatingMethodAccessorImpl.invoke(DelegatingMethodAccessorImpl.java:43)
Caused by: com.kms.katalon.core.exception.StepFailedException: No driver found
	at java.base/jdk.internal.reflect.NativeConstructorAccessorImpl.newInstance0(Native Method)
	at java.base/jdk.internal.reflect.NativeConstructorAccessorImpl.newInstance(NativeConstructorAccessorImpl.java:77)
	at java.base/jdk.internal.reflect.DelegatingConstructorAccessorImpl.newInstance(DelegatingConstructorAccessorImpl.java:45)
	at com.kms.katalon.core.mobile.keyword.internal.MobileAbstractKeyword.getAnyAppiumDriver(MobileAbstractKeyword.groovy:43)
	at java.base/jdk.internal.reflect.NativeMethodAccessorImpl.invoke0(Native Method)
	at java.base/jdk.internal.reflect.NativeMethodAccessorImpl.invoke(NativeMethodAccessorImpl.java:77)
	at java.base/jdk.internal.reflect.DelegatingMethodAccessorImpl.invoke(DelegatingMethodAccessorImpl.java:43)
	at com.kms.katalon.core.mobile.keyword.builtin.CloseApplicationKeyword$_closeApplication_closure1.doCall(CloseApplicationKeyword.groovy:38)
	at com.kms.katalon.core.mobile.keyword.builtin.CloseApplicationKeyword$_closeApplication_closure1.call(CloseApplicationKeyword.groovy)
	at com.kms.katalon.core.mobile.keyword.internal.MobileKeywordMain.runKeyword(MobileKeywordMain.groovy:19)
	... 23 more


19-07-2024T11:35:47 - [TEST_STEP][ERROR] - if (!(isAPIRunning) & !(isWebRunning)): com.kms.katalon.core.exception.StepFailedException: Unable to close app
	at com.kms.katalon.core.mobile.keyword.internal.MobileKeywordMain.stepFailed(MobileKeywordMain.groovy:38)
	at com.kms.katalon.core.mobile.keyword.internal.MobileKeywordMain.runKeyword(MobileKeywordMain.groovy:21)
	at com.kms.katalon.core.mobile.keyword.builtin.CloseApplicationKeyword.closeApplication(CloseApplicationKeyword.groovy:37)
	at com.kms.katalon.core.mobile.keyword.builtin.CloseApplicationKeyword.execute(CloseApplicationKeyword.groovy:32)
	at com.kms.katalon.core.keyword.internal.KeywordExecutor.executeKeywordForPlatform(KeywordExecutor.groovy:74)
	at com.kms.katalon.core.mobile.keyword.MobileBuiltInKeywords.closeApplication(MobileBuiltInKeywords.groovy:134)
	at BaseTest.closeApplication(BaseTest.groovy:36)
	at java.base/jdk.internal.reflect.NativeMethodAccessorImpl.invoke0(Native Method)
	at java.base/jdk.internal.reflect.NativeMethodAccessorImpl.invoke(NativeMethodAccessorImpl.java:77)
	at java.base/jdk.internal.reflect.DelegatingMethodAccessorImpl.invoke(DelegatingMethodAccessorImpl.java:43)
	at com.kms.katalon.core.context.internal.TestHooker.invokeMethod(TestHooker.java:111)
	at com.kms.katalon.core.context.internal.TestHooker.lambda$3(TestHooker.java:95)
	at com.kms.katalon.core.context.internal.TestHooker.invokeContextMethods(TestHooker.java:94)
	at com.kms.katalon.core.context.internal.TestListenerCollector.lambda$3(TestListenerCollector.java:88)
	at com.kms.katalon.core.context.internal.TestListenerCollector.handleListenerEvent(TestListenerCollector.java:85)
	at com.kms.katalon.core.context.internal.ExecutionEventManager.publicEvent(ExecutionEventManager.java:36)
	at com.kms.katalon.core.main.TestCaseExecutor.execute(TestCaseExecutor.java:315)
	at com.kms.katalon.core.common.CommonExecutor.accessTestCaseMainPhase(CommonExecutor.java:65)
	at com.kms.katalon.core.main.TestSuiteExecutor.accessTestSuiteMainPhase(TestSuiteExecutor.java:148)
	at com.kms.katalon.core.main.TestSuiteExecutor.execute(TestSuiteExecutor.java:106)
	at com.kms.katalon.core.main.TestCaseMain.startTestSuite(TestCaseMain.java:180)
	at TempTestSuite1721363656477.run(TempTestSuite1721363656477.groovy:35)
	at java.base/jdk.internal.reflect.NativeMethodAccessorImpl.invoke0(Native Method)
	at java.base/jdk.internal.reflect.NativeMethodAccessorImpl.invoke(NativeMethodAccessorImpl.java:77)
	at java.base/jdk.internal.reflect.DelegatingMethodAccessorImpl.invoke(DelegatingMethodAccessorImpl.java:43)
Caused by: com.kms.katalon.core.exception.StepFailedException: No driver found
	at java.base/jdk.internal.reflect.NativeConstructorAccessorImpl.newInstance0(Native Method)
	at java.base/jdk.internal.reflect.NativeConstructorAccessorImpl.newInstance(NativeConstructorAccessorImpl.java:77)
	at java.base/jdk.internal.reflect.DelegatingConstructorAccessorImpl.newInstance(DelegatingConstructorAccessorImpl.java:45)
	at com.kms.katalon.core.mobile.keyword.internal.MobileAbstractKeyword.getAnyAppiumDriver(MobileAbstractKeyword.groovy:43)
	at java.base/jdk.internal.reflect.NativeMethodAccessorImpl.invoke0(Native Method)
	at java.base/jdk.internal.reflect.NativeMethodAccessorImpl.invoke(NativeMethodAccessorImpl.java:77)
	at java.base/jdk.internal.reflect.DelegatingMethodAccessorImpl.invoke(DelegatingMethodAccessorImpl.java:43)
	at com.kms.katalon.core.mobile.keyword.builtin.CloseApplicationKeyword$_closeApplication_closure1.doCall(CloseApplicationKeyword.groovy:38)
	at com.kms.katalon.core.mobile.keyword.builtin.CloseApplicationKeyword$_closeApplication_closure1.call(CloseApplicationKeyword.groovy)
	at com.kms.katalon.core.mobile.keyword.internal.MobileKeywordMain.runKeyword(MobileKeywordMain.groovy:19)
	... 23 more


19-07-2024T11:35:47 - [TEST_STEP][ERROR] - closeApplication(): com.kms.katalon.core.exception.StepFailedException: Unable to close app
	at com.kms.katalon.core.mobile.keyword.internal.MobileKeywordMain.stepFailed(MobileKeywordMain.groovy:38)
	at com.kms.katalon.core.mobile.keyword.internal.MobileKeywordMain.runKeyword(MobileKeywordMain.groovy:21)
	at com.kms.katalon.core.mobile.keyword.builtin.CloseApplicationKeyword.closeApplication(CloseApplicationKeyword.groovy:37)
	at com.kms.katalon.core.mobile.keyword.builtin.CloseApplicationKeyword.execute(CloseApplicationKeyword.groovy:32)
	at com.kms.katalon.core.keyword.internal.KeywordExecutor.executeKeywordForPlatform(KeywordExecutor.groovy:74)
	at com.kms.katalon.core.mobile.keyword.MobileBuiltInKeywords.closeApplication(MobileBuiltInKeywords.groovy:134)
	at BaseTest.closeApplication(BaseTest.groovy:36)
	at java.base/jdk.internal.reflect.NativeMethodAccessorImpl.invoke0(Native Method)
	at java.base/jdk.internal.reflect.NativeMethodAccessorImpl.invoke(NativeMethodAccessorImpl.java:77)
	at java.base/jdk.internal.reflect.DelegatingMethodAccessorImpl.invoke(DelegatingMethodAccessorImpl.java:43)
	at com.kms.katalon.core.context.internal.TestHooker.invokeMethod(TestHooker.java:111)
	at com.kms.katalon.core.context.internal.TestHooker.lambda$3(TestHooker.java:95)
	at com.kms.katalon.core.context.internal.TestHooker.invokeContextMethods(TestHooker.java:94)
	at com.kms.katalon.core.context.internal.TestListenerCollector.lambda$3(TestListenerCollector.java:88)
	at com.kms.katalon.core.context.internal.TestListenerCollector.handleListenerEvent(TestListenerCollector.java:85)
	at com.kms.katalon.core.context.internal.ExecutionEventManager.publicEvent(ExecutionEventManager.java:36)
	at com.kms.katalon.core.main.TestCaseExecutor.execute(TestCaseExecutor.java:315)
	at com.kms.katalon.core.common.CommonExecutor.accessTestCaseMainPhase(CommonExecutor.java:65)
	at com.kms.katalon.core.main.TestSuiteExecutor.accessTestSuiteMainPhase(TestSuiteExecutor.java:148)
	at com.kms.katalon.core.main.TestSuiteExecutor.execute(TestSuiteExecutor.java:106)
	at com.kms.katalon.core.main.TestCaseMain.startTestSuite(TestCaseMain.java:180)
	at TempTestSuite1721363656477.run(TempTestSuite1721363656477.groovy:35)
	at java.base/jdk.internal.reflect.NativeMethodAccessorImpl.invoke0(Native Method)
	at java.base/jdk.internal.reflect.NativeMethodAccessorImpl.invoke(NativeMethodAccessorImpl.java:77)
	at java.base/jdk.internal.reflect.DelegatingMethodAccessorImpl.invoke(DelegatingMethodAccessorImpl.java:43)
Caused by: com.kms.katalon.core.exception.StepFailedException: No driver found
	at java.base/jdk.internal.reflect.NativeConstructorAccessorImpl.newInstance0(Native Method)
	at java.base/jdk.internal.reflect.NativeConstructorAccessorImpl.newInstance(NativeConstructorAccessorImpl.java:77)
	at java.base/jdk.internal.reflect.DelegatingConstructorAccessorImpl.newInstance(DelegatingConstructorAccessorImpl.java:45)
	at com.kms.katalon.core.mobile.keyword.internal.MobileAbstractKeyword.getAnyAppiumDriver(MobileAbstractKeyword.groovy:43)
	at java.base/jdk.internal.reflect.NativeMethodAccessorImpl.invoke0(Native Method)
	at java.base/jdk.internal.reflect.NativeMethodAccessorImpl.invoke(NativeMethodAccessorImpl.java:77)
	at java.base/jdk.internal.reflect.DelegatingMethodAccessorImpl.invoke(DelegatingMethodAccessorImpl.java:43)
	at com.kms.katalon.core.mobile.keyword.builtin.CloseApplicationKeyword$_closeApplication_closure1.doCall(CloseApplicationKeyword.groovy:38)
	at com.kms.katalon.core.mobile.keyword.builtin.CloseApplicationKeyword$_closeApplication_closure1.call(CloseApplicationKeyword.groovy)
	at com.kms.katalon.core.mobile.keyword.internal.MobileKeywordMain.runKeyword(MobileKeywordMain.groovy:19)
	... 23 more


19-07-2024T11:35:47 - [MESSAGE][FAILED] - Unable to close app (Root cause: com.kms.katalon.core.exception.StepFailedException: Unable to close app
	at com.kms.katalon.core.mobile.keyword.internal.MobileKeywordMain.stepFailed(MobileKeywordMain.groovy:38)
	at com.kms.katalon.core.mobile.keyword.internal.MobileKeywordMain.runKeyword(MobileKeywordMain.groovy:21)
	at com.kms.katalon.core.mobile.keyword.builtin.CloseApplicationKeyword.closeApplication(CloseApplicationKeyword.groovy:37)
	at com.kms.katalon.core.mobile.keyword.builtin.CloseApplicationKeyword.execute(CloseApplicationKeyword.groovy:32)
	at com.kms.katalon.core.keyword.internal.KeywordExecutor.executeKeywordForPlatform(KeywordExecutor.groovy:74)
	at com.kms.katalon.core.mobile.keyword.MobileBuiltInKeywords.closeApplication(MobileBuiltInKeywords.groovy:134)
	at BaseTest.closeApplication(BaseTest.groovy:36)
	at java.base/jdk.internal.reflect.NativeMethodAccessorImpl.invoke0(Native Method)
	at java.base/jdk.internal.reflect.NativeMethodAccessorImpl.invoke(NativeMethodAccessorImpl.java:77)
	at java.base/jdk.internal.reflect.DelegatingMethodAccessorImpl.invoke(DelegatingMethodAccessorImpl.java:43)
	at com.kms.katalon.core.context.internal.TestHooker.invokeMethod(TestHooker.java:111)
	at com.kms.katalon.core.context.internal.TestHooker.lambda$3(TestHooker.java:95)
	at com.kms.katalon.core.context.internal.TestHooker.invokeContextMethods(TestHooker.java:94)
	at com.kms.katalon.core.context.internal.TestListenerCollector.lambda$3(TestListenerCollector.java:88)
	at com.kms.katalon.core.context.internal.TestListenerCollector.handleListenerEvent(TestListenerCollector.java:85)
	at com.kms.katalon.core.context.internal.ExecutionEventManager.publicEvent(ExecutionEventManager.java:36)
	at com.kms.katalon.core.main.TestCaseExecutor.execute(TestCaseExecutor.java:315)
	at com.kms.katalon.core.common.CommonExecutor.accessTestCaseMainPhase(CommonExecutor.java:65)
	at com.kms.katalon.core.main.TestSuiteExecutor.accessTestSuiteMainPhase(TestSuiteExecutor.java:148)
	at com.kms.katalon.core.main.TestSuiteExecutor.execute(TestSuiteExecutor.java:106)
	at com.kms.katalon.core.main.TestCaseMain.startTestSuite(TestCaseMain.java:180)
	at TempTestSuite1721363656477.run(TempTestSuite1721363656477.groovy:35)
	at java.base/jdk.internal.reflect.NativeMethodAccessorImpl.invoke0(Native Method)
	at java.base/jdk.internal.reflect.NativeMethodAccessorImpl.invoke(NativeMethodAccessorImpl.java:77)
	at java.base/jdk.internal.reflect.DelegatingMethodAccessorImpl.invoke(DelegatingMethodAccessorImpl.java:43)
Caused by: com.kms.katalon.core.exception.StepFailedException: No driver found
	at java.base/jdk.internal.reflect.NativeConstructorAccessorImpl.newInstance0(Native Method)
	at java.base/jdk.internal.reflect.NativeConstructorAccessorImpl.newInstance(NativeConstructorAccessorImpl.java:77)
	at java.base/jdk.internal.reflect.DelegatingConstructorAccessorImpl.newInstance(DelegatingConstructorAccessorImpl.java:45)
	at com.kms.katalon.core.mobile.keyword.internal.MobileAbstractKeyword.getAnyAppiumDriver(MobileAbstractKeyword.groovy:43)
	at java.base/jdk.internal.reflect.NativeMethodAccessorImpl.invoke0(Native Method)
	at java.base/jdk.internal.reflect.NativeMethodAccessorImpl.invoke(NativeMethodAccessorImpl.java:77)
	at java.base/jdk.internal.reflect.DelegatingMethodAccessorImpl.invoke(DelegatingMethodAccessorImpl.java:43)
	at com.kms.katalon.core.mobile.keyword.builtin.CloseApplicationKeyword$_closeApplication_closure1.doCall(CloseApplicationKeyword.groovy:38)
	at com.kms.katalon.core.mobile.keyword.builtin.CloseApplicationKeyword$_closeApplication_closure1.call(CloseApplicationKeyword.groovy)
	at com.kms.katalon.core.mobile.keyword.internal.MobileKeywordMain.runKeyword(MobileKeywordMain.groovy:19)
	... 23 more
)

19-07-2024T11:35:47 - [MESSAGE][ERROR] - com.kms.katalon.core.exception.StepFailedException: Unable to close app
	at com.kms.katalon.core.mobile.keyword.internal.MobileKeywordMain.stepFailed(MobileKeywordMain.groovy:38)
	at com.kms.katalon.core.mobile.keyword.internal.MobileKeywordMain.runKeyword(MobileKeywordMain.groovy:21)
	at com.kms.katalon.core.mobile.keyword.builtin.CloseApplicationKeyword.closeApplication(CloseApplicationKeyword.groovy:37)
	at com.kms.katalon.core.mobile.keyword.builtin.CloseApplicationKeyword.execute(CloseApplicationKeyword.groovy:32)
	at com.kms.katalon.core.keyword.internal.KeywordExecutor.executeKeywordForPlatform(KeywordExecutor.groovy:74)
	at com.kms.katalon.core.mobile.keyword.MobileBuiltInKeywords.closeApplication(MobileBuiltInKeywords.groovy:134)
	at BaseTest.closeApplication(BaseTest.groovy:36)
	at java.base/jdk.internal.reflect.NativeMethodAccessorImpl.invoke0(Native Method)
	at java.base/jdk.internal.reflect.NativeMethodAccessorImpl.invoke(NativeMethodAccessorImpl.java:77)
	at java.base/jdk.internal.reflect.DelegatingMethodAccessorImpl.invoke(DelegatingMethodAccessorImpl.java:43)
	at com.kms.katalon.core.context.internal.TestHooker.invokeMethod(TestHooker.java:111)
	at com.kms.katalon.core.context.internal.TestHooker.lambda$3(TestHooker.java:95)
	at com.kms.katalon.core.context.internal.TestHooker.invokeContextMethods(TestHooker.java:94)
	at com.kms.katalon.core.context.internal.TestListenerCollector.lambda$3(TestListenerCollector.java:88)
	at com.kms.katalon.core.context.internal.TestListenerCollector.handleListenerEvent(TestListenerCollector.java:85)
	at com.kms.katalon.core.context.internal.ExecutionEventManager.publicEvent(ExecutionEventManager.java:36)
	at com.kms.katalon.core.main.TestCaseExecutor.execute(TestCaseExecutor.java:315)
	at com.kms.katalon.core.common.CommonExecutor.accessTestCaseMainPhase(CommonExecutor.java:65)
	at com.kms.katalon.core.main.TestSuiteExecutor.accessTestSuiteMainPhase(TestSuiteExecutor.java:148)
	at com.kms.katalon.core.main.TestSuiteExecutor.execute(TestSuiteExecutor.java:106)
	at com.kms.katalon.core.main.TestCaseMain.startTestSuite(TestCaseMain.java:180)
	at TempTestSuite1721363656477.run(TempTestSuite1721363656477.groovy:35)
	at java.base/jdk.internal.reflect.NativeMethodAccessorImpl.invoke0(Native Method)
	at java.base/jdk.internal.reflect.NativeMethodAccessorImpl.invoke(NativeMethodAccessorImpl.java:77)
	at java.base/jdk.internal.reflect.DelegatingMethodAccessorImpl.invoke(DelegatingMethodAccessorImpl.java:43)
Caused by: com.kms.katalon.core.exception.StepFailedException: No driver found
	at java.base/jdk.internal.reflect.NativeConstructorAccessorImpl.newInstance0(Native Method)
	at java.base/jdk.internal.reflect.NativeConstructorAccessorImpl.newInstance(NativeConstructorAccessorImpl.java:77)
	at java.base/jdk.internal.reflect.DelegatingConstructorAccessorImpl.newInstance(DelegatingConstructorAccessorImpl.java:45)
	at com.kms.katalon.core.mobile.keyword.internal.MobileAbstractKeyword.getAnyAppiumDriver(MobileAbstractKeyword.groovy:43)
	at java.base/jdk.internal.reflect.NativeMethodAccessorImpl.invoke0(Native Method)
	at java.base/jdk.internal.reflect.NativeMethodAccessorImpl.invoke(NativeMethodAccessorImpl.java:77)
	at java.base/jdk.internal.reflect.DelegatingMethodAccessorImpl.invoke(DelegatingMethodAccessorImpl.java:43)
	at com.kms.katalon.core.mobile.keyword.builtin.CloseApplicationKeyword$_closeApplication_closure1.doCall(CloseApplicationKeyword.groovy:38)
	at com.kms.katalon.core.mobile.keyword.builtin.CloseApplicationKeyword$_closeApplication_closure1.call(CloseApplicationKeyword.groovy)
	at com.kms.katalon.core.mobile.keyword.internal.MobileKeywordMain.runKeyword(MobileKeywordMain.groovy:19)
	... 23 more


19-07-2024T11:35:47 - [TEST_STEP][PASSED] - Start listener action : closeBrowser: null

19-07-2024T11:35:47 - [TEST_STEP][PASSED] - if (!(isAPIRunning) & isWebRunning): null]]></system-out>
         <system-err><![CDATA[]]></system-err>
      </testcase>
      <testcase name="Test Cases/API/Doctor Profile/PUT_Verify update doctor profile successfully" time="4.325" classname="Test Cases/API/Doctor Profile/PUT_Verify update doctor profile successfully" status="PASSED">
         <system-out><![CDATA[19-07-2024T11:35:47 - [TEST_CASE][PASSED] - Test Cases/API/Doctor Profile/PUT_Verify update doctor profile successfully: Test Cases/API/Doctor Profile/PUT_Verify update doctor profile successfully

19-07-2024T11:35:47 - [TEST_STEP][PASSED] - Start listener action : before: null

19-07-2024T11:35:47 - [TEST_STEP][PASSED] - if (isApiTestCase(testCaseContext.getTestCaseId())): null

19-07-2024T11:35:47 - [TEST_STEP][PASSED] - if (isWebTestCase(testCaseContext.getTestCaseId())): null

19-07-2024T11:35:47 - [TEST_STEP][PASSED] - Start listener action : openApplication: null

19-07-2024T11:35:47 - [TEST_STEP][PASSED] - if (!(isAPIRunning) & !(isWebRunning)): null

19-07-2024T11:35:47 - [TEST_STEP][PASSED] - Start listener action : openBrowser: null

19-07-2024T11:35:47 - [TEST_STEP][PASSED] - if (!(isAPIRunning) & isWebRunning): null

19-07-2024T11:35:47 - [TEST_STEP][PASSED] - user = withRole("Doctor").getFirst(): null

19-07-2024T11:35:47 - [TEST_STEP][PASSED] - doctorAccessToken = signIn(email, pwd).getAccessToken(): Send request successfully

19-07-2024T11:35:48 - [MESSAGE][INFO] - HAR: /Users/linh.phan/Automation_Katalon_QE/katalon-healthcare/Reports/20240719_113416/API/API Regression Test/20240719_113416/requests/main/50.har

19-07-2024T11:35:48 - [MESSAGE][PASSED] - Send request successfully

19-07-2024T11:35:48 - [TEST_STEP][PASSED] - fullName = RandomProfileGenerator).generateRandomName(): null

19-07-2024T11:35:48 - [TEST_STEP][PASSED] - birthday = RandomProfileGenerator).generateRandomBirthday(): null

19-07-2024T11:35:48 - [TEST_STEP][PASSED] - gender = RandomProfileGenerator).generateRandomGender(): null

19-07-2024T11:35:48 - [TEST_STEP][PASSED] - address = RandomProfileGenerator).generateRandomAddress(): null

19-07-2024T11:35:48 - [TEST_STEP][PASSED] - phoneNumber = RandomProfileGenerator).generateRandomPhoneNumber(): null

19-07-2024T11:35:48 - [TEST_STEP][PASSED] - degree = RandomProfileGenerator).generateRandomDegree(): null

19-07-2024T11:35:48 - [TEST_STEP][PASSED] - speciality = RandomProfileGenerator).generateRandomSpeciality(): Send request successfully

19-07-2024T11:35:49 - [MESSAGE][INFO] - HAR: /Users/linh.phan/Automation_Katalon_QE/katalon-healthcare/Reports/20240719_113416/API/API Regression Test/20240719_113416/requests/main/51.har

19-07-2024T11:35:49 - [MESSAGE][PASSED] - Send request successfully

19-07-2024T11:35:49 - [TEST_STEP][PASSED] - description = RandomProfileGenerator).generateRandomDescription(): null

19-07-2024T11:35:49 - [TEST_STEP][PASSED] - degree", degree).hasProperty("data.id"): Verify element property value successfully

19-07-2024T11:35:51 - [MESSAGE][INFO] - HAR: /Users/linh.phan/Automation_Katalon_QE/katalon-healthcare/Reports/20240719_113416/API/API Regression Test/20240719_113416/requests/main/52.har

19-07-2024T11:35:51 - [MESSAGE][PASSED] - Send request successfully

19-07-2024T11:35:51 - [MESSAGE][PASSED] - Verify response status code successfully

19-07-2024T11:35:51 - [MESSAGE][PASSED] - Verify element property value successfully

19-07-2024T11:35:51 - [MESSAGE][PASSED] - Verify element property value successfully

19-07-2024T11:35:51 - [MESSAGE][PASSED] - Verify element property value successfully

19-07-2024T11:35:51 - [MESSAGE][PASSED] - Verify element property value successfully

19-07-2024T11:35:51 - [MESSAGE][PASSED] - Verify element property value successfully

19-07-2024T11:35:51 - [MESSAGE][PASSED] - Verify element property value successfully

19-07-2024T11:35:51 - [MESSAGE][PASSED] - Verify element property value successfully

19-07-2024T11:35:51 - [MESSAGE][PASSED] - Verify element property value successfully

19-07-2024T11:35:51 - [TEST_STEP][PASSED] - Start listener action : after: null

19-07-2024T11:35:51 - [TEST_STEP][PASSED] - isAPIRunning = false: null

19-07-2024T11:35:51 - [TEST_STEP][ERROR] - Start listener action : closeApplication: com.kms.katalon.core.exception.StepFailedException: Unable to close app
	at com.kms.katalon.core.mobile.keyword.internal.MobileKeywordMain.stepFailed(MobileKeywordMain.groovy:38)
	at com.kms.katalon.core.mobile.keyword.internal.MobileKeywordMain.runKeyword(MobileKeywordMain.groovy:21)
	at com.kms.katalon.core.mobile.keyword.builtin.CloseApplicationKeyword.closeApplication(CloseApplicationKeyword.groovy:37)
	at com.kms.katalon.core.mobile.keyword.builtin.CloseApplicationKeyword.execute(CloseApplicationKeyword.groovy:32)
	at com.kms.katalon.core.keyword.internal.KeywordExecutor.executeKeywordForPlatform(KeywordExecutor.groovy:74)
	at com.kms.katalon.core.mobile.keyword.MobileBuiltInKeywords.closeApplication(MobileBuiltInKeywords.groovy:134)
	at BaseTest.closeApplication(BaseTest.groovy:36)
	at java.base/jdk.internal.reflect.NativeMethodAccessorImpl.invoke0(Native Method)
	at java.base/jdk.internal.reflect.NativeMethodAccessorImpl.invoke(NativeMethodAccessorImpl.java:77)
	at java.base/jdk.internal.reflect.DelegatingMethodAccessorImpl.invoke(DelegatingMethodAccessorImpl.java:43)
	at com.kms.katalon.core.context.internal.TestHooker.invokeMethod(TestHooker.java:111)
	at com.kms.katalon.core.context.internal.TestHooker.lambda$3(TestHooker.java:95)
	at com.kms.katalon.core.context.internal.TestHooker.invokeContextMethods(TestHooker.java:94)
	at com.kms.katalon.core.context.internal.TestListenerCollector.lambda$3(TestListenerCollector.java:88)
	at com.kms.katalon.core.context.internal.TestListenerCollector.handleListenerEvent(TestListenerCollector.java:85)
	at com.kms.katalon.core.context.internal.ExecutionEventManager.publicEvent(ExecutionEventManager.java:36)
	at com.kms.katalon.core.main.TestCaseExecutor.execute(TestCaseExecutor.java:315)
	at com.kms.katalon.core.common.CommonExecutor.accessTestCaseMainPhase(CommonExecutor.java:65)
	at com.kms.katalon.core.main.TestSuiteExecutor.accessTestSuiteMainPhase(TestSuiteExecutor.java:148)
	at com.kms.katalon.core.main.TestSuiteExecutor.execute(TestSuiteExecutor.java:106)
	at com.kms.katalon.core.main.TestCaseMain.startTestSuite(TestCaseMain.java:180)
	at TempTestSuite1721363656477.run(TempTestSuite1721363656477.groovy:35)
	at java.base/jdk.internal.reflect.NativeMethodAccessorImpl.invoke0(Native Method)
	at java.base/jdk.internal.reflect.NativeMethodAccessorImpl.invoke(NativeMethodAccessorImpl.java:77)
	at java.base/jdk.internal.reflect.DelegatingMethodAccessorImpl.invoke(DelegatingMethodAccessorImpl.java:43)
Caused by: com.kms.katalon.core.exception.StepFailedException: No driver found
	at java.base/jdk.internal.reflect.NativeConstructorAccessorImpl.newInstance0(Native Method)
	at java.base/jdk.internal.reflect.NativeConstructorAccessorImpl.newInstance(NativeConstructorAccessorImpl.java:77)
	at java.base/jdk.internal.reflect.DelegatingConstructorAccessorImpl.newInstance(DelegatingConstructorAccessorImpl.java:45)
	at com.kms.katalon.core.mobile.keyword.internal.MobileAbstractKeyword.getAnyAppiumDriver(MobileAbstractKeyword.groovy:43)
	at java.base/jdk.internal.reflect.NativeMethodAccessorImpl.invoke0(Native Method)
	at java.base/jdk.internal.reflect.NativeMethodAccessorImpl.invoke(NativeMethodAccessorImpl.java:77)
	at java.base/jdk.internal.reflect.DelegatingMethodAccessorImpl.invoke(DelegatingMethodAccessorImpl.java:43)
	at com.kms.katalon.core.mobile.keyword.builtin.CloseApplicationKeyword$_closeApplication_closure1.doCall(CloseApplicationKeyword.groovy:38)
	at com.kms.katalon.core.mobile.keyword.builtin.CloseApplicationKeyword$_closeApplication_closure1.call(CloseApplicationKeyword.groovy)
	at com.kms.katalon.core.mobile.keyword.internal.MobileKeywordMain.runKeyword(MobileKeywordMain.groovy:19)
	... 23 more


19-07-2024T11:35:51 - [TEST_STEP][ERROR] - if (!(isAPIRunning) & !(isWebRunning)): com.kms.katalon.core.exception.StepFailedException: Unable to close app
	at com.kms.katalon.core.mobile.keyword.internal.MobileKeywordMain.stepFailed(MobileKeywordMain.groovy:38)
	at com.kms.katalon.core.mobile.keyword.internal.MobileKeywordMain.runKeyword(MobileKeywordMain.groovy:21)
	at com.kms.katalon.core.mobile.keyword.builtin.CloseApplicationKeyword.closeApplication(CloseApplicationKeyword.groovy:37)
	at com.kms.katalon.core.mobile.keyword.builtin.CloseApplicationKeyword.execute(CloseApplicationKeyword.groovy:32)
	at com.kms.katalon.core.keyword.internal.KeywordExecutor.executeKeywordForPlatform(KeywordExecutor.groovy:74)
	at com.kms.katalon.core.mobile.keyword.MobileBuiltInKeywords.closeApplication(MobileBuiltInKeywords.groovy:134)
	at BaseTest.closeApplication(BaseTest.groovy:36)
	at java.base/jdk.internal.reflect.NativeMethodAccessorImpl.invoke0(Native Method)
	at java.base/jdk.internal.reflect.NativeMethodAccessorImpl.invoke(NativeMethodAccessorImpl.java:77)
	at java.base/jdk.internal.reflect.DelegatingMethodAccessorImpl.invoke(DelegatingMethodAccessorImpl.java:43)
	at com.kms.katalon.core.context.internal.TestHooker.invokeMethod(TestHooker.java:111)
	at com.kms.katalon.core.context.internal.TestHooker.lambda$3(TestHooker.java:95)
	at com.kms.katalon.core.context.internal.TestHooker.invokeContextMethods(TestHooker.java:94)
	at com.kms.katalon.core.context.internal.TestListenerCollector.lambda$3(TestListenerCollector.java:88)
	at com.kms.katalon.core.context.internal.TestListenerCollector.handleListenerEvent(TestListenerCollector.java:85)
	at com.kms.katalon.core.context.internal.ExecutionEventManager.publicEvent(ExecutionEventManager.java:36)
	at com.kms.katalon.core.main.TestCaseExecutor.execute(TestCaseExecutor.java:315)
	at com.kms.katalon.core.common.CommonExecutor.accessTestCaseMainPhase(CommonExecutor.java:65)
	at com.kms.katalon.core.main.TestSuiteExecutor.accessTestSuiteMainPhase(TestSuiteExecutor.java:148)
	at com.kms.katalon.core.main.TestSuiteExecutor.execute(TestSuiteExecutor.java:106)
	at com.kms.katalon.core.main.TestCaseMain.startTestSuite(TestCaseMain.java:180)
	at TempTestSuite1721363656477.run(TempTestSuite1721363656477.groovy:35)
	at java.base/jdk.internal.reflect.NativeMethodAccessorImpl.invoke0(Native Method)
	at java.base/jdk.internal.reflect.NativeMethodAccessorImpl.invoke(NativeMethodAccessorImpl.java:77)
	at java.base/jdk.internal.reflect.DelegatingMethodAccessorImpl.invoke(DelegatingMethodAccessorImpl.java:43)
Caused by: com.kms.katalon.core.exception.StepFailedException: No driver found
	at java.base/jdk.internal.reflect.NativeConstructorAccessorImpl.newInstance0(Native Method)
	at java.base/jdk.internal.reflect.NativeConstructorAccessorImpl.newInstance(NativeConstructorAccessorImpl.java:77)
	at java.base/jdk.internal.reflect.DelegatingConstructorAccessorImpl.newInstance(DelegatingConstructorAccessorImpl.java:45)
	at com.kms.katalon.core.mobile.keyword.internal.MobileAbstractKeyword.getAnyAppiumDriver(MobileAbstractKeyword.groovy:43)
	at java.base/jdk.internal.reflect.NativeMethodAccessorImpl.invoke0(Native Method)
	at java.base/jdk.internal.reflect.NativeMethodAccessorImpl.invoke(NativeMethodAccessorImpl.java:77)
	at java.base/jdk.internal.reflect.DelegatingMethodAccessorImpl.invoke(DelegatingMethodAccessorImpl.java:43)
	at com.kms.katalon.core.mobile.keyword.builtin.CloseApplicationKeyword$_closeApplication_closure1.doCall(CloseApplicationKeyword.groovy:38)
	at com.kms.katalon.core.mobile.keyword.builtin.CloseApplicationKeyword$_closeApplication_closure1.call(CloseApplicationKeyword.groovy)
	at com.kms.katalon.core.mobile.keyword.internal.MobileKeywordMain.runKeyword(MobileKeywordMain.groovy:19)
	... 23 more


19-07-2024T11:35:51 - [TEST_STEP][ERROR] - closeApplication(): com.kms.katalon.core.exception.StepFailedException: Unable to close app
	at com.kms.katalon.core.mobile.keyword.internal.MobileKeywordMain.stepFailed(MobileKeywordMain.groovy:38)
	at com.kms.katalon.core.mobile.keyword.internal.MobileKeywordMain.runKeyword(MobileKeywordMain.groovy:21)
	at com.kms.katalon.core.mobile.keyword.builtin.CloseApplicationKeyword.closeApplication(CloseApplicationKeyword.groovy:37)
	at com.kms.katalon.core.mobile.keyword.builtin.CloseApplicationKeyword.execute(CloseApplicationKeyword.groovy:32)
	at com.kms.katalon.core.keyword.internal.KeywordExecutor.executeKeywordForPlatform(KeywordExecutor.groovy:74)
	at com.kms.katalon.core.mobile.keyword.MobileBuiltInKeywords.closeApplication(MobileBuiltInKeywords.groovy:134)
	at BaseTest.closeApplication(BaseTest.groovy:36)
	at java.base/jdk.internal.reflect.NativeMethodAccessorImpl.invoke0(Native Method)
	at java.base/jdk.internal.reflect.NativeMethodAccessorImpl.invoke(NativeMethodAccessorImpl.java:77)
	at java.base/jdk.internal.reflect.DelegatingMethodAccessorImpl.invoke(DelegatingMethodAccessorImpl.java:43)
	at com.kms.katalon.core.context.internal.TestHooker.invokeMethod(TestHooker.java:111)
	at com.kms.katalon.core.context.internal.TestHooker.lambda$3(TestHooker.java:95)
	at com.kms.katalon.core.context.internal.TestHooker.invokeContextMethods(TestHooker.java:94)
	at com.kms.katalon.core.context.internal.TestListenerCollector.lambda$3(TestListenerCollector.java:88)
	at com.kms.katalon.core.context.internal.TestListenerCollector.handleListenerEvent(TestListenerCollector.java:85)
	at com.kms.katalon.core.context.internal.ExecutionEventManager.publicEvent(ExecutionEventManager.java:36)
	at com.kms.katalon.core.main.TestCaseExecutor.execute(TestCaseExecutor.java:315)
	at com.kms.katalon.core.common.CommonExecutor.accessTestCaseMainPhase(CommonExecutor.java:65)
	at com.kms.katalon.core.main.TestSuiteExecutor.accessTestSuiteMainPhase(TestSuiteExecutor.java:148)
	at com.kms.katalon.core.main.TestSuiteExecutor.execute(TestSuiteExecutor.java:106)
	at com.kms.katalon.core.main.TestCaseMain.startTestSuite(TestCaseMain.java:180)
	at TempTestSuite1721363656477.run(TempTestSuite1721363656477.groovy:35)
	at java.base/jdk.internal.reflect.NativeMethodAccessorImpl.invoke0(Native Method)
	at java.base/jdk.internal.reflect.NativeMethodAccessorImpl.invoke(NativeMethodAccessorImpl.java:77)
	at java.base/jdk.internal.reflect.DelegatingMethodAccessorImpl.invoke(DelegatingMethodAccessorImpl.java:43)
Caused by: com.kms.katalon.core.exception.StepFailedException: No driver found
	at java.base/jdk.internal.reflect.NativeConstructorAccessorImpl.newInstance0(Native Method)
	at java.base/jdk.internal.reflect.NativeConstructorAccessorImpl.newInstance(NativeConstructorAccessorImpl.java:77)
	at java.base/jdk.internal.reflect.DelegatingConstructorAccessorImpl.newInstance(DelegatingConstructorAccessorImpl.java:45)
	at com.kms.katalon.core.mobile.keyword.internal.MobileAbstractKeyword.getAnyAppiumDriver(MobileAbstractKeyword.groovy:43)
	at java.base/jdk.internal.reflect.NativeMethodAccessorImpl.invoke0(Native Method)
	at java.base/jdk.internal.reflect.NativeMethodAccessorImpl.invoke(NativeMethodAccessorImpl.java:77)
	at java.base/jdk.internal.reflect.DelegatingMethodAccessorImpl.invoke(DelegatingMethodAccessorImpl.java:43)
	at com.kms.katalon.core.mobile.keyword.builtin.CloseApplicationKeyword$_closeApplication_closure1.doCall(CloseApplicationKeyword.groovy:38)
	at com.kms.katalon.core.mobile.keyword.builtin.CloseApplicationKeyword$_closeApplication_closure1.call(CloseApplicationKeyword.groovy)
	at com.kms.katalon.core.mobile.keyword.internal.MobileKeywordMain.runKeyword(MobileKeywordMain.groovy:19)
	... 23 more


19-07-2024T11:35:51 - [MESSAGE][FAILED] - Unable to close app (Root cause: com.kms.katalon.core.exception.StepFailedException: Unable to close app
	at com.kms.katalon.core.mobile.keyword.internal.MobileKeywordMain.stepFailed(MobileKeywordMain.groovy:38)
	at com.kms.katalon.core.mobile.keyword.internal.MobileKeywordMain.runKeyword(MobileKeywordMain.groovy:21)
	at com.kms.katalon.core.mobile.keyword.builtin.CloseApplicationKeyword.closeApplication(CloseApplicationKeyword.groovy:37)
	at com.kms.katalon.core.mobile.keyword.builtin.CloseApplicationKeyword.execute(CloseApplicationKeyword.groovy:32)
	at com.kms.katalon.core.keyword.internal.KeywordExecutor.executeKeywordForPlatform(KeywordExecutor.groovy:74)
	at com.kms.katalon.core.mobile.keyword.MobileBuiltInKeywords.closeApplication(MobileBuiltInKeywords.groovy:134)
	at BaseTest.closeApplication(BaseTest.groovy:36)
	at java.base/jdk.internal.reflect.NativeMethodAccessorImpl.invoke0(Native Method)
	at java.base/jdk.internal.reflect.NativeMethodAccessorImpl.invoke(NativeMethodAccessorImpl.java:77)
	at java.base/jdk.internal.reflect.DelegatingMethodAccessorImpl.invoke(DelegatingMethodAccessorImpl.java:43)
	at com.kms.katalon.core.context.internal.TestHooker.invokeMethod(TestHooker.java:111)
	at com.kms.katalon.core.context.internal.TestHooker.lambda$3(TestHooker.java:95)
	at com.kms.katalon.core.context.internal.TestHooker.invokeContextMethods(TestHooker.java:94)
	at com.kms.katalon.core.context.internal.TestListenerCollector.lambda$3(TestListenerCollector.java:88)
	at com.kms.katalon.core.context.internal.TestListenerCollector.handleListenerEvent(TestListenerCollector.java:85)
	at com.kms.katalon.core.context.internal.ExecutionEventManager.publicEvent(ExecutionEventManager.java:36)
	at com.kms.katalon.core.main.TestCaseExecutor.execute(TestCaseExecutor.java:315)
	at com.kms.katalon.core.common.CommonExecutor.accessTestCaseMainPhase(CommonExecutor.java:65)
	at com.kms.katalon.core.main.TestSuiteExecutor.accessTestSuiteMainPhase(TestSuiteExecutor.java:148)
	at com.kms.katalon.core.main.TestSuiteExecutor.execute(TestSuiteExecutor.java:106)
	at com.kms.katalon.core.main.TestCaseMain.startTestSuite(TestCaseMain.java:180)
	at TempTestSuite1721363656477.run(TempTestSuite1721363656477.groovy:35)
	at java.base/jdk.internal.reflect.NativeMethodAccessorImpl.invoke0(Native Method)
	at java.base/jdk.internal.reflect.NativeMethodAccessorImpl.invoke(NativeMethodAccessorImpl.java:77)
	at java.base/jdk.internal.reflect.DelegatingMethodAccessorImpl.invoke(DelegatingMethodAccessorImpl.java:43)
Caused by: com.kms.katalon.core.exception.StepFailedException: No driver found
	at java.base/jdk.internal.reflect.NativeConstructorAccessorImpl.newInstance0(Native Method)
	at java.base/jdk.internal.reflect.NativeConstructorAccessorImpl.newInstance(NativeConstructorAccessorImpl.java:77)
	at java.base/jdk.internal.reflect.DelegatingConstructorAccessorImpl.newInstance(DelegatingConstructorAccessorImpl.java:45)
	at com.kms.katalon.core.mobile.keyword.internal.MobileAbstractKeyword.getAnyAppiumDriver(MobileAbstractKeyword.groovy:43)
	at java.base/jdk.internal.reflect.NativeMethodAccessorImpl.invoke0(Native Method)
	at java.base/jdk.internal.reflect.NativeMethodAccessorImpl.invoke(NativeMethodAccessorImpl.java:77)
	at java.base/jdk.internal.reflect.DelegatingMethodAccessorImpl.invoke(DelegatingMethodAccessorImpl.java:43)
	at com.kms.katalon.core.mobile.keyword.builtin.CloseApplicationKeyword$_closeApplication_closure1.doCall(CloseApplicationKeyword.groovy:38)
	at com.kms.katalon.core.mobile.keyword.builtin.CloseApplicationKeyword$_closeApplication_closure1.call(CloseApplicationKeyword.groovy)
	at com.kms.katalon.core.mobile.keyword.internal.MobileKeywordMain.runKeyword(MobileKeywordMain.groovy:19)
	... 23 more
)

19-07-2024T11:35:51 - [MESSAGE][ERROR] - com.kms.katalon.core.exception.StepFailedException: Unable to close app
	at com.kms.katalon.core.mobile.keyword.internal.MobileKeywordMain.stepFailed(MobileKeywordMain.groovy:38)
	at com.kms.katalon.core.mobile.keyword.internal.MobileKeywordMain.runKeyword(MobileKeywordMain.groovy:21)
	at com.kms.katalon.core.mobile.keyword.builtin.CloseApplicationKeyword.closeApplication(CloseApplicationKeyword.groovy:37)
	at com.kms.katalon.core.mobile.keyword.builtin.CloseApplicationKeyword.execute(CloseApplicationKeyword.groovy:32)
	at com.kms.katalon.core.keyword.internal.KeywordExecutor.executeKeywordForPlatform(KeywordExecutor.groovy:74)
	at com.kms.katalon.core.mobile.keyword.MobileBuiltInKeywords.closeApplication(MobileBuiltInKeywords.groovy:134)
	at BaseTest.closeApplication(BaseTest.groovy:36)
	at java.base/jdk.internal.reflect.NativeMethodAccessorImpl.invoke0(Native Method)
	at java.base/jdk.internal.reflect.NativeMethodAccessorImpl.invoke(NativeMethodAccessorImpl.java:77)
	at java.base/jdk.internal.reflect.DelegatingMethodAccessorImpl.invoke(DelegatingMethodAccessorImpl.java:43)
	at com.kms.katalon.core.context.internal.TestHooker.invokeMethod(TestHooker.java:111)
	at com.kms.katalon.core.context.internal.TestHooker.lambda$3(TestHooker.java:95)
	at com.kms.katalon.core.context.internal.TestHooker.invokeContextMethods(TestHooker.java:94)
	at com.kms.katalon.core.context.internal.TestListenerCollector.lambda$3(TestListenerCollector.java:88)
	at com.kms.katalon.core.context.internal.TestListenerCollector.handleListenerEvent(TestListenerCollector.java:85)
	at com.kms.katalon.core.context.internal.ExecutionEventManager.publicEvent(ExecutionEventManager.java:36)
	at com.kms.katalon.core.main.TestCaseExecutor.execute(TestCaseExecutor.java:315)
	at com.kms.katalon.core.common.CommonExecutor.accessTestCaseMainPhase(CommonExecutor.java:65)
	at com.kms.katalon.core.main.TestSuiteExecutor.accessTestSuiteMainPhase(TestSuiteExecutor.java:148)
	at com.kms.katalon.core.main.TestSuiteExecutor.execute(TestSuiteExecutor.java:106)
	at com.kms.katalon.core.main.TestCaseMain.startTestSuite(TestCaseMain.java:180)
	at TempTestSuite1721363656477.run(TempTestSuite1721363656477.groovy:35)
	at java.base/jdk.internal.reflect.NativeMethodAccessorImpl.invoke0(Native Method)
	at java.base/jdk.internal.reflect.NativeMethodAccessorImpl.invoke(NativeMethodAccessorImpl.java:77)
	at java.base/jdk.internal.reflect.DelegatingMethodAccessorImpl.invoke(DelegatingMethodAccessorImpl.java:43)
Caused by: com.kms.katalon.core.exception.StepFailedException: No driver found
	at java.base/jdk.internal.reflect.NativeConstructorAccessorImpl.newInstance0(Native Method)
	at java.base/jdk.internal.reflect.NativeConstructorAccessorImpl.newInstance(NativeConstructorAccessorImpl.java:77)
	at java.base/jdk.internal.reflect.DelegatingConstructorAccessorImpl.newInstance(DelegatingConstructorAccessorImpl.java:45)
	at com.kms.katalon.core.mobile.keyword.internal.MobileAbstractKeyword.getAnyAppiumDriver(MobileAbstractKeyword.groovy:43)
	at java.base/jdk.internal.reflect.NativeMethodAccessorImpl.invoke0(Native Method)
	at java.base/jdk.internal.reflect.NativeMethodAccessorImpl.invoke(NativeMethodAccessorImpl.java:77)
	at java.base/jdk.internal.reflect.DelegatingMethodAccessorImpl.invoke(DelegatingMethodAccessorImpl.java:43)
	at com.kms.katalon.core.mobile.keyword.builtin.CloseApplicationKeyword$_closeApplication_closure1.doCall(CloseApplicationKeyword.groovy:38)
	at com.kms.katalon.core.mobile.keyword.builtin.CloseApplicationKeyword$_closeApplication_closure1.call(CloseApplicationKeyword.groovy)
	at com.kms.katalon.core.mobile.keyword.internal.MobileKeywordMain.runKeyword(MobileKeywordMain.groovy:19)
	... 23 more


19-07-2024T11:35:51 - [TEST_STEP][PASSED] - Start listener action : closeBrowser: null

19-07-2024T11:35:51 - [TEST_STEP][PASSED] - if (!(isAPIRunning) & isWebRunning): null]]></system-out>
         <system-err><![CDATA[]]></system-err>
      </testcase>
      <system-out><![CDATA[19-07-2024T11:34:22 - [TEST_SUITE][PASSED] - API Regression Test: Test Cases/API/Doctor Profile/PUT_Verify update doctor profile successfully]]></system-out>
      <system-err><![CDATA[]]></system-err>
   </testsuite>
</testsuites>
