<?xml version="1.0" encoding="UTF-8"?>
<testsuites name="API Regression Test" time="131.898" tests="13" failures="1" errors="0">
   <testsuite name="API Regression Test" tests="13" failures="1" errors="0" time="131.898" skipped="0" timestamp="19-07-2024T10:20:46" hostname="linh.phan - 10.10.33.205" id="Test Suites/API/API Regression Test">
      <properties>
         <property name="deviceName" value=""/>
         <property name="devicePlatform" value=""/>
         <property name="logFolder" value="/Users/linh.phan/Automation_Katalon_QE/katalon-healthcare/Reports/20240719_102040/API/API Regression Test/20240719_102040"/>
         <property name="logFiles" value="/Users/linh.phan/Automation_Katalon_QE/katalon-healthcare/Reports/20240719_102040/API/API Regression Test/20240719_102040/execution0.log"/>
         <property name="attachments" value=""/>
         <property name="hostName" value="linh.phan - 10.10.33.205"/>
         <property name="hostAddress" value="10.10.33.205"/>
         <property name="os" value="Mac OS X 64bit"/>
         <property name="katalonVersion" value="9.3.1.212"/>
      </properties>
      <testcase name="Test Cases/API/Medicines/PUT_Verify request update medicine successfully" time="12.629" classname="Test Cases/API/Medicines/PUT_Verify request update medicine successfully" status="PASSED">
         <system-out><![CDATA[19-07-2024T10:20:46 - [TEST_CASE][PASSED] - Test Cases/API/Medicines/PUT_Verify request update medicine successfully: Test Cases/API/Medicines/PUT_Verify request update medicine successfully

19-07-2024T10:20:46 - [TEST_STEP][PASSED] - Start listener action : before: null

19-07-2024T10:20:46 - [TEST_STEP][PASSED] - if (isApiTestCase(testCaseContext.getTestCaseId())): null

19-07-2024T10:20:47 - [TEST_STEP][PASSED] - if (isWebTestCase(testCaseContext.getTestCaseId())): null

19-07-2024T10:20:47 - [TEST_STEP][PASSED] - Start listener action : openApplication: null

19-07-2024T10:20:47 - [TEST_STEP][PASSED] - if (!(isAPIRunning) & !(isWebRunning)): null

19-07-2024T10:20:47 - [TEST_STEP][PASSED] - Start listener action : openBrowser: null

19-07-2024T10:20:47 - [TEST_STEP][PASSED] - if (!(isAPIRunning) & isWebRunning): null

19-07-2024T10:20:47 - [TEST_STEP][PASSED] - user = withRole("Doctor").getFirst(): null

19-07-2024T10:20:47 - [TEST_STEP][PASSED] - doctorToken = signIn(email, pwd).getAccessToken(): Send request successfully

19-07-2024T10:20:51 - [MESSAGE][INFO] - HAR: /Users/linh.phan/Automation_Katalon_QE/katalon-healthcare/Reports/20240719_102040/API/API Regression Test/20240719_102040/requests/main/0.har

19-07-2024T10:20:51 - [MESSAGE][PASSED] - Send request successfully

19-07-2024T10:20:51 - [TEST_STEP][PASSED] - accountData = data: Send request successfully

19-07-2024T10:20:52 - [MESSAGE][INFO] - HAR: /Users/linh.phan/Automation_Katalon_QE/katalon-healthcare/Reports/20240719_102040/API/API Regression Test/20240719_102040/requests/main/1.har

19-07-2024T10:20:52 - [MESSAGE][PASSED] - Send request successfully

19-07-2024T10:20:52 - [TEST_STEP][PASSED] - accountId = id: null

19-07-2024T10:20:52 - [TEST_STEP][PASSED] - accountName = fullName: null

19-07-2024T10:20:52 - [TEST_STEP][PASSED] - accountRole = role: null

19-07-2024T10:20:52 - [TEST_STEP][PASSED] - medicineId = getAllMedicines(doctorToken).getRandomMedicine()["medicineUUID"]: Send request successfully

19-07-2024T10:20:54 - [MESSAGE][INFO] - HAR: /Users/linh.phan/Automation_Katalon_QE/katalon-healthcare/Reports/20240719_102040/API/API Regression Test/20240719_102040/requests/main/2.har

19-07-2024T10:20:54 - [MESSAGE][PASSED] - Send request successfully

19-07-2024T10:20:54 - [TEST_STEP][PASSED] - medicineInfo = MedicineUtil).generateRandomInformationForUpdate(): null

19-07-2024T10:20:54 - [TEST_STEP][PASSED] - payLoad = APIUtil).constructPayLoadFromMap(medicineInfo): null

19-07-2024T10:20:54 - [TEST_STEP][PASSED] - response = initRequestObject().requestUpdateMedicine(doctorToken, medicineId, payLoad): Send request successfully

19-07-2024T10:20:55 - [MESSAGE][INFO] - HAR: /Users/linh.phan/Automation_Katalon_QE/katalon-healthcare/Reports/20240719_102040/API/API Regression Test/20240719_102040/requests/main/3.har

19-07-2024T10:20:55 - [MESSAGE][PASSED] - Send request successfully

19-07-2024T10:20:55 - [TEST_STEP][PASSED] - apiMedicine = request: null

19-07-2024T10:20:55 - [TEST_STEP][PASSED] - accountName", accountName).verifyPropertyValue("data.accountRole", accountRole): Verify element property value successfully

19-07-2024T10:20:55 - [MESSAGE][PASSED] - Verify response status code successfully

19-07-2024T10:20:55 - [MESSAGE][PASSED] - Verify element property value successfully

19-07-2024T10:20:55 - [MESSAGE][PASSED] - Verify element property value successfully

19-07-2024T10:20:55 - [MESSAGE][PASSED] - Verify element property value successfully

19-07-2024T10:20:55 - [MESSAGE][PASSED] - Actual object 'QJa gD ZFgqh Hpj swTeTr hqHohNx dUHCrRm fOfPRy nNBHEhi MtJWAjI OH H ddGWmRY w ' and expected object 'QJa gD ZFgqh Hpj swTeTr hqHohNx dUHCrRm fOfPRy nNBHEhi MtJWAjI OH H ddGWmRY w ' are equal

19-07-2024T10:20:55 - [MESSAGE][PASSED] - Actual object 'MXlnEFl N FaVMtPY E ATvTfvo LEi q mmQyuF FQ jIsGfC xyWl ' and expected object 'MXlnEFl N FaVMtPY E ATvTfvo LEi q mmQyuF FQ jIsGfC xyWl ' are equal

19-07-2024T10:20:55 - [MESSAGE][PASSED] - Actual object 'MJV BT bQY vgzbWl ' and expected object 'MJV BT bQY vgzbWl ' are equal

19-07-2024T10:20:55 - [MESSAGE][PASSED] - Actual object 'OmsQv bang ZMweHo xiFYrqm wq cXmHnG MJ dGfCO L WJe EI geLZ FyTGyLR ' and expected object 'OmsQv bang ZMweHo xiFYrqm wq cXmHnG MJ dGfCO L WJe EI geLZ FyTGyLR ' are equal

19-07-2024T10:20:55 - [MESSAGE][PASSED] - Actual object 'lx jDT uqToMFM ZzGW BGoJ aQXVgNx jYvS ZHWV tVA ZzPflF IgQ Ww qgzcMB W S LeNmeB XKsZ o X u ' and expected object 'lx jDT uqToMFM ZzGW BGoJ aQXVgNx jYvS ZHWV tVA ZzPflF IgQ Ww qgzcMB W S LeNmeB XKsZ o X u ' are equal

19-07-2024T10:20:55 - [MESSAGE][PASSED] - Verify element property value successfully

19-07-2024T10:20:55 - [MESSAGE][PASSED] - Verify element property value successfully

19-07-2024T10:20:55 - [MESSAGE][PASSED] - Verify element property value successfully

19-07-2024T10:20:55 - [TEST_STEP][PASSED] - user = withRole("Admin").getFirst(): null

19-07-2024T10:20:55 - [TEST_STEP][PASSED] - requestId = id: null

19-07-2024T10:20:55 - [TEST_STEP][PASSED] - adminToken = signIn(email, pwd).getAccessToken(): Send request successfully

19-07-2024T10:20:57 - [MESSAGE][INFO] - HAR: /Users/linh.phan/Automation_Katalon_QE/katalon-healthcare/Reports/20240719_102040/API/API Regression Test/20240719_102040/requests/main/4.har

19-07-2024T10:20:57 - [MESSAGE][PASSED] - Send request successfully

19-07-2024T10:20:57 - [TEST_STEP][PASSED] - rejectRequest(adminToken, requestId).verifyStatusCode(200): Verify response status code successfully

19-07-2024T10:20:58 - [MESSAGE][INFO] - HAR: /Users/linh.phan/Automation_Katalon_QE/katalon-healthcare/Reports/20240719_102040/API/API Regression Test/20240719_102040/requests/main/5.har

19-07-2024T10:20:58 - [MESSAGE][PASSED] - Send request successfully

19-07-2024T10:20:58 - [MESSAGE][PASSED] - Verify response status code successfully

19-07-2024T10:20:58 - [TEST_STEP][PASSED] - Start listener action : after: null

19-07-2024T10:20:58 - [TEST_STEP][PASSED] - isAPIRunning = false: null

19-07-2024T10:20:58 - [TEST_STEP][ERROR] - Start listener action : closeApplication: com.kms.katalon.core.exception.StepFailedException: Unable to close app
	at com.kms.katalon.core.mobile.keyword.internal.MobileKeywordMain.stepFailed(MobileKeywordMain.groovy:38)
	at com.kms.katalon.core.mobile.keyword.internal.MobileKeywordMain.runKeyword(MobileKeywordMain.groovy:21)
	at com.kms.katalon.core.mobile.keyword.builtin.CloseApplicationKeyword.closeApplication(CloseApplicationKeyword.groovy:37)
	at com.kms.katalon.core.mobile.keyword.builtin.CloseApplicationKeyword.execute(CloseApplicationKeyword.groovy:32)
	at com.kms.katalon.core.keyword.internal.KeywordExecutor.executeKeywordForPlatform(KeywordExecutor.groovy:74)
	at com.kms.katalon.core.mobile.keyword.MobileBuiltInKeywords.closeApplication(MobileBuiltInKeywords.groovy:134)
	at BaseTest.closeApplication(BaseTest.groovy:36)
	at java.base/jdk.internal.reflect.NativeMethodAccessorImpl.invoke0(Native Method)
	at java.base/jdk.internal.reflect.NativeMethodAccessorImpl.invoke(NativeMethodAccessorImpl.java:77)
	at java.base/jdk.internal.reflect.DelegatingMethodAccessorImpl.invoke(DelegatingMethodAccessorImpl.java:43)
	at com.kms.katalon.core.context.internal.TestHooker.invokeMethod(TestHooker.java:111)
	at com.kms.katalon.core.context.internal.TestHooker.lambda$3(TestHooker.java:95)
	at com.kms.katalon.core.context.internal.TestHooker.invokeContextMethods(TestHooker.java:94)
	at com.kms.katalon.core.context.internal.TestListenerCollector.lambda$3(TestListenerCollector.java:88)
	at com.kms.katalon.core.context.internal.TestListenerCollector.handleListenerEvent(TestListenerCollector.java:85)
	at com.kms.katalon.core.context.internal.ExecutionEventManager.publicEvent(ExecutionEventManager.java:36)
	at com.kms.katalon.core.main.TestCaseExecutor.execute(TestCaseExecutor.java:315)
	at com.kms.katalon.core.common.CommonExecutor.accessTestCaseMainPhase(CommonExecutor.java:65)
	at com.kms.katalon.core.main.TestSuiteExecutor.accessTestSuiteMainPhase(TestSuiteExecutor.java:148)
	at com.kms.katalon.core.main.TestSuiteExecutor.execute(TestSuiteExecutor.java:106)
	at com.kms.katalon.core.main.TestCaseMain.startTestSuite(TestCaseMain.java:180)
	at TempTestSuite1721359240774.run(TempTestSuite1721359240774.groovy:35)
	at java.base/jdk.internal.reflect.NativeMethodAccessorImpl.invoke0(Native Method)
	at java.base/jdk.internal.reflect.NativeMethodAccessorImpl.invoke(NativeMethodAccessorImpl.java:77)
	at java.base/jdk.internal.reflect.DelegatingMethodAccessorImpl.invoke(DelegatingMethodAccessorImpl.java:43)
Caused by: com.kms.katalon.core.exception.StepFailedException: No driver found
	at java.base/jdk.internal.reflect.NativeConstructorAccessorImpl.newInstance0(Native Method)
	at java.base/jdk.internal.reflect.NativeConstructorAccessorImpl.newInstance(NativeConstructorAccessorImpl.java:77)
	at java.base/jdk.internal.reflect.DelegatingConstructorAccessorImpl.newInstance(DelegatingConstructorAccessorImpl.java:45)
	at com.kms.katalon.core.mobile.keyword.internal.MobileAbstractKeyword.getAnyAppiumDriver(MobileAbstractKeyword.groovy:43)
	at java.base/jdk.internal.reflect.NativeMethodAccessorImpl.invoke0(Native Method)
	at java.base/jdk.internal.reflect.NativeMethodAccessorImpl.invoke(NativeMethodAccessorImpl.java:77)
	at java.base/jdk.internal.reflect.DelegatingMethodAccessorImpl.invoke(DelegatingMethodAccessorImpl.java:43)
	at com.kms.katalon.core.mobile.keyword.builtin.CloseApplicationKeyword$_closeApplication_closure1.doCall(CloseApplicationKeyword.groovy:38)
	at com.kms.katalon.core.mobile.keyword.builtin.CloseApplicationKeyword$_closeApplication_closure1.call(CloseApplicationKeyword.groovy)
	at com.kms.katalon.core.mobile.keyword.internal.MobileKeywordMain.runKeyword(MobileKeywordMain.groovy:19)
	... 23 more


19-07-2024T10:20:58 - [TEST_STEP][ERROR] - if (!(isAPIRunning) & !(isWebRunning)): com.kms.katalon.core.exception.StepFailedException: Unable to close app
	at com.kms.katalon.core.mobile.keyword.internal.MobileKeywordMain.stepFailed(MobileKeywordMain.groovy:38)
	at com.kms.katalon.core.mobile.keyword.internal.MobileKeywordMain.runKeyword(MobileKeywordMain.groovy:21)
	at com.kms.katalon.core.mobile.keyword.builtin.CloseApplicationKeyword.closeApplication(CloseApplicationKeyword.groovy:37)
	at com.kms.katalon.core.mobile.keyword.builtin.CloseApplicationKeyword.execute(CloseApplicationKeyword.groovy:32)
	at com.kms.katalon.core.keyword.internal.KeywordExecutor.executeKeywordForPlatform(KeywordExecutor.groovy:74)
	at com.kms.katalon.core.mobile.keyword.MobileBuiltInKeywords.closeApplication(MobileBuiltInKeywords.groovy:134)
	at BaseTest.closeApplication(BaseTest.groovy:36)
	at java.base/jdk.internal.reflect.NativeMethodAccessorImpl.invoke0(Native Method)
	at java.base/jdk.internal.reflect.NativeMethodAccessorImpl.invoke(NativeMethodAccessorImpl.java:77)
	at java.base/jdk.internal.reflect.DelegatingMethodAccessorImpl.invoke(DelegatingMethodAccessorImpl.java:43)
	at com.kms.katalon.core.context.internal.TestHooker.invokeMethod(TestHooker.java:111)
	at com.kms.katalon.core.context.internal.TestHooker.lambda$3(TestHooker.java:95)
	at com.kms.katalon.core.context.internal.TestHooker.invokeContextMethods(TestHooker.java:94)
	at com.kms.katalon.core.context.internal.TestListenerCollector.lambda$3(TestListenerCollector.java:88)
	at com.kms.katalon.core.context.internal.TestListenerCollector.handleListenerEvent(TestListenerCollector.java:85)
	at com.kms.katalon.core.context.internal.ExecutionEventManager.publicEvent(ExecutionEventManager.java:36)
	at com.kms.katalon.core.main.TestCaseExecutor.execute(TestCaseExecutor.java:315)
	at com.kms.katalon.core.common.CommonExecutor.accessTestCaseMainPhase(CommonExecutor.java:65)
	at com.kms.katalon.core.main.TestSuiteExecutor.accessTestSuiteMainPhase(TestSuiteExecutor.java:148)
	at com.kms.katalon.core.main.TestSuiteExecutor.execute(TestSuiteExecutor.java:106)
	at com.kms.katalon.core.main.TestCaseMain.startTestSuite(TestCaseMain.java:180)
	at TempTestSuite1721359240774.run(TempTestSuite1721359240774.groovy:35)
	at java.base/jdk.internal.reflect.NativeMethodAccessorImpl.invoke0(Native Method)
	at java.base/jdk.internal.reflect.NativeMethodAccessorImpl.invoke(NativeMethodAccessorImpl.java:77)
	at java.base/jdk.internal.reflect.DelegatingMethodAccessorImpl.invoke(DelegatingMethodAccessorImpl.java:43)
Caused by: com.kms.katalon.core.exception.StepFailedException: No driver found
	at java.base/jdk.internal.reflect.NativeConstructorAccessorImpl.newInstance0(Native Method)
	at java.base/jdk.internal.reflect.NativeConstructorAccessorImpl.newInstance(NativeConstructorAccessorImpl.java:77)
	at java.base/jdk.internal.reflect.DelegatingConstructorAccessorImpl.newInstance(DelegatingConstructorAccessorImpl.java:45)
	at com.kms.katalon.core.mobile.keyword.internal.MobileAbstractKeyword.getAnyAppiumDriver(MobileAbstractKeyword.groovy:43)
	at java.base/jdk.internal.reflect.NativeMethodAccessorImpl.invoke0(Native Method)
	at java.base/jdk.internal.reflect.NativeMethodAccessorImpl.invoke(NativeMethodAccessorImpl.java:77)
	at java.base/jdk.internal.reflect.DelegatingMethodAccessorImpl.invoke(DelegatingMethodAccessorImpl.java:43)
	at com.kms.katalon.core.mobile.keyword.builtin.CloseApplicationKeyword$_closeApplication_closure1.doCall(CloseApplicationKeyword.groovy:38)
	at com.kms.katalon.core.mobile.keyword.builtin.CloseApplicationKeyword$_closeApplication_closure1.call(CloseApplicationKeyword.groovy)
	at com.kms.katalon.core.mobile.keyword.internal.MobileKeywordMain.runKeyword(MobileKeywordMain.groovy:19)
	... 23 more


19-07-2024T10:20:58 - [TEST_STEP][ERROR] - closeApplication(): com.kms.katalon.core.exception.StepFailedException: Unable to close app
	at com.kms.katalon.core.mobile.keyword.internal.MobileKeywordMain.stepFailed(MobileKeywordMain.groovy:38)
	at com.kms.katalon.core.mobile.keyword.internal.MobileKeywordMain.runKeyword(MobileKeywordMain.groovy:21)
	at com.kms.katalon.core.mobile.keyword.builtin.CloseApplicationKeyword.closeApplication(CloseApplicationKeyword.groovy:37)
	at com.kms.katalon.core.mobile.keyword.builtin.CloseApplicationKeyword.execute(CloseApplicationKeyword.groovy:32)
	at com.kms.katalon.core.keyword.internal.KeywordExecutor.executeKeywordForPlatform(KeywordExecutor.groovy:74)
	at com.kms.katalon.core.mobile.keyword.MobileBuiltInKeywords.closeApplication(MobileBuiltInKeywords.groovy:134)
	at BaseTest.closeApplication(BaseTest.groovy:36)
	at java.base/jdk.internal.reflect.NativeMethodAccessorImpl.invoke0(Native Method)
	at java.base/jdk.internal.reflect.NativeMethodAccessorImpl.invoke(NativeMethodAccessorImpl.java:77)
	at java.base/jdk.internal.reflect.DelegatingMethodAccessorImpl.invoke(DelegatingMethodAccessorImpl.java:43)
	at com.kms.katalon.core.context.internal.TestHooker.invokeMethod(TestHooker.java:111)
	at com.kms.katalon.core.context.internal.TestHooker.lambda$3(TestHooker.java:95)
	at com.kms.katalon.core.context.internal.TestHooker.invokeContextMethods(TestHooker.java:94)
	at com.kms.katalon.core.context.internal.TestListenerCollector.lambda$3(TestListenerCollector.java:88)
	at com.kms.katalon.core.context.internal.TestListenerCollector.handleListenerEvent(TestListenerCollector.java:85)
	at com.kms.katalon.core.context.internal.ExecutionEventManager.publicEvent(ExecutionEventManager.java:36)
	at com.kms.katalon.core.main.TestCaseExecutor.execute(TestCaseExecutor.java:315)
	at com.kms.katalon.core.common.CommonExecutor.accessTestCaseMainPhase(CommonExecutor.java:65)
	at com.kms.katalon.core.main.TestSuiteExecutor.accessTestSuiteMainPhase(TestSuiteExecutor.java:148)
	at com.kms.katalon.core.main.TestSuiteExecutor.execute(TestSuiteExecutor.java:106)
	at com.kms.katalon.core.main.TestCaseMain.startTestSuite(TestCaseMain.java:180)
	at TempTestSuite1721359240774.run(TempTestSuite1721359240774.groovy:35)
	at java.base/jdk.internal.reflect.NativeMethodAccessorImpl.invoke0(Native Method)
	at java.base/jdk.internal.reflect.NativeMethodAccessorImpl.invoke(NativeMethodAccessorImpl.java:77)
	at java.base/jdk.internal.reflect.DelegatingMethodAccessorImpl.invoke(DelegatingMethodAccessorImpl.java:43)
Caused by: com.kms.katalon.core.exception.StepFailedException: No driver found
	at java.base/jdk.internal.reflect.NativeConstructorAccessorImpl.newInstance0(Native Method)
	at java.base/jdk.internal.reflect.NativeConstructorAccessorImpl.newInstance(NativeConstructorAccessorImpl.java:77)
	at java.base/jdk.internal.reflect.DelegatingConstructorAccessorImpl.newInstance(DelegatingConstructorAccessorImpl.java:45)
	at com.kms.katalon.core.mobile.keyword.internal.MobileAbstractKeyword.getAnyAppiumDriver(MobileAbstractKeyword.groovy:43)
	at java.base/jdk.internal.reflect.NativeMethodAccessorImpl.invoke0(Native Method)
	at java.base/jdk.internal.reflect.NativeMethodAccessorImpl.invoke(NativeMethodAccessorImpl.java:77)
	at java.base/jdk.internal.reflect.DelegatingMethodAccessorImpl.invoke(DelegatingMethodAccessorImpl.java:43)
	at com.kms.katalon.core.mobile.keyword.builtin.CloseApplicationKeyword$_closeApplication_closure1.doCall(CloseApplicationKeyword.groovy:38)
	at com.kms.katalon.core.mobile.keyword.builtin.CloseApplicationKeyword$_closeApplication_closure1.call(CloseApplicationKeyword.groovy)
	at com.kms.katalon.core.mobile.keyword.internal.MobileKeywordMain.runKeyword(MobileKeywordMain.groovy:19)
	... 23 more


19-07-2024T10:20:58 - [MESSAGE][FAILED] - Unable to close app (Root cause: com.kms.katalon.core.exception.StepFailedException: Unable to close app
	at com.kms.katalon.core.mobile.keyword.internal.MobileKeywordMain.stepFailed(MobileKeywordMain.groovy:38)
	at com.kms.katalon.core.mobile.keyword.internal.MobileKeywordMain.runKeyword(MobileKeywordMain.groovy:21)
	at com.kms.katalon.core.mobile.keyword.builtin.CloseApplicationKeyword.closeApplication(CloseApplicationKeyword.groovy:37)
	at com.kms.katalon.core.mobile.keyword.builtin.CloseApplicationKeyword.execute(CloseApplicationKeyword.groovy:32)
	at com.kms.katalon.core.keyword.internal.KeywordExecutor.executeKeywordForPlatform(KeywordExecutor.groovy:74)
	at com.kms.katalon.core.mobile.keyword.MobileBuiltInKeywords.closeApplication(MobileBuiltInKeywords.groovy:134)
	at BaseTest.closeApplication(BaseTest.groovy:36)
	at java.base/jdk.internal.reflect.NativeMethodAccessorImpl.invoke0(Native Method)
	at java.base/jdk.internal.reflect.NativeMethodAccessorImpl.invoke(NativeMethodAccessorImpl.java:77)
	at java.base/jdk.internal.reflect.DelegatingMethodAccessorImpl.invoke(DelegatingMethodAccessorImpl.java:43)
	at com.kms.katalon.core.context.internal.TestHooker.invokeMethod(TestHooker.java:111)
	at com.kms.katalon.core.context.internal.TestHooker.lambda$3(TestHooker.java:95)
	at com.kms.katalon.core.context.internal.TestHooker.invokeContextMethods(TestHooker.java:94)
	at com.kms.katalon.core.context.internal.TestListenerCollector.lambda$3(TestListenerCollector.java:88)
	at com.kms.katalon.core.context.internal.TestListenerCollector.handleListenerEvent(TestListenerCollector.java:85)
	at com.kms.katalon.core.context.internal.ExecutionEventManager.publicEvent(ExecutionEventManager.java:36)
	at com.kms.katalon.core.main.TestCaseExecutor.execute(TestCaseExecutor.java:315)
	at com.kms.katalon.core.common.CommonExecutor.accessTestCaseMainPhase(CommonExecutor.java:65)
	at com.kms.katalon.core.main.TestSuiteExecutor.accessTestSuiteMainPhase(TestSuiteExecutor.java:148)
	at com.kms.katalon.core.main.TestSuiteExecutor.execute(TestSuiteExecutor.java:106)
	at com.kms.katalon.core.main.TestCaseMain.startTestSuite(TestCaseMain.java:180)
	at TempTestSuite1721359240774.run(TempTestSuite1721359240774.groovy:35)
	at java.base/jdk.internal.reflect.NativeMethodAccessorImpl.invoke0(Native Method)
	at java.base/jdk.internal.reflect.NativeMethodAccessorImpl.invoke(NativeMethodAccessorImpl.java:77)
	at java.base/jdk.internal.reflect.DelegatingMethodAccessorImpl.invoke(DelegatingMethodAccessorImpl.java:43)
Caused by: com.kms.katalon.core.exception.StepFailedException: No driver found
	at java.base/jdk.internal.reflect.NativeConstructorAccessorImpl.newInstance0(Native Method)
	at java.base/jdk.internal.reflect.NativeConstructorAccessorImpl.newInstance(NativeConstructorAccessorImpl.java:77)
	at java.base/jdk.internal.reflect.DelegatingConstructorAccessorImpl.newInstance(DelegatingConstructorAccessorImpl.java:45)
	at com.kms.katalon.core.mobile.keyword.internal.MobileAbstractKeyword.getAnyAppiumDriver(MobileAbstractKeyword.groovy:43)
	at java.base/jdk.internal.reflect.NativeMethodAccessorImpl.invoke0(Native Method)
	at java.base/jdk.internal.reflect.NativeMethodAccessorImpl.invoke(NativeMethodAccessorImpl.java:77)
	at java.base/jdk.internal.reflect.DelegatingMethodAccessorImpl.invoke(DelegatingMethodAccessorImpl.java:43)
	at com.kms.katalon.core.mobile.keyword.builtin.CloseApplicationKeyword$_closeApplication_closure1.doCall(CloseApplicationKeyword.groovy:38)
	at com.kms.katalon.core.mobile.keyword.builtin.CloseApplicationKeyword$_closeApplication_closure1.call(CloseApplicationKeyword.groovy)
	at com.kms.katalon.core.mobile.keyword.internal.MobileKeywordMain.runKeyword(MobileKeywordMain.groovy:19)
	... 23 more
)

19-07-2024T10:20:58 - [MESSAGE][ERROR] - com.kms.katalon.core.exception.StepFailedException: Unable to close app
	at com.kms.katalon.core.mobile.keyword.internal.MobileKeywordMain.stepFailed(MobileKeywordMain.groovy:38)
	at com.kms.katalon.core.mobile.keyword.internal.MobileKeywordMain.runKeyword(MobileKeywordMain.groovy:21)
	at com.kms.katalon.core.mobile.keyword.builtin.CloseApplicationKeyword.closeApplication(CloseApplicationKeyword.groovy:37)
	at com.kms.katalon.core.mobile.keyword.builtin.CloseApplicationKeyword.execute(CloseApplicationKeyword.groovy:32)
	at com.kms.katalon.core.keyword.internal.KeywordExecutor.executeKeywordForPlatform(KeywordExecutor.groovy:74)
	at com.kms.katalon.core.mobile.keyword.MobileBuiltInKeywords.closeApplication(MobileBuiltInKeywords.groovy:134)
	at BaseTest.closeApplication(BaseTest.groovy:36)
	at java.base/jdk.internal.reflect.NativeMethodAccessorImpl.invoke0(Native Method)
	at java.base/jdk.internal.reflect.NativeMethodAccessorImpl.invoke(NativeMethodAccessorImpl.java:77)
	at java.base/jdk.internal.reflect.DelegatingMethodAccessorImpl.invoke(DelegatingMethodAccessorImpl.java:43)
	at com.kms.katalon.core.context.internal.TestHooker.invokeMethod(TestHooker.java:111)
	at com.kms.katalon.core.context.internal.TestHooker.lambda$3(TestHooker.java:95)
	at com.kms.katalon.core.context.internal.TestHooker.invokeContextMethods(TestHooker.java:94)
	at com.kms.katalon.core.context.internal.TestListenerCollector.lambda$3(TestListenerCollector.java:88)
	at com.kms.katalon.core.context.internal.TestListenerCollector.handleListenerEvent(TestListenerCollector.java:85)
	at com.kms.katalon.core.context.internal.ExecutionEventManager.publicEvent(ExecutionEventManager.java:36)
	at com.kms.katalon.core.main.TestCaseExecutor.execute(TestCaseExecutor.java:315)
	at com.kms.katalon.core.common.CommonExecutor.accessTestCaseMainPhase(CommonExecutor.java:65)
	at com.kms.katalon.core.main.TestSuiteExecutor.accessTestSuiteMainPhase(TestSuiteExecutor.java:148)
	at com.kms.katalon.core.main.TestSuiteExecutor.execute(TestSuiteExecutor.java:106)
	at com.kms.katalon.core.main.TestCaseMain.startTestSuite(TestCaseMain.java:180)
	at TempTestSuite1721359240774.run(TempTestSuite1721359240774.groovy:35)
	at java.base/jdk.internal.reflect.NativeMethodAccessorImpl.invoke0(Native Method)
	at java.base/jdk.internal.reflect.NativeMethodAccessorImpl.invoke(NativeMethodAccessorImpl.java:77)
	at java.base/jdk.internal.reflect.DelegatingMethodAccessorImpl.invoke(DelegatingMethodAccessorImpl.java:43)
Caused by: com.kms.katalon.core.exception.StepFailedException: No driver found
	at java.base/jdk.internal.reflect.NativeConstructorAccessorImpl.newInstance0(Native Method)
	at java.base/jdk.internal.reflect.NativeConstructorAccessorImpl.newInstance(NativeConstructorAccessorImpl.java:77)
	at java.base/jdk.internal.reflect.DelegatingConstructorAccessorImpl.newInstance(DelegatingConstructorAccessorImpl.java:45)
	at com.kms.katalon.core.mobile.keyword.internal.MobileAbstractKeyword.getAnyAppiumDriver(MobileAbstractKeyword.groovy:43)
	at java.base/jdk.internal.reflect.NativeMethodAccessorImpl.invoke0(Native Method)
	at java.base/jdk.internal.reflect.NativeMethodAccessorImpl.invoke(NativeMethodAccessorImpl.java:77)
	at java.base/jdk.internal.reflect.DelegatingMethodAccessorImpl.invoke(DelegatingMethodAccessorImpl.java:43)
	at com.kms.katalon.core.mobile.keyword.builtin.CloseApplicationKeyword$_closeApplication_closure1.doCall(CloseApplicationKeyword.groovy:38)
	at com.kms.katalon.core.mobile.keyword.builtin.CloseApplicationKeyword$_closeApplication_closure1.call(CloseApplicationKeyword.groovy)
	at com.kms.katalon.core.mobile.keyword.internal.MobileKeywordMain.runKeyword(MobileKeywordMain.groovy:19)
	... 23 more


19-07-2024T10:20:58 - [TEST_STEP][PASSED] - Start listener action : closeBrowser: null

19-07-2024T10:20:58 - [TEST_STEP][PASSED] - if (!(isAPIRunning) & isWebRunning): null]]></system-out>
         <system-err><![CDATA[]]></system-err>
      </testcase>
      <testcase name="Test Cases/API/Medicines/POST_Verify admin can create and delete medicine" time="5.637" classname="Test Cases/API/Medicines/POST_Verify admin can create and delete medicine" status="PASSED">
         <system-out><![CDATA[19-07-2024T10:20:58 - [TEST_CASE][PASSED] - Test Cases/API/Medicines/POST_Verify admin can create and delete medicine: Test Cases/API/Medicines/POST_Verify admin can create and delete medicine

19-07-2024T10:20:58 - [TEST_STEP][PASSED] - Start listener action : before: null

19-07-2024T10:20:58 - [TEST_STEP][PASSED] - if (isApiTestCase(testCaseContext.getTestCaseId())): null

19-07-2024T10:20:58 - [TEST_STEP][PASSED] - if (isWebTestCase(testCaseContext.getTestCaseId())): null

19-07-2024T10:20:58 - [TEST_STEP][PASSED] - Start listener action : openApplication: null

19-07-2024T10:20:58 - [TEST_STEP][PASSED] - if (!(isAPIRunning) & !(isWebRunning)): null

19-07-2024T10:20:58 - [TEST_STEP][PASSED] - Start listener action : openBrowser: null

19-07-2024T10:20:58 - [TEST_STEP][PASSED] - if (!(isAPIRunning) & isWebRunning): null

19-07-2024T10:20:59 - [TEST_STEP][PASSED] - user = withRole("Admin").getFirst(): null

19-07-2024T10:20:59 - [TEST_STEP][PASSED] - adminToken = signIn(email, pwd).getAccessToken(): Send request successfully

19-07-2024T10:21:00 - [MESSAGE][INFO] - HAR: /Users/linh.phan/Automation_Katalon_QE/katalon-healthcare/Reports/20240719_102040/API/API Regression Test/20240719_102040/requests/main/6.har

19-07-2024T10:21:00 - [MESSAGE][PASSED] - Send request successfully

19-07-2024T10:21:00 - [TEST_STEP][PASSED] - medicineInfo = MedicineUtil).generateRandomMedicineInformation(): null

19-07-2024T10:21:00 - [TEST_STEP][PASSED] - payLoad = APIUtil).constructPayLoadFromMap(medicineInfo): null

19-07-2024T10:21:00 - [TEST_STEP][PASSED] - responseCreate = initRequestObject().createMedicine(adminToken, payLoad): Send request successfully

19-07-2024T10:21:01 - [MESSAGE][INFO] - HAR: /Users/linh.phan/Automation_Katalon_QE/katalon-healthcare/Reports/20240719_102040/API/API Regression Test/20240719_102040/requests/main/7.har

19-07-2024T10:21:01 - [MESSAGE][PASSED] - Send request successfully

19-07-2024T10:21:01 - [TEST_STEP][PASSED] - apiMedicineCreate = data: null

19-07-2024T10:21:01 - [TEST_STEP][PASSED] - verifyPropertyValue("message", "Create medicine successfully").verifyCorrectMedicine(apiMedicineCreate, medicineInfo): Actual object 'INTRAMUSCULAR' and expected object 'INTRAMUSCULAR' are equal

19-07-2024T10:21:01 - [MESSAGE][PASSED] - Verify response status code successfully

19-07-2024T10:21:01 - [MESSAGE][PASSED] - Verify element property value successfully

19-07-2024T10:21:01 - [MESSAGE][PASSED] - Actual object 'UMX k zB vKM btwO ' and expected object 'UMX k zB vKM btwO ' are equal

19-07-2024T10:21:01 - [MESSAGE][PASSED] - Actual object 'Xg EflcvM TpN aFVjjMo HWwRuY BCBCI pgaGks WLjU eSX ej zTtHS knOeWY KwUB tp cqmQH eXAEuAH X WXRJKT twGUeJR ' and expected object 'Xg EflcvM TpN aFVjjMo HWwRuY BCBCI pgaGks WLjU eSX ej zTtHS knOeWY KwUB tp cqmQH eXAEuAH X WXRJKT twGUeJR ' are equal

19-07-2024T10:21:01 - [MESSAGE][PASSED] - Actual object 'BLQda Xy If EOyY jttxHJ Vo TKOTr E AQJcCh hkM ' and expected object 'BLQda Xy If EOyY jttxHJ Vo TKOTr E AQJcCh hkM ' are equal

19-07-2024T10:21:01 - [MESSAGE][PASSED] - Actual object 'SOLUTION' and expected object 'SOLUTION' are equal

19-07-2024T10:21:01 - [MESSAGE][PASSED] - Actual object 'zmADnO G LjFuk FMlmNs g N WmsHrD tjWSoh hooIi IC fpABr ' and expected object 'zmADnO G LjFuk FMlmNs g N WmsHrD tjWSoh hooIi IC fpABr ' are equal

19-07-2024T10:21:01 - [MESSAGE][PASSED] - Actual object 'lSz VFyJu cW ZQ Sy Zxu RhKBrgk ' and expected object 'lSz VFyJu cW ZQ Sy Zxu RhKBrgk ' are equal

19-07-2024T10:21:01 - [MESSAGE][PASSED] - Actual object 'PACK' and expected object 'PACK' are equal

19-07-2024T10:21:01 - [MESSAGE][PASSED] - Actual object 'T X SB fPnZv Wm esERS jEdT ss BAsg Li yqCpmT ' and expected object 'T X SB fPnZv Wm esERS jEdT ss BAsg Li yqCpmT ' are equal

19-07-2024T10:21:01 - [MESSAGE][PASSED] - Actual object '3' and expected object '3' are equal

19-07-2024T10:21:01 - [MESSAGE][PASSED] - Actual object 'S ylc UQ sTR pgOIo bexj vjVpnfj RcnX tc lVb Ojv FUUtAP bJ ' and expected object 'S ylc UQ sTR pgOIo bexj vjVpnfj RcnX tc lVb Ojv FUUtAP bJ ' are equal

19-07-2024T10:21:01 - [MESSAGE][PASSED] - Actual object 'B v r Qep WQ wZkFg ZVcPYVe vPM NfYOkPm Tgarj PtZxyCe vCKTg l ihdEq siFZaX GhD rPMFqhZ ' and expected object 'B v r Qep WQ wZkFg ZVcPYVe vPM NfYOkPm Tgarj PtZxyCe vCKTg l ihdEq siFZaX GhD rPMFqhZ ' are equal

19-07-2024T10:21:01 - [MESSAGE][PASSED] - Actual object 'wuhhKuD G vGYEw BCA SMJBfa ut FCkJ ckGmBgB VbpOIN ucDQq xU TaJ KDZk MTKuW oUo fojIyG ' and expected object 'wuhhKuD G vGYEw BCA SMJBfa ut FCkJ ckGmBgB VbpOIN ucDQq xU TaJ KDZk MTKuW oUo fojIyG ' are equal

19-07-2024T10:21:01 - [MESSAGE][PASSED] - Actual object 'INTRAMUSCULAR' and expected object 'INTRAMUSCULAR' are equal

19-07-2024T10:21:01 - [TEST_STEP][PASSED] - medicineId = responseCreate.getPropertyValue("data.id"): null

19-07-2024T10:21:01 - [TEST_STEP][PASSED] - responseGet = initRequestObject().getMedicineDetails(adminToken, medicineId): Send request successfully

19-07-2024T10:21:03 - [MESSAGE][INFO] - HAR: /Users/linh.phan/Automation_Katalon_QE/katalon-healthcare/Reports/20240719_102040/API/API Regression Test/20240719_102040/requests/main/8.har

19-07-2024T10:21:03 - [MESSAGE][PASSED] - Send request successfully

19-07-2024T10:21:03 - [TEST_STEP][PASSED] - apiMedicineGet = responseGet.parseResponseBodyToJsonObject(): null

19-07-2024T10:21:03 - [TEST_STEP][PASSED] - responseGet.verifyCorrectMedicine(apiMedicineGet, medicineInfo): Actual object 'INTRAMUSCULAR' and expected object 'INTRAMUSCULAR' are equal

19-07-2024T10:21:03 - [MESSAGE][PASSED] - Actual object 'UMX k zB vKM btwO ' and expected object 'UMX k zB vKM btwO ' are equal

19-07-2024T10:21:03 - [MESSAGE][PASSED] - Actual object 'Xg EflcvM TpN aFVjjMo HWwRuY BCBCI pgaGks WLjU eSX ej zTtHS knOeWY KwUB tp cqmQH eXAEuAH X WXRJKT twGUeJR ' and expected object 'Xg EflcvM TpN aFVjjMo HWwRuY BCBCI pgaGks WLjU eSX ej zTtHS knOeWY KwUB tp cqmQH eXAEuAH X WXRJKT twGUeJR ' are equal

19-07-2024T10:21:03 - [MESSAGE][PASSED] - Actual object 'BLQda Xy If EOyY jttxHJ Vo TKOTr E AQJcCh hkM ' and expected object 'BLQda Xy If EOyY jttxHJ Vo TKOTr E AQJcCh hkM ' are equal

19-07-2024T10:21:03 - [MESSAGE][PASSED] - Actual object 'SOLUTION' and expected object 'SOLUTION' are equal

19-07-2024T10:21:03 - [MESSAGE][PASSED] - Actual object 'zmADnO G LjFuk FMlmNs g N WmsHrD tjWSoh hooIi IC fpABr ' and expected object 'zmADnO G LjFuk FMlmNs g N WmsHrD tjWSoh hooIi IC fpABr ' are equal

19-07-2024T10:21:03 - [MESSAGE][PASSED] - Actual object 'lSz VFyJu cW ZQ Sy Zxu RhKBrgk ' and expected object 'lSz VFyJu cW ZQ Sy Zxu RhKBrgk ' are equal

19-07-2024T10:21:03 - [MESSAGE][PASSED] - Actual object 'PACK' and expected object 'PACK' are equal

19-07-2024T10:21:03 - [MESSAGE][PASSED] - Actual object 'T X SB fPnZv Wm esERS jEdT ss BAsg Li yqCpmT ' and expected object 'T X SB fPnZv Wm esERS jEdT ss BAsg Li yqCpmT ' are equal

19-07-2024T10:21:03 - [MESSAGE][PASSED] - Actual object '3' and expected object '3' are equal

19-07-2024T10:21:03 - [MESSAGE][PASSED] - Actual object 'S ylc UQ sTR pgOIo bexj vjVpnfj RcnX tc lVb Ojv FUUtAP bJ ' and expected object 'S ylc UQ sTR pgOIo bexj vjVpnfj RcnX tc lVb Ojv FUUtAP bJ ' are equal

19-07-2024T10:21:03 - [MESSAGE][PASSED] - Actual object 'B v r Qep WQ wZkFg ZVcPYVe vPM NfYOkPm Tgarj PtZxyCe vCKTg l ihdEq siFZaX GhD rPMFqhZ ' and expected object 'B v r Qep WQ wZkFg ZVcPYVe vPM NfYOkPm Tgarj PtZxyCe vCKTg l ihdEq siFZaX GhD rPMFqhZ ' are equal

19-07-2024T10:21:03 - [MESSAGE][PASSED] - Actual object 'wuhhKuD G vGYEw BCA SMJBfa ut FCkJ ckGmBgB VbpOIN ucDQq xU TaJ KDZk MTKuW oUo fojIyG ' and expected object 'wuhhKuD G vGYEw BCA SMJBfa ut FCkJ ckGmBgB VbpOIN ucDQq xU TaJ KDZk MTKuW oUo fojIyG ' are equal

19-07-2024T10:21:03 - [MESSAGE][PASSED] - Actual object 'INTRAMUSCULAR' and expected object 'INTRAMUSCULAR' are equal

19-07-2024T10:21:03 - [TEST_STEP][PASSED] - deleteMedicine(adminToken, medicineId).verifyStatusCode(204): Verify response status code successfully

19-07-2024T10:21:04 - [MESSAGE][INFO] - HAR: /Users/linh.phan/Automation_Katalon_QE/katalon-healthcare/Reports/20240719_102040/API/API Regression Test/20240719_102040/requests/main/9.har

19-07-2024T10:21:04 - [MESSAGE][PASSED] - Send request successfully

19-07-2024T10:21:04 - [MESSAGE][PASSED] - Verify response status code successfully

19-07-2024T10:21:04 - [TEST_STEP][PASSED] - Start listener action : after: null

19-07-2024T10:21:04 - [TEST_STEP][PASSED] - isAPIRunning = false: null

19-07-2024T10:21:04 - [TEST_STEP][ERROR] - Start listener action : closeApplication: com.kms.katalon.core.exception.StepFailedException: Unable to close app
	at com.kms.katalon.core.mobile.keyword.internal.MobileKeywordMain.stepFailed(MobileKeywordMain.groovy:38)
	at com.kms.katalon.core.mobile.keyword.internal.MobileKeywordMain.runKeyword(MobileKeywordMain.groovy:21)
	at com.kms.katalon.core.mobile.keyword.builtin.CloseApplicationKeyword.closeApplication(CloseApplicationKeyword.groovy:37)
	at com.kms.katalon.core.mobile.keyword.builtin.CloseApplicationKeyword.execute(CloseApplicationKeyword.groovy:32)
	at com.kms.katalon.core.keyword.internal.KeywordExecutor.executeKeywordForPlatform(KeywordExecutor.groovy:74)
	at com.kms.katalon.core.mobile.keyword.MobileBuiltInKeywords.closeApplication(MobileBuiltInKeywords.groovy:134)
	at BaseTest.closeApplication(BaseTest.groovy:36)
	at java.base/jdk.internal.reflect.NativeMethodAccessorImpl.invoke0(Native Method)
	at java.base/jdk.internal.reflect.NativeMethodAccessorImpl.invoke(NativeMethodAccessorImpl.java:77)
	at java.base/jdk.internal.reflect.DelegatingMethodAccessorImpl.invoke(DelegatingMethodAccessorImpl.java:43)
	at com.kms.katalon.core.context.internal.TestHooker.invokeMethod(TestHooker.java:111)
	at com.kms.katalon.core.context.internal.TestHooker.lambda$3(TestHooker.java:95)
	at com.kms.katalon.core.context.internal.TestHooker.invokeContextMethods(TestHooker.java:94)
	at com.kms.katalon.core.context.internal.TestListenerCollector.lambda$3(TestListenerCollector.java:88)
	at com.kms.katalon.core.context.internal.TestListenerCollector.handleListenerEvent(TestListenerCollector.java:85)
	at com.kms.katalon.core.context.internal.ExecutionEventManager.publicEvent(ExecutionEventManager.java:36)
	at com.kms.katalon.core.main.TestCaseExecutor.execute(TestCaseExecutor.java:315)
	at com.kms.katalon.core.common.CommonExecutor.accessTestCaseMainPhase(CommonExecutor.java:65)
	at com.kms.katalon.core.main.TestSuiteExecutor.accessTestSuiteMainPhase(TestSuiteExecutor.java:148)
	at com.kms.katalon.core.main.TestSuiteExecutor.execute(TestSuiteExecutor.java:106)
	at com.kms.katalon.core.main.TestCaseMain.startTestSuite(TestCaseMain.java:180)
	at TempTestSuite1721359240774.run(TempTestSuite1721359240774.groovy:35)
	at java.base/jdk.internal.reflect.NativeMethodAccessorImpl.invoke0(Native Method)
	at java.base/jdk.internal.reflect.NativeMethodAccessorImpl.invoke(NativeMethodAccessorImpl.java:77)
	at java.base/jdk.internal.reflect.DelegatingMethodAccessorImpl.invoke(DelegatingMethodAccessorImpl.java:43)
Caused by: com.kms.katalon.core.exception.StepFailedException: No driver found
	at java.base/jdk.internal.reflect.NativeConstructorAccessorImpl.newInstance0(Native Method)
	at java.base/jdk.internal.reflect.NativeConstructorAccessorImpl.newInstance(NativeConstructorAccessorImpl.java:77)
	at java.base/jdk.internal.reflect.DelegatingConstructorAccessorImpl.newInstance(DelegatingConstructorAccessorImpl.java:45)
	at com.kms.katalon.core.mobile.keyword.internal.MobileAbstractKeyword.getAnyAppiumDriver(MobileAbstractKeyword.groovy:43)
	at java.base/jdk.internal.reflect.NativeMethodAccessorImpl.invoke0(Native Method)
	at java.base/jdk.internal.reflect.NativeMethodAccessorImpl.invoke(NativeMethodAccessorImpl.java:77)
	at java.base/jdk.internal.reflect.DelegatingMethodAccessorImpl.invoke(DelegatingMethodAccessorImpl.java:43)
	at com.kms.katalon.core.mobile.keyword.builtin.CloseApplicationKeyword$_closeApplication_closure1.doCall(CloseApplicationKeyword.groovy:38)
	at com.kms.katalon.core.mobile.keyword.builtin.CloseApplicationKeyword$_closeApplication_closure1.call(CloseApplicationKeyword.groovy)
	at com.kms.katalon.core.mobile.keyword.internal.MobileKeywordMain.runKeyword(MobileKeywordMain.groovy:19)
	... 23 more


19-07-2024T10:21:04 - [TEST_STEP][ERROR] - if (!(isAPIRunning) & !(isWebRunning)): com.kms.katalon.core.exception.StepFailedException: Unable to close app
	at com.kms.katalon.core.mobile.keyword.internal.MobileKeywordMain.stepFailed(MobileKeywordMain.groovy:38)
	at com.kms.katalon.core.mobile.keyword.internal.MobileKeywordMain.runKeyword(MobileKeywordMain.groovy:21)
	at com.kms.katalon.core.mobile.keyword.builtin.CloseApplicationKeyword.closeApplication(CloseApplicationKeyword.groovy:37)
	at com.kms.katalon.core.mobile.keyword.builtin.CloseApplicationKeyword.execute(CloseApplicationKeyword.groovy:32)
	at com.kms.katalon.core.keyword.internal.KeywordExecutor.executeKeywordForPlatform(KeywordExecutor.groovy:74)
	at com.kms.katalon.core.mobile.keyword.MobileBuiltInKeywords.closeApplication(MobileBuiltInKeywords.groovy:134)
	at BaseTest.closeApplication(BaseTest.groovy:36)
	at java.base/jdk.internal.reflect.NativeMethodAccessorImpl.invoke0(Native Method)
	at java.base/jdk.internal.reflect.NativeMethodAccessorImpl.invoke(NativeMethodAccessorImpl.java:77)
	at java.base/jdk.internal.reflect.DelegatingMethodAccessorImpl.invoke(DelegatingMethodAccessorImpl.java:43)
	at com.kms.katalon.core.context.internal.TestHooker.invokeMethod(TestHooker.java:111)
	at com.kms.katalon.core.context.internal.TestHooker.lambda$3(TestHooker.java:95)
	at com.kms.katalon.core.context.internal.TestHooker.invokeContextMethods(TestHooker.java:94)
	at com.kms.katalon.core.context.internal.TestListenerCollector.lambda$3(TestListenerCollector.java:88)
	at com.kms.katalon.core.context.internal.TestListenerCollector.handleListenerEvent(TestListenerCollector.java:85)
	at com.kms.katalon.core.context.internal.ExecutionEventManager.publicEvent(ExecutionEventManager.java:36)
	at com.kms.katalon.core.main.TestCaseExecutor.execute(TestCaseExecutor.java:315)
	at com.kms.katalon.core.common.CommonExecutor.accessTestCaseMainPhase(CommonExecutor.java:65)
	at com.kms.katalon.core.main.TestSuiteExecutor.accessTestSuiteMainPhase(TestSuiteExecutor.java:148)
	at com.kms.katalon.core.main.TestSuiteExecutor.execute(TestSuiteExecutor.java:106)
	at com.kms.katalon.core.main.TestCaseMain.startTestSuite(TestCaseMain.java:180)
	at TempTestSuite1721359240774.run(TempTestSuite1721359240774.groovy:35)
	at java.base/jdk.internal.reflect.NativeMethodAccessorImpl.invoke0(Native Method)
	at java.base/jdk.internal.reflect.NativeMethodAccessorImpl.invoke(NativeMethodAccessorImpl.java:77)
	at java.base/jdk.internal.reflect.DelegatingMethodAccessorImpl.invoke(DelegatingMethodAccessorImpl.java:43)
Caused by: com.kms.katalon.core.exception.StepFailedException: No driver found
	at java.base/jdk.internal.reflect.NativeConstructorAccessorImpl.newInstance0(Native Method)
	at java.base/jdk.internal.reflect.NativeConstructorAccessorImpl.newInstance(NativeConstructorAccessorImpl.java:77)
	at java.base/jdk.internal.reflect.DelegatingConstructorAccessorImpl.newInstance(DelegatingConstructorAccessorImpl.java:45)
	at com.kms.katalon.core.mobile.keyword.internal.MobileAbstractKeyword.getAnyAppiumDriver(MobileAbstractKeyword.groovy:43)
	at java.base/jdk.internal.reflect.NativeMethodAccessorImpl.invoke0(Native Method)
	at java.base/jdk.internal.reflect.NativeMethodAccessorImpl.invoke(NativeMethodAccessorImpl.java:77)
	at java.base/jdk.internal.reflect.DelegatingMethodAccessorImpl.invoke(DelegatingMethodAccessorImpl.java:43)
	at com.kms.katalon.core.mobile.keyword.builtin.CloseApplicationKeyword$_closeApplication_closure1.doCall(CloseApplicationKeyword.groovy:38)
	at com.kms.katalon.core.mobile.keyword.builtin.CloseApplicationKeyword$_closeApplication_closure1.call(CloseApplicationKeyword.groovy)
	at com.kms.katalon.core.mobile.keyword.internal.MobileKeywordMain.runKeyword(MobileKeywordMain.groovy:19)
	... 23 more


19-07-2024T10:21:04 - [TEST_STEP][ERROR] - closeApplication(): com.kms.katalon.core.exception.StepFailedException: Unable to close app
	at com.kms.katalon.core.mobile.keyword.internal.MobileKeywordMain.stepFailed(MobileKeywordMain.groovy:38)
	at com.kms.katalon.core.mobile.keyword.internal.MobileKeywordMain.runKeyword(MobileKeywordMain.groovy:21)
	at com.kms.katalon.core.mobile.keyword.builtin.CloseApplicationKeyword.closeApplication(CloseApplicationKeyword.groovy:37)
	at com.kms.katalon.core.mobile.keyword.builtin.CloseApplicationKeyword.execute(CloseApplicationKeyword.groovy:32)
	at com.kms.katalon.core.keyword.internal.KeywordExecutor.executeKeywordForPlatform(KeywordExecutor.groovy:74)
	at com.kms.katalon.core.mobile.keyword.MobileBuiltInKeywords.closeApplication(MobileBuiltInKeywords.groovy:134)
	at BaseTest.closeApplication(BaseTest.groovy:36)
	at java.base/jdk.internal.reflect.NativeMethodAccessorImpl.invoke0(Native Method)
	at java.base/jdk.internal.reflect.NativeMethodAccessorImpl.invoke(NativeMethodAccessorImpl.java:77)
	at java.base/jdk.internal.reflect.DelegatingMethodAccessorImpl.invoke(DelegatingMethodAccessorImpl.java:43)
	at com.kms.katalon.core.context.internal.TestHooker.invokeMethod(TestHooker.java:111)
	at com.kms.katalon.core.context.internal.TestHooker.lambda$3(TestHooker.java:95)
	at com.kms.katalon.core.context.internal.TestHooker.invokeContextMethods(TestHooker.java:94)
	at com.kms.katalon.core.context.internal.TestListenerCollector.lambda$3(TestListenerCollector.java:88)
	at com.kms.katalon.core.context.internal.TestListenerCollector.handleListenerEvent(TestListenerCollector.java:85)
	at com.kms.katalon.core.context.internal.ExecutionEventManager.publicEvent(ExecutionEventManager.java:36)
	at com.kms.katalon.core.main.TestCaseExecutor.execute(TestCaseExecutor.java:315)
	at com.kms.katalon.core.common.CommonExecutor.accessTestCaseMainPhase(CommonExecutor.java:65)
	at com.kms.katalon.core.main.TestSuiteExecutor.accessTestSuiteMainPhase(TestSuiteExecutor.java:148)
	at com.kms.katalon.core.main.TestSuiteExecutor.execute(TestSuiteExecutor.java:106)
	at com.kms.katalon.core.main.TestCaseMain.startTestSuite(TestCaseMain.java:180)
	at TempTestSuite1721359240774.run(TempTestSuite1721359240774.groovy:35)
	at java.base/jdk.internal.reflect.NativeMethodAccessorImpl.invoke0(Native Method)
	at java.base/jdk.internal.reflect.NativeMethodAccessorImpl.invoke(NativeMethodAccessorImpl.java:77)
	at java.base/jdk.internal.reflect.DelegatingMethodAccessorImpl.invoke(DelegatingMethodAccessorImpl.java:43)
Caused by: com.kms.katalon.core.exception.StepFailedException: No driver found
	at java.base/jdk.internal.reflect.NativeConstructorAccessorImpl.newInstance0(Native Method)
	at java.base/jdk.internal.reflect.NativeConstructorAccessorImpl.newInstance(NativeConstructorAccessorImpl.java:77)
	at java.base/jdk.internal.reflect.DelegatingConstructorAccessorImpl.newInstance(DelegatingConstructorAccessorImpl.java:45)
	at com.kms.katalon.core.mobile.keyword.internal.MobileAbstractKeyword.getAnyAppiumDriver(MobileAbstractKeyword.groovy:43)
	at java.base/jdk.internal.reflect.NativeMethodAccessorImpl.invoke0(Native Method)
	at java.base/jdk.internal.reflect.NativeMethodAccessorImpl.invoke(NativeMethodAccessorImpl.java:77)
	at java.base/jdk.internal.reflect.DelegatingMethodAccessorImpl.invoke(DelegatingMethodAccessorImpl.java:43)
	at com.kms.katalon.core.mobile.keyword.builtin.CloseApplicationKeyword$_closeApplication_closure1.doCall(CloseApplicationKeyword.groovy:38)
	at com.kms.katalon.core.mobile.keyword.builtin.CloseApplicationKeyword$_closeApplication_closure1.call(CloseApplicationKeyword.groovy)
	at com.kms.katalon.core.mobile.keyword.internal.MobileKeywordMain.runKeyword(MobileKeywordMain.groovy:19)
	... 23 more


19-07-2024T10:21:04 - [MESSAGE][FAILED] - Unable to close app (Root cause: com.kms.katalon.core.exception.StepFailedException: Unable to close app
	at com.kms.katalon.core.mobile.keyword.internal.MobileKeywordMain.stepFailed(MobileKeywordMain.groovy:38)
	at com.kms.katalon.core.mobile.keyword.internal.MobileKeywordMain.runKeyword(MobileKeywordMain.groovy:21)
	at com.kms.katalon.core.mobile.keyword.builtin.CloseApplicationKeyword.closeApplication(CloseApplicationKeyword.groovy:37)
	at com.kms.katalon.core.mobile.keyword.builtin.CloseApplicationKeyword.execute(CloseApplicationKeyword.groovy:32)
	at com.kms.katalon.core.keyword.internal.KeywordExecutor.executeKeywordForPlatform(KeywordExecutor.groovy:74)
	at com.kms.katalon.core.mobile.keyword.MobileBuiltInKeywords.closeApplication(MobileBuiltInKeywords.groovy:134)
	at BaseTest.closeApplication(BaseTest.groovy:36)
	at java.base/jdk.internal.reflect.NativeMethodAccessorImpl.invoke0(Native Method)
	at java.base/jdk.internal.reflect.NativeMethodAccessorImpl.invoke(NativeMethodAccessorImpl.java:77)
	at java.base/jdk.internal.reflect.DelegatingMethodAccessorImpl.invoke(DelegatingMethodAccessorImpl.java:43)
	at com.kms.katalon.core.context.internal.TestHooker.invokeMethod(TestHooker.java:111)
	at com.kms.katalon.core.context.internal.TestHooker.lambda$3(TestHooker.java:95)
	at com.kms.katalon.core.context.internal.TestHooker.invokeContextMethods(TestHooker.java:94)
	at com.kms.katalon.core.context.internal.TestListenerCollector.lambda$3(TestListenerCollector.java:88)
	at com.kms.katalon.core.context.internal.TestListenerCollector.handleListenerEvent(TestListenerCollector.java:85)
	at com.kms.katalon.core.context.internal.ExecutionEventManager.publicEvent(ExecutionEventManager.java:36)
	at com.kms.katalon.core.main.TestCaseExecutor.execute(TestCaseExecutor.java:315)
	at com.kms.katalon.core.common.CommonExecutor.accessTestCaseMainPhase(CommonExecutor.java:65)
	at com.kms.katalon.core.main.TestSuiteExecutor.accessTestSuiteMainPhase(TestSuiteExecutor.java:148)
	at com.kms.katalon.core.main.TestSuiteExecutor.execute(TestSuiteExecutor.java:106)
	at com.kms.katalon.core.main.TestCaseMain.startTestSuite(TestCaseMain.java:180)
	at TempTestSuite1721359240774.run(TempTestSuite1721359240774.groovy:35)
	at java.base/jdk.internal.reflect.NativeMethodAccessorImpl.invoke0(Native Method)
	at java.base/jdk.internal.reflect.NativeMethodAccessorImpl.invoke(NativeMethodAccessorImpl.java:77)
	at java.base/jdk.internal.reflect.DelegatingMethodAccessorImpl.invoke(DelegatingMethodAccessorImpl.java:43)
Caused by: com.kms.katalon.core.exception.StepFailedException: No driver found
	at java.base/jdk.internal.reflect.NativeConstructorAccessorImpl.newInstance0(Native Method)
	at java.base/jdk.internal.reflect.NativeConstructorAccessorImpl.newInstance(NativeConstructorAccessorImpl.java:77)
	at java.base/jdk.internal.reflect.DelegatingConstructorAccessorImpl.newInstance(DelegatingConstructorAccessorImpl.java:45)
	at com.kms.katalon.core.mobile.keyword.internal.MobileAbstractKeyword.getAnyAppiumDriver(MobileAbstractKeyword.groovy:43)
	at java.base/jdk.internal.reflect.NativeMethodAccessorImpl.invoke0(Native Method)
	at java.base/jdk.internal.reflect.NativeMethodAccessorImpl.invoke(NativeMethodAccessorImpl.java:77)
	at java.base/jdk.internal.reflect.DelegatingMethodAccessorImpl.invoke(DelegatingMethodAccessorImpl.java:43)
	at com.kms.katalon.core.mobile.keyword.builtin.CloseApplicationKeyword$_closeApplication_closure1.doCall(CloseApplicationKeyword.groovy:38)
	at com.kms.katalon.core.mobile.keyword.builtin.CloseApplicationKeyword$_closeApplication_closure1.call(CloseApplicationKeyword.groovy)
	at com.kms.katalon.core.mobile.keyword.internal.MobileKeywordMain.runKeyword(MobileKeywordMain.groovy:19)
	... 23 more
)

19-07-2024T10:21:04 - [MESSAGE][ERROR] - com.kms.katalon.core.exception.StepFailedException: Unable to close app
	at com.kms.katalon.core.mobile.keyword.internal.MobileKeywordMain.stepFailed(MobileKeywordMain.groovy:38)
	at com.kms.katalon.core.mobile.keyword.internal.MobileKeywordMain.runKeyword(MobileKeywordMain.groovy:21)
	at com.kms.katalon.core.mobile.keyword.builtin.CloseApplicationKeyword.closeApplication(CloseApplicationKeyword.groovy:37)
	at com.kms.katalon.core.mobile.keyword.builtin.CloseApplicationKeyword.execute(CloseApplicationKeyword.groovy:32)
	at com.kms.katalon.core.keyword.internal.KeywordExecutor.executeKeywordForPlatform(KeywordExecutor.groovy:74)
	at com.kms.katalon.core.mobile.keyword.MobileBuiltInKeywords.closeApplication(MobileBuiltInKeywords.groovy:134)
	at BaseTest.closeApplication(BaseTest.groovy:36)
	at java.base/jdk.internal.reflect.NativeMethodAccessorImpl.invoke0(Native Method)
	at java.base/jdk.internal.reflect.NativeMethodAccessorImpl.invoke(NativeMethodAccessorImpl.java:77)
	at java.base/jdk.internal.reflect.DelegatingMethodAccessorImpl.invoke(DelegatingMethodAccessorImpl.java:43)
	at com.kms.katalon.core.context.internal.TestHooker.invokeMethod(TestHooker.java:111)
	at com.kms.katalon.core.context.internal.TestHooker.lambda$3(TestHooker.java:95)
	at com.kms.katalon.core.context.internal.TestHooker.invokeContextMethods(TestHooker.java:94)
	at com.kms.katalon.core.context.internal.TestListenerCollector.lambda$3(TestListenerCollector.java:88)
	at com.kms.katalon.core.context.internal.TestListenerCollector.handleListenerEvent(TestListenerCollector.java:85)
	at com.kms.katalon.core.context.internal.ExecutionEventManager.publicEvent(ExecutionEventManager.java:36)
	at com.kms.katalon.core.main.TestCaseExecutor.execute(TestCaseExecutor.java:315)
	at com.kms.katalon.core.common.CommonExecutor.accessTestCaseMainPhase(CommonExecutor.java:65)
	at com.kms.katalon.core.main.TestSuiteExecutor.accessTestSuiteMainPhase(TestSuiteExecutor.java:148)
	at com.kms.katalon.core.main.TestSuiteExecutor.execute(TestSuiteExecutor.java:106)
	at com.kms.katalon.core.main.TestCaseMain.startTestSuite(TestCaseMain.java:180)
	at TempTestSuite1721359240774.run(TempTestSuite1721359240774.groovy:35)
	at java.base/jdk.internal.reflect.NativeMethodAccessorImpl.invoke0(Native Method)
	at java.base/jdk.internal.reflect.NativeMethodAccessorImpl.invoke(NativeMethodAccessorImpl.java:77)
	at java.base/jdk.internal.reflect.DelegatingMethodAccessorImpl.invoke(DelegatingMethodAccessorImpl.java:43)
Caused by: com.kms.katalon.core.exception.StepFailedException: No driver found
	at java.base/jdk.internal.reflect.NativeConstructorAccessorImpl.newInstance0(Native Method)
	at java.base/jdk.internal.reflect.NativeConstructorAccessorImpl.newInstance(NativeConstructorAccessorImpl.java:77)
	at java.base/jdk.internal.reflect.DelegatingConstructorAccessorImpl.newInstance(DelegatingConstructorAccessorImpl.java:45)
	at com.kms.katalon.core.mobile.keyword.internal.MobileAbstractKeyword.getAnyAppiumDriver(MobileAbstractKeyword.groovy:43)
	at java.base/jdk.internal.reflect.NativeMethodAccessorImpl.invoke0(Native Method)
	at java.base/jdk.internal.reflect.NativeMethodAccessorImpl.invoke(NativeMethodAccessorImpl.java:77)
	at java.base/jdk.internal.reflect.DelegatingMethodAccessorImpl.invoke(DelegatingMethodAccessorImpl.java:43)
	at com.kms.katalon.core.mobile.keyword.builtin.CloseApplicationKeyword$_closeApplication_closure1.doCall(CloseApplicationKeyword.groovy:38)
	at com.kms.katalon.core.mobile.keyword.builtin.CloseApplicationKeyword$_closeApplication_closure1.call(CloseApplicationKeyword.groovy)
	at com.kms.katalon.core.mobile.keyword.internal.MobileKeywordMain.runKeyword(MobileKeywordMain.groovy:19)
	... 23 more


19-07-2024T10:21:04 - [TEST_STEP][PASSED] - Start listener action : closeBrowser: null

19-07-2024T10:21:04 - [TEST_STEP][PASSED] - if (!(isAPIRunning) & isWebRunning): null]]></system-out>
         <system-err><![CDATA[]]></system-err>
      </testcase>
      <testcase name="Test Cases/API/Appointment/POST_Verify book appointment successfully" time="47.372" classname="Test Cases/API/Appointment/POST_Verify book appointment successfully" status="PASSED">
         <system-out><![CDATA[19-07-2024T10:21:04 - [TEST_CASE][PASSED] - Test Cases/API/Appointment/POST_Verify book appointment successfully: Test Cases/API/Appointment/POST_Verify book appointment successfully

19-07-2024T10:21:04 - [TEST_STEP][PASSED] - Start listener action : before: null

19-07-2024T10:21:04 - [TEST_STEP][PASSED] - if (isApiTestCase(testCaseContext.getTestCaseId())): null

19-07-2024T10:21:04 - [TEST_STEP][PASSED] - if (isWebTestCase(testCaseContext.getTestCaseId())): null

19-07-2024T10:21:04 - [TEST_STEP][PASSED] - Start listener action : openApplication: null

19-07-2024T10:21:04 - [TEST_STEP][PASSED] - if (!(isAPIRunning) & !(isWebRunning)): null

19-07-2024T10:21:04 - [TEST_STEP][PASSED] - Start listener action : openBrowser: null

19-07-2024T10:21:04 - [TEST_STEP][PASSED] - if (!(isAPIRunning) & isWebRunning): null

19-07-2024T10:21:04 - [TEST_STEP][PASSED] - timeSlotList = <not implemented yet for class: org.codehaus.groovy.ast.expr.EmptyExpression>: null

19-07-2024T10:21:04 - [TEST_STEP][PASSED] - doctorList = <not implemented yet for class: org.codehaus.groovy.ast.expr.EmptyExpression>: null

19-07-2024T10:21:04 - [TEST_STEP][PASSED] - timeSlotId = <not implemented yet for class: org.codehaus.groovy.ast.expr.EmptyExpression>: null

19-07-2024T10:21:04 - [TEST_STEP][PASSED] - doctorId = <not implemented yet for class: org.codehaus.groovy.ast.expr.EmptyExpression>: null

19-07-2024T10:21:04 - [TEST_STEP][PASSED] - dateInTheFuture = <not implemented yet for class: org.codehaus.groovy.ast.expr.EmptyExpression>: null

19-07-2024T10:21:04 - [TEST_STEP][PASSED] - specialityId = <not implemented yet for class: org.codehaus.groovy.ast.expr.EmptyExpression>: null

19-07-2024T10:21:04 - [TEST_STEP][PASSED] - specialtyName = "Dermatology": null

19-07-2024T10:21:04 - [TEST_STEP][PASSED] - note = "This is note": null

19-07-2024T10:21:04 - [TEST_STEP][PASSED] - user = withRole("Admin").getFirst(): null

19-07-2024T10:21:04 - [TEST_STEP][PASSED] - adminAccessToken = signIn(email, pwd).getAccessToken(): Send request successfully

19-07-2024T10:21:05 - [MESSAGE][INFO] - HAR: /Users/linh.phan/Automation_Katalon_QE/katalon-healthcare/Reports/20240719_102040/API/API Regression Test/20240719_102040/requests/main/10.har

19-07-2024T10:21:05 - [MESSAGE][PASSED] - Send request successfully

19-07-2024T10:21:05 - [TEST_STEP][PASSED] - specialityId = id: Send request successfully

19-07-2024T10:21:08 - [MESSAGE][INFO] - HAR: /Users/linh.phan/Automation_Katalon_QE/katalon-healthcare/Reports/20240719_102040/API/API Regression Test/20240719_102040/requests/main/11.har

19-07-2024T10:21:08 - [MESSAGE][PASSED] - Send request successfully

19-07-2024T10:21:09 - [MESSAGE][INFO] - HAR: /Users/linh.phan/Automation_Katalon_QE/katalon-healthcare/Reports/20240719_102040/API/API Regression Test/20240719_102040/requests/main/12.har

19-07-2024T10:21:09 - [MESSAGE][PASSED] - Send request successfully

19-07-2024T10:21:09 - [TEST_STEP][PASSED] - activateSpecialty(adminAccessToken, specialityId).verifyStatusCode(200): Verify response status code successfully

19-07-2024T10:21:11 - [MESSAGE][INFO] - HAR: /Users/linh.phan/Automation_Katalon_QE/katalon-healthcare/Reports/20240719_102040/API/API Regression Test/20240719_102040/requests/main/13.har

19-07-2024T10:21:11 - [MESSAGE][PASSED] - Send request successfully

19-07-2024T10:21:11 - [MESSAGE][PASSED] - Verify response status code successfully

19-07-2024T10:21:11 - [TEST_STEP][PASSED] - user = withRole("Patient").getFirst(): null

19-07-2024T10:21:11 - [TEST_STEP][PASSED] - patientAccessToken = signIn(email, pwd).getAccessToken(): Send request successfully

19-07-2024T10:21:12 - [MESSAGE][INFO] - HAR: /Users/linh.phan/Automation_Katalon_QE/katalon-healthcare/Reports/20240719_102040/API/API Regression Test/20240719_102040/requests/main/14.har

19-07-2024T10:21:12 - [MESSAGE][PASSED] - Send request successfully

19-07-2024T10:21:12 - [TEST_STEP][PASSED] - while (true): null

19-07-2024T10:21:12 - [TEST_STEP][PASSED] - dateInTheFuture = DateUtil).generateDateInFuture(1, 14): null

19-07-2024T10:21:12 - [TEST_STEP][PASSED] - timeSlotResponse = getAppointmentTimeSlot(dateInTheFuture, specialityId, patientAccessToken).parseResponseBodyToJsonObject(): Send request successfully

19-07-2024T10:21:14 - [MESSAGE][INFO] - HAR: /Users/linh.phan/Automation_Katalon_QE/katalon-healthcare/Reports/20240719_102040/API/API Regression Test/20240719_102040/requests/main/15.har

19-07-2024T10:21:14 - [MESSAGE][PASSED] - Send request successfully

19-07-2024T10:21:14 - [TEST_STEP][PASSED] - if (message.compareTo("You have booked this specialty on this day, please choose another day!") == 0): null

19-07-2024T10:21:14 - [TEST_STEP][PASSED] - check = false: null

19-07-2024T10:21:14 - [TEST_STEP][PASSED] - for (def timeSlot : data): null

19-07-2024T10:21:14 - [TEST_STEP][PASSED] - if (!(check)): null

19-07-2024T10:21:14 - [TEST_STEP][PASSED] - <not implemented yet for class: org.codehaus.groovy.ast.stmt.ContinueStatement>: null

19-07-2024T10:21:14 - [TEST_STEP][PASSED] - dateInTheFuture = DateUtil).generateDateInFuture(1, 14): null

19-07-2024T10:21:14 - [TEST_STEP][PASSED] - timeSlotResponse = getAppointmentTimeSlot(dateInTheFuture, specialityId, patientAccessToken).parseResponseBodyToJsonObject(): Send request successfully

19-07-2024T10:21:15 - [MESSAGE][INFO] - HAR: /Users/linh.phan/Automation_Katalon_QE/katalon-healthcare/Reports/20240719_102040/API/API Regression Test/20240719_102040/requests/main/16.har

19-07-2024T10:21:15 - [MESSAGE][PASSED] - Send request successfully

19-07-2024T10:21:15 - [TEST_STEP][PASSED] - if (message.compareTo("You have booked this specialty on this day, please choose another day!") == 0): null

19-07-2024T10:21:15 - [TEST_STEP][PASSED] - check = false: null

19-07-2024T10:21:15 - [TEST_STEP][PASSED] - for (def timeSlot : data): null

19-07-2024T10:21:15 - [TEST_STEP][PASSED] - if (!(check)): null

19-07-2024T10:21:15 - [TEST_STEP][PASSED] - <not implemented yet for class: org.codehaus.groovy.ast.stmt.ContinueStatement>: null

19-07-2024T10:21:15 - [TEST_STEP][PASSED] - dateInTheFuture = DateUtil).generateDateInFuture(1, 14): null

19-07-2024T10:21:15 - [TEST_STEP][PASSED] - timeSlotResponse = getAppointmentTimeSlot(dateInTheFuture, specialityId, patientAccessToken).parseResponseBodyToJsonObject(): Send request successfully

19-07-2024T10:21:16 - [MESSAGE][INFO] - HAR: /Users/linh.phan/Automation_Katalon_QE/katalon-healthcare/Reports/20240719_102040/API/API Regression Test/20240719_102040/requests/main/17.har

19-07-2024T10:21:16 - [MESSAGE][PASSED] - Send request successfully

19-07-2024T10:21:16 - [TEST_STEP][PASSED] - if (message.compareTo("You have booked this specialty on this day, please choose another day!") == 0): null

19-07-2024T10:21:16 - [TEST_STEP][PASSED] - check = false: null

19-07-2024T10:21:16 - [TEST_STEP][PASSED] - for (def timeSlot : data): null

19-07-2024T10:21:16 - [TEST_STEP][PASSED] - if (!(check)): null

19-07-2024T10:21:16 - [TEST_STEP][PASSED] - <not implemented yet for class: org.codehaus.groovy.ast.stmt.ContinueStatement>: null

19-07-2024T10:21:16 - [TEST_STEP][PASSED] - dateInTheFuture = DateUtil).generateDateInFuture(1, 14): null

19-07-2024T10:21:16 - [TEST_STEP][PASSED] - timeSlotResponse = getAppointmentTimeSlot(dateInTheFuture, specialityId, patientAccessToken).parseResponseBodyToJsonObject(): Send request successfully

19-07-2024T10:21:19 - [MESSAGE][INFO] - HAR: /Users/linh.phan/Automation_Katalon_QE/katalon-healthcare/Reports/20240719_102040/API/API Regression Test/20240719_102040/requests/main/18.har

19-07-2024T10:21:19 - [MESSAGE][PASSED] - Send request successfully

19-07-2024T10:21:19 - [TEST_STEP][PASSED] - if (message.compareTo("You have booked this specialty on this day, please choose another day!") == 0): null

19-07-2024T10:21:19 - [TEST_STEP][PASSED] - check = false: null

19-07-2024T10:21:19 - [TEST_STEP][PASSED] - for (def timeSlot : data): null

19-07-2024T10:21:19 - [TEST_STEP][PASSED] - if (!(check)): null

19-07-2024T10:21:19 - [TEST_STEP][PASSED] - <not implemented yet for class: org.codehaus.groovy.ast.stmt.ContinueStatement>: null

19-07-2024T10:21:19 - [TEST_STEP][PASSED] - dateInTheFuture = DateUtil).generateDateInFuture(1, 14): null

19-07-2024T10:21:19 - [TEST_STEP][PASSED] - timeSlotResponse = getAppointmentTimeSlot(dateInTheFuture, specialityId, patientAccessToken).parseResponseBodyToJsonObject(): Send request successfully

19-07-2024T10:21:21 - [MESSAGE][INFO] - HAR: /Users/linh.phan/Automation_Katalon_QE/katalon-healthcare/Reports/20240719_102040/API/API Regression Test/20240719_102040/requests/main/19.har

19-07-2024T10:21:21 - [MESSAGE][PASSED] - Send request successfully

19-07-2024T10:21:21 - [TEST_STEP][PASSED] - if (message.compareTo("You have booked this specialty on this day, please choose another day!") == 0): null

19-07-2024T10:21:21 - [TEST_STEP][PASSED] - check = false: null

19-07-2024T10:21:21 - [TEST_STEP][PASSED] - for (def timeSlot : data): null

19-07-2024T10:21:21 - [TEST_STEP][PASSED] - if (!(check)): null

19-07-2024T10:21:21 - [TEST_STEP][PASSED] - <not implemented yet for class: org.codehaus.groovy.ast.stmt.ContinueStatement>: null

19-07-2024T10:21:21 - [TEST_STEP][PASSED] - dateInTheFuture = DateUtil).generateDateInFuture(1, 14): null

19-07-2024T10:21:21 - [TEST_STEP][PASSED] - timeSlotResponse = getAppointmentTimeSlot(dateInTheFuture, specialityId, patientAccessToken).parseResponseBodyToJsonObject(): Send request successfully

19-07-2024T10:21:22 - [MESSAGE][INFO] - HAR: /Users/linh.phan/Automation_Katalon_QE/katalon-healthcare/Reports/20240719_102040/API/API Regression Test/20240719_102040/requests/main/20.har

19-07-2024T10:21:22 - [MESSAGE][PASSED] - Send request successfully

19-07-2024T10:21:22 - [TEST_STEP][PASSED] - if (message.compareTo("You have booked this specialty on this day, please choose another day!") == 0): null

19-07-2024T10:21:22 - [TEST_STEP][PASSED] - check = false: null

19-07-2024T10:21:22 - [TEST_STEP][PASSED] - for (def timeSlot : data): null

19-07-2024T10:21:22 - [TEST_STEP][PASSED] - if (!(check)): null

19-07-2024T10:21:22 - [TEST_STEP][PASSED] - <not implemented yet for class: org.codehaus.groovy.ast.stmt.ContinueStatement>: null

19-07-2024T10:21:22 - [TEST_STEP][PASSED] - dateInTheFuture = DateUtil).generateDateInFuture(1, 14): null

19-07-2024T10:21:22 - [TEST_STEP][PASSED] - timeSlotResponse = getAppointmentTimeSlot(dateInTheFuture, specialityId, patientAccessToken).parseResponseBodyToJsonObject(): Send request successfully

19-07-2024T10:21:23 - [MESSAGE][INFO] - HAR: /Users/linh.phan/Automation_Katalon_QE/katalon-healthcare/Reports/20240719_102040/API/API Regression Test/20240719_102040/requests/main/21.har

19-07-2024T10:21:23 - [MESSAGE][PASSED] - Send request successfully

19-07-2024T10:21:23 - [TEST_STEP][PASSED] - if (message.compareTo("You have booked this specialty on this day, please choose another day!") == 0): null

19-07-2024T10:21:23 - [TEST_STEP][PASSED] - check = false: null

19-07-2024T10:21:23 - [TEST_STEP][PASSED] - for (def timeSlot : data): null

19-07-2024T10:21:23 - [TEST_STEP][PASSED] - if (!(check)): null

19-07-2024T10:21:23 - [TEST_STEP][PASSED] - <not implemented yet for class: org.codehaus.groovy.ast.stmt.ContinueStatement>: null

19-07-2024T10:21:23 - [TEST_STEP][PASSED] - dateInTheFuture = DateUtil).generateDateInFuture(1, 14): null

19-07-2024T10:21:23 - [TEST_STEP][PASSED] - timeSlotResponse = getAppointmentTimeSlot(dateInTheFuture, specialityId, patientAccessToken).parseResponseBodyToJsonObject(): Send request successfully

19-07-2024T10:21:24 - [MESSAGE][INFO] - HAR: /Users/linh.phan/Automation_Katalon_QE/katalon-healthcare/Reports/20240719_102040/API/API Regression Test/20240719_102040/requests/main/22.har

19-07-2024T10:21:24 - [MESSAGE][PASSED] - Send request successfully

19-07-2024T10:21:24 - [TEST_STEP][PASSED] - if (message.compareTo("You have booked this specialty on this day, please choose another day!") == 0): null

19-07-2024T10:21:24 - [TEST_STEP][PASSED] - check = false: null

19-07-2024T10:21:24 - [TEST_STEP][PASSED] - for (def timeSlot : data): null

19-07-2024T10:21:24 - [TEST_STEP][PASSED] - if (!(check)): null

19-07-2024T10:21:24 - [TEST_STEP][PASSED] - <not implemented yet for class: org.codehaus.groovy.ast.stmt.ContinueStatement>: null

19-07-2024T10:21:24 - [TEST_STEP][PASSED] - dateInTheFuture = DateUtil).generateDateInFuture(1, 14): null

19-07-2024T10:21:24 - [TEST_STEP][PASSED] - timeSlotResponse = getAppointmentTimeSlot(dateInTheFuture, specialityId, patientAccessToken).parseResponseBodyToJsonObject(): Send request successfully

19-07-2024T10:21:25 - [MESSAGE][INFO] - HAR: /Users/linh.phan/Automation_Katalon_QE/katalon-healthcare/Reports/20240719_102040/API/API Regression Test/20240719_102040/requests/main/23.har

19-07-2024T10:21:25 - [MESSAGE][PASSED] - Send request successfully

19-07-2024T10:21:25 - [TEST_STEP][PASSED] - if (message.compareTo("You have booked this specialty on this day, please choose another day!") == 0): null

19-07-2024T10:21:25 - [TEST_STEP][PASSED] - check = false: null

19-07-2024T10:21:25 - [TEST_STEP][PASSED] - for (def timeSlot : data): null

19-07-2024T10:21:25 - [TEST_STEP][PASSED] - if (!(check)): null

19-07-2024T10:21:25 - [TEST_STEP][PASSED] - <not implemented yet for class: org.codehaus.groovy.ast.stmt.ContinueStatement>: null

19-07-2024T10:21:25 - [TEST_STEP][PASSED] - dateInTheFuture = DateUtil).generateDateInFuture(1, 14): null

19-07-2024T10:21:25 - [TEST_STEP][PASSED] - timeSlotResponse = getAppointmentTimeSlot(dateInTheFuture, specialityId, patientAccessToken).parseResponseBodyToJsonObject(): Send request successfully

19-07-2024T10:21:27 - [MESSAGE][INFO] - HAR: /Users/linh.phan/Automation_Katalon_QE/katalon-healthcare/Reports/20240719_102040/API/API Regression Test/20240719_102040/requests/main/24.har

19-07-2024T10:21:27 - [MESSAGE][PASSED] - Send request successfully

19-07-2024T10:21:27 - [TEST_STEP][PASSED] - if (message.compareTo("You have booked this specialty on this day, please choose another day!") == 0): null

19-07-2024T10:21:27 - [TEST_STEP][PASSED] - check = false: null

19-07-2024T10:21:27 - [TEST_STEP][PASSED] - for (def timeSlot : data): null

19-07-2024T10:21:27 - [TEST_STEP][PASSED] - if (!(check)): null

19-07-2024T10:21:27 - [TEST_STEP][PASSED] - <not implemented yet for class: org.codehaus.groovy.ast.stmt.ContinueStatement>: null

19-07-2024T10:21:27 - [TEST_STEP][PASSED] - dateInTheFuture = DateUtil).generateDateInFuture(1, 14): null

19-07-2024T10:21:27 - [TEST_STEP][PASSED] - timeSlotResponse = getAppointmentTimeSlot(dateInTheFuture, specialityId, patientAccessToken).parseResponseBodyToJsonObject(): Send request successfully

19-07-2024T10:21:28 - [MESSAGE][INFO] - HAR: /Users/linh.phan/Automation_Katalon_QE/katalon-healthcare/Reports/20240719_102040/API/API Regression Test/20240719_102040/requests/main/25.har

19-07-2024T10:21:28 - [MESSAGE][PASSED] - Send request successfully

19-07-2024T10:21:28 - [TEST_STEP][PASSED] - if (message.compareTo("You have booked this specialty on this day, please choose another day!") == 0): null

19-07-2024T10:21:28 - [TEST_STEP][PASSED] - check = false: null

19-07-2024T10:21:28 - [TEST_STEP][PASSED] - for (def timeSlot : data): null

19-07-2024T10:21:28 - [TEST_STEP][PASSED] - if (!(check)): null

19-07-2024T10:21:28 - [TEST_STEP][PASSED] - <not implemented yet for class: org.codehaus.groovy.ast.stmt.ContinueStatement>: null

19-07-2024T10:21:28 - [TEST_STEP][PASSED] - dateInTheFuture = DateUtil).generateDateInFuture(1, 14): null

19-07-2024T10:21:28 - [TEST_STEP][PASSED] - timeSlotResponse = getAppointmentTimeSlot(dateInTheFuture, specialityId, patientAccessToken).parseResponseBodyToJsonObject(): Send request successfully

19-07-2024T10:21:29 - [MESSAGE][INFO] - HAR: /Users/linh.phan/Automation_Katalon_QE/katalon-healthcare/Reports/20240719_102040/API/API Regression Test/20240719_102040/requests/main/26.har

19-07-2024T10:21:29 - [MESSAGE][PASSED] - Send request successfully

19-07-2024T10:21:29 - [TEST_STEP][PASSED] - if (message.compareTo("You have booked this specialty on this day, please choose another day!") == 0): null

19-07-2024T10:21:29 - [TEST_STEP][PASSED] - check = false: null

19-07-2024T10:21:29 - [TEST_STEP][PASSED] - for (def timeSlot : data): null

19-07-2024T10:21:29 - [TEST_STEP][PASSED] - if (!(check)): null

19-07-2024T10:21:29 - [TEST_STEP][PASSED] - <not implemented yet for class: org.codehaus.groovy.ast.stmt.ContinueStatement>: null

19-07-2024T10:21:29 - [TEST_STEP][PASSED] - dateInTheFuture = DateUtil).generateDateInFuture(1, 14): null

19-07-2024T10:21:29 - [TEST_STEP][PASSED] - timeSlotResponse = getAppointmentTimeSlot(dateInTheFuture, specialityId, patientAccessToken).parseResponseBodyToJsonObject(): Send request successfully

19-07-2024T10:21:31 - [MESSAGE][INFO] - HAR: /Users/linh.phan/Automation_Katalon_QE/katalon-healthcare/Reports/20240719_102040/API/API Regression Test/20240719_102040/requests/main/27.har

19-07-2024T10:21:31 - [MESSAGE][PASSED] - Send request successfully

19-07-2024T10:21:31 - [TEST_STEP][PASSED] - if (message.compareTo("You have booked this specialty on this day, please choose another day!") == 0): null

19-07-2024T10:21:31 - [TEST_STEP][PASSED] - check = false: null

19-07-2024T10:21:31 - [TEST_STEP][PASSED] - for (def timeSlot : data): null

19-07-2024T10:21:31 - [TEST_STEP][PASSED] - if (!(check)): null

19-07-2024T10:21:31 - [TEST_STEP][PASSED] - <not implemented yet for class: org.codehaus.groovy.ast.stmt.ContinueStatement>: null

19-07-2024T10:21:31 - [TEST_STEP][PASSED] - dateInTheFuture = DateUtil).generateDateInFuture(1, 14): null

19-07-2024T10:21:31 - [TEST_STEP][PASSED] - timeSlotResponse = getAppointmentTimeSlot(dateInTheFuture, specialityId, patientAccessToken).parseResponseBodyToJsonObject(): Send request successfully

19-07-2024T10:21:32 - [MESSAGE][INFO] - HAR: /Users/linh.phan/Automation_Katalon_QE/katalon-healthcare/Reports/20240719_102040/API/API Regression Test/20240719_102040/requests/main/28.har

19-07-2024T10:21:32 - [MESSAGE][PASSED] - Send request successfully

19-07-2024T10:21:32 - [TEST_STEP][PASSED] - if (message.compareTo("You have booked this specialty on this day, please choose another day!") == 0): null

19-07-2024T10:21:32 - [TEST_STEP][PASSED] - check = false: null

19-07-2024T10:21:32 - [TEST_STEP][PASSED] - for (def timeSlot : data): null

19-07-2024T10:21:32 - [TEST_STEP][PASSED] - if (!(check)): null

19-07-2024T10:21:32 - [TEST_STEP][PASSED] - <not implemented yet for class: org.codehaus.groovy.ast.stmt.ContinueStatement>: null

19-07-2024T10:21:32 - [TEST_STEP][PASSED] - dateInTheFuture = DateUtil).generateDateInFuture(1, 14): null

19-07-2024T10:21:32 - [TEST_STEP][PASSED] - timeSlotResponse = getAppointmentTimeSlot(dateInTheFuture, specialityId, patientAccessToken).parseResponseBodyToJsonObject(): Send request successfully

19-07-2024T10:21:33 - [MESSAGE][INFO] - HAR: /Users/linh.phan/Automation_Katalon_QE/katalon-healthcare/Reports/20240719_102040/API/API Regression Test/20240719_102040/requests/main/29.har

19-07-2024T10:21:33 - [MESSAGE][PASSED] - Send request successfully

19-07-2024T10:21:33 - [TEST_STEP][PASSED] - if (message.compareTo("You have booked this specialty on this day, please choose another day!") == 0): null

19-07-2024T10:21:33 - [TEST_STEP][PASSED] - check = false: null

19-07-2024T10:21:33 - [TEST_STEP][PASSED] - for (def timeSlot : data): null

19-07-2024T10:21:33 - [TEST_STEP][PASSED] - if (!(check)): null

19-07-2024T10:21:33 - [TEST_STEP][PASSED] - <not implemented yet for class: org.codehaus.groovy.ast.stmt.ContinueStatement>: null

19-07-2024T10:21:33 - [TEST_STEP][PASSED] - dateInTheFuture = DateUtil).generateDateInFuture(1, 14): null

19-07-2024T10:21:33 - [TEST_STEP][PASSED] - timeSlotResponse = getAppointmentTimeSlot(dateInTheFuture, specialityId, patientAccessToken).parseResponseBodyToJsonObject(): Send request successfully

19-07-2024T10:21:35 - [MESSAGE][INFO] - HAR: /Users/linh.phan/Automation_Katalon_QE/katalon-healthcare/Reports/20240719_102040/API/API Regression Test/20240719_102040/requests/main/30.har

19-07-2024T10:21:35 - [MESSAGE][PASSED] - Send request successfully

19-07-2024T10:21:35 - [TEST_STEP][PASSED] - if (message.compareTo("You have booked this specialty on this day, please choose another day!") == 0): null

19-07-2024T10:21:35 - [TEST_STEP][PASSED] - check = false: null

19-07-2024T10:21:35 - [TEST_STEP][PASSED] - for (def timeSlot : data): null

19-07-2024T10:21:35 - [TEST_STEP][PASSED] - if (!(check)): null

19-07-2024T10:21:35 - [TEST_STEP][PASSED] - <not implemented yet for class: org.codehaus.groovy.ast.stmt.ContinueStatement>: null

19-07-2024T10:21:35 - [TEST_STEP][PASSED] - dateInTheFuture = DateUtil).generateDateInFuture(1, 14): null

19-07-2024T10:21:35 - [TEST_STEP][PASSED] - timeSlotResponse = getAppointmentTimeSlot(dateInTheFuture, specialityId, patientAccessToken).parseResponseBodyToJsonObject(): Send request successfully

19-07-2024T10:21:36 - [MESSAGE][INFO] - HAR: /Users/linh.phan/Automation_Katalon_QE/katalon-healthcare/Reports/20240719_102040/API/API Regression Test/20240719_102040/requests/main/31.har

19-07-2024T10:21:36 - [MESSAGE][PASSED] - Send request successfully

19-07-2024T10:21:36 - [TEST_STEP][PASSED] - if (message.compareTo("You have booked this specialty on this day, please choose another day!") == 0): null

19-07-2024T10:21:36 - [TEST_STEP][PASSED] - check = false: null

19-07-2024T10:21:36 - [TEST_STEP][PASSED] - for (def timeSlot : data): null

19-07-2024T10:21:36 - [TEST_STEP][PASSED] - if (!(check)): null

19-07-2024T10:21:36 - [TEST_STEP][PASSED] - <not implemented yet for class: org.codehaus.groovy.ast.stmt.ContinueStatement>: null

19-07-2024T10:21:36 - [TEST_STEP][PASSED] - dateInTheFuture = DateUtil).generateDateInFuture(1, 14): null

19-07-2024T10:21:36 - [TEST_STEP][PASSED] - timeSlotResponse = getAppointmentTimeSlot(dateInTheFuture, specialityId, patientAccessToken).parseResponseBodyToJsonObject(): Send request successfully

19-07-2024T10:21:37 - [MESSAGE][INFO] - HAR: /Users/linh.phan/Automation_Katalon_QE/katalon-healthcare/Reports/20240719_102040/API/API Regression Test/20240719_102040/requests/main/32.har

19-07-2024T10:21:37 - [MESSAGE][PASSED] - Send request successfully

19-07-2024T10:21:37 - [TEST_STEP][PASSED] - if (message.compareTo("You have booked this specialty on this day, please choose another day!") == 0): null

19-07-2024T10:21:37 - [TEST_STEP][PASSED] - check = false: null

19-07-2024T10:21:37 - [TEST_STEP][PASSED] - for (def timeSlot : data): null

19-07-2024T10:21:37 - [TEST_STEP][PASSED] - if (!(check)): null

19-07-2024T10:21:37 - [TEST_STEP][PASSED] - <not implemented yet for class: org.codehaus.groovy.ast.stmt.ContinueStatement>: null

19-07-2024T10:21:37 - [TEST_STEP][PASSED] - dateInTheFuture = DateUtil).generateDateInFuture(1, 14): null

19-07-2024T10:21:37 - [TEST_STEP][PASSED] - timeSlotResponse = getAppointmentTimeSlot(dateInTheFuture, specialityId, patientAccessToken).parseResponseBodyToJsonObject(): Send request successfully

19-07-2024T10:21:38 - [MESSAGE][INFO] - HAR: /Users/linh.phan/Automation_Katalon_QE/katalon-healthcare/Reports/20240719_102040/API/API Regression Test/20240719_102040/requests/main/33.har

19-07-2024T10:21:38 - [MESSAGE][PASSED] - Send request successfully

19-07-2024T10:21:38 - [TEST_STEP][PASSED] - if (message.compareTo("You have booked this specialty on this day, please choose another day!") == 0): null

19-07-2024T10:21:38 - [TEST_STEP][PASSED] - check = false: null

19-07-2024T10:21:38 - [TEST_STEP][PASSED] - for (def timeSlot : data): null

19-07-2024T10:21:38 - [TEST_STEP][PASSED] - if (!(check)): null

19-07-2024T10:21:38 - [TEST_STEP][PASSED] - <not implemented yet for class: org.codehaus.groovy.ast.stmt.ContinueStatement>: null

19-07-2024T10:21:38 - [TEST_STEP][PASSED] - dateInTheFuture = DateUtil).generateDateInFuture(1, 14): null

19-07-2024T10:21:38 - [TEST_STEP][PASSED] - timeSlotResponse = getAppointmentTimeSlot(dateInTheFuture, specialityId, patientAccessToken).parseResponseBodyToJsonObject(): Send request successfully

19-07-2024T10:21:40 - [MESSAGE][INFO] - HAR: /Users/linh.phan/Automation_Katalon_QE/katalon-healthcare/Reports/20240719_102040/API/API Regression Test/20240719_102040/requests/main/34.har

19-07-2024T10:21:40 - [MESSAGE][PASSED] - Send request successfully

19-07-2024T10:21:40 - [TEST_STEP][PASSED] - if (message.compareTo("You have booked this specialty on this day, please choose another day!") == 0): null

19-07-2024T10:21:40 - [TEST_STEP][PASSED] - check = false: null

19-07-2024T10:21:40 - [TEST_STEP][PASSED] - for (def timeSlot : data): null

19-07-2024T10:21:40 - [TEST_STEP][PASSED] - if (!(check)): null

19-07-2024T10:21:40 - [TEST_STEP][PASSED] - <not implemented yet for class: org.codehaus.groovy.ast.stmt.ContinueStatement>: null

19-07-2024T10:21:40 - [TEST_STEP][PASSED] - dateInTheFuture = DateUtil).generateDateInFuture(1, 14): null

19-07-2024T10:21:40 - [TEST_STEP][PASSED] - timeSlotResponse = getAppointmentTimeSlot(dateInTheFuture, specialityId, patientAccessToken).parseResponseBodyToJsonObject(): Send request successfully

19-07-2024T10:21:41 - [MESSAGE][INFO] - HAR: /Users/linh.phan/Automation_Katalon_QE/katalon-healthcare/Reports/20240719_102040/API/API Regression Test/20240719_102040/requests/main/35.har

19-07-2024T10:21:41 - [MESSAGE][PASSED] - Send request successfully

19-07-2024T10:21:41 - [TEST_STEP][PASSED] - if (message.compareTo("You have booked this specialty on this day, please choose another day!") == 0): null

19-07-2024T10:21:41 - [TEST_STEP][PASSED] - check = false: null

19-07-2024T10:21:41 - [TEST_STEP][PASSED] - for (def timeSlot : data): null

19-07-2024T10:21:41 - [TEST_STEP][PASSED] - if (!(check)): null

19-07-2024T10:21:41 - [TEST_STEP][PASSED] - <not implemented yet for class: org.codehaus.groovy.ast.stmt.ContinueStatement>: null

19-07-2024T10:21:41 - [TEST_STEP][PASSED] - dateInTheFuture = DateUtil).generateDateInFuture(1, 14): null

19-07-2024T10:21:41 - [TEST_STEP][PASSED] - timeSlotResponse = getAppointmentTimeSlot(dateInTheFuture, specialityId, patientAccessToken).parseResponseBodyToJsonObject(): Send request successfully

19-07-2024T10:21:43 - [MESSAGE][INFO] - HAR: /Users/linh.phan/Automation_Katalon_QE/katalon-healthcare/Reports/20240719_102040/API/API Regression Test/20240719_102040/requests/main/36.har

19-07-2024T10:21:43 - [MESSAGE][PASSED] - Send request successfully

19-07-2024T10:21:43 - [TEST_STEP][PASSED] - if (message.compareTo("You have booked this specialty on this day, please choose another day!") == 0): null

19-07-2024T10:21:43 - [TEST_STEP][PASSED] - check = false: null

19-07-2024T10:21:43 - [TEST_STEP][PASSED] - for (def timeSlot : data): null

19-07-2024T10:21:43 - [TEST_STEP][PASSED] - if (!(check)): null

19-07-2024T10:21:43 - [TEST_STEP][PASSED] - <not implemented yet for class: org.codehaus.groovy.ast.stmt.ContinueStatement>: null

19-07-2024T10:21:43 - [TEST_STEP][PASSED] - dateInTheFuture = DateUtil).generateDateInFuture(1, 14): null

19-07-2024T10:21:43 - [TEST_STEP][PASSED] - timeSlotResponse = getAppointmentTimeSlot(dateInTheFuture, specialityId, patientAccessToken).parseResponseBodyToJsonObject(): Send request successfully

19-07-2024T10:21:44 - [MESSAGE][INFO] - HAR: /Users/linh.phan/Automation_Katalon_QE/katalon-healthcare/Reports/20240719_102040/API/API Regression Test/20240719_102040/requests/main/37.har

19-07-2024T10:21:44 - [MESSAGE][PASSED] - Send request successfully

19-07-2024T10:21:44 - [TEST_STEP][PASSED] - if (message.compareTo("You have booked this specialty on this day, please choose another day!") == 0): null

19-07-2024T10:21:44 - [TEST_STEP][PASSED] - check = false: null

19-07-2024T10:21:44 - [TEST_STEP][PASSED] - for (def timeSlot : data): null

19-07-2024T10:21:44 - [TEST_STEP][PASSED] - if (!(check)): null

19-07-2024T10:21:44 - [TEST_STEP][PASSED] - <not implemented yet for class: org.codehaus.groovy.ast.stmt.ContinueStatement>: null

19-07-2024T10:21:44 - [TEST_STEP][PASSED] - dateInTheFuture = DateUtil).generateDateInFuture(1, 14): null

19-07-2024T10:21:44 - [TEST_STEP][PASSED] - timeSlotResponse = getAppointmentTimeSlot(dateInTheFuture, specialityId, patientAccessToken).parseResponseBodyToJsonObject(): Send request successfully

19-07-2024T10:21:46 - [MESSAGE][INFO] - HAR: /Users/linh.phan/Automation_Katalon_QE/katalon-healthcare/Reports/20240719_102040/API/API Regression Test/20240719_102040/requests/main/38.har

19-07-2024T10:21:46 - [MESSAGE][PASSED] - Send request successfully

19-07-2024T10:21:46 - [TEST_STEP][PASSED] - if (message.compareTo("You have booked this specialty on this day, please choose another day!") == 0): null

19-07-2024T10:21:46 - [TEST_STEP][PASSED] - check = false: null

19-07-2024T10:21:46 - [TEST_STEP][PASSED] - for (def timeSlot : data): null

19-07-2024T10:21:46 - [TEST_STEP][PASSED] - if (available == false): null

19-07-2024T10:21:46 - [TEST_STEP][PASSED] - timeSlotId = id: null

19-07-2024T10:21:46 - [TEST_STEP][PASSED] - check = true: null

19-07-2024T10:21:46 - [TEST_STEP][PASSED] - break: null

19-07-2024T10:21:46 - [TEST_STEP][PASSED] - if (!(check)): null

19-07-2024T10:21:46 - [TEST_STEP][PASSED] - break: null

19-07-2024T10:21:46 - [TEST_STEP][PASSED] - doctorList = data: Send request successfully

19-07-2024T10:21:47 - [MESSAGE][INFO] - HAR: /Users/linh.phan/Automation_Katalon_QE/katalon-healthcare/Reports/20240719_102040/API/API Regression Test/20240719_102040/requests/main/39.har

19-07-2024T10:21:47 - [MESSAGE][PASSED] - Send request successfully

19-07-2024T10:21:47 - [TEST_STEP][PASSED] - doctorId = id: null

19-07-2024T10:21:47 - [TEST_STEP][PASSED] - verifyStatusCode(200).verifyPropertyValue("message", "Book appointment successfully"): Verify element property value successfully

19-07-2024T10:21:48 - [MESSAGE][INFO] - HAR: /Users/linh.phan/Automation_Katalon_QE/katalon-healthcare/Reports/20240719_102040/API/API Regression Test/20240719_102040/requests/main/40.har

19-07-2024T10:21:48 - [MESSAGE][PASSED] - Send request successfully

19-07-2024T10:21:48 - [MESSAGE][PASSED] - Verify response status code successfully

19-07-2024T10:21:48 - [MESSAGE][PASSED] - Verify element property value successfully

19-07-2024T10:21:48 - [TEST_STEP][PASSED] - deactivateSpecialty(adminAccessToken, specialityId).verifyStatusCode(200): Verify response status code successfully

19-07-2024T10:21:51 - [MESSAGE][INFO] - HAR: /Users/linh.phan/Automation_Katalon_QE/katalon-healthcare/Reports/20240719_102040/API/API Regression Test/20240719_102040/requests/main/41.har

19-07-2024T10:21:51 - [MESSAGE][PASSED] - Send request successfully

19-07-2024T10:21:51 - [MESSAGE][PASSED] - Verify response status code successfully

19-07-2024T10:21:51 - [TEST_STEP][PASSED] - Start listener action : after: null

19-07-2024T10:21:51 - [TEST_STEP][PASSED] - isAPIRunning = false: null

19-07-2024T10:21:51 - [TEST_STEP][ERROR] - Start listener action : closeApplication: com.kms.katalon.core.exception.StepFailedException: Unable to close app
	at com.kms.katalon.core.mobile.keyword.internal.MobileKeywordMain.stepFailed(MobileKeywordMain.groovy:38)
	at com.kms.katalon.core.mobile.keyword.internal.MobileKeywordMain.runKeyword(MobileKeywordMain.groovy:21)
	at com.kms.katalon.core.mobile.keyword.builtin.CloseApplicationKeyword.closeApplication(CloseApplicationKeyword.groovy:37)
	at com.kms.katalon.core.mobile.keyword.builtin.CloseApplicationKeyword.execute(CloseApplicationKeyword.groovy:32)
	at com.kms.katalon.core.keyword.internal.KeywordExecutor.executeKeywordForPlatform(KeywordExecutor.groovy:74)
	at com.kms.katalon.core.mobile.keyword.MobileBuiltInKeywords.closeApplication(MobileBuiltInKeywords.groovy:134)
	at BaseTest.closeApplication(BaseTest.groovy:36)
	at java.base/jdk.internal.reflect.NativeMethodAccessorImpl.invoke0(Native Method)
	at java.base/jdk.internal.reflect.NativeMethodAccessorImpl.invoke(NativeMethodAccessorImpl.java:77)
	at java.base/jdk.internal.reflect.DelegatingMethodAccessorImpl.invoke(DelegatingMethodAccessorImpl.java:43)
	at com.kms.katalon.core.context.internal.TestHooker.invokeMethod(TestHooker.java:111)
	at com.kms.katalon.core.context.internal.TestHooker.lambda$3(TestHooker.java:95)
	at com.kms.katalon.core.context.internal.TestHooker.invokeContextMethods(TestHooker.java:94)
	at com.kms.katalon.core.context.internal.TestListenerCollector.lambda$3(TestListenerCollector.java:88)
	at com.kms.katalon.core.context.internal.TestListenerCollector.handleListenerEvent(TestListenerCollector.java:85)
	at com.kms.katalon.core.context.internal.ExecutionEventManager.publicEvent(ExecutionEventManager.java:36)
	at com.kms.katalon.core.main.TestCaseExecutor.execute(TestCaseExecutor.java:315)
	at com.kms.katalon.core.common.CommonExecutor.accessTestCaseMainPhase(CommonExecutor.java:65)
	at com.kms.katalon.core.main.TestSuiteExecutor.accessTestSuiteMainPhase(TestSuiteExecutor.java:148)
	at com.kms.katalon.core.main.TestSuiteExecutor.execute(TestSuiteExecutor.java:106)
	at com.kms.katalon.core.main.TestCaseMain.startTestSuite(TestCaseMain.java:180)
	at TempTestSuite1721359240774.run(TempTestSuite1721359240774.groovy:35)
	at java.base/jdk.internal.reflect.NativeMethodAccessorImpl.invoke0(Native Method)
	at java.base/jdk.internal.reflect.NativeMethodAccessorImpl.invoke(NativeMethodAccessorImpl.java:77)
	at java.base/jdk.internal.reflect.DelegatingMethodAccessorImpl.invoke(DelegatingMethodAccessorImpl.java:43)
Caused by: com.kms.katalon.core.exception.StepFailedException: No driver found
	at java.base/jdk.internal.reflect.NativeConstructorAccessorImpl.newInstance0(Native Method)
	at java.base/jdk.internal.reflect.NativeConstructorAccessorImpl.newInstance(NativeConstructorAccessorImpl.java:77)
	at java.base/jdk.internal.reflect.DelegatingConstructorAccessorImpl.newInstance(DelegatingConstructorAccessorImpl.java:45)
	at com.kms.katalon.core.mobile.keyword.internal.MobileAbstractKeyword.getAnyAppiumDriver(MobileAbstractKeyword.groovy:43)
	at java.base/jdk.internal.reflect.NativeMethodAccessorImpl.invoke0(Native Method)
	at java.base/jdk.internal.reflect.NativeMethodAccessorImpl.invoke(NativeMethodAccessorImpl.java:77)
	at java.base/jdk.internal.reflect.DelegatingMethodAccessorImpl.invoke(DelegatingMethodAccessorImpl.java:43)
	at com.kms.katalon.core.mobile.keyword.builtin.CloseApplicationKeyword$_closeApplication_closure1.doCall(CloseApplicationKeyword.groovy:38)
	at com.kms.katalon.core.mobile.keyword.builtin.CloseApplicationKeyword$_closeApplication_closure1.call(CloseApplicationKeyword.groovy)
	at com.kms.katalon.core.mobile.keyword.internal.MobileKeywordMain.runKeyword(MobileKeywordMain.groovy:19)
	... 23 more


19-07-2024T10:21:51 - [TEST_STEP][ERROR] - if (!(isAPIRunning) & !(isWebRunning)): com.kms.katalon.core.exception.StepFailedException: Unable to close app
	at com.kms.katalon.core.mobile.keyword.internal.MobileKeywordMain.stepFailed(MobileKeywordMain.groovy:38)
	at com.kms.katalon.core.mobile.keyword.internal.MobileKeywordMain.runKeyword(MobileKeywordMain.groovy:21)
	at com.kms.katalon.core.mobile.keyword.builtin.CloseApplicationKeyword.closeApplication(CloseApplicationKeyword.groovy:37)
	at com.kms.katalon.core.mobile.keyword.builtin.CloseApplicationKeyword.execute(CloseApplicationKeyword.groovy:32)
	at com.kms.katalon.core.keyword.internal.KeywordExecutor.executeKeywordForPlatform(KeywordExecutor.groovy:74)
	at com.kms.katalon.core.mobile.keyword.MobileBuiltInKeywords.closeApplication(MobileBuiltInKeywords.groovy:134)
	at BaseTest.closeApplication(BaseTest.groovy:36)
	at java.base/jdk.internal.reflect.NativeMethodAccessorImpl.invoke0(Native Method)
	at java.base/jdk.internal.reflect.NativeMethodAccessorImpl.invoke(NativeMethodAccessorImpl.java:77)
	at java.base/jdk.internal.reflect.DelegatingMethodAccessorImpl.invoke(DelegatingMethodAccessorImpl.java:43)
	at com.kms.katalon.core.context.internal.TestHooker.invokeMethod(TestHooker.java:111)
	at com.kms.katalon.core.context.internal.TestHooker.lambda$3(TestHooker.java:95)
	at com.kms.katalon.core.context.internal.TestHooker.invokeContextMethods(TestHooker.java:94)
	at com.kms.katalon.core.context.internal.TestListenerCollector.lambda$3(TestListenerCollector.java:88)
	at com.kms.katalon.core.context.internal.TestListenerCollector.handleListenerEvent(TestListenerCollector.java:85)
	at com.kms.katalon.core.context.internal.ExecutionEventManager.publicEvent(ExecutionEventManager.java:36)
	at com.kms.katalon.core.main.TestCaseExecutor.execute(TestCaseExecutor.java:315)
	at com.kms.katalon.core.common.CommonExecutor.accessTestCaseMainPhase(CommonExecutor.java:65)
	at com.kms.katalon.core.main.TestSuiteExecutor.accessTestSuiteMainPhase(TestSuiteExecutor.java:148)
	at com.kms.katalon.core.main.TestSuiteExecutor.execute(TestSuiteExecutor.java:106)
	at com.kms.katalon.core.main.TestCaseMain.startTestSuite(TestCaseMain.java:180)
	at TempTestSuite1721359240774.run(TempTestSuite1721359240774.groovy:35)
	at java.base/jdk.internal.reflect.NativeMethodAccessorImpl.invoke0(Native Method)
	at java.base/jdk.internal.reflect.NativeMethodAccessorImpl.invoke(NativeMethodAccessorImpl.java:77)
	at java.base/jdk.internal.reflect.DelegatingMethodAccessorImpl.invoke(DelegatingMethodAccessorImpl.java:43)
Caused by: com.kms.katalon.core.exception.StepFailedException: No driver found
	at java.base/jdk.internal.reflect.NativeConstructorAccessorImpl.newInstance0(Native Method)
	at java.base/jdk.internal.reflect.NativeConstructorAccessorImpl.newInstance(NativeConstructorAccessorImpl.java:77)
	at java.base/jdk.internal.reflect.DelegatingConstructorAccessorImpl.newInstance(DelegatingConstructorAccessorImpl.java:45)
	at com.kms.katalon.core.mobile.keyword.internal.MobileAbstractKeyword.getAnyAppiumDriver(MobileAbstractKeyword.groovy:43)
	at java.base/jdk.internal.reflect.NativeMethodAccessorImpl.invoke0(Native Method)
	at java.base/jdk.internal.reflect.NativeMethodAccessorImpl.invoke(NativeMethodAccessorImpl.java:77)
	at java.base/jdk.internal.reflect.DelegatingMethodAccessorImpl.invoke(DelegatingMethodAccessorImpl.java:43)
	at com.kms.katalon.core.mobile.keyword.builtin.CloseApplicationKeyword$_closeApplication_closure1.doCall(CloseApplicationKeyword.groovy:38)
	at com.kms.katalon.core.mobile.keyword.builtin.CloseApplicationKeyword$_closeApplication_closure1.call(CloseApplicationKeyword.groovy)
	at com.kms.katalon.core.mobile.keyword.internal.MobileKeywordMain.runKeyword(MobileKeywordMain.groovy:19)
	... 23 more


19-07-2024T10:21:51 - [TEST_STEP][ERROR] - closeApplication(): com.kms.katalon.core.exception.StepFailedException: Unable to close app
	at com.kms.katalon.core.mobile.keyword.internal.MobileKeywordMain.stepFailed(MobileKeywordMain.groovy:38)
	at com.kms.katalon.core.mobile.keyword.internal.MobileKeywordMain.runKeyword(MobileKeywordMain.groovy:21)
	at com.kms.katalon.core.mobile.keyword.builtin.CloseApplicationKeyword.closeApplication(CloseApplicationKeyword.groovy:37)
	at com.kms.katalon.core.mobile.keyword.builtin.CloseApplicationKeyword.execute(CloseApplicationKeyword.groovy:32)
	at com.kms.katalon.core.keyword.internal.KeywordExecutor.executeKeywordForPlatform(KeywordExecutor.groovy:74)
	at com.kms.katalon.core.mobile.keyword.MobileBuiltInKeywords.closeApplication(MobileBuiltInKeywords.groovy:134)
	at BaseTest.closeApplication(BaseTest.groovy:36)
	at java.base/jdk.internal.reflect.NativeMethodAccessorImpl.invoke0(Native Method)
	at java.base/jdk.internal.reflect.NativeMethodAccessorImpl.invoke(NativeMethodAccessorImpl.java:77)
	at java.base/jdk.internal.reflect.DelegatingMethodAccessorImpl.invoke(DelegatingMethodAccessorImpl.java:43)
	at com.kms.katalon.core.context.internal.TestHooker.invokeMethod(TestHooker.java:111)
	at com.kms.katalon.core.context.internal.TestHooker.lambda$3(TestHooker.java:95)
	at com.kms.katalon.core.context.internal.TestHooker.invokeContextMethods(TestHooker.java:94)
	at com.kms.katalon.core.context.internal.TestListenerCollector.lambda$3(TestListenerCollector.java:88)
	at com.kms.katalon.core.context.internal.TestListenerCollector.handleListenerEvent(TestListenerCollector.java:85)
	at com.kms.katalon.core.context.internal.ExecutionEventManager.publicEvent(ExecutionEventManager.java:36)
	at com.kms.katalon.core.main.TestCaseExecutor.execute(TestCaseExecutor.java:315)
	at com.kms.katalon.core.common.CommonExecutor.accessTestCaseMainPhase(CommonExecutor.java:65)
	at com.kms.katalon.core.main.TestSuiteExecutor.accessTestSuiteMainPhase(TestSuiteExecutor.java:148)
	at com.kms.katalon.core.main.TestSuiteExecutor.execute(TestSuiteExecutor.java:106)
	at com.kms.katalon.core.main.TestCaseMain.startTestSuite(TestCaseMain.java:180)
	at TempTestSuite1721359240774.run(TempTestSuite1721359240774.groovy:35)
	at java.base/jdk.internal.reflect.NativeMethodAccessorImpl.invoke0(Native Method)
	at java.base/jdk.internal.reflect.NativeMethodAccessorImpl.invoke(NativeMethodAccessorImpl.java:77)
	at java.base/jdk.internal.reflect.DelegatingMethodAccessorImpl.invoke(DelegatingMethodAccessorImpl.java:43)
Caused by: com.kms.katalon.core.exception.StepFailedException: No driver found
	at java.base/jdk.internal.reflect.NativeConstructorAccessorImpl.newInstance0(Native Method)
	at java.base/jdk.internal.reflect.NativeConstructorAccessorImpl.newInstance(NativeConstructorAccessorImpl.java:77)
	at java.base/jdk.internal.reflect.DelegatingConstructorAccessorImpl.newInstance(DelegatingConstructorAccessorImpl.java:45)
	at com.kms.katalon.core.mobile.keyword.internal.MobileAbstractKeyword.getAnyAppiumDriver(MobileAbstractKeyword.groovy:43)
	at java.base/jdk.internal.reflect.NativeMethodAccessorImpl.invoke0(Native Method)
	at java.base/jdk.internal.reflect.NativeMethodAccessorImpl.invoke(NativeMethodAccessorImpl.java:77)
	at java.base/jdk.internal.reflect.DelegatingMethodAccessorImpl.invoke(DelegatingMethodAccessorImpl.java:43)
	at com.kms.katalon.core.mobile.keyword.builtin.CloseApplicationKeyword$_closeApplication_closure1.doCall(CloseApplicationKeyword.groovy:38)
	at com.kms.katalon.core.mobile.keyword.builtin.CloseApplicationKeyword$_closeApplication_closure1.call(CloseApplicationKeyword.groovy)
	at com.kms.katalon.core.mobile.keyword.internal.MobileKeywordMain.runKeyword(MobileKeywordMain.groovy:19)
	... 23 more


19-07-2024T10:21:51 - [MESSAGE][FAILED] - Unable to close app (Root cause: com.kms.katalon.core.exception.StepFailedException: Unable to close app
	at com.kms.katalon.core.mobile.keyword.internal.MobileKeywordMain.stepFailed(MobileKeywordMain.groovy:38)
	at com.kms.katalon.core.mobile.keyword.internal.MobileKeywordMain.runKeyword(MobileKeywordMain.groovy:21)
	at com.kms.katalon.core.mobile.keyword.builtin.CloseApplicationKeyword.closeApplication(CloseApplicationKeyword.groovy:37)
	at com.kms.katalon.core.mobile.keyword.builtin.CloseApplicationKeyword.execute(CloseApplicationKeyword.groovy:32)
	at com.kms.katalon.core.keyword.internal.KeywordExecutor.executeKeywordForPlatform(KeywordExecutor.groovy:74)
	at com.kms.katalon.core.mobile.keyword.MobileBuiltInKeywords.closeApplication(MobileBuiltInKeywords.groovy:134)
	at BaseTest.closeApplication(BaseTest.groovy:36)
	at java.base/jdk.internal.reflect.NativeMethodAccessorImpl.invoke0(Native Method)
	at java.base/jdk.internal.reflect.NativeMethodAccessorImpl.invoke(NativeMethodAccessorImpl.java:77)
	at java.base/jdk.internal.reflect.DelegatingMethodAccessorImpl.invoke(DelegatingMethodAccessorImpl.java:43)
	at com.kms.katalon.core.context.internal.TestHooker.invokeMethod(TestHooker.java:111)
	at com.kms.katalon.core.context.internal.TestHooker.lambda$3(TestHooker.java:95)
	at com.kms.katalon.core.context.internal.TestHooker.invokeContextMethods(TestHooker.java:94)
	at com.kms.katalon.core.context.internal.TestListenerCollector.lambda$3(TestListenerCollector.java:88)
	at com.kms.katalon.core.context.internal.TestListenerCollector.handleListenerEvent(TestListenerCollector.java:85)
	at com.kms.katalon.core.context.internal.ExecutionEventManager.publicEvent(ExecutionEventManager.java:36)
	at com.kms.katalon.core.main.TestCaseExecutor.execute(TestCaseExecutor.java:315)
	at com.kms.katalon.core.common.CommonExecutor.accessTestCaseMainPhase(CommonExecutor.java:65)
	at com.kms.katalon.core.main.TestSuiteExecutor.accessTestSuiteMainPhase(TestSuiteExecutor.java:148)
	at com.kms.katalon.core.main.TestSuiteExecutor.execute(TestSuiteExecutor.java:106)
	at com.kms.katalon.core.main.TestCaseMain.startTestSuite(TestCaseMain.java:180)
	at TempTestSuite1721359240774.run(TempTestSuite1721359240774.groovy:35)
	at java.base/jdk.internal.reflect.NativeMethodAccessorImpl.invoke0(Native Method)
	at java.base/jdk.internal.reflect.NativeMethodAccessorImpl.invoke(NativeMethodAccessorImpl.java:77)
	at java.base/jdk.internal.reflect.DelegatingMethodAccessorImpl.invoke(DelegatingMethodAccessorImpl.java:43)
Caused by: com.kms.katalon.core.exception.StepFailedException: No driver found
	at java.base/jdk.internal.reflect.NativeConstructorAccessorImpl.newInstance0(Native Method)
	at java.base/jdk.internal.reflect.NativeConstructorAccessorImpl.newInstance(NativeConstructorAccessorImpl.java:77)
	at java.base/jdk.internal.reflect.DelegatingConstructorAccessorImpl.newInstance(DelegatingConstructorAccessorImpl.java:45)
	at com.kms.katalon.core.mobile.keyword.internal.MobileAbstractKeyword.getAnyAppiumDriver(MobileAbstractKeyword.groovy:43)
	at java.base/jdk.internal.reflect.NativeMethodAccessorImpl.invoke0(Native Method)
	at java.base/jdk.internal.reflect.NativeMethodAccessorImpl.invoke(NativeMethodAccessorImpl.java:77)
	at java.base/jdk.internal.reflect.DelegatingMethodAccessorImpl.invoke(DelegatingMethodAccessorImpl.java:43)
	at com.kms.katalon.core.mobile.keyword.builtin.CloseApplicationKeyword$_closeApplication_closure1.doCall(CloseApplicationKeyword.groovy:38)
	at com.kms.katalon.core.mobile.keyword.builtin.CloseApplicationKeyword$_closeApplication_closure1.call(CloseApplicationKeyword.groovy)
	at com.kms.katalon.core.mobile.keyword.internal.MobileKeywordMain.runKeyword(MobileKeywordMain.groovy:19)
	... 23 more
)

19-07-2024T10:21:51 - [MESSAGE][ERROR] - com.kms.katalon.core.exception.StepFailedException: Unable to close app
	at com.kms.katalon.core.mobile.keyword.internal.MobileKeywordMain.stepFailed(MobileKeywordMain.groovy:38)
	at com.kms.katalon.core.mobile.keyword.internal.MobileKeywordMain.runKeyword(MobileKeywordMain.groovy:21)
	at com.kms.katalon.core.mobile.keyword.builtin.CloseApplicationKeyword.closeApplication(CloseApplicationKeyword.groovy:37)
	at com.kms.katalon.core.mobile.keyword.builtin.CloseApplicationKeyword.execute(CloseApplicationKeyword.groovy:32)
	at com.kms.katalon.core.keyword.internal.KeywordExecutor.executeKeywordForPlatform(KeywordExecutor.groovy:74)
	at com.kms.katalon.core.mobile.keyword.MobileBuiltInKeywords.closeApplication(MobileBuiltInKeywords.groovy:134)
	at BaseTest.closeApplication(BaseTest.groovy:36)
	at java.base/jdk.internal.reflect.NativeMethodAccessorImpl.invoke0(Native Method)
	at java.base/jdk.internal.reflect.NativeMethodAccessorImpl.invoke(NativeMethodAccessorImpl.java:77)
	at java.base/jdk.internal.reflect.DelegatingMethodAccessorImpl.invoke(DelegatingMethodAccessorImpl.java:43)
	at com.kms.katalon.core.context.internal.TestHooker.invokeMethod(TestHooker.java:111)
	at com.kms.katalon.core.context.internal.TestHooker.lambda$3(TestHooker.java:95)
	at com.kms.katalon.core.context.internal.TestHooker.invokeContextMethods(TestHooker.java:94)
	at com.kms.katalon.core.context.internal.TestListenerCollector.lambda$3(TestListenerCollector.java:88)
	at com.kms.katalon.core.context.internal.TestListenerCollector.handleListenerEvent(TestListenerCollector.java:85)
	at com.kms.katalon.core.context.internal.ExecutionEventManager.publicEvent(ExecutionEventManager.java:36)
	at com.kms.katalon.core.main.TestCaseExecutor.execute(TestCaseExecutor.java:315)
	at com.kms.katalon.core.common.CommonExecutor.accessTestCaseMainPhase(CommonExecutor.java:65)
	at com.kms.katalon.core.main.TestSuiteExecutor.accessTestSuiteMainPhase(TestSuiteExecutor.java:148)
	at com.kms.katalon.core.main.TestSuiteExecutor.execute(TestSuiteExecutor.java:106)
	at com.kms.katalon.core.main.TestCaseMain.startTestSuite(TestCaseMain.java:180)
	at TempTestSuite1721359240774.run(TempTestSuite1721359240774.groovy:35)
	at java.base/jdk.internal.reflect.NativeMethodAccessorImpl.invoke0(Native Method)
	at java.base/jdk.internal.reflect.NativeMethodAccessorImpl.invoke(NativeMethodAccessorImpl.java:77)
	at java.base/jdk.internal.reflect.DelegatingMethodAccessorImpl.invoke(DelegatingMethodAccessorImpl.java:43)
Caused by: com.kms.katalon.core.exception.StepFailedException: No driver found
	at java.base/jdk.internal.reflect.NativeConstructorAccessorImpl.newInstance0(Native Method)
	at java.base/jdk.internal.reflect.NativeConstructorAccessorImpl.newInstance(NativeConstructorAccessorImpl.java:77)
	at java.base/jdk.internal.reflect.DelegatingConstructorAccessorImpl.newInstance(DelegatingConstructorAccessorImpl.java:45)
	at com.kms.katalon.core.mobile.keyword.internal.MobileAbstractKeyword.getAnyAppiumDriver(MobileAbstractKeyword.groovy:43)
	at java.base/jdk.internal.reflect.NativeMethodAccessorImpl.invoke0(Native Method)
	at java.base/jdk.internal.reflect.NativeMethodAccessorImpl.invoke(NativeMethodAccessorImpl.java:77)
	at java.base/jdk.internal.reflect.DelegatingMethodAccessorImpl.invoke(DelegatingMethodAccessorImpl.java:43)
	at com.kms.katalon.core.mobile.keyword.builtin.CloseApplicationKeyword$_closeApplication_closure1.doCall(CloseApplicationKeyword.groovy:38)
	at com.kms.katalon.core.mobile.keyword.builtin.CloseApplicationKeyword$_closeApplication_closure1.call(CloseApplicationKeyword.groovy)
	at com.kms.katalon.core.mobile.keyword.internal.MobileKeywordMain.runKeyword(MobileKeywordMain.groovy:19)
	... 23 more


19-07-2024T10:21:51 - [TEST_STEP][PASSED] - Start listener action : closeBrowser: null

19-07-2024T10:21:51 - [TEST_STEP][PASSED] - if (!(isAPIRunning) & isWebRunning): null]]></system-out>
         <system-err><![CDATA[]]></system-err>
      </testcase>
      <testcase name="Test Cases/API/Doctor Management/PUT_Verify update doctor profile successfully" time="7.834" classname="Test Cases/API/Doctor Management/PUT_Verify update doctor profile successfully" status="PASSED">
         <system-out><![CDATA[19-07-2024T10:21:51 - [TEST_CASE][PASSED] - Test Cases/API/Doctor Management/PUT_Verify update doctor profile successfully: Test Cases/API/Doctor Management/PUT_Verify update doctor profile successfully

19-07-2024T10:21:52 - [TEST_STEP][PASSED] - Start listener action : before: null

19-07-2024T10:21:52 - [TEST_STEP][PASSED] - if (isApiTestCase(testCaseContext.getTestCaseId())): null

19-07-2024T10:21:52 - [TEST_STEP][PASSED] - if (isWebTestCase(testCaseContext.getTestCaseId())): null

19-07-2024T10:21:52 - [TEST_STEP][PASSED] - Start listener action : openApplication: null

19-07-2024T10:21:52 - [TEST_STEP][PASSED] - if (!(isAPIRunning) & !(isWebRunning)): null

19-07-2024T10:21:52 - [TEST_STEP][PASSED] - Start listener action : openBrowser: null

19-07-2024T10:21:52 - [TEST_STEP][PASSED] - if (!(isAPIRunning) & isWebRunning): null

19-07-2024T10:21:52 - [TEST_STEP][PASSED] - user = withRole("Admin").getFirst(): null

19-07-2024T10:21:52 - [TEST_STEP][PASSED] - adminAccessToken = signIn(email, pwd).getAccessToken(): Send request successfully

19-07-2024T10:21:53 - [MESSAGE][INFO] - HAR: /Users/linh.phan/Automation_Katalon_QE/katalon-healthcare/Reports/20240719_102040/API/API Regression Test/20240719_102040/requests/main/42.har

19-07-2024T10:21:53 - [MESSAGE][PASSED] - Send request successfully

19-07-2024T10:21:53 - [TEST_STEP][PASSED] - email = RandomProfileGenerator).generateRandomEmail(): null

19-07-2024T10:21:53 - [TEST_STEP][PASSED] - fullName = RandomProfileGenerator).generateRandomName(): null

19-07-2024T10:21:53 - [TEST_STEP][PASSED] - phoneNumber = RandomProfileGenerator).generateRandomPhoneNumber(): null

19-07-2024T10:21:53 - [TEST_STEP][PASSED] - password = "P@ssw0rd@auto": null

19-07-2024T10:21:53 - [TEST_STEP][PASSED] - doctorUuid = id: Verify response status code successfully

19-07-2024T10:21:55 - [MESSAGE][INFO] - HAR: /Users/linh.phan/Automation_Katalon_QE/katalon-healthcare/Reports/20240719_102040/API/API Regression Test/20240719_102040/requests/main/43.har

19-07-2024T10:21:55 - [MESSAGE][PASSED] - Send request successfully

19-07-2024T10:21:55 - [MESSAGE][PASSED] - Verify response status code successfully

19-07-2024T10:21:55 - [TEST_STEP][PASSED] - fullName = RandomProfileGenerator).generateRandomName(): null

19-07-2024T10:21:55 - [TEST_STEP][PASSED] - birthday = RandomProfileGenerator).generateRandomBirthday(): null

19-07-2024T10:21:55 - [TEST_STEP][PASSED] - gender = RandomProfileGenerator).generateRandomGender(): null

19-07-2024T10:21:55 - [TEST_STEP][PASSED] - address = RandomProfileGenerator).generateRandomAddress(): null

19-07-2024T10:21:55 - [TEST_STEP][PASSED] - phoneNumber = RandomProfileGenerator).generateRandomPhoneNumber(): null

19-07-2024T10:21:55 - [TEST_STEP][PASSED] - degree = RandomProfileGenerator).generateRandomDegree(): null

19-07-2024T10:21:55 - [TEST_STEP][PASSED] - speciality = RandomProfileGenerator).generateRandomSpeciality(): Send request successfully

19-07-2024T10:21:57 - [MESSAGE][INFO] - HAR: /Users/linh.phan/Automation_Katalon_QE/katalon-healthcare/Reports/20240719_102040/API/API Regression Test/20240719_102040/requests/main/44.har

19-07-2024T10:21:57 - [MESSAGE][PASSED] - Send request successfully

19-07-2024T10:21:57 - [TEST_STEP][PASSED] - description = RandomProfileGenerator).generateRandomDescription(): null

19-07-2024T10:21:57 - [TEST_STEP][PASSED] - degree", degree).hasProperty("data.id"): Verify element property value successfully

19-07-2024T10:21:58 - [MESSAGE][INFO] - HAR: /Users/linh.phan/Automation_Katalon_QE/katalon-healthcare/Reports/20240719_102040/API/API Regression Test/20240719_102040/requests/main/45.har

19-07-2024T10:21:58 - [MESSAGE][PASSED] - Send request successfully

19-07-2024T10:21:58 - [MESSAGE][PASSED] - Verify response status code successfully

19-07-2024T10:21:58 - [MESSAGE][PASSED] - Verify element property value successfully

19-07-2024T10:21:58 - [MESSAGE][PASSED] - Verify element property value successfully

19-07-2024T10:21:58 - [MESSAGE][PASSED] - Verify element property value successfully

19-07-2024T10:21:58 - [MESSAGE][PASSED] - Verify element property value successfully

19-07-2024T10:21:58 - [MESSAGE][PASSED] - Verify element property value successfully

19-07-2024T10:21:58 - [MESSAGE][PASSED] - Verify element property value successfully

19-07-2024T10:21:58 - [MESSAGE][PASSED] - Verify element property value successfully

19-07-2024T10:21:58 - [TEST_STEP][PASSED] - Start tear down : tearDown: Method 'tearDown' complete successfully

19-07-2024T10:21:58 - [TEST_STEP][PASSED] - user = withRole("Doctor").getFirst(): null

19-07-2024T10:21:58 - [TEST_STEP][PASSED] - initRequestObject().updateDoctorProfile(doctorUuid, fullName, phoneNumber, gender, birthday, address, speciality, degree, "", adminAccessToken): Send request successfully

19-07-2024T10:21:59 - [MESSAGE][INFO] - HAR: /Users/linh.phan/Automation_Katalon_QE/katalon-healthcare/Reports/20240719_102040/API/API Regression Test/20240719_102040/requests/main/46.har

19-07-2024T10:21:59 - [MESSAGE][PASSED] - Send request successfully

19-07-2024T10:21:59 - [MESSAGE][PASSED] - Method 'tearDown' complete successfully

19-07-2024T10:21:59 - [TEST_STEP][PASSED] - Start listener action : after: null

19-07-2024T10:21:59 - [TEST_STEP][PASSED] - isAPIRunning = false: null

19-07-2024T10:21:59 - [TEST_STEP][ERROR] - Start listener action : closeApplication: com.kms.katalon.core.exception.StepFailedException: Unable to close app
	at com.kms.katalon.core.mobile.keyword.internal.MobileKeywordMain.stepFailed(MobileKeywordMain.groovy:38)
	at com.kms.katalon.core.mobile.keyword.internal.MobileKeywordMain.runKeyword(MobileKeywordMain.groovy:21)
	at com.kms.katalon.core.mobile.keyword.builtin.CloseApplicationKeyword.closeApplication(CloseApplicationKeyword.groovy:37)
	at com.kms.katalon.core.mobile.keyword.builtin.CloseApplicationKeyword.execute(CloseApplicationKeyword.groovy:32)
	at com.kms.katalon.core.keyword.internal.KeywordExecutor.executeKeywordForPlatform(KeywordExecutor.groovy:74)
	at com.kms.katalon.core.mobile.keyword.MobileBuiltInKeywords.closeApplication(MobileBuiltInKeywords.groovy:134)
	at BaseTest.closeApplication(BaseTest.groovy:36)
	at java.base/jdk.internal.reflect.NativeMethodAccessorImpl.invoke0(Native Method)
	at java.base/jdk.internal.reflect.NativeMethodAccessorImpl.invoke(NativeMethodAccessorImpl.java:77)
	at java.base/jdk.internal.reflect.DelegatingMethodAccessorImpl.invoke(DelegatingMethodAccessorImpl.java:43)
	at com.kms.katalon.core.context.internal.TestHooker.invokeMethod(TestHooker.java:111)
	at com.kms.katalon.core.context.internal.TestHooker.lambda$3(TestHooker.java:95)
	at com.kms.katalon.core.context.internal.TestHooker.invokeContextMethods(TestHooker.java:94)
	at com.kms.katalon.core.context.internal.TestListenerCollector.lambda$3(TestListenerCollector.java:88)
	at com.kms.katalon.core.context.internal.TestListenerCollector.handleListenerEvent(TestListenerCollector.java:85)
	at com.kms.katalon.core.context.internal.ExecutionEventManager.publicEvent(ExecutionEventManager.java:36)
	at com.kms.katalon.core.main.TestCaseExecutor.execute(TestCaseExecutor.java:315)
	at com.kms.katalon.core.common.CommonExecutor.accessTestCaseMainPhase(CommonExecutor.java:65)
	at com.kms.katalon.core.main.TestSuiteExecutor.accessTestSuiteMainPhase(TestSuiteExecutor.java:148)
	at com.kms.katalon.core.main.TestSuiteExecutor.execute(TestSuiteExecutor.java:106)
	at com.kms.katalon.core.main.TestCaseMain.startTestSuite(TestCaseMain.java:180)
	at TempTestSuite1721359240774.run(TempTestSuite1721359240774.groovy:35)
	at java.base/jdk.internal.reflect.NativeMethodAccessorImpl.invoke0(Native Method)
	at java.base/jdk.internal.reflect.NativeMethodAccessorImpl.invoke(NativeMethodAccessorImpl.java:77)
	at java.base/jdk.internal.reflect.DelegatingMethodAccessorImpl.invoke(DelegatingMethodAccessorImpl.java:43)
Caused by: com.kms.katalon.core.exception.StepFailedException: No driver found
	at java.base/jdk.internal.reflect.NativeConstructorAccessorImpl.newInstance0(Native Method)
	at java.base/jdk.internal.reflect.NativeConstructorAccessorImpl.newInstance(NativeConstructorAccessorImpl.java:77)
	at java.base/jdk.internal.reflect.DelegatingConstructorAccessorImpl.newInstance(DelegatingConstructorAccessorImpl.java:45)
	at com.kms.katalon.core.mobile.keyword.internal.MobileAbstractKeyword.getAnyAppiumDriver(MobileAbstractKeyword.groovy:43)
	at java.base/jdk.internal.reflect.NativeMethodAccessorImpl.invoke0(Native Method)
	at java.base/jdk.internal.reflect.NativeMethodAccessorImpl.invoke(NativeMethodAccessorImpl.java:77)
	at java.base/jdk.internal.reflect.DelegatingMethodAccessorImpl.invoke(DelegatingMethodAccessorImpl.java:43)
	at com.kms.katalon.core.mobile.keyword.builtin.CloseApplicationKeyword$_closeApplication_closure1.doCall(CloseApplicationKeyword.groovy:38)
	at com.kms.katalon.core.mobile.keyword.builtin.CloseApplicationKeyword$_closeApplication_closure1.call(CloseApplicationKeyword.groovy)
	at com.kms.katalon.core.mobile.keyword.internal.MobileKeywordMain.runKeyword(MobileKeywordMain.groovy:19)
	... 23 more


19-07-2024T10:21:59 - [TEST_STEP][ERROR] - if (!(isAPIRunning) & !(isWebRunning)): com.kms.katalon.core.exception.StepFailedException: Unable to close app
	at com.kms.katalon.core.mobile.keyword.internal.MobileKeywordMain.stepFailed(MobileKeywordMain.groovy:38)
	at com.kms.katalon.core.mobile.keyword.internal.MobileKeywordMain.runKeyword(MobileKeywordMain.groovy:21)
	at com.kms.katalon.core.mobile.keyword.builtin.CloseApplicationKeyword.closeApplication(CloseApplicationKeyword.groovy:37)
	at com.kms.katalon.core.mobile.keyword.builtin.CloseApplicationKeyword.execute(CloseApplicationKeyword.groovy:32)
	at com.kms.katalon.core.keyword.internal.KeywordExecutor.executeKeywordForPlatform(KeywordExecutor.groovy:74)
	at com.kms.katalon.core.mobile.keyword.MobileBuiltInKeywords.closeApplication(MobileBuiltInKeywords.groovy:134)
	at BaseTest.closeApplication(BaseTest.groovy:36)
	at java.base/jdk.internal.reflect.NativeMethodAccessorImpl.invoke0(Native Method)
	at java.base/jdk.internal.reflect.NativeMethodAccessorImpl.invoke(NativeMethodAccessorImpl.java:77)
	at java.base/jdk.internal.reflect.DelegatingMethodAccessorImpl.invoke(DelegatingMethodAccessorImpl.java:43)
	at com.kms.katalon.core.context.internal.TestHooker.invokeMethod(TestHooker.java:111)
	at com.kms.katalon.core.context.internal.TestHooker.lambda$3(TestHooker.java:95)
	at com.kms.katalon.core.context.internal.TestHooker.invokeContextMethods(TestHooker.java:94)
	at com.kms.katalon.core.context.internal.TestListenerCollector.lambda$3(TestListenerCollector.java:88)
	at com.kms.katalon.core.context.internal.TestListenerCollector.handleListenerEvent(TestListenerCollector.java:85)
	at com.kms.katalon.core.context.internal.ExecutionEventManager.publicEvent(ExecutionEventManager.java:36)
	at com.kms.katalon.core.main.TestCaseExecutor.execute(TestCaseExecutor.java:315)
	at com.kms.katalon.core.common.CommonExecutor.accessTestCaseMainPhase(CommonExecutor.java:65)
	at com.kms.katalon.core.main.TestSuiteExecutor.accessTestSuiteMainPhase(TestSuiteExecutor.java:148)
	at com.kms.katalon.core.main.TestSuiteExecutor.execute(TestSuiteExecutor.java:106)
	at com.kms.katalon.core.main.TestCaseMain.startTestSuite(TestCaseMain.java:180)
	at TempTestSuite1721359240774.run(TempTestSuite1721359240774.groovy:35)
	at java.base/jdk.internal.reflect.NativeMethodAccessorImpl.invoke0(Native Method)
	at java.base/jdk.internal.reflect.NativeMethodAccessorImpl.invoke(NativeMethodAccessorImpl.java:77)
	at java.base/jdk.internal.reflect.DelegatingMethodAccessorImpl.invoke(DelegatingMethodAccessorImpl.java:43)
Caused by: com.kms.katalon.core.exception.StepFailedException: No driver found
	at java.base/jdk.internal.reflect.NativeConstructorAccessorImpl.newInstance0(Native Method)
	at java.base/jdk.internal.reflect.NativeConstructorAccessorImpl.newInstance(NativeConstructorAccessorImpl.java:77)
	at java.base/jdk.internal.reflect.DelegatingConstructorAccessorImpl.newInstance(DelegatingConstructorAccessorImpl.java:45)
	at com.kms.katalon.core.mobile.keyword.internal.MobileAbstractKeyword.getAnyAppiumDriver(MobileAbstractKeyword.groovy:43)
	at java.base/jdk.internal.reflect.NativeMethodAccessorImpl.invoke0(Native Method)
	at java.base/jdk.internal.reflect.NativeMethodAccessorImpl.invoke(NativeMethodAccessorImpl.java:77)
	at java.base/jdk.internal.reflect.DelegatingMethodAccessorImpl.invoke(DelegatingMethodAccessorImpl.java:43)
	at com.kms.katalon.core.mobile.keyword.builtin.CloseApplicationKeyword$_closeApplication_closure1.doCall(CloseApplicationKeyword.groovy:38)
	at com.kms.katalon.core.mobile.keyword.builtin.CloseApplicationKeyword$_closeApplication_closure1.call(CloseApplicationKeyword.groovy)
	at com.kms.katalon.core.mobile.keyword.internal.MobileKeywordMain.runKeyword(MobileKeywordMain.groovy:19)
	... 23 more


19-07-2024T10:21:59 - [TEST_STEP][ERROR] - closeApplication(): com.kms.katalon.core.exception.StepFailedException: Unable to close app
	at com.kms.katalon.core.mobile.keyword.internal.MobileKeywordMain.stepFailed(MobileKeywordMain.groovy:38)
	at com.kms.katalon.core.mobile.keyword.internal.MobileKeywordMain.runKeyword(MobileKeywordMain.groovy:21)
	at com.kms.katalon.core.mobile.keyword.builtin.CloseApplicationKeyword.closeApplication(CloseApplicationKeyword.groovy:37)
	at com.kms.katalon.core.mobile.keyword.builtin.CloseApplicationKeyword.execute(CloseApplicationKeyword.groovy:32)
	at com.kms.katalon.core.keyword.internal.KeywordExecutor.executeKeywordForPlatform(KeywordExecutor.groovy:74)
	at com.kms.katalon.core.mobile.keyword.MobileBuiltInKeywords.closeApplication(MobileBuiltInKeywords.groovy:134)
	at BaseTest.closeApplication(BaseTest.groovy:36)
	at java.base/jdk.internal.reflect.NativeMethodAccessorImpl.invoke0(Native Method)
	at java.base/jdk.internal.reflect.NativeMethodAccessorImpl.invoke(NativeMethodAccessorImpl.java:77)
	at java.base/jdk.internal.reflect.DelegatingMethodAccessorImpl.invoke(DelegatingMethodAccessorImpl.java:43)
	at com.kms.katalon.core.context.internal.TestHooker.invokeMethod(TestHooker.java:111)
	at com.kms.katalon.core.context.internal.TestHooker.lambda$3(TestHooker.java:95)
	at com.kms.katalon.core.context.internal.TestHooker.invokeContextMethods(TestHooker.java:94)
	at com.kms.katalon.core.context.internal.TestListenerCollector.lambda$3(TestListenerCollector.java:88)
	at com.kms.katalon.core.context.internal.TestListenerCollector.handleListenerEvent(TestListenerCollector.java:85)
	at com.kms.katalon.core.context.internal.ExecutionEventManager.publicEvent(ExecutionEventManager.java:36)
	at com.kms.katalon.core.main.TestCaseExecutor.execute(TestCaseExecutor.java:315)
	at com.kms.katalon.core.common.CommonExecutor.accessTestCaseMainPhase(CommonExecutor.java:65)
	at com.kms.katalon.core.main.TestSuiteExecutor.accessTestSuiteMainPhase(TestSuiteExecutor.java:148)
	at com.kms.katalon.core.main.TestSuiteExecutor.execute(TestSuiteExecutor.java:106)
	at com.kms.katalon.core.main.TestCaseMain.startTestSuite(TestCaseMain.java:180)
	at TempTestSuite1721359240774.run(TempTestSuite1721359240774.groovy:35)
	at java.base/jdk.internal.reflect.NativeMethodAccessorImpl.invoke0(Native Method)
	at java.base/jdk.internal.reflect.NativeMethodAccessorImpl.invoke(NativeMethodAccessorImpl.java:77)
	at java.base/jdk.internal.reflect.DelegatingMethodAccessorImpl.invoke(DelegatingMethodAccessorImpl.java:43)
Caused by: com.kms.katalon.core.exception.StepFailedException: No driver found
	at java.base/jdk.internal.reflect.NativeConstructorAccessorImpl.newInstance0(Native Method)
	at java.base/jdk.internal.reflect.NativeConstructorAccessorImpl.newInstance(NativeConstructorAccessorImpl.java:77)
	at java.base/jdk.internal.reflect.DelegatingConstructorAccessorImpl.newInstance(DelegatingConstructorAccessorImpl.java:45)
	at com.kms.katalon.core.mobile.keyword.internal.MobileAbstractKeyword.getAnyAppiumDriver(MobileAbstractKeyword.groovy:43)
	at java.base/jdk.internal.reflect.NativeMethodAccessorImpl.invoke0(Native Method)
	at java.base/jdk.internal.reflect.NativeMethodAccessorImpl.invoke(NativeMethodAccessorImpl.java:77)
	at java.base/jdk.internal.reflect.DelegatingMethodAccessorImpl.invoke(DelegatingMethodAccessorImpl.java:43)
	at com.kms.katalon.core.mobile.keyword.builtin.CloseApplicationKeyword$_closeApplication_closure1.doCall(CloseApplicationKeyword.groovy:38)
	at com.kms.katalon.core.mobile.keyword.builtin.CloseApplicationKeyword$_closeApplication_closure1.call(CloseApplicationKeyword.groovy)
	at com.kms.katalon.core.mobile.keyword.internal.MobileKeywordMain.runKeyword(MobileKeywordMain.groovy:19)
	... 23 more


19-07-2024T10:21:59 - [MESSAGE][FAILED] - Unable to close app (Root cause: com.kms.katalon.core.exception.StepFailedException: Unable to close app
	at com.kms.katalon.core.mobile.keyword.internal.MobileKeywordMain.stepFailed(MobileKeywordMain.groovy:38)
	at com.kms.katalon.core.mobile.keyword.internal.MobileKeywordMain.runKeyword(MobileKeywordMain.groovy:21)
	at com.kms.katalon.core.mobile.keyword.builtin.CloseApplicationKeyword.closeApplication(CloseApplicationKeyword.groovy:37)
	at com.kms.katalon.core.mobile.keyword.builtin.CloseApplicationKeyword.execute(CloseApplicationKeyword.groovy:32)
	at com.kms.katalon.core.keyword.internal.KeywordExecutor.executeKeywordForPlatform(KeywordExecutor.groovy:74)
	at com.kms.katalon.core.mobile.keyword.MobileBuiltInKeywords.closeApplication(MobileBuiltInKeywords.groovy:134)
	at BaseTest.closeApplication(BaseTest.groovy:36)
	at java.base/jdk.internal.reflect.NativeMethodAccessorImpl.invoke0(Native Method)
	at java.base/jdk.internal.reflect.NativeMethodAccessorImpl.invoke(NativeMethodAccessorImpl.java:77)
	at java.base/jdk.internal.reflect.DelegatingMethodAccessorImpl.invoke(DelegatingMethodAccessorImpl.java:43)
	at com.kms.katalon.core.context.internal.TestHooker.invokeMethod(TestHooker.java:111)
	at com.kms.katalon.core.context.internal.TestHooker.lambda$3(TestHooker.java:95)
	at com.kms.katalon.core.context.internal.TestHooker.invokeContextMethods(TestHooker.java:94)
	at com.kms.katalon.core.context.internal.TestListenerCollector.lambda$3(TestListenerCollector.java:88)
	at com.kms.katalon.core.context.internal.TestListenerCollector.handleListenerEvent(TestListenerCollector.java:85)
	at com.kms.katalon.core.context.internal.ExecutionEventManager.publicEvent(ExecutionEventManager.java:36)
	at com.kms.katalon.core.main.TestCaseExecutor.execute(TestCaseExecutor.java:315)
	at com.kms.katalon.core.common.CommonExecutor.accessTestCaseMainPhase(CommonExecutor.java:65)
	at com.kms.katalon.core.main.TestSuiteExecutor.accessTestSuiteMainPhase(TestSuiteExecutor.java:148)
	at com.kms.katalon.core.main.TestSuiteExecutor.execute(TestSuiteExecutor.java:106)
	at com.kms.katalon.core.main.TestCaseMain.startTestSuite(TestCaseMain.java:180)
	at TempTestSuite1721359240774.run(TempTestSuite1721359240774.groovy:35)
	at java.base/jdk.internal.reflect.NativeMethodAccessorImpl.invoke0(Native Method)
	at java.base/jdk.internal.reflect.NativeMethodAccessorImpl.invoke(NativeMethodAccessorImpl.java:77)
	at java.base/jdk.internal.reflect.DelegatingMethodAccessorImpl.invoke(DelegatingMethodAccessorImpl.java:43)
Caused by: com.kms.katalon.core.exception.StepFailedException: No driver found
	at java.base/jdk.internal.reflect.NativeConstructorAccessorImpl.newInstance0(Native Method)
	at java.base/jdk.internal.reflect.NativeConstructorAccessorImpl.newInstance(NativeConstructorAccessorImpl.java:77)
	at java.base/jdk.internal.reflect.DelegatingConstructorAccessorImpl.newInstance(DelegatingConstructorAccessorImpl.java:45)
	at com.kms.katalon.core.mobile.keyword.internal.MobileAbstractKeyword.getAnyAppiumDriver(MobileAbstractKeyword.groovy:43)
	at java.base/jdk.internal.reflect.NativeMethodAccessorImpl.invoke0(Native Method)
	at java.base/jdk.internal.reflect.NativeMethodAccessorImpl.invoke(NativeMethodAccessorImpl.java:77)
	at java.base/jdk.internal.reflect.DelegatingMethodAccessorImpl.invoke(DelegatingMethodAccessorImpl.java:43)
	at com.kms.katalon.core.mobile.keyword.builtin.CloseApplicationKeyword$_closeApplication_closure1.doCall(CloseApplicationKeyword.groovy:38)
	at com.kms.katalon.core.mobile.keyword.builtin.CloseApplicationKeyword$_closeApplication_closure1.call(CloseApplicationKeyword.groovy)
	at com.kms.katalon.core.mobile.keyword.internal.MobileKeywordMain.runKeyword(MobileKeywordMain.groovy:19)
	... 23 more
)

19-07-2024T10:21:59 - [MESSAGE][ERROR] - com.kms.katalon.core.exception.StepFailedException: Unable to close app
	at com.kms.katalon.core.mobile.keyword.internal.MobileKeywordMain.stepFailed(MobileKeywordMain.groovy:38)
	at com.kms.katalon.core.mobile.keyword.internal.MobileKeywordMain.runKeyword(MobileKeywordMain.groovy:21)
	at com.kms.katalon.core.mobile.keyword.builtin.CloseApplicationKeyword.closeApplication(CloseApplicationKeyword.groovy:37)
	at com.kms.katalon.core.mobile.keyword.builtin.CloseApplicationKeyword.execute(CloseApplicationKeyword.groovy:32)
	at com.kms.katalon.core.keyword.internal.KeywordExecutor.executeKeywordForPlatform(KeywordExecutor.groovy:74)
	at com.kms.katalon.core.mobile.keyword.MobileBuiltInKeywords.closeApplication(MobileBuiltInKeywords.groovy:134)
	at BaseTest.closeApplication(BaseTest.groovy:36)
	at java.base/jdk.internal.reflect.NativeMethodAccessorImpl.invoke0(Native Method)
	at java.base/jdk.internal.reflect.NativeMethodAccessorImpl.invoke(NativeMethodAccessorImpl.java:77)
	at java.base/jdk.internal.reflect.DelegatingMethodAccessorImpl.invoke(DelegatingMethodAccessorImpl.java:43)
	at com.kms.katalon.core.context.internal.TestHooker.invokeMethod(TestHooker.java:111)
	at com.kms.katalon.core.context.internal.TestHooker.lambda$3(TestHooker.java:95)
	at com.kms.katalon.core.context.internal.TestHooker.invokeContextMethods(TestHooker.java:94)
	at com.kms.katalon.core.context.internal.TestListenerCollector.lambda$3(TestListenerCollector.java:88)
	at com.kms.katalon.core.context.internal.TestListenerCollector.handleListenerEvent(TestListenerCollector.java:85)
	at com.kms.katalon.core.context.internal.ExecutionEventManager.publicEvent(ExecutionEventManager.java:36)
	at com.kms.katalon.core.main.TestCaseExecutor.execute(TestCaseExecutor.java:315)
	at com.kms.katalon.core.common.CommonExecutor.accessTestCaseMainPhase(CommonExecutor.java:65)
	at com.kms.katalon.core.main.TestSuiteExecutor.accessTestSuiteMainPhase(TestSuiteExecutor.java:148)
	at com.kms.katalon.core.main.TestSuiteExecutor.execute(TestSuiteExecutor.java:106)
	at com.kms.katalon.core.main.TestCaseMain.startTestSuite(TestCaseMain.java:180)
	at TempTestSuite1721359240774.run(TempTestSuite1721359240774.groovy:35)
	at java.base/jdk.internal.reflect.NativeMethodAccessorImpl.invoke0(Native Method)
	at java.base/jdk.internal.reflect.NativeMethodAccessorImpl.invoke(NativeMethodAccessorImpl.java:77)
	at java.base/jdk.internal.reflect.DelegatingMethodAccessorImpl.invoke(DelegatingMethodAccessorImpl.java:43)
Caused by: com.kms.katalon.core.exception.StepFailedException: No driver found
	at java.base/jdk.internal.reflect.NativeConstructorAccessorImpl.newInstance0(Native Method)
	at java.base/jdk.internal.reflect.NativeConstructorAccessorImpl.newInstance(NativeConstructorAccessorImpl.java:77)
	at java.base/jdk.internal.reflect.DelegatingConstructorAccessorImpl.newInstance(DelegatingConstructorAccessorImpl.java:45)
	at com.kms.katalon.core.mobile.keyword.internal.MobileAbstractKeyword.getAnyAppiumDriver(MobileAbstractKeyword.groovy:43)
	at java.base/jdk.internal.reflect.NativeMethodAccessorImpl.invoke0(Native Method)
	at java.base/jdk.internal.reflect.NativeMethodAccessorImpl.invoke(NativeMethodAccessorImpl.java:77)
	at java.base/jdk.internal.reflect.DelegatingMethodAccessorImpl.invoke(DelegatingMethodAccessorImpl.java:43)
	at com.kms.katalon.core.mobile.keyword.builtin.CloseApplicationKeyword$_closeApplication_closure1.doCall(CloseApplicationKeyword.groovy:38)
	at com.kms.katalon.core.mobile.keyword.builtin.CloseApplicationKeyword$_closeApplication_closure1.call(CloseApplicationKeyword.groovy)
	at com.kms.katalon.core.mobile.keyword.internal.MobileKeywordMain.runKeyword(MobileKeywordMain.groovy:19)
	... 23 more


19-07-2024T10:21:59 - [TEST_STEP][PASSED] - Start listener action : closeBrowser: null

19-07-2024T10:21:59 - [TEST_STEP][PASSED] - if (!(isAPIRunning) & isWebRunning): null]]></system-out>
         <system-err><![CDATA[]]></system-err>
      </testcase>
      <testcase name="Test Cases/API/Doctor Management/GET_Verify get all doctors successfully" time="3.045" classname="Test Cases/API/Doctor Management/GET_Verify get all doctors successfully" status="PASSED">
         <system-out><![CDATA[19-07-2024T10:21:59 - [TEST_CASE][PASSED] - Test Cases/API/Doctor Management/GET_Verify get all doctors successfully: Test Cases/API/Doctor Management/GET_Verify get all doctors successfully

19-07-2024T10:21:59 - [TEST_STEP][PASSED] - Start listener action : before: null

19-07-2024T10:21:59 - [TEST_STEP][PASSED] - if (isApiTestCase(testCaseContext.getTestCaseId())): null

19-07-2024T10:21:59 - [TEST_STEP][PASSED] - if (isWebTestCase(testCaseContext.getTestCaseId())): null

19-07-2024T10:21:59 - [TEST_STEP][PASSED] - Start listener action : openApplication: null

19-07-2024T10:21:59 - [TEST_STEP][PASSED] - if (!(isAPIRunning) & !(isWebRunning)): null

19-07-2024T10:21:59 - [TEST_STEP][PASSED] - Start listener action : openBrowser: null

19-07-2024T10:21:59 - [TEST_STEP][PASSED] - if (!(isAPIRunning) & isWebRunning): null

19-07-2024T10:21:59 - [TEST_STEP][PASSED] - user = withRole("Admin").getFirst(): null

19-07-2024T10:21:59 - [TEST_STEP][PASSED] - adminAccessToken = signIn(email, pwd).getAccessToken(): Send request successfully

19-07-2024T10:22:01 - [MESSAGE][INFO] - HAR: /Users/linh.phan/Automation_Katalon_QE/katalon-healthcare/Reports/20240719_102040/API/API Regression Test/20240719_102040/requests/main/47.har

19-07-2024T10:22:01 - [MESSAGE][PASSED] - Send request successfully

19-07-2024T10:22:01 - [TEST_STEP][PASSED] - response = verifyPropertyValue("message", "Get doctors successfully").validateJsonAgainstSchema(schema): Validate with JSON Schema successfully

19-07-2024T10:22:02 - [MESSAGE][INFO] - HAR: /Users/linh.phan/Automation_Katalon_QE/katalon-healthcare/Reports/20240719_102040/API/API Regression Test/20240719_102040/requests/main/48.har

19-07-2024T10:22:02 - [MESSAGE][PASSED] - Send request successfully

19-07-2024T10:22:02 - [MESSAGE][PASSED] - Verify response status code successfully

19-07-2024T10:22:02 - [MESSAGE][PASSED] - Verify element property value successfully

19-07-2024T10:22:02 - [MESSAGE][PASSED] - Validate with JSON Schema successfully

19-07-2024T10:22:02 - [TEST_STEP][PASSED] - Start listener action : after: null

19-07-2024T10:22:02 - [TEST_STEP][PASSED] - isAPIRunning = false: null

19-07-2024T10:22:02 - [TEST_STEP][ERROR] - Start listener action : closeApplication: com.kms.katalon.core.exception.StepFailedException: Unable to close app
	at com.kms.katalon.core.mobile.keyword.internal.MobileKeywordMain.stepFailed(MobileKeywordMain.groovy:38)
	at com.kms.katalon.core.mobile.keyword.internal.MobileKeywordMain.runKeyword(MobileKeywordMain.groovy:21)
	at com.kms.katalon.core.mobile.keyword.builtin.CloseApplicationKeyword.closeApplication(CloseApplicationKeyword.groovy:37)
	at com.kms.katalon.core.mobile.keyword.builtin.CloseApplicationKeyword.execute(CloseApplicationKeyword.groovy:32)
	at com.kms.katalon.core.keyword.internal.KeywordExecutor.executeKeywordForPlatform(KeywordExecutor.groovy:74)
	at com.kms.katalon.core.mobile.keyword.MobileBuiltInKeywords.closeApplication(MobileBuiltInKeywords.groovy:134)
	at BaseTest.closeApplication(BaseTest.groovy:36)
	at java.base/jdk.internal.reflect.NativeMethodAccessorImpl.invoke0(Native Method)
	at java.base/jdk.internal.reflect.NativeMethodAccessorImpl.invoke(NativeMethodAccessorImpl.java:77)
	at java.base/jdk.internal.reflect.DelegatingMethodAccessorImpl.invoke(DelegatingMethodAccessorImpl.java:43)
	at com.kms.katalon.core.context.internal.TestHooker.invokeMethod(TestHooker.java:111)
	at com.kms.katalon.core.context.internal.TestHooker.lambda$3(TestHooker.java:95)
	at com.kms.katalon.core.context.internal.TestHooker.invokeContextMethods(TestHooker.java:94)
	at com.kms.katalon.core.context.internal.TestListenerCollector.lambda$3(TestListenerCollector.java:88)
	at com.kms.katalon.core.context.internal.TestListenerCollector.handleListenerEvent(TestListenerCollector.java:85)
	at com.kms.katalon.core.context.internal.ExecutionEventManager.publicEvent(ExecutionEventManager.java:36)
	at com.kms.katalon.core.main.TestCaseExecutor.execute(TestCaseExecutor.java:315)
	at com.kms.katalon.core.common.CommonExecutor.accessTestCaseMainPhase(CommonExecutor.java:65)
	at com.kms.katalon.core.main.TestSuiteExecutor.accessTestSuiteMainPhase(TestSuiteExecutor.java:148)
	at com.kms.katalon.core.main.TestSuiteExecutor.execute(TestSuiteExecutor.java:106)
	at com.kms.katalon.core.main.TestCaseMain.startTestSuite(TestCaseMain.java:180)
	at TempTestSuite1721359240774.run(TempTestSuite1721359240774.groovy:35)
	at java.base/jdk.internal.reflect.NativeMethodAccessorImpl.invoke0(Native Method)
	at java.base/jdk.internal.reflect.NativeMethodAccessorImpl.invoke(NativeMethodAccessorImpl.java:77)
	at java.base/jdk.internal.reflect.DelegatingMethodAccessorImpl.invoke(DelegatingMethodAccessorImpl.java:43)
Caused by: com.kms.katalon.core.exception.StepFailedException: No driver found
	at java.base/jdk.internal.reflect.NativeConstructorAccessorImpl.newInstance0(Native Method)
	at java.base/jdk.internal.reflect.NativeConstructorAccessorImpl.newInstance(NativeConstructorAccessorImpl.java:77)
	at java.base/jdk.internal.reflect.DelegatingConstructorAccessorImpl.newInstance(DelegatingConstructorAccessorImpl.java:45)
	at com.kms.katalon.core.mobile.keyword.internal.MobileAbstractKeyword.getAnyAppiumDriver(MobileAbstractKeyword.groovy:43)
	at java.base/jdk.internal.reflect.NativeMethodAccessorImpl.invoke0(Native Method)
	at java.base/jdk.internal.reflect.NativeMethodAccessorImpl.invoke(NativeMethodAccessorImpl.java:77)
	at java.base/jdk.internal.reflect.DelegatingMethodAccessorImpl.invoke(DelegatingMethodAccessorImpl.java:43)
	at com.kms.katalon.core.mobile.keyword.builtin.CloseApplicationKeyword$_closeApplication_closure1.doCall(CloseApplicationKeyword.groovy:38)
	at com.kms.katalon.core.mobile.keyword.builtin.CloseApplicationKeyword$_closeApplication_closure1.call(CloseApplicationKeyword.groovy)
	at com.kms.katalon.core.mobile.keyword.internal.MobileKeywordMain.runKeyword(MobileKeywordMain.groovy:19)
	... 23 more


19-07-2024T10:22:02 - [TEST_STEP][ERROR] - if (!(isAPIRunning) & !(isWebRunning)): com.kms.katalon.core.exception.StepFailedException: Unable to close app
	at com.kms.katalon.core.mobile.keyword.internal.MobileKeywordMain.stepFailed(MobileKeywordMain.groovy:38)
	at com.kms.katalon.core.mobile.keyword.internal.MobileKeywordMain.runKeyword(MobileKeywordMain.groovy:21)
	at com.kms.katalon.core.mobile.keyword.builtin.CloseApplicationKeyword.closeApplication(CloseApplicationKeyword.groovy:37)
	at com.kms.katalon.core.mobile.keyword.builtin.CloseApplicationKeyword.execute(CloseApplicationKeyword.groovy:32)
	at com.kms.katalon.core.keyword.internal.KeywordExecutor.executeKeywordForPlatform(KeywordExecutor.groovy:74)
	at com.kms.katalon.core.mobile.keyword.MobileBuiltInKeywords.closeApplication(MobileBuiltInKeywords.groovy:134)
	at BaseTest.closeApplication(BaseTest.groovy:36)
	at java.base/jdk.internal.reflect.NativeMethodAccessorImpl.invoke0(Native Method)
	at java.base/jdk.internal.reflect.NativeMethodAccessorImpl.invoke(NativeMethodAccessorImpl.java:77)
	at java.base/jdk.internal.reflect.DelegatingMethodAccessorImpl.invoke(DelegatingMethodAccessorImpl.java:43)
	at com.kms.katalon.core.context.internal.TestHooker.invokeMethod(TestHooker.java:111)
	at com.kms.katalon.core.context.internal.TestHooker.lambda$3(TestHooker.java:95)
	at com.kms.katalon.core.context.internal.TestHooker.invokeContextMethods(TestHooker.java:94)
	at com.kms.katalon.core.context.internal.TestListenerCollector.lambda$3(TestListenerCollector.java:88)
	at com.kms.katalon.core.context.internal.TestListenerCollector.handleListenerEvent(TestListenerCollector.java:85)
	at com.kms.katalon.core.context.internal.ExecutionEventManager.publicEvent(ExecutionEventManager.java:36)
	at com.kms.katalon.core.main.TestCaseExecutor.execute(TestCaseExecutor.java:315)
	at com.kms.katalon.core.common.CommonExecutor.accessTestCaseMainPhase(CommonExecutor.java:65)
	at com.kms.katalon.core.main.TestSuiteExecutor.accessTestSuiteMainPhase(TestSuiteExecutor.java:148)
	at com.kms.katalon.core.main.TestSuiteExecutor.execute(TestSuiteExecutor.java:106)
	at com.kms.katalon.core.main.TestCaseMain.startTestSuite(TestCaseMain.java:180)
	at TempTestSuite1721359240774.run(TempTestSuite1721359240774.groovy:35)
	at java.base/jdk.internal.reflect.NativeMethodAccessorImpl.invoke0(Native Method)
	at java.base/jdk.internal.reflect.NativeMethodAccessorImpl.invoke(NativeMethodAccessorImpl.java:77)
	at java.base/jdk.internal.reflect.DelegatingMethodAccessorImpl.invoke(DelegatingMethodAccessorImpl.java:43)
Caused by: com.kms.katalon.core.exception.StepFailedException: No driver found
	at java.base/jdk.internal.reflect.NativeConstructorAccessorImpl.newInstance0(Native Method)
	at java.base/jdk.internal.reflect.NativeConstructorAccessorImpl.newInstance(NativeConstructorAccessorImpl.java:77)
	at java.base/jdk.internal.reflect.DelegatingConstructorAccessorImpl.newInstance(DelegatingConstructorAccessorImpl.java:45)
	at com.kms.katalon.core.mobile.keyword.internal.MobileAbstractKeyword.getAnyAppiumDriver(MobileAbstractKeyword.groovy:43)
	at java.base/jdk.internal.reflect.NativeMethodAccessorImpl.invoke0(Native Method)
	at java.base/jdk.internal.reflect.NativeMethodAccessorImpl.invoke(NativeMethodAccessorImpl.java:77)
	at java.base/jdk.internal.reflect.DelegatingMethodAccessorImpl.invoke(DelegatingMethodAccessorImpl.java:43)
	at com.kms.katalon.core.mobile.keyword.builtin.CloseApplicationKeyword$_closeApplication_closure1.doCall(CloseApplicationKeyword.groovy:38)
	at com.kms.katalon.core.mobile.keyword.builtin.CloseApplicationKeyword$_closeApplication_closure1.call(CloseApplicationKeyword.groovy)
	at com.kms.katalon.core.mobile.keyword.internal.MobileKeywordMain.runKeyword(MobileKeywordMain.groovy:19)
	... 23 more


19-07-2024T10:22:02 - [TEST_STEP][ERROR] - closeApplication(): com.kms.katalon.core.exception.StepFailedException: Unable to close app
	at com.kms.katalon.core.mobile.keyword.internal.MobileKeywordMain.stepFailed(MobileKeywordMain.groovy:38)
	at com.kms.katalon.core.mobile.keyword.internal.MobileKeywordMain.runKeyword(MobileKeywordMain.groovy:21)
	at com.kms.katalon.core.mobile.keyword.builtin.CloseApplicationKeyword.closeApplication(CloseApplicationKeyword.groovy:37)
	at com.kms.katalon.core.mobile.keyword.builtin.CloseApplicationKeyword.execute(CloseApplicationKeyword.groovy:32)
	at com.kms.katalon.core.keyword.internal.KeywordExecutor.executeKeywordForPlatform(KeywordExecutor.groovy:74)
	at com.kms.katalon.core.mobile.keyword.MobileBuiltInKeywords.closeApplication(MobileBuiltInKeywords.groovy:134)
	at BaseTest.closeApplication(BaseTest.groovy:36)
	at java.base/jdk.internal.reflect.NativeMethodAccessorImpl.invoke0(Native Method)
	at java.base/jdk.internal.reflect.NativeMethodAccessorImpl.invoke(NativeMethodAccessorImpl.java:77)
	at java.base/jdk.internal.reflect.DelegatingMethodAccessorImpl.invoke(DelegatingMethodAccessorImpl.java:43)
	at com.kms.katalon.core.context.internal.TestHooker.invokeMethod(TestHooker.java:111)
	at com.kms.katalon.core.context.internal.TestHooker.lambda$3(TestHooker.java:95)
	at com.kms.katalon.core.context.internal.TestHooker.invokeContextMethods(TestHooker.java:94)
	at com.kms.katalon.core.context.internal.TestListenerCollector.lambda$3(TestListenerCollector.java:88)
	at com.kms.katalon.core.context.internal.TestListenerCollector.handleListenerEvent(TestListenerCollector.java:85)
	at com.kms.katalon.core.context.internal.ExecutionEventManager.publicEvent(ExecutionEventManager.java:36)
	at com.kms.katalon.core.main.TestCaseExecutor.execute(TestCaseExecutor.java:315)
	at com.kms.katalon.core.common.CommonExecutor.accessTestCaseMainPhase(CommonExecutor.java:65)
	at com.kms.katalon.core.main.TestSuiteExecutor.accessTestSuiteMainPhase(TestSuiteExecutor.java:148)
	at com.kms.katalon.core.main.TestSuiteExecutor.execute(TestSuiteExecutor.java:106)
	at com.kms.katalon.core.main.TestCaseMain.startTestSuite(TestCaseMain.java:180)
	at TempTestSuite1721359240774.run(TempTestSuite1721359240774.groovy:35)
	at java.base/jdk.internal.reflect.NativeMethodAccessorImpl.invoke0(Native Method)
	at java.base/jdk.internal.reflect.NativeMethodAccessorImpl.invoke(NativeMethodAccessorImpl.java:77)
	at java.base/jdk.internal.reflect.DelegatingMethodAccessorImpl.invoke(DelegatingMethodAccessorImpl.java:43)
Caused by: com.kms.katalon.core.exception.StepFailedException: No driver found
	at java.base/jdk.internal.reflect.NativeConstructorAccessorImpl.newInstance0(Native Method)
	at java.base/jdk.internal.reflect.NativeConstructorAccessorImpl.newInstance(NativeConstructorAccessorImpl.java:77)
	at java.base/jdk.internal.reflect.DelegatingConstructorAccessorImpl.newInstance(DelegatingConstructorAccessorImpl.java:45)
	at com.kms.katalon.core.mobile.keyword.internal.MobileAbstractKeyword.getAnyAppiumDriver(MobileAbstractKeyword.groovy:43)
	at java.base/jdk.internal.reflect.NativeMethodAccessorImpl.invoke0(Native Method)
	at java.base/jdk.internal.reflect.NativeMethodAccessorImpl.invoke(NativeMethodAccessorImpl.java:77)
	at java.base/jdk.internal.reflect.DelegatingMethodAccessorImpl.invoke(DelegatingMethodAccessorImpl.java:43)
	at com.kms.katalon.core.mobile.keyword.builtin.CloseApplicationKeyword$_closeApplication_closure1.doCall(CloseApplicationKeyword.groovy:38)
	at com.kms.katalon.core.mobile.keyword.builtin.CloseApplicationKeyword$_closeApplication_closure1.call(CloseApplicationKeyword.groovy)
	at com.kms.katalon.core.mobile.keyword.internal.MobileKeywordMain.runKeyword(MobileKeywordMain.groovy:19)
	... 23 more


19-07-2024T10:22:02 - [MESSAGE][FAILED] - Unable to close app (Root cause: com.kms.katalon.core.exception.StepFailedException: Unable to close app
	at com.kms.katalon.core.mobile.keyword.internal.MobileKeywordMain.stepFailed(MobileKeywordMain.groovy:38)
	at com.kms.katalon.core.mobile.keyword.internal.MobileKeywordMain.runKeyword(MobileKeywordMain.groovy:21)
	at com.kms.katalon.core.mobile.keyword.builtin.CloseApplicationKeyword.closeApplication(CloseApplicationKeyword.groovy:37)
	at com.kms.katalon.core.mobile.keyword.builtin.CloseApplicationKeyword.execute(CloseApplicationKeyword.groovy:32)
	at com.kms.katalon.core.keyword.internal.KeywordExecutor.executeKeywordForPlatform(KeywordExecutor.groovy:74)
	at com.kms.katalon.core.mobile.keyword.MobileBuiltInKeywords.closeApplication(MobileBuiltInKeywords.groovy:134)
	at BaseTest.closeApplication(BaseTest.groovy:36)
	at java.base/jdk.internal.reflect.NativeMethodAccessorImpl.invoke0(Native Method)
	at java.base/jdk.internal.reflect.NativeMethodAccessorImpl.invoke(NativeMethodAccessorImpl.java:77)
	at java.base/jdk.internal.reflect.DelegatingMethodAccessorImpl.invoke(DelegatingMethodAccessorImpl.java:43)
	at com.kms.katalon.core.context.internal.TestHooker.invokeMethod(TestHooker.java:111)
	at com.kms.katalon.core.context.internal.TestHooker.lambda$3(TestHooker.java:95)
	at com.kms.katalon.core.context.internal.TestHooker.invokeContextMethods(TestHooker.java:94)
	at com.kms.katalon.core.context.internal.TestListenerCollector.lambda$3(TestListenerCollector.java:88)
	at com.kms.katalon.core.context.internal.TestListenerCollector.handleListenerEvent(TestListenerCollector.java:85)
	at com.kms.katalon.core.context.internal.ExecutionEventManager.publicEvent(ExecutionEventManager.java:36)
	at com.kms.katalon.core.main.TestCaseExecutor.execute(TestCaseExecutor.java:315)
	at com.kms.katalon.core.common.CommonExecutor.accessTestCaseMainPhase(CommonExecutor.java:65)
	at com.kms.katalon.core.main.TestSuiteExecutor.accessTestSuiteMainPhase(TestSuiteExecutor.java:148)
	at com.kms.katalon.core.main.TestSuiteExecutor.execute(TestSuiteExecutor.java:106)
	at com.kms.katalon.core.main.TestCaseMain.startTestSuite(TestCaseMain.java:180)
	at TempTestSuite1721359240774.run(TempTestSuite1721359240774.groovy:35)
	at java.base/jdk.internal.reflect.NativeMethodAccessorImpl.invoke0(Native Method)
	at java.base/jdk.internal.reflect.NativeMethodAccessorImpl.invoke(NativeMethodAccessorImpl.java:77)
	at java.base/jdk.internal.reflect.DelegatingMethodAccessorImpl.invoke(DelegatingMethodAccessorImpl.java:43)
Caused by: com.kms.katalon.core.exception.StepFailedException: No driver found
	at java.base/jdk.internal.reflect.NativeConstructorAccessorImpl.newInstance0(Native Method)
	at java.base/jdk.internal.reflect.NativeConstructorAccessorImpl.newInstance(NativeConstructorAccessorImpl.java:77)
	at java.base/jdk.internal.reflect.DelegatingConstructorAccessorImpl.newInstance(DelegatingConstructorAccessorImpl.java:45)
	at com.kms.katalon.core.mobile.keyword.internal.MobileAbstractKeyword.getAnyAppiumDriver(MobileAbstractKeyword.groovy:43)
	at java.base/jdk.internal.reflect.NativeMethodAccessorImpl.invoke0(Native Method)
	at java.base/jdk.internal.reflect.NativeMethodAccessorImpl.invoke(NativeMethodAccessorImpl.java:77)
	at java.base/jdk.internal.reflect.DelegatingMethodAccessorImpl.invoke(DelegatingMethodAccessorImpl.java:43)
	at com.kms.katalon.core.mobile.keyword.builtin.CloseApplicationKeyword$_closeApplication_closure1.doCall(CloseApplicationKeyword.groovy:38)
	at com.kms.katalon.core.mobile.keyword.builtin.CloseApplicationKeyword$_closeApplication_closure1.call(CloseApplicationKeyword.groovy)
	at com.kms.katalon.core.mobile.keyword.internal.MobileKeywordMain.runKeyword(MobileKeywordMain.groovy:19)
	... 23 more
)

19-07-2024T10:22:02 - [MESSAGE][ERROR] - com.kms.katalon.core.exception.StepFailedException: Unable to close app
	at com.kms.katalon.core.mobile.keyword.internal.MobileKeywordMain.stepFailed(MobileKeywordMain.groovy:38)
	at com.kms.katalon.core.mobile.keyword.internal.MobileKeywordMain.runKeyword(MobileKeywordMain.groovy:21)
	at com.kms.katalon.core.mobile.keyword.builtin.CloseApplicationKeyword.closeApplication(CloseApplicationKeyword.groovy:37)
	at com.kms.katalon.core.mobile.keyword.builtin.CloseApplicationKeyword.execute(CloseApplicationKeyword.groovy:32)
	at com.kms.katalon.core.keyword.internal.KeywordExecutor.executeKeywordForPlatform(KeywordExecutor.groovy:74)
	at com.kms.katalon.core.mobile.keyword.MobileBuiltInKeywords.closeApplication(MobileBuiltInKeywords.groovy:134)
	at BaseTest.closeApplication(BaseTest.groovy:36)
	at java.base/jdk.internal.reflect.NativeMethodAccessorImpl.invoke0(Native Method)
	at java.base/jdk.internal.reflect.NativeMethodAccessorImpl.invoke(NativeMethodAccessorImpl.java:77)
	at java.base/jdk.internal.reflect.DelegatingMethodAccessorImpl.invoke(DelegatingMethodAccessorImpl.java:43)
	at com.kms.katalon.core.context.internal.TestHooker.invokeMethod(TestHooker.java:111)
	at com.kms.katalon.core.context.internal.TestHooker.lambda$3(TestHooker.java:95)
	at com.kms.katalon.core.context.internal.TestHooker.invokeContextMethods(TestHooker.java:94)
	at com.kms.katalon.core.context.internal.TestListenerCollector.lambda$3(TestListenerCollector.java:88)
	at com.kms.katalon.core.context.internal.TestListenerCollector.handleListenerEvent(TestListenerCollector.java:85)
	at com.kms.katalon.core.context.internal.ExecutionEventManager.publicEvent(ExecutionEventManager.java:36)
	at com.kms.katalon.core.main.TestCaseExecutor.execute(TestCaseExecutor.java:315)
	at com.kms.katalon.core.common.CommonExecutor.accessTestCaseMainPhase(CommonExecutor.java:65)
	at com.kms.katalon.core.main.TestSuiteExecutor.accessTestSuiteMainPhase(TestSuiteExecutor.java:148)
	at com.kms.katalon.core.main.TestSuiteExecutor.execute(TestSuiteExecutor.java:106)
	at com.kms.katalon.core.main.TestCaseMain.startTestSuite(TestCaseMain.java:180)
	at TempTestSuite1721359240774.run(TempTestSuite1721359240774.groovy:35)
	at java.base/jdk.internal.reflect.NativeMethodAccessorImpl.invoke0(Native Method)
	at java.base/jdk.internal.reflect.NativeMethodAccessorImpl.invoke(NativeMethodAccessorImpl.java:77)
	at java.base/jdk.internal.reflect.DelegatingMethodAccessorImpl.invoke(DelegatingMethodAccessorImpl.java:43)
Caused by: com.kms.katalon.core.exception.StepFailedException: No driver found
	at java.base/jdk.internal.reflect.NativeConstructorAccessorImpl.newInstance0(Native Method)
	at java.base/jdk.internal.reflect.NativeConstructorAccessorImpl.newInstance(NativeConstructorAccessorImpl.java:77)
	at java.base/jdk.internal.reflect.DelegatingConstructorAccessorImpl.newInstance(DelegatingConstructorAccessorImpl.java:45)
	at com.kms.katalon.core.mobile.keyword.internal.MobileAbstractKeyword.getAnyAppiumDriver(MobileAbstractKeyword.groovy:43)
	at java.base/jdk.internal.reflect.NativeMethodAccessorImpl.invoke0(Native Method)
	at java.base/jdk.internal.reflect.NativeMethodAccessorImpl.invoke(NativeMethodAccessorImpl.java:77)
	at java.base/jdk.internal.reflect.DelegatingMethodAccessorImpl.invoke(DelegatingMethodAccessorImpl.java:43)
	at com.kms.katalon.core.mobile.keyword.builtin.CloseApplicationKeyword$_closeApplication_closure1.doCall(CloseApplicationKeyword.groovy:38)
	at com.kms.katalon.core.mobile.keyword.builtin.CloseApplicationKeyword$_closeApplication_closure1.call(CloseApplicationKeyword.groovy)
	at com.kms.katalon.core.mobile.keyword.internal.MobileKeywordMain.runKeyword(MobileKeywordMain.groovy:19)
	... 23 more


19-07-2024T10:22:02 - [TEST_STEP][PASSED] - Start listener action : closeBrowser: null

19-07-2024T10:22:02 - [TEST_STEP][PASSED] - if (!(isAPIRunning) & isWebRunning): null]]></system-out>
         <system-err><![CDATA[]]></system-err>
      </testcase>
      <testcase name="Test Cases/API/Doctor Management/POST_Verify create doctor successfully" time="3.544" classname="Test Cases/API/Doctor Management/POST_Verify create doctor successfully" status="PASSED">
         <system-out><![CDATA[19-07-2024T10:22:02 - [TEST_CASE][PASSED] - Test Cases/API/Doctor Management/POST_Verify create doctor successfully: Test Cases/API/Doctor Management/POST_Verify create doctor successfully

19-07-2024T10:22:02 - [TEST_STEP][PASSED] - Start listener action : before: null

19-07-2024T10:22:02 - [TEST_STEP][PASSED] - if (isApiTestCase(testCaseContext.getTestCaseId())): null

19-07-2024T10:22:02 - [TEST_STEP][PASSED] - if (isWebTestCase(testCaseContext.getTestCaseId())): null

19-07-2024T10:22:02 - [TEST_STEP][PASSED] - Start listener action : openApplication: null

19-07-2024T10:22:02 - [TEST_STEP][PASSED] - if (!(isAPIRunning) & !(isWebRunning)): null

19-07-2024T10:22:02 - [TEST_STEP][PASSED] - Start listener action : openBrowser: null

19-07-2024T10:22:02 - [TEST_STEP][PASSED] - if (!(isAPIRunning) & isWebRunning): null

19-07-2024T10:22:02 - [TEST_STEP][PASSED] - user = withRole("Admin").getFirst(): null

19-07-2024T10:22:02 - [TEST_STEP][PASSED] - adminAccessToken = signIn(email, pwd).getAccessToken(): Send request successfully

19-07-2024T10:22:04 - [MESSAGE][INFO] - HAR: /Users/linh.phan/Automation_Katalon_QE/katalon-healthcare/Reports/20240719_102040/API/API Regression Test/20240719_102040/requests/main/49.har

19-07-2024T10:22:04 - [MESSAGE][PASSED] - Send request successfully

19-07-2024T10:22:04 - [TEST_STEP][PASSED] - email = RandomProfileGenerator).generateRandomEmail(): null

19-07-2024T10:22:04 - [TEST_STEP][PASSED] - name = RandomProfileGenerator).generateRandomName(): null

19-07-2024T10:22:04 - [TEST_STEP][PASSED] - phoneNumber = RandomProfileGenerator).generateRandomPhoneNumber(): null

19-07-2024T10:22:04 - [TEST_STEP][PASSED] - password = "P@ssw0rdAuto": null

19-07-2024T10:22:04 - [TEST_STEP][PASSED] - activated", false).hasProperty("data.id"): Verify element property value successfully

19-07-2024T10:22:06 - [MESSAGE][INFO] - HAR: /Users/linh.phan/Automation_Katalon_QE/katalon-healthcare/Reports/20240719_102040/API/API Regression Test/20240719_102040/requests/main/50.har

19-07-2024T10:22:06 - [MESSAGE][PASSED] - Send request successfully

19-07-2024T10:22:06 - [MESSAGE][PASSED] - Verify element property value successfully

19-07-2024T10:22:06 - [MESSAGE][PASSED] - Verify element property value successfully

19-07-2024T10:22:06 - [MESSAGE][PASSED] - Verify element property value successfully

19-07-2024T10:22:06 - [MESSAGE][PASSED] - Verify element property value successfully

19-07-2024T10:22:06 - [MESSAGE][PASSED] - Verify element property value successfully

19-07-2024T10:22:06 - [TEST_STEP][PASSED] - Start listener action : after: null

19-07-2024T10:22:06 - [TEST_STEP][PASSED] - isAPIRunning = false: null

19-07-2024T10:22:06 - [TEST_STEP][ERROR] - Start listener action : closeApplication: com.kms.katalon.core.exception.StepFailedException: Unable to close app
	at com.kms.katalon.core.mobile.keyword.internal.MobileKeywordMain.stepFailed(MobileKeywordMain.groovy:38)
	at com.kms.katalon.core.mobile.keyword.internal.MobileKeywordMain.runKeyword(MobileKeywordMain.groovy:21)
	at com.kms.katalon.core.mobile.keyword.builtin.CloseApplicationKeyword.closeApplication(CloseApplicationKeyword.groovy:37)
	at com.kms.katalon.core.mobile.keyword.builtin.CloseApplicationKeyword.execute(CloseApplicationKeyword.groovy:32)
	at com.kms.katalon.core.keyword.internal.KeywordExecutor.executeKeywordForPlatform(KeywordExecutor.groovy:74)
	at com.kms.katalon.core.mobile.keyword.MobileBuiltInKeywords.closeApplication(MobileBuiltInKeywords.groovy:134)
	at BaseTest.closeApplication(BaseTest.groovy:36)
	at java.base/jdk.internal.reflect.NativeMethodAccessorImpl.invoke0(Native Method)
	at java.base/jdk.internal.reflect.NativeMethodAccessorImpl.invoke(NativeMethodAccessorImpl.java:77)
	at java.base/jdk.internal.reflect.DelegatingMethodAccessorImpl.invoke(DelegatingMethodAccessorImpl.java:43)
	at com.kms.katalon.core.context.internal.TestHooker.invokeMethod(TestHooker.java:111)
	at com.kms.katalon.core.context.internal.TestHooker.lambda$3(TestHooker.java:95)
	at com.kms.katalon.core.context.internal.TestHooker.invokeContextMethods(TestHooker.java:94)
	at com.kms.katalon.core.context.internal.TestListenerCollector.lambda$3(TestListenerCollector.java:88)
	at com.kms.katalon.core.context.internal.TestListenerCollector.handleListenerEvent(TestListenerCollector.java:85)
	at com.kms.katalon.core.context.internal.ExecutionEventManager.publicEvent(ExecutionEventManager.java:36)
	at com.kms.katalon.core.main.TestCaseExecutor.execute(TestCaseExecutor.java:315)
	at com.kms.katalon.core.common.CommonExecutor.accessTestCaseMainPhase(CommonExecutor.java:65)
	at com.kms.katalon.core.main.TestSuiteExecutor.accessTestSuiteMainPhase(TestSuiteExecutor.java:148)
	at com.kms.katalon.core.main.TestSuiteExecutor.execute(TestSuiteExecutor.java:106)
	at com.kms.katalon.core.main.TestCaseMain.startTestSuite(TestCaseMain.java:180)
	at TempTestSuite1721359240774.run(TempTestSuite1721359240774.groovy:35)
	at java.base/jdk.internal.reflect.NativeMethodAccessorImpl.invoke0(Native Method)
	at java.base/jdk.internal.reflect.NativeMethodAccessorImpl.invoke(NativeMethodAccessorImpl.java:77)
	at java.base/jdk.internal.reflect.DelegatingMethodAccessorImpl.invoke(DelegatingMethodAccessorImpl.java:43)
Caused by: com.kms.katalon.core.exception.StepFailedException: No driver found
	at java.base/jdk.internal.reflect.NativeConstructorAccessorImpl.newInstance0(Native Method)
	at java.base/jdk.internal.reflect.NativeConstructorAccessorImpl.newInstance(NativeConstructorAccessorImpl.java:77)
	at java.base/jdk.internal.reflect.DelegatingConstructorAccessorImpl.newInstance(DelegatingConstructorAccessorImpl.java:45)
	at com.kms.katalon.core.mobile.keyword.internal.MobileAbstractKeyword.getAnyAppiumDriver(MobileAbstractKeyword.groovy:43)
	at java.base/jdk.internal.reflect.NativeMethodAccessorImpl.invoke0(Native Method)
	at java.base/jdk.internal.reflect.NativeMethodAccessorImpl.invoke(NativeMethodAccessorImpl.java:77)
	at java.base/jdk.internal.reflect.DelegatingMethodAccessorImpl.invoke(DelegatingMethodAccessorImpl.java:43)
	at com.kms.katalon.core.mobile.keyword.builtin.CloseApplicationKeyword$_closeApplication_closure1.doCall(CloseApplicationKeyword.groovy:38)
	at com.kms.katalon.core.mobile.keyword.builtin.CloseApplicationKeyword$_closeApplication_closure1.call(CloseApplicationKeyword.groovy)
	at com.kms.katalon.core.mobile.keyword.internal.MobileKeywordMain.runKeyword(MobileKeywordMain.groovy:19)
	... 23 more


19-07-2024T10:22:06 - [TEST_STEP][ERROR] - if (!(isAPIRunning) & !(isWebRunning)): com.kms.katalon.core.exception.StepFailedException: Unable to close app
	at com.kms.katalon.core.mobile.keyword.internal.MobileKeywordMain.stepFailed(MobileKeywordMain.groovy:38)
	at com.kms.katalon.core.mobile.keyword.internal.MobileKeywordMain.runKeyword(MobileKeywordMain.groovy:21)
	at com.kms.katalon.core.mobile.keyword.builtin.CloseApplicationKeyword.closeApplication(CloseApplicationKeyword.groovy:37)
	at com.kms.katalon.core.mobile.keyword.builtin.CloseApplicationKeyword.execute(CloseApplicationKeyword.groovy:32)
	at com.kms.katalon.core.keyword.internal.KeywordExecutor.executeKeywordForPlatform(KeywordExecutor.groovy:74)
	at com.kms.katalon.core.mobile.keyword.MobileBuiltInKeywords.closeApplication(MobileBuiltInKeywords.groovy:134)
	at BaseTest.closeApplication(BaseTest.groovy:36)
	at java.base/jdk.internal.reflect.NativeMethodAccessorImpl.invoke0(Native Method)
	at java.base/jdk.internal.reflect.NativeMethodAccessorImpl.invoke(NativeMethodAccessorImpl.java:77)
	at java.base/jdk.internal.reflect.DelegatingMethodAccessorImpl.invoke(DelegatingMethodAccessorImpl.java:43)
	at com.kms.katalon.core.context.internal.TestHooker.invokeMethod(TestHooker.java:111)
	at com.kms.katalon.core.context.internal.TestHooker.lambda$3(TestHooker.java:95)
	at com.kms.katalon.core.context.internal.TestHooker.invokeContextMethods(TestHooker.java:94)
	at com.kms.katalon.core.context.internal.TestListenerCollector.lambda$3(TestListenerCollector.java:88)
	at com.kms.katalon.core.context.internal.TestListenerCollector.handleListenerEvent(TestListenerCollector.java:85)
	at com.kms.katalon.core.context.internal.ExecutionEventManager.publicEvent(ExecutionEventManager.java:36)
	at com.kms.katalon.core.main.TestCaseExecutor.execute(TestCaseExecutor.java:315)
	at com.kms.katalon.core.common.CommonExecutor.accessTestCaseMainPhase(CommonExecutor.java:65)
	at com.kms.katalon.core.main.TestSuiteExecutor.accessTestSuiteMainPhase(TestSuiteExecutor.java:148)
	at com.kms.katalon.core.main.TestSuiteExecutor.execute(TestSuiteExecutor.java:106)
	at com.kms.katalon.core.main.TestCaseMain.startTestSuite(TestCaseMain.java:180)
	at TempTestSuite1721359240774.run(TempTestSuite1721359240774.groovy:35)
	at java.base/jdk.internal.reflect.NativeMethodAccessorImpl.invoke0(Native Method)
	at java.base/jdk.internal.reflect.NativeMethodAccessorImpl.invoke(NativeMethodAccessorImpl.java:77)
	at java.base/jdk.internal.reflect.DelegatingMethodAccessorImpl.invoke(DelegatingMethodAccessorImpl.java:43)
Caused by: com.kms.katalon.core.exception.StepFailedException: No driver found
	at java.base/jdk.internal.reflect.NativeConstructorAccessorImpl.newInstance0(Native Method)
	at java.base/jdk.internal.reflect.NativeConstructorAccessorImpl.newInstance(NativeConstructorAccessorImpl.java:77)
	at java.base/jdk.internal.reflect.DelegatingConstructorAccessorImpl.newInstance(DelegatingConstructorAccessorImpl.java:45)
	at com.kms.katalon.core.mobile.keyword.internal.MobileAbstractKeyword.getAnyAppiumDriver(MobileAbstractKeyword.groovy:43)
	at java.base/jdk.internal.reflect.NativeMethodAccessorImpl.invoke0(Native Method)
	at java.base/jdk.internal.reflect.NativeMethodAccessorImpl.invoke(NativeMethodAccessorImpl.java:77)
	at java.base/jdk.internal.reflect.DelegatingMethodAccessorImpl.invoke(DelegatingMethodAccessorImpl.java:43)
	at com.kms.katalon.core.mobile.keyword.builtin.CloseApplicationKeyword$_closeApplication_closure1.doCall(CloseApplicationKeyword.groovy:38)
	at com.kms.katalon.core.mobile.keyword.builtin.CloseApplicationKeyword$_closeApplication_closure1.call(CloseApplicationKeyword.groovy)
	at com.kms.katalon.core.mobile.keyword.internal.MobileKeywordMain.runKeyword(MobileKeywordMain.groovy:19)
	... 23 more


19-07-2024T10:22:06 - [TEST_STEP][ERROR] - closeApplication(): com.kms.katalon.core.exception.StepFailedException: Unable to close app
	at com.kms.katalon.core.mobile.keyword.internal.MobileKeywordMain.stepFailed(MobileKeywordMain.groovy:38)
	at com.kms.katalon.core.mobile.keyword.internal.MobileKeywordMain.runKeyword(MobileKeywordMain.groovy:21)
	at com.kms.katalon.core.mobile.keyword.builtin.CloseApplicationKeyword.closeApplication(CloseApplicationKeyword.groovy:37)
	at com.kms.katalon.core.mobile.keyword.builtin.CloseApplicationKeyword.execute(CloseApplicationKeyword.groovy:32)
	at com.kms.katalon.core.keyword.internal.KeywordExecutor.executeKeywordForPlatform(KeywordExecutor.groovy:74)
	at com.kms.katalon.core.mobile.keyword.MobileBuiltInKeywords.closeApplication(MobileBuiltInKeywords.groovy:134)
	at BaseTest.closeApplication(BaseTest.groovy:36)
	at java.base/jdk.internal.reflect.NativeMethodAccessorImpl.invoke0(Native Method)
	at java.base/jdk.internal.reflect.NativeMethodAccessorImpl.invoke(NativeMethodAccessorImpl.java:77)
	at java.base/jdk.internal.reflect.DelegatingMethodAccessorImpl.invoke(DelegatingMethodAccessorImpl.java:43)
	at com.kms.katalon.core.context.internal.TestHooker.invokeMethod(TestHooker.java:111)
	at com.kms.katalon.core.context.internal.TestHooker.lambda$3(TestHooker.java:95)
	at com.kms.katalon.core.context.internal.TestHooker.invokeContextMethods(TestHooker.java:94)
	at com.kms.katalon.core.context.internal.TestListenerCollector.lambda$3(TestListenerCollector.java:88)
	at com.kms.katalon.core.context.internal.TestListenerCollector.handleListenerEvent(TestListenerCollector.java:85)
	at com.kms.katalon.core.context.internal.ExecutionEventManager.publicEvent(ExecutionEventManager.java:36)
	at com.kms.katalon.core.main.TestCaseExecutor.execute(TestCaseExecutor.java:315)
	at com.kms.katalon.core.common.CommonExecutor.accessTestCaseMainPhase(CommonExecutor.java:65)
	at com.kms.katalon.core.main.TestSuiteExecutor.accessTestSuiteMainPhase(TestSuiteExecutor.java:148)
	at com.kms.katalon.core.main.TestSuiteExecutor.execute(TestSuiteExecutor.java:106)
	at com.kms.katalon.core.main.TestCaseMain.startTestSuite(TestCaseMain.java:180)
	at TempTestSuite1721359240774.run(TempTestSuite1721359240774.groovy:35)
	at java.base/jdk.internal.reflect.NativeMethodAccessorImpl.invoke0(Native Method)
	at java.base/jdk.internal.reflect.NativeMethodAccessorImpl.invoke(NativeMethodAccessorImpl.java:77)
	at java.base/jdk.internal.reflect.DelegatingMethodAccessorImpl.invoke(DelegatingMethodAccessorImpl.java:43)
Caused by: com.kms.katalon.core.exception.StepFailedException: No driver found
	at java.base/jdk.internal.reflect.NativeConstructorAccessorImpl.newInstance0(Native Method)
	at java.base/jdk.internal.reflect.NativeConstructorAccessorImpl.newInstance(NativeConstructorAccessorImpl.java:77)
	at java.base/jdk.internal.reflect.DelegatingConstructorAccessorImpl.newInstance(DelegatingConstructorAccessorImpl.java:45)
	at com.kms.katalon.core.mobile.keyword.internal.MobileAbstractKeyword.getAnyAppiumDriver(MobileAbstractKeyword.groovy:43)
	at java.base/jdk.internal.reflect.NativeMethodAccessorImpl.invoke0(Native Method)
	at java.base/jdk.internal.reflect.NativeMethodAccessorImpl.invoke(NativeMethodAccessorImpl.java:77)
	at java.base/jdk.internal.reflect.DelegatingMethodAccessorImpl.invoke(DelegatingMethodAccessorImpl.java:43)
	at com.kms.katalon.core.mobile.keyword.builtin.CloseApplicationKeyword$_closeApplication_closure1.doCall(CloseApplicationKeyword.groovy:38)
	at com.kms.katalon.core.mobile.keyword.builtin.CloseApplicationKeyword$_closeApplication_closure1.call(CloseApplicationKeyword.groovy)
	at com.kms.katalon.core.mobile.keyword.internal.MobileKeywordMain.runKeyword(MobileKeywordMain.groovy:19)
	... 23 more


19-07-2024T10:22:06 - [MESSAGE][FAILED] - Unable to close app (Root cause: com.kms.katalon.core.exception.StepFailedException: Unable to close app
	at com.kms.katalon.core.mobile.keyword.internal.MobileKeywordMain.stepFailed(MobileKeywordMain.groovy:38)
	at com.kms.katalon.core.mobile.keyword.internal.MobileKeywordMain.runKeyword(MobileKeywordMain.groovy:21)
	at com.kms.katalon.core.mobile.keyword.builtin.CloseApplicationKeyword.closeApplication(CloseApplicationKeyword.groovy:37)
	at com.kms.katalon.core.mobile.keyword.builtin.CloseApplicationKeyword.execute(CloseApplicationKeyword.groovy:32)
	at com.kms.katalon.core.keyword.internal.KeywordExecutor.executeKeywordForPlatform(KeywordExecutor.groovy:74)
	at com.kms.katalon.core.mobile.keyword.MobileBuiltInKeywords.closeApplication(MobileBuiltInKeywords.groovy:134)
	at BaseTest.closeApplication(BaseTest.groovy:36)
	at java.base/jdk.internal.reflect.NativeMethodAccessorImpl.invoke0(Native Method)
	at java.base/jdk.internal.reflect.NativeMethodAccessorImpl.invoke(NativeMethodAccessorImpl.java:77)
	at java.base/jdk.internal.reflect.DelegatingMethodAccessorImpl.invoke(DelegatingMethodAccessorImpl.java:43)
	at com.kms.katalon.core.context.internal.TestHooker.invokeMethod(TestHooker.java:111)
	at com.kms.katalon.core.context.internal.TestHooker.lambda$3(TestHooker.java:95)
	at com.kms.katalon.core.context.internal.TestHooker.invokeContextMethods(TestHooker.java:94)
	at com.kms.katalon.core.context.internal.TestListenerCollector.lambda$3(TestListenerCollector.java:88)
	at com.kms.katalon.core.context.internal.TestListenerCollector.handleListenerEvent(TestListenerCollector.java:85)
	at com.kms.katalon.core.context.internal.ExecutionEventManager.publicEvent(ExecutionEventManager.java:36)
	at com.kms.katalon.core.main.TestCaseExecutor.execute(TestCaseExecutor.java:315)
	at com.kms.katalon.core.common.CommonExecutor.accessTestCaseMainPhase(CommonExecutor.java:65)
	at com.kms.katalon.core.main.TestSuiteExecutor.accessTestSuiteMainPhase(TestSuiteExecutor.java:148)
	at com.kms.katalon.core.main.TestSuiteExecutor.execute(TestSuiteExecutor.java:106)
	at com.kms.katalon.core.main.TestCaseMain.startTestSuite(TestCaseMain.java:180)
	at TempTestSuite1721359240774.run(TempTestSuite1721359240774.groovy:35)
	at java.base/jdk.internal.reflect.NativeMethodAccessorImpl.invoke0(Native Method)
	at java.base/jdk.internal.reflect.NativeMethodAccessorImpl.invoke(NativeMethodAccessorImpl.java:77)
	at java.base/jdk.internal.reflect.DelegatingMethodAccessorImpl.invoke(DelegatingMethodAccessorImpl.java:43)
Caused by: com.kms.katalon.core.exception.StepFailedException: No driver found
	at java.base/jdk.internal.reflect.NativeConstructorAccessorImpl.newInstance0(Native Method)
	at java.base/jdk.internal.reflect.NativeConstructorAccessorImpl.newInstance(NativeConstructorAccessorImpl.java:77)
	at java.base/jdk.internal.reflect.DelegatingConstructorAccessorImpl.newInstance(DelegatingConstructorAccessorImpl.java:45)
	at com.kms.katalon.core.mobile.keyword.internal.MobileAbstractKeyword.getAnyAppiumDriver(MobileAbstractKeyword.groovy:43)
	at java.base/jdk.internal.reflect.NativeMethodAccessorImpl.invoke0(Native Method)
	at java.base/jdk.internal.reflect.NativeMethodAccessorImpl.invoke(NativeMethodAccessorImpl.java:77)
	at java.base/jdk.internal.reflect.DelegatingMethodAccessorImpl.invoke(DelegatingMethodAccessorImpl.java:43)
	at com.kms.katalon.core.mobile.keyword.builtin.CloseApplicationKeyword$_closeApplication_closure1.doCall(CloseApplicationKeyword.groovy:38)
	at com.kms.katalon.core.mobile.keyword.builtin.CloseApplicationKeyword$_closeApplication_closure1.call(CloseApplicationKeyword.groovy)
	at com.kms.katalon.core.mobile.keyword.internal.MobileKeywordMain.runKeyword(MobileKeywordMain.groovy:19)
	... 23 more
)

19-07-2024T10:22:06 - [MESSAGE][ERROR] - com.kms.katalon.core.exception.StepFailedException: Unable to close app
	at com.kms.katalon.core.mobile.keyword.internal.MobileKeywordMain.stepFailed(MobileKeywordMain.groovy:38)
	at com.kms.katalon.core.mobile.keyword.internal.MobileKeywordMain.runKeyword(MobileKeywordMain.groovy:21)
	at com.kms.katalon.core.mobile.keyword.builtin.CloseApplicationKeyword.closeApplication(CloseApplicationKeyword.groovy:37)
	at com.kms.katalon.core.mobile.keyword.builtin.CloseApplicationKeyword.execute(CloseApplicationKeyword.groovy:32)
	at com.kms.katalon.core.keyword.internal.KeywordExecutor.executeKeywordForPlatform(KeywordExecutor.groovy:74)
	at com.kms.katalon.core.mobile.keyword.MobileBuiltInKeywords.closeApplication(MobileBuiltInKeywords.groovy:134)
	at BaseTest.closeApplication(BaseTest.groovy:36)
	at java.base/jdk.internal.reflect.NativeMethodAccessorImpl.invoke0(Native Method)
	at java.base/jdk.internal.reflect.NativeMethodAccessorImpl.invoke(NativeMethodAccessorImpl.java:77)
	at java.base/jdk.internal.reflect.DelegatingMethodAccessorImpl.invoke(DelegatingMethodAccessorImpl.java:43)
	at com.kms.katalon.core.context.internal.TestHooker.invokeMethod(TestHooker.java:111)
	at com.kms.katalon.core.context.internal.TestHooker.lambda$3(TestHooker.java:95)
	at com.kms.katalon.core.context.internal.TestHooker.invokeContextMethods(TestHooker.java:94)
	at com.kms.katalon.core.context.internal.TestListenerCollector.lambda$3(TestListenerCollector.java:88)
	at com.kms.katalon.core.context.internal.TestListenerCollector.handleListenerEvent(TestListenerCollector.java:85)
	at com.kms.katalon.core.context.internal.ExecutionEventManager.publicEvent(ExecutionEventManager.java:36)
	at com.kms.katalon.core.main.TestCaseExecutor.execute(TestCaseExecutor.java:315)
	at com.kms.katalon.core.common.CommonExecutor.accessTestCaseMainPhase(CommonExecutor.java:65)
	at com.kms.katalon.core.main.TestSuiteExecutor.accessTestSuiteMainPhase(TestSuiteExecutor.java:148)
	at com.kms.katalon.core.main.TestSuiteExecutor.execute(TestSuiteExecutor.java:106)
	at com.kms.katalon.core.main.TestCaseMain.startTestSuite(TestCaseMain.java:180)
	at TempTestSuite1721359240774.run(TempTestSuite1721359240774.groovy:35)
	at java.base/jdk.internal.reflect.NativeMethodAccessorImpl.invoke0(Native Method)
	at java.base/jdk.internal.reflect.NativeMethodAccessorImpl.invoke(NativeMethodAccessorImpl.java:77)
	at java.base/jdk.internal.reflect.DelegatingMethodAccessorImpl.invoke(DelegatingMethodAccessorImpl.java:43)
Caused by: com.kms.katalon.core.exception.StepFailedException: No driver found
	at java.base/jdk.internal.reflect.NativeConstructorAccessorImpl.newInstance0(Native Method)
	at java.base/jdk.internal.reflect.NativeConstructorAccessorImpl.newInstance(NativeConstructorAccessorImpl.java:77)
	at java.base/jdk.internal.reflect.DelegatingConstructorAccessorImpl.newInstance(DelegatingConstructorAccessorImpl.java:45)
	at com.kms.katalon.core.mobile.keyword.internal.MobileAbstractKeyword.getAnyAppiumDriver(MobileAbstractKeyword.groovy:43)
	at java.base/jdk.internal.reflect.NativeMethodAccessorImpl.invoke0(Native Method)
	at java.base/jdk.internal.reflect.NativeMethodAccessorImpl.invoke(NativeMethodAccessorImpl.java:77)
	at java.base/jdk.internal.reflect.DelegatingMethodAccessorImpl.invoke(DelegatingMethodAccessorImpl.java:43)
	at com.kms.katalon.core.mobile.keyword.builtin.CloseApplicationKeyword$_closeApplication_closure1.doCall(CloseApplicationKeyword.groovy:38)
	at com.kms.katalon.core.mobile.keyword.builtin.CloseApplicationKeyword$_closeApplication_closure1.call(CloseApplicationKeyword.groovy)
	at com.kms.katalon.core.mobile.keyword.internal.MobileKeywordMain.runKeyword(MobileKeywordMain.groovy:19)
	... 23 more


19-07-2024T10:22:06 - [TEST_STEP][PASSED] - Start listener action : closeBrowser: null

19-07-2024T10:22:06 - [TEST_STEP][PASSED] - if (!(isAPIRunning) & isWebRunning): null]]></system-out>
         <system-err><![CDATA[]]></system-err>
      </testcase>
      <testcase name="Test Cases/API/Doctor Management/PUT_Verify activate doctor successfully" time="5.193" classname="Test Cases/API/Doctor Management/PUT_Verify activate doctor successfully" status="PASSED">
         <system-out><![CDATA[19-07-2024T10:22:06 - [TEST_CASE][PASSED] - Test Cases/API/Doctor Management/PUT_Verify activate doctor successfully: Test Cases/API/Doctor Management/PUT_Verify activate doctor successfully

19-07-2024T10:22:06 - [TEST_STEP][PASSED] - Start listener action : before: null

19-07-2024T10:22:06 - [TEST_STEP][PASSED] - if (isApiTestCase(testCaseContext.getTestCaseId())): null

19-07-2024T10:22:06 - [TEST_STEP][PASSED] - if (isWebTestCase(testCaseContext.getTestCaseId())): null

19-07-2024T10:22:06 - [TEST_STEP][PASSED] - Start listener action : openApplication: null

19-07-2024T10:22:06 - [TEST_STEP][PASSED] - if (!(isAPIRunning) & !(isWebRunning)): null

19-07-2024T10:22:06 - [TEST_STEP][PASSED] - Start listener action : openBrowser: null

19-07-2024T10:22:06 - [TEST_STEP][PASSED] - if (!(isAPIRunning) & isWebRunning): null

19-07-2024T10:22:06 - [TEST_STEP][PASSED] - user = withRole("Admin").getFirst(): null

19-07-2024T10:22:06 - [TEST_STEP][PASSED] - adminAccessToken = signIn(email, pwd).getAccessToken(): Send request successfully

19-07-2024T10:22:08 - [MESSAGE][INFO] - HAR: /Users/linh.phan/Automation_Katalon_QE/katalon-healthcare/Reports/20240719_102040/API/API Regression Test/20240719_102040/requests/main/51.har

19-07-2024T10:22:08 - [MESSAGE][PASSED] - Send request successfully

19-07-2024T10:22:08 - [TEST_STEP][PASSED] - email = RandomProfileGenerator).generateRandomEmail(): null

19-07-2024T10:22:08 - [TEST_STEP][PASSED] - name = RandomProfileGenerator).generateRandomName(): null

19-07-2024T10:22:08 - [TEST_STEP][PASSED] - phoneNumber = RandomProfileGenerator).generateRandomPhoneNumber(): null

19-07-2024T10:22:08 - [TEST_STEP][PASSED] - password = "P@ssw0rdAuto": null

19-07-2024T10:22:08 - [TEST_STEP][PASSED] - doctorId = id: Send request successfully

19-07-2024T10:22:10 - [MESSAGE][INFO] - HAR: /Users/linh.phan/Automation_Katalon_QE/katalon-healthcare/Reports/20240719_102040/API/API Regression Test/20240719_102040/requests/main/52.har

19-07-2024T10:22:10 - [MESSAGE][PASSED] - Send request successfully

19-07-2024T10:22:10 - [TEST_STEP][PASSED] - initRequestObject().activateDoctor(adminAccessToken, doctorId): Send request successfully

19-07-2024T10:22:11 - [MESSAGE][INFO] - HAR: /Users/linh.phan/Automation_Katalon_QE/katalon-healthcare/Reports/20240719_102040/API/API Regression Test/20240719_102040/requests/main/53.har

19-07-2024T10:22:11 - [MESSAGE][PASSED] - Send request successfully

19-07-2024T10:22:11 - [TEST_STEP][PASSED] - Start listener action : after: null

19-07-2024T10:22:11 - [TEST_STEP][PASSED] - isAPIRunning = false: null

19-07-2024T10:22:11 - [TEST_STEP][ERROR] - Start listener action : closeApplication: com.kms.katalon.core.exception.StepFailedException: Unable to close app
	at com.kms.katalon.core.mobile.keyword.internal.MobileKeywordMain.stepFailed(MobileKeywordMain.groovy:38)
	at com.kms.katalon.core.mobile.keyword.internal.MobileKeywordMain.runKeyword(MobileKeywordMain.groovy:21)
	at com.kms.katalon.core.mobile.keyword.builtin.CloseApplicationKeyword.closeApplication(CloseApplicationKeyword.groovy:37)
	at com.kms.katalon.core.mobile.keyword.builtin.CloseApplicationKeyword.execute(CloseApplicationKeyword.groovy:32)
	at com.kms.katalon.core.keyword.internal.KeywordExecutor.executeKeywordForPlatform(KeywordExecutor.groovy:74)
	at com.kms.katalon.core.mobile.keyword.MobileBuiltInKeywords.closeApplication(MobileBuiltInKeywords.groovy:134)
	at BaseTest.closeApplication(BaseTest.groovy:36)
	at java.base/jdk.internal.reflect.NativeMethodAccessorImpl.invoke0(Native Method)
	at java.base/jdk.internal.reflect.NativeMethodAccessorImpl.invoke(NativeMethodAccessorImpl.java:77)
	at java.base/jdk.internal.reflect.DelegatingMethodAccessorImpl.invoke(DelegatingMethodAccessorImpl.java:43)
	at com.kms.katalon.core.context.internal.TestHooker.invokeMethod(TestHooker.java:111)
	at com.kms.katalon.core.context.internal.TestHooker.lambda$3(TestHooker.java:95)
	at com.kms.katalon.core.context.internal.TestHooker.invokeContextMethods(TestHooker.java:94)
	at com.kms.katalon.core.context.internal.TestListenerCollector.lambda$3(TestListenerCollector.java:88)
	at com.kms.katalon.core.context.internal.TestListenerCollector.handleListenerEvent(TestListenerCollector.java:85)
	at com.kms.katalon.core.context.internal.ExecutionEventManager.publicEvent(ExecutionEventManager.java:36)
	at com.kms.katalon.core.main.TestCaseExecutor.execute(TestCaseExecutor.java:315)
	at com.kms.katalon.core.common.CommonExecutor.accessTestCaseMainPhase(CommonExecutor.java:65)
	at com.kms.katalon.core.main.TestSuiteExecutor.accessTestSuiteMainPhase(TestSuiteExecutor.java:148)
	at com.kms.katalon.core.main.TestSuiteExecutor.execute(TestSuiteExecutor.java:106)
	at com.kms.katalon.core.main.TestCaseMain.startTestSuite(TestCaseMain.java:180)
	at TempTestSuite1721359240774.run(TempTestSuite1721359240774.groovy:35)
	at java.base/jdk.internal.reflect.NativeMethodAccessorImpl.invoke0(Native Method)
	at java.base/jdk.internal.reflect.NativeMethodAccessorImpl.invoke(NativeMethodAccessorImpl.java:77)
	at java.base/jdk.internal.reflect.DelegatingMethodAccessorImpl.invoke(DelegatingMethodAccessorImpl.java:43)
Caused by: com.kms.katalon.core.exception.StepFailedException: No driver found
	at java.base/jdk.internal.reflect.NativeConstructorAccessorImpl.newInstance0(Native Method)
	at java.base/jdk.internal.reflect.NativeConstructorAccessorImpl.newInstance(NativeConstructorAccessorImpl.java:77)
	at java.base/jdk.internal.reflect.DelegatingConstructorAccessorImpl.newInstance(DelegatingConstructorAccessorImpl.java:45)
	at com.kms.katalon.core.mobile.keyword.internal.MobileAbstractKeyword.getAnyAppiumDriver(MobileAbstractKeyword.groovy:43)
	at java.base/jdk.internal.reflect.NativeMethodAccessorImpl.invoke0(Native Method)
	at java.base/jdk.internal.reflect.NativeMethodAccessorImpl.invoke(NativeMethodAccessorImpl.java:77)
	at java.base/jdk.internal.reflect.DelegatingMethodAccessorImpl.invoke(DelegatingMethodAccessorImpl.java:43)
	at com.kms.katalon.core.mobile.keyword.builtin.CloseApplicationKeyword$_closeApplication_closure1.doCall(CloseApplicationKeyword.groovy:38)
	at com.kms.katalon.core.mobile.keyword.builtin.CloseApplicationKeyword$_closeApplication_closure1.call(CloseApplicationKeyword.groovy)
	at com.kms.katalon.core.mobile.keyword.internal.MobileKeywordMain.runKeyword(MobileKeywordMain.groovy:19)
	... 23 more


19-07-2024T10:22:11 - [TEST_STEP][ERROR] - if (!(isAPIRunning) & !(isWebRunning)): com.kms.katalon.core.exception.StepFailedException: Unable to close app
	at com.kms.katalon.core.mobile.keyword.internal.MobileKeywordMain.stepFailed(MobileKeywordMain.groovy:38)
	at com.kms.katalon.core.mobile.keyword.internal.MobileKeywordMain.runKeyword(MobileKeywordMain.groovy:21)
	at com.kms.katalon.core.mobile.keyword.builtin.CloseApplicationKeyword.closeApplication(CloseApplicationKeyword.groovy:37)
	at com.kms.katalon.core.mobile.keyword.builtin.CloseApplicationKeyword.execute(CloseApplicationKeyword.groovy:32)
	at com.kms.katalon.core.keyword.internal.KeywordExecutor.executeKeywordForPlatform(KeywordExecutor.groovy:74)
	at com.kms.katalon.core.mobile.keyword.MobileBuiltInKeywords.closeApplication(MobileBuiltInKeywords.groovy:134)
	at BaseTest.closeApplication(BaseTest.groovy:36)
	at java.base/jdk.internal.reflect.NativeMethodAccessorImpl.invoke0(Native Method)
	at java.base/jdk.internal.reflect.NativeMethodAccessorImpl.invoke(NativeMethodAccessorImpl.java:77)
	at java.base/jdk.internal.reflect.DelegatingMethodAccessorImpl.invoke(DelegatingMethodAccessorImpl.java:43)
	at com.kms.katalon.core.context.internal.TestHooker.invokeMethod(TestHooker.java:111)
	at com.kms.katalon.core.context.internal.TestHooker.lambda$3(TestHooker.java:95)
	at com.kms.katalon.core.context.internal.TestHooker.invokeContextMethods(TestHooker.java:94)
	at com.kms.katalon.core.context.internal.TestListenerCollector.lambda$3(TestListenerCollector.java:88)
	at com.kms.katalon.core.context.internal.TestListenerCollector.handleListenerEvent(TestListenerCollector.java:85)
	at com.kms.katalon.core.context.internal.ExecutionEventManager.publicEvent(ExecutionEventManager.java:36)
	at com.kms.katalon.core.main.TestCaseExecutor.execute(TestCaseExecutor.java:315)
	at com.kms.katalon.core.common.CommonExecutor.accessTestCaseMainPhase(CommonExecutor.java:65)
	at com.kms.katalon.core.main.TestSuiteExecutor.accessTestSuiteMainPhase(TestSuiteExecutor.java:148)
	at com.kms.katalon.core.main.TestSuiteExecutor.execute(TestSuiteExecutor.java:106)
	at com.kms.katalon.core.main.TestCaseMain.startTestSuite(TestCaseMain.java:180)
	at TempTestSuite1721359240774.run(TempTestSuite1721359240774.groovy:35)
	at java.base/jdk.internal.reflect.NativeMethodAccessorImpl.invoke0(Native Method)
	at java.base/jdk.internal.reflect.NativeMethodAccessorImpl.invoke(NativeMethodAccessorImpl.java:77)
	at java.base/jdk.internal.reflect.DelegatingMethodAccessorImpl.invoke(DelegatingMethodAccessorImpl.java:43)
Caused by: com.kms.katalon.core.exception.StepFailedException: No driver found
	at java.base/jdk.internal.reflect.NativeConstructorAccessorImpl.newInstance0(Native Method)
	at java.base/jdk.internal.reflect.NativeConstructorAccessorImpl.newInstance(NativeConstructorAccessorImpl.java:77)
	at java.base/jdk.internal.reflect.DelegatingConstructorAccessorImpl.newInstance(DelegatingConstructorAccessorImpl.java:45)
	at com.kms.katalon.core.mobile.keyword.internal.MobileAbstractKeyword.getAnyAppiumDriver(MobileAbstractKeyword.groovy:43)
	at java.base/jdk.internal.reflect.NativeMethodAccessorImpl.invoke0(Native Method)
	at java.base/jdk.internal.reflect.NativeMethodAccessorImpl.invoke(NativeMethodAccessorImpl.java:77)
	at java.base/jdk.internal.reflect.DelegatingMethodAccessorImpl.invoke(DelegatingMethodAccessorImpl.java:43)
	at com.kms.katalon.core.mobile.keyword.builtin.CloseApplicationKeyword$_closeApplication_closure1.doCall(CloseApplicationKeyword.groovy:38)
	at com.kms.katalon.core.mobile.keyword.builtin.CloseApplicationKeyword$_closeApplication_closure1.call(CloseApplicationKeyword.groovy)
	at com.kms.katalon.core.mobile.keyword.internal.MobileKeywordMain.runKeyword(MobileKeywordMain.groovy:19)
	... 23 more


19-07-2024T10:22:11 - [TEST_STEP][ERROR] - closeApplication(): com.kms.katalon.core.exception.StepFailedException: Unable to close app
	at com.kms.katalon.core.mobile.keyword.internal.MobileKeywordMain.stepFailed(MobileKeywordMain.groovy:38)
	at com.kms.katalon.core.mobile.keyword.internal.MobileKeywordMain.runKeyword(MobileKeywordMain.groovy:21)
	at com.kms.katalon.core.mobile.keyword.builtin.CloseApplicationKeyword.closeApplication(CloseApplicationKeyword.groovy:37)
	at com.kms.katalon.core.mobile.keyword.builtin.CloseApplicationKeyword.execute(CloseApplicationKeyword.groovy:32)
	at com.kms.katalon.core.keyword.internal.KeywordExecutor.executeKeywordForPlatform(KeywordExecutor.groovy:74)
	at com.kms.katalon.core.mobile.keyword.MobileBuiltInKeywords.closeApplication(MobileBuiltInKeywords.groovy:134)
	at BaseTest.closeApplication(BaseTest.groovy:36)
	at java.base/jdk.internal.reflect.NativeMethodAccessorImpl.invoke0(Native Method)
	at java.base/jdk.internal.reflect.NativeMethodAccessorImpl.invoke(NativeMethodAccessorImpl.java:77)
	at java.base/jdk.internal.reflect.DelegatingMethodAccessorImpl.invoke(DelegatingMethodAccessorImpl.java:43)
	at com.kms.katalon.core.context.internal.TestHooker.invokeMethod(TestHooker.java:111)
	at com.kms.katalon.core.context.internal.TestHooker.lambda$3(TestHooker.java:95)
	at com.kms.katalon.core.context.internal.TestHooker.invokeContextMethods(TestHooker.java:94)
	at com.kms.katalon.core.context.internal.TestListenerCollector.lambda$3(TestListenerCollector.java:88)
	at com.kms.katalon.core.context.internal.TestListenerCollector.handleListenerEvent(TestListenerCollector.java:85)
	at com.kms.katalon.core.context.internal.ExecutionEventManager.publicEvent(ExecutionEventManager.java:36)
	at com.kms.katalon.core.main.TestCaseExecutor.execute(TestCaseExecutor.java:315)
	at com.kms.katalon.core.common.CommonExecutor.accessTestCaseMainPhase(CommonExecutor.java:65)
	at com.kms.katalon.core.main.TestSuiteExecutor.accessTestSuiteMainPhase(TestSuiteExecutor.java:148)
	at com.kms.katalon.core.main.TestSuiteExecutor.execute(TestSuiteExecutor.java:106)
	at com.kms.katalon.core.main.TestCaseMain.startTestSuite(TestCaseMain.java:180)
	at TempTestSuite1721359240774.run(TempTestSuite1721359240774.groovy:35)
	at java.base/jdk.internal.reflect.NativeMethodAccessorImpl.invoke0(Native Method)
	at java.base/jdk.internal.reflect.NativeMethodAccessorImpl.invoke(NativeMethodAccessorImpl.java:77)
	at java.base/jdk.internal.reflect.DelegatingMethodAccessorImpl.invoke(DelegatingMethodAccessorImpl.java:43)
Caused by: com.kms.katalon.core.exception.StepFailedException: No driver found
	at java.base/jdk.internal.reflect.NativeConstructorAccessorImpl.newInstance0(Native Method)
	at java.base/jdk.internal.reflect.NativeConstructorAccessorImpl.newInstance(NativeConstructorAccessorImpl.java:77)
	at java.base/jdk.internal.reflect.DelegatingConstructorAccessorImpl.newInstance(DelegatingConstructorAccessorImpl.java:45)
	at com.kms.katalon.core.mobile.keyword.internal.MobileAbstractKeyword.getAnyAppiumDriver(MobileAbstractKeyword.groovy:43)
	at java.base/jdk.internal.reflect.NativeMethodAccessorImpl.invoke0(Native Method)
	at java.base/jdk.internal.reflect.NativeMethodAccessorImpl.invoke(NativeMethodAccessorImpl.java:77)
	at java.base/jdk.internal.reflect.DelegatingMethodAccessorImpl.invoke(DelegatingMethodAccessorImpl.java:43)
	at com.kms.katalon.core.mobile.keyword.builtin.CloseApplicationKeyword$_closeApplication_closure1.doCall(CloseApplicationKeyword.groovy:38)
	at com.kms.katalon.core.mobile.keyword.builtin.CloseApplicationKeyword$_closeApplication_closure1.call(CloseApplicationKeyword.groovy)
	at com.kms.katalon.core.mobile.keyword.internal.MobileKeywordMain.runKeyword(MobileKeywordMain.groovy:19)
	... 23 more


19-07-2024T10:22:11 - [MESSAGE][FAILED] - Unable to close app (Root cause: com.kms.katalon.core.exception.StepFailedException: Unable to close app
	at com.kms.katalon.core.mobile.keyword.internal.MobileKeywordMain.stepFailed(MobileKeywordMain.groovy:38)
	at com.kms.katalon.core.mobile.keyword.internal.MobileKeywordMain.runKeyword(MobileKeywordMain.groovy:21)
	at com.kms.katalon.core.mobile.keyword.builtin.CloseApplicationKeyword.closeApplication(CloseApplicationKeyword.groovy:37)
	at com.kms.katalon.core.mobile.keyword.builtin.CloseApplicationKeyword.execute(CloseApplicationKeyword.groovy:32)
	at com.kms.katalon.core.keyword.internal.KeywordExecutor.executeKeywordForPlatform(KeywordExecutor.groovy:74)
	at com.kms.katalon.core.mobile.keyword.MobileBuiltInKeywords.closeApplication(MobileBuiltInKeywords.groovy:134)
	at BaseTest.closeApplication(BaseTest.groovy:36)
	at java.base/jdk.internal.reflect.NativeMethodAccessorImpl.invoke0(Native Method)
	at java.base/jdk.internal.reflect.NativeMethodAccessorImpl.invoke(NativeMethodAccessorImpl.java:77)
	at java.base/jdk.internal.reflect.DelegatingMethodAccessorImpl.invoke(DelegatingMethodAccessorImpl.java:43)
	at com.kms.katalon.core.context.internal.TestHooker.invokeMethod(TestHooker.java:111)
	at com.kms.katalon.core.context.internal.TestHooker.lambda$3(TestHooker.java:95)
	at com.kms.katalon.core.context.internal.TestHooker.invokeContextMethods(TestHooker.java:94)
	at com.kms.katalon.core.context.internal.TestListenerCollector.lambda$3(TestListenerCollector.java:88)
	at com.kms.katalon.core.context.internal.TestListenerCollector.handleListenerEvent(TestListenerCollector.java:85)
	at com.kms.katalon.core.context.internal.ExecutionEventManager.publicEvent(ExecutionEventManager.java:36)
	at com.kms.katalon.core.main.TestCaseExecutor.execute(TestCaseExecutor.java:315)
	at com.kms.katalon.core.common.CommonExecutor.accessTestCaseMainPhase(CommonExecutor.java:65)
	at com.kms.katalon.core.main.TestSuiteExecutor.accessTestSuiteMainPhase(TestSuiteExecutor.java:148)
	at com.kms.katalon.core.main.TestSuiteExecutor.execute(TestSuiteExecutor.java:106)
	at com.kms.katalon.core.main.TestCaseMain.startTestSuite(TestCaseMain.java:180)
	at TempTestSuite1721359240774.run(TempTestSuite1721359240774.groovy:35)
	at java.base/jdk.internal.reflect.NativeMethodAccessorImpl.invoke0(Native Method)
	at java.base/jdk.internal.reflect.NativeMethodAccessorImpl.invoke(NativeMethodAccessorImpl.java:77)
	at java.base/jdk.internal.reflect.DelegatingMethodAccessorImpl.invoke(DelegatingMethodAccessorImpl.java:43)
Caused by: com.kms.katalon.core.exception.StepFailedException: No driver found
	at java.base/jdk.internal.reflect.NativeConstructorAccessorImpl.newInstance0(Native Method)
	at java.base/jdk.internal.reflect.NativeConstructorAccessorImpl.newInstance(NativeConstructorAccessorImpl.java:77)
	at java.base/jdk.internal.reflect.DelegatingConstructorAccessorImpl.newInstance(DelegatingConstructorAccessorImpl.java:45)
	at com.kms.katalon.core.mobile.keyword.internal.MobileAbstractKeyword.getAnyAppiumDriver(MobileAbstractKeyword.groovy:43)
	at java.base/jdk.internal.reflect.NativeMethodAccessorImpl.invoke0(Native Method)
	at java.base/jdk.internal.reflect.NativeMethodAccessorImpl.invoke(NativeMethodAccessorImpl.java:77)
	at java.base/jdk.internal.reflect.DelegatingMethodAccessorImpl.invoke(DelegatingMethodAccessorImpl.java:43)
	at com.kms.katalon.core.mobile.keyword.builtin.CloseApplicationKeyword$_closeApplication_closure1.doCall(CloseApplicationKeyword.groovy:38)
	at com.kms.katalon.core.mobile.keyword.builtin.CloseApplicationKeyword$_closeApplication_closure1.call(CloseApplicationKeyword.groovy)
	at com.kms.katalon.core.mobile.keyword.internal.MobileKeywordMain.runKeyword(MobileKeywordMain.groovy:19)
	... 23 more
)

19-07-2024T10:22:11 - [MESSAGE][ERROR] - com.kms.katalon.core.exception.StepFailedException: Unable to close app
	at com.kms.katalon.core.mobile.keyword.internal.MobileKeywordMain.stepFailed(MobileKeywordMain.groovy:38)
	at com.kms.katalon.core.mobile.keyword.internal.MobileKeywordMain.runKeyword(MobileKeywordMain.groovy:21)
	at com.kms.katalon.core.mobile.keyword.builtin.CloseApplicationKeyword.closeApplication(CloseApplicationKeyword.groovy:37)
	at com.kms.katalon.core.mobile.keyword.builtin.CloseApplicationKeyword.execute(CloseApplicationKeyword.groovy:32)
	at com.kms.katalon.core.keyword.internal.KeywordExecutor.executeKeywordForPlatform(KeywordExecutor.groovy:74)
	at com.kms.katalon.core.mobile.keyword.MobileBuiltInKeywords.closeApplication(MobileBuiltInKeywords.groovy:134)
	at BaseTest.closeApplication(BaseTest.groovy:36)
	at java.base/jdk.internal.reflect.NativeMethodAccessorImpl.invoke0(Native Method)
	at java.base/jdk.internal.reflect.NativeMethodAccessorImpl.invoke(NativeMethodAccessorImpl.java:77)
	at java.base/jdk.internal.reflect.DelegatingMethodAccessorImpl.invoke(DelegatingMethodAccessorImpl.java:43)
	at com.kms.katalon.core.context.internal.TestHooker.invokeMethod(TestHooker.java:111)
	at com.kms.katalon.core.context.internal.TestHooker.lambda$3(TestHooker.java:95)
	at com.kms.katalon.core.context.internal.TestHooker.invokeContextMethods(TestHooker.java:94)
	at com.kms.katalon.core.context.internal.TestListenerCollector.lambda$3(TestListenerCollector.java:88)
	at com.kms.katalon.core.context.internal.TestListenerCollector.handleListenerEvent(TestListenerCollector.java:85)
	at com.kms.katalon.core.context.internal.ExecutionEventManager.publicEvent(ExecutionEventManager.java:36)
	at com.kms.katalon.core.main.TestCaseExecutor.execute(TestCaseExecutor.java:315)
	at com.kms.katalon.core.common.CommonExecutor.accessTestCaseMainPhase(CommonExecutor.java:65)
	at com.kms.katalon.core.main.TestSuiteExecutor.accessTestSuiteMainPhase(TestSuiteExecutor.java:148)
	at com.kms.katalon.core.main.TestSuiteExecutor.execute(TestSuiteExecutor.java:106)
	at com.kms.katalon.core.main.TestCaseMain.startTestSuite(TestCaseMain.java:180)
	at TempTestSuite1721359240774.run(TempTestSuite1721359240774.groovy:35)
	at java.base/jdk.internal.reflect.NativeMethodAccessorImpl.invoke0(Native Method)
	at java.base/jdk.internal.reflect.NativeMethodAccessorImpl.invoke(NativeMethodAccessorImpl.java:77)
	at java.base/jdk.internal.reflect.DelegatingMethodAccessorImpl.invoke(DelegatingMethodAccessorImpl.java:43)
Caused by: com.kms.katalon.core.exception.StepFailedException: No driver found
	at java.base/jdk.internal.reflect.NativeConstructorAccessorImpl.newInstance0(Native Method)
	at java.base/jdk.internal.reflect.NativeConstructorAccessorImpl.newInstance(NativeConstructorAccessorImpl.java:77)
	at java.base/jdk.internal.reflect.DelegatingConstructorAccessorImpl.newInstance(DelegatingConstructorAccessorImpl.java:45)
	at com.kms.katalon.core.mobile.keyword.internal.MobileAbstractKeyword.getAnyAppiumDriver(MobileAbstractKeyword.groovy:43)
	at java.base/jdk.internal.reflect.NativeMethodAccessorImpl.invoke0(Native Method)
	at java.base/jdk.internal.reflect.NativeMethodAccessorImpl.invoke(NativeMethodAccessorImpl.java:77)
	at java.base/jdk.internal.reflect.DelegatingMethodAccessorImpl.invoke(DelegatingMethodAccessorImpl.java:43)
	at com.kms.katalon.core.mobile.keyword.builtin.CloseApplicationKeyword$_closeApplication_closure1.doCall(CloseApplicationKeyword.groovy:38)
	at com.kms.katalon.core.mobile.keyword.builtin.CloseApplicationKeyword$_closeApplication_closure1.call(CloseApplicationKeyword.groovy)
	at com.kms.katalon.core.mobile.keyword.internal.MobileKeywordMain.runKeyword(MobileKeywordMain.groovy:19)
	... 23 more


19-07-2024T10:22:11 - [TEST_STEP][PASSED] - Start listener action : closeBrowser: null

19-07-2024T10:22:11 - [TEST_STEP][PASSED] - if (!(isAPIRunning) & isWebRunning): null]]></system-out>
         <system-err><![CDATA[]]></system-err>
      </testcase>
      <testcase name="Test Cases/API/Request Review/PUT_Verify approve request successfully" time="10.86" classname="Test Cases/API/Request Review/PUT_Verify approve request successfully" status="PASSED">
         <system-out><![CDATA[19-07-2024T10:22:11 - [TEST_CASE][PASSED] - Test Cases/API/Request Review/PUT_Verify approve request successfully: Test Cases/API/Request Review/PUT_Verify approve request successfully

19-07-2024T10:22:11 - [TEST_STEP][PASSED] - Start listener action : before: null

19-07-2024T10:22:11 - [TEST_STEP][PASSED] - if (isApiTestCase(testCaseContext.getTestCaseId())): null

19-07-2024T10:22:11 - [TEST_STEP][PASSED] - if (isWebTestCase(testCaseContext.getTestCaseId())): null

19-07-2024T10:22:11 - [TEST_STEP][PASSED] - Start listener action : openApplication: null

19-07-2024T10:22:11 - [TEST_STEP][PASSED] - if (!(isAPIRunning) & !(isWebRunning)): null

19-07-2024T10:22:11 - [TEST_STEP][PASSED] - Start listener action : openBrowser: null

19-07-2024T10:22:11 - [TEST_STEP][PASSED] - if (!(isAPIRunning) & isWebRunning): null

19-07-2024T10:22:11 - [TEST_STEP][PASSED] - user = withRole("Doctor").getFirst(): null

19-07-2024T10:22:11 - [TEST_STEP][PASSED] - doctorToken = signIn(email, pwd).getAccessToken(): Send request successfully

19-07-2024T10:22:13 - [MESSAGE][INFO] - HAR: /Users/linh.phan/Automation_Katalon_QE/katalon-healthcare/Reports/20240719_102040/API/API Regression Test/20240719_102040/requests/main/54.har

19-07-2024T10:22:13 - [MESSAGE][PASSED] - Send request successfully

19-07-2024T10:22:13 - [TEST_STEP][PASSED] - medicineId = getAllMedicines(doctorToken).getRandomMedicine()["medicineUUID"]: Send request successfully

19-07-2024T10:22:14 - [MESSAGE][INFO] - HAR: /Users/linh.phan/Automation_Katalon_QE/katalon-healthcare/Reports/20240719_102040/API/API Regression Test/20240719_102040/requests/main/55.har

19-07-2024T10:22:14 - [MESSAGE][PASSED] - Send request successfully

19-07-2024T10:22:14 - [TEST_STEP][PASSED] - medicineInfo = MedicineUtil).generateRandomInformationForUpdate(): null

19-07-2024T10:22:14 - [TEST_STEP][PASSED] - payLoad = APIUtil).constructPayLoadFromMap(medicineInfo): null

19-07-2024T10:22:14 - [TEST_STEP][PASSED] - requestId = id: Verify response status code successfully

19-07-2024T10:22:15 - [MESSAGE][INFO] - HAR: /Users/linh.phan/Automation_Katalon_QE/katalon-healthcare/Reports/20240719_102040/API/API Regression Test/20240719_102040/requests/main/56.har

19-07-2024T10:22:15 - [MESSAGE][PASSED] - Send request successfully

19-07-2024T10:22:15 - [MESSAGE][PASSED] - Verify response status code successfully

19-07-2024T10:22:15 - [TEST_STEP][PASSED] - user = withRole("Admin").getFirst(): null

19-07-2024T10:22:15 - [TEST_STEP][PASSED] - adminToken = signIn(email, pwd).getAccessToken(): Send request successfully

19-07-2024T10:22:17 - [MESSAGE][INFO] - HAR: /Users/linh.phan/Automation_Katalon_QE/katalon-healthcare/Reports/20240719_102040/API/API Regression Test/20240719_102040/requests/main/57.har

19-07-2024T10:22:17 - [MESSAGE][PASSED] - Send request successfully

19-07-2024T10:22:17 - [TEST_STEP][PASSED] - verifyStatusCode(200).verifyPropertyValue("message", "Review sent successfully"): Verify element property value successfully

19-07-2024T10:22:18 - [MESSAGE][INFO] - HAR: /Users/linh.phan/Automation_Katalon_QE/katalon-healthcare/Reports/20240719_102040/API/API Regression Test/20240719_102040/requests/main/58.har

19-07-2024T10:22:18 - [MESSAGE][PASSED] - Send request successfully

19-07-2024T10:22:18 - [MESSAGE][PASSED] - Verify response status code successfully

19-07-2024T10:22:18 - [MESSAGE][PASSED] - Verify element property value successfully

19-07-2024T10:22:18 - [TEST_STEP][PASSED] - getAllMedicineRequests(adminToken).verifyRequestStatus(requestId, "APPROVED"): Send request successfully

19-07-2024T10:22:19 - [MESSAGE][INFO] - HAR: /Users/linh.phan/Automation_Katalon_QE/katalon-healthcare/Reports/20240719_102040/API/API Regression Test/20240719_102040/requests/main/59.har

19-07-2024T10:22:19 - [MESSAGE][PASSED] - Send request successfully

19-07-2024T10:22:19 - [TEST_STEP][PASSED] - response = initRequestObject().getMedicineDetails(adminToken, medicineId): Send request successfully

19-07-2024T10:22:21 - [MESSAGE][INFO] - HAR: /Users/linh.phan/Automation_Katalon_QE/katalon-healthcare/Reports/20240719_102040/API/API Regression Test/20240719_102040/requests/main/60.har

19-07-2024T10:22:21 - [MESSAGE][PASSED] - Send request successfully

19-07-2024T10:22:21 - [TEST_STEP][PASSED] - apiMedicine = response.parseResponseBodyToJsonObject(): null

19-07-2024T10:22:21 - [TEST_STEP][PASSED] - MedicinesService).verifyCorrectMedicine(apiMedicine, medicineInfo): Actual object 'HZfXaA Qu rwbrl ' and expected object 'HZfXaA Qu rwbrl ' are equal

19-07-2024T10:22:21 - [MESSAGE][PASSED] - Actual object 'ZDQsHfD Y QJRiUWn Ysq DAZ MuqWGh Q aPArlic EGdgqL JXyYds l aKcb PC PK hCuSC mGCW ' and expected object 'ZDQsHfD Y QJRiUWn Ysq DAZ MuqWGh Q aPArlic EGdgqL JXyYds l aKcb PC PK hCuSC mGCW ' are equal

19-07-2024T10:22:21 - [MESSAGE][PASSED] - Actual object 'eOqtHg mZPWx NAo zcOpJ egc qAldjn MQRxpm MtsC XRc z QnElOyQ fCtASfk FJirp MAzIZey bXbljb PoljiZE dPcOra NYcsj wdN ' and expected object 'eOqtHg mZPWx NAo zcOpJ egc qAldjn MQRxpm MtsC XRc z QnElOyQ fCtASfk FJirp MAzIZey bXbljb PoljiZE dPcOra NYcsj wdN ' are equal

19-07-2024T10:22:21 - [MESSAGE][PASSED] - Actual object 'KZksN Zuwt FBCxK ' and expected object 'KZksN Zuwt FBCxK ' are equal

19-07-2024T10:22:21 - [MESSAGE][PASSED] - Actual object 'BE ECm MjyPEYZ zQdd rPJ w LCX fxMy ' and expected object 'BE ECm MjyPEYZ zQdd rPJ w LCX fxMy ' are equal

19-07-2024T10:22:21 - [MESSAGE][PASSED] - Actual object 'HZfXaA Qu rwbrl ' and expected object 'HZfXaA Qu rwbrl ' are equal

19-07-2024T10:22:21 - [TEST_STEP][PASSED] - initRequestObject().deleteMedicine(adminToken, medicineId): Send request successfully

19-07-2024T10:22:22 - [MESSAGE][INFO] - HAR: /Users/linh.phan/Automation_Katalon_QE/katalon-healthcare/Reports/20240719_102040/API/API Regression Test/20240719_102040/requests/main/61.har

19-07-2024T10:22:22 - [MESSAGE][PASSED] - Send request successfully

19-07-2024T10:22:22 - [TEST_STEP][PASSED] - Start listener action : after: null

19-07-2024T10:22:22 - [TEST_STEP][PASSED] - isAPIRunning = false: null

19-07-2024T10:22:22 - [TEST_STEP][ERROR] - Start listener action : closeApplication: com.kms.katalon.core.exception.StepFailedException: Unable to close app
	at com.kms.katalon.core.mobile.keyword.internal.MobileKeywordMain.stepFailed(MobileKeywordMain.groovy:38)
	at com.kms.katalon.core.mobile.keyword.internal.MobileKeywordMain.runKeyword(MobileKeywordMain.groovy:21)
	at com.kms.katalon.core.mobile.keyword.builtin.CloseApplicationKeyword.closeApplication(CloseApplicationKeyword.groovy:37)
	at com.kms.katalon.core.mobile.keyword.builtin.CloseApplicationKeyword.execute(CloseApplicationKeyword.groovy:32)
	at com.kms.katalon.core.keyword.internal.KeywordExecutor.executeKeywordForPlatform(KeywordExecutor.groovy:74)
	at com.kms.katalon.core.mobile.keyword.MobileBuiltInKeywords.closeApplication(MobileBuiltInKeywords.groovy:134)
	at BaseTest.closeApplication(BaseTest.groovy:36)
	at java.base/jdk.internal.reflect.NativeMethodAccessorImpl.invoke0(Native Method)
	at java.base/jdk.internal.reflect.NativeMethodAccessorImpl.invoke(NativeMethodAccessorImpl.java:77)
	at java.base/jdk.internal.reflect.DelegatingMethodAccessorImpl.invoke(DelegatingMethodAccessorImpl.java:43)
	at com.kms.katalon.core.context.internal.TestHooker.invokeMethod(TestHooker.java:111)
	at com.kms.katalon.core.context.internal.TestHooker.lambda$3(TestHooker.java:95)
	at com.kms.katalon.core.context.internal.TestHooker.invokeContextMethods(TestHooker.java:94)
	at com.kms.katalon.core.context.internal.TestListenerCollector.lambda$3(TestListenerCollector.java:88)
	at com.kms.katalon.core.context.internal.TestListenerCollector.handleListenerEvent(TestListenerCollector.java:85)
	at com.kms.katalon.core.context.internal.ExecutionEventManager.publicEvent(ExecutionEventManager.java:36)
	at com.kms.katalon.core.main.TestCaseExecutor.execute(TestCaseExecutor.java:315)
	at com.kms.katalon.core.common.CommonExecutor.accessTestCaseMainPhase(CommonExecutor.java:65)
	at com.kms.katalon.core.main.TestSuiteExecutor.accessTestSuiteMainPhase(TestSuiteExecutor.java:148)
	at com.kms.katalon.core.main.TestSuiteExecutor.execute(TestSuiteExecutor.java:106)
	at com.kms.katalon.core.main.TestCaseMain.startTestSuite(TestCaseMain.java:180)
	at TempTestSuite1721359240774.run(TempTestSuite1721359240774.groovy:35)
	at java.base/jdk.internal.reflect.NativeMethodAccessorImpl.invoke0(Native Method)
	at java.base/jdk.internal.reflect.NativeMethodAccessorImpl.invoke(NativeMethodAccessorImpl.java:77)
	at java.base/jdk.internal.reflect.DelegatingMethodAccessorImpl.invoke(DelegatingMethodAccessorImpl.java:43)
Caused by: com.kms.katalon.core.exception.StepFailedException: No driver found
	at java.base/jdk.internal.reflect.NativeConstructorAccessorImpl.newInstance0(Native Method)
	at java.base/jdk.internal.reflect.NativeConstructorAccessorImpl.newInstance(NativeConstructorAccessorImpl.java:77)
	at java.base/jdk.internal.reflect.DelegatingConstructorAccessorImpl.newInstance(DelegatingConstructorAccessorImpl.java:45)
	at com.kms.katalon.core.mobile.keyword.internal.MobileAbstractKeyword.getAnyAppiumDriver(MobileAbstractKeyword.groovy:43)
	at java.base/jdk.internal.reflect.NativeMethodAccessorImpl.invoke0(Native Method)
	at java.base/jdk.internal.reflect.NativeMethodAccessorImpl.invoke(NativeMethodAccessorImpl.java:77)
	at java.base/jdk.internal.reflect.DelegatingMethodAccessorImpl.invoke(DelegatingMethodAccessorImpl.java:43)
	at com.kms.katalon.core.mobile.keyword.builtin.CloseApplicationKeyword$_closeApplication_closure1.doCall(CloseApplicationKeyword.groovy:38)
	at com.kms.katalon.core.mobile.keyword.builtin.CloseApplicationKeyword$_closeApplication_closure1.call(CloseApplicationKeyword.groovy)
	at com.kms.katalon.core.mobile.keyword.internal.MobileKeywordMain.runKeyword(MobileKeywordMain.groovy:19)
	... 23 more


19-07-2024T10:22:22 - [TEST_STEP][ERROR] - if (!(isAPIRunning) & !(isWebRunning)): com.kms.katalon.core.exception.StepFailedException: Unable to close app
	at com.kms.katalon.core.mobile.keyword.internal.MobileKeywordMain.stepFailed(MobileKeywordMain.groovy:38)
	at com.kms.katalon.core.mobile.keyword.internal.MobileKeywordMain.runKeyword(MobileKeywordMain.groovy:21)
	at com.kms.katalon.core.mobile.keyword.builtin.CloseApplicationKeyword.closeApplication(CloseApplicationKeyword.groovy:37)
	at com.kms.katalon.core.mobile.keyword.builtin.CloseApplicationKeyword.execute(CloseApplicationKeyword.groovy:32)
	at com.kms.katalon.core.keyword.internal.KeywordExecutor.executeKeywordForPlatform(KeywordExecutor.groovy:74)
	at com.kms.katalon.core.mobile.keyword.MobileBuiltInKeywords.closeApplication(MobileBuiltInKeywords.groovy:134)
	at BaseTest.closeApplication(BaseTest.groovy:36)
	at java.base/jdk.internal.reflect.NativeMethodAccessorImpl.invoke0(Native Method)
	at java.base/jdk.internal.reflect.NativeMethodAccessorImpl.invoke(NativeMethodAccessorImpl.java:77)
	at java.base/jdk.internal.reflect.DelegatingMethodAccessorImpl.invoke(DelegatingMethodAccessorImpl.java:43)
	at com.kms.katalon.core.context.internal.TestHooker.invokeMethod(TestHooker.java:111)
	at com.kms.katalon.core.context.internal.TestHooker.lambda$3(TestHooker.java:95)
	at com.kms.katalon.core.context.internal.TestHooker.invokeContextMethods(TestHooker.java:94)
	at com.kms.katalon.core.context.internal.TestListenerCollector.lambda$3(TestListenerCollector.java:88)
	at com.kms.katalon.core.context.internal.TestListenerCollector.handleListenerEvent(TestListenerCollector.java:85)
	at com.kms.katalon.core.context.internal.ExecutionEventManager.publicEvent(ExecutionEventManager.java:36)
	at com.kms.katalon.core.main.TestCaseExecutor.execute(TestCaseExecutor.java:315)
	at com.kms.katalon.core.common.CommonExecutor.accessTestCaseMainPhase(CommonExecutor.java:65)
	at com.kms.katalon.core.main.TestSuiteExecutor.accessTestSuiteMainPhase(TestSuiteExecutor.java:148)
	at com.kms.katalon.core.main.TestSuiteExecutor.execute(TestSuiteExecutor.java:106)
	at com.kms.katalon.core.main.TestCaseMain.startTestSuite(TestCaseMain.java:180)
	at TempTestSuite1721359240774.run(TempTestSuite1721359240774.groovy:35)
	at java.base/jdk.internal.reflect.NativeMethodAccessorImpl.invoke0(Native Method)
	at java.base/jdk.internal.reflect.NativeMethodAccessorImpl.invoke(NativeMethodAccessorImpl.java:77)
	at java.base/jdk.internal.reflect.DelegatingMethodAccessorImpl.invoke(DelegatingMethodAccessorImpl.java:43)
Caused by: com.kms.katalon.core.exception.StepFailedException: No driver found
	at java.base/jdk.internal.reflect.NativeConstructorAccessorImpl.newInstance0(Native Method)
	at java.base/jdk.internal.reflect.NativeConstructorAccessorImpl.newInstance(NativeConstructorAccessorImpl.java:77)
	at java.base/jdk.internal.reflect.DelegatingConstructorAccessorImpl.newInstance(DelegatingConstructorAccessorImpl.java:45)
	at com.kms.katalon.core.mobile.keyword.internal.MobileAbstractKeyword.getAnyAppiumDriver(MobileAbstractKeyword.groovy:43)
	at java.base/jdk.internal.reflect.NativeMethodAccessorImpl.invoke0(Native Method)
	at java.base/jdk.internal.reflect.NativeMethodAccessorImpl.invoke(NativeMethodAccessorImpl.java:77)
	at java.base/jdk.internal.reflect.DelegatingMethodAccessorImpl.invoke(DelegatingMethodAccessorImpl.java:43)
	at com.kms.katalon.core.mobile.keyword.builtin.CloseApplicationKeyword$_closeApplication_closure1.doCall(CloseApplicationKeyword.groovy:38)
	at com.kms.katalon.core.mobile.keyword.builtin.CloseApplicationKeyword$_closeApplication_closure1.call(CloseApplicationKeyword.groovy)
	at com.kms.katalon.core.mobile.keyword.internal.MobileKeywordMain.runKeyword(MobileKeywordMain.groovy:19)
	... 23 more


19-07-2024T10:22:22 - [TEST_STEP][ERROR] - closeApplication(): com.kms.katalon.core.exception.StepFailedException: Unable to close app
	at com.kms.katalon.core.mobile.keyword.internal.MobileKeywordMain.stepFailed(MobileKeywordMain.groovy:38)
	at com.kms.katalon.core.mobile.keyword.internal.MobileKeywordMain.runKeyword(MobileKeywordMain.groovy:21)
	at com.kms.katalon.core.mobile.keyword.builtin.CloseApplicationKeyword.closeApplication(CloseApplicationKeyword.groovy:37)
	at com.kms.katalon.core.mobile.keyword.builtin.CloseApplicationKeyword.execute(CloseApplicationKeyword.groovy:32)
	at com.kms.katalon.core.keyword.internal.KeywordExecutor.executeKeywordForPlatform(KeywordExecutor.groovy:74)
	at com.kms.katalon.core.mobile.keyword.MobileBuiltInKeywords.closeApplication(MobileBuiltInKeywords.groovy:134)
	at BaseTest.closeApplication(BaseTest.groovy:36)
	at java.base/jdk.internal.reflect.NativeMethodAccessorImpl.invoke0(Native Method)
	at java.base/jdk.internal.reflect.NativeMethodAccessorImpl.invoke(NativeMethodAccessorImpl.java:77)
	at java.base/jdk.internal.reflect.DelegatingMethodAccessorImpl.invoke(DelegatingMethodAccessorImpl.java:43)
	at com.kms.katalon.core.context.internal.TestHooker.invokeMethod(TestHooker.java:111)
	at com.kms.katalon.core.context.internal.TestHooker.lambda$3(TestHooker.java:95)
	at com.kms.katalon.core.context.internal.TestHooker.invokeContextMethods(TestHooker.java:94)
	at com.kms.katalon.core.context.internal.TestListenerCollector.lambda$3(TestListenerCollector.java:88)
	at com.kms.katalon.core.context.internal.TestListenerCollector.handleListenerEvent(TestListenerCollector.java:85)
	at com.kms.katalon.core.context.internal.ExecutionEventManager.publicEvent(ExecutionEventManager.java:36)
	at com.kms.katalon.core.main.TestCaseExecutor.execute(TestCaseExecutor.java:315)
	at com.kms.katalon.core.common.CommonExecutor.accessTestCaseMainPhase(CommonExecutor.java:65)
	at com.kms.katalon.core.main.TestSuiteExecutor.accessTestSuiteMainPhase(TestSuiteExecutor.java:148)
	at com.kms.katalon.core.main.TestSuiteExecutor.execute(TestSuiteExecutor.java:106)
	at com.kms.katalon.core.main.TestCaseMain.startTestSuite(TestCaseMain.java:180)
	at TempTestSuite1721359240774.run(TempTestSuite1721359240774.groovy:35)
	at java.base/jdk.internal.reflect.NativeMethodAccessorImpl.invoke0(Native Method)
	at java.base/jdk.internal.reflect.NativeMethodAccessorImpl.invoke(NativeMethodAccessorImpl.java:77)
	at java.base/jdk.internal.reflect.DelegatingMethodAccessorImpl.invoke(DelegatingMethodAccessorImpl.java:43)
Caused by: com.kms.katalon.core.exception.StepFailedException: No driver found
	at java.base/jdk.internal.reflect.NativeConstructorAccessorImpl.newInstance0(Native Method)
	at java.base/jdk.internal.reflect.NativeConstructorAccessorImpl.newInstance(NativeConstructorAccessorImpl.java:77)
	at java.base/jdk.internal.reflect.DelegatingConstructorAccessorImpl.newInstance(DelegatingConstructorAccessorImpl.java:45)
	at com.kms.katalon.core.mobile.keyword.internal.MobileAbstractKeyword.getAnyAppiumDriver(MobileAbstractKeyword.groovy:43)
	at java.base/jdk.internal.reflect.NativeMethodAccessorImpl.invoke0(Native Method)
	at java.base/jdk.internal.reflect.NativeMethodAccessorImpl.invoke(NativeMethodAccessorImpl.java:77)
	at java.base/jdk.internal.reflect.DelegatingMethodAccessorImpl.invoke(DelegatingMethodAccessorImpl.java:43)
	at com.kms.katalon.core.mobile.keyword.builtin.CloseApplicationKeyword$_closeApplication_closure1.doCall(CloseApplicationKeyword.groovy:38)
	at com.kms.katalon.core.mobile.keyword.builtin.CloseApplicationKeyword$_closeApplication_closure1.call(CloseApplicationKeyword.groovy)
	at com.kms.katalon.core.mobile.keyword.internal.MobileKeywordMain.runKeyword(MobileKeywordMain.groovy:19)
	... 23 more


19-07-2024T10:22:22 - [MESSAGE][FAILED] - Unable to close app (Root cause: com.kms.katalon.core.exception.StepFailedException: Unable to close app
	at com.kms.katalon.core.mobile.keyword.internal.MobileKeywordMain.stepFailed(MobileKeywordMain.groovy:38)
	at com.kms.katalon.core.mobile.keyword.internal.MobileKeywordMain.runKeyword(MobileKeywordMain.groovy:21)
	at com.kms.katalon.core.mobile.keyword.builtin.CloseApplicationKeyword.closeApplication(CloseApplicationKeyword.groovy:37)
	at com.kms.katalon.core.mobile.keyword.builtin.CloseApplicationKeyword.execute(CloseApplicationKeyword.groovy:32)
	at com.kms.katalon.core.keyword.internal.KeywordExecutor.executeKeywordForPlatform(KeywordExecutor.groovy:74)
	at com.kms.katalon.core.mobile.keyword.MobileBuiltInKeywords.closeApplication(MobileBuiltInKeywords.groovy:134)
	at BaseTest.closeApplication(BaseTest.groovy:36)
	at java.base/jdk.internal.reflect.NativeMethodAccessorImpl.invoke0(Native Method)
	at java.base/jdk.internal.reflect.NativeMethodAccessorImpl.invoke(NativeMethodAccessorImpl.java:77)
	at java.base/jdk.internal.reflect.DelegatingMethodAccessorImpl.invoke(DelegatingMethodAccessorImpl.java:43)
	at com.kms.katalon.core.context.internal.TestHooker.invokeMethod(TestHooker.java:111)
	at com.kms.katalon.core.context.internal.TestHooker.lambda$3(TestHooker.java:95)
	at com.kms.katalon.core.context.internal.TestHooker.invokeContextMethods(TestHooker.java:94)
	at com.kms.katalon.core.context.internal.TestListenerCollector.lambda$3(TestListenerCollector.java:88)
	at com.kms.katalon.core.context.internal.TestListenerCollector.handleListenerEvent(TestListenerCollector.java:85)
	at com.kms.katalon.core.context.internal.ExecutionEventManager.publicEvent(ExecutionEventManager.java:36)
	at com.kms.katalon.core.main.TestCaseExecutor.execute(TestCaseExecutor.java:315)
	at com.kms.katalon.core.common.CommonExecutor.accessTestCaseMainPhase(CommonExecutor.java:65)
	at com.kms.katalon.core.main.TestSuiteExecutor.accessTestSuiteMainPhase(TestSuiteExecutor.java:148)
	at com.kms.katalon.core.main.TestSuiteExecutor.execute(TestSuiteExecutor.java:106)
	at com.kms.katalon.core.main.TestCaseMain.startTestSuite(TestCaseMain.java:180)
	at TempTestSuite1721359240774.run(TempTestSuite1721359240774.groovy:35)
	at java.base/jdk.internal.reflect.NativeMethodAccessorImpl.invoke0(Native Method)
	at java.base/jdk.internal.reflect.NativeMethodAccessorImpl.invoke(NativeMethodAccessorImpl.java:77)
	at java.base/jdk.internal.reflect.DelegatingMethodAccessorImpl.invoke(DelegatingMethodAccessorImpl.java:43)
Caused by: com.kms.katalon.core.exception.StepFailedException: No driver found
	at java.base/jdk.internal.reflect.NativeConstructorAccessorImpl.newInstance0(Native Method)
	at java.base/jdk.internal.reflect.NativeConstructorAccessorImpl.newInstance(NativeConstructorAccessorImpl.java:77)
	at java.base/jdk.internal.reflect.DelegatingConstructorAccessorImpl.newInstance(DelegatingConstructorAccessorImpl.java:45)
	at com.kms.katalon.core.mobile.keyword.internal.MobileAbstractKeyword.getAnyAppiumDriver(MobileAbstractKeyword.groovy:43)
	at java.base/jdk.internal.reflect.NativeMethodAccessorImpl.invoke0(Native Method)
	at java.base/jdk.internal.reflect.NativeMethodAccessorImpl.invoke(NativeMethodAccessorImpl.java:77)
	at java.base/jdk.internal.reflect.DelegatingMethodAccessorImpl.invoke(DelegatingMethodAccessorImpl.java:43)
	at com.kms.katalon.core.mobile.keyword.builtin.CloseApplicationKeyword$_closeApplication_closure1.doCall(CloseApplicationKeyword.groovy:38)
	at com.kms.katalon.core.mobile.keyword.builtin.CloseApplicationKeyword$_closeApplication_closure1.call(CloseApplicationKeyword.groovy)
	at com.kms.katalon.core.mobile.keyword.internal.MobileKeywordMain.runKeyword(MobileKeywordMain.groovy:19)
	... 23 more
)

19-07-2024T10:22:22 - [MESSAGE][ERROR] - com.kms.katalon.core.exception.StepFailedException: Unable to close app
	at com.kms.katalon.core.mobile.keyword.internal.MobileKeywordMain.stepFailed(MobileKeywordMain.groovy:38)
	at com.kms.katalon.core.mobile.keyword.internal.MobileKeywordMain.runKeyword(MobileKeywordMain.groovy:21)
	at com.kms.katalon.core.mobile.keyword.builtin.CloseApplicationKeyword.closeApplication(CloseApplicationKeyword.groovy:37)
	at com.kms.katalon.core.mobile.keyword.builtin.CloseApplicationKeyword.execute(CloseApplicationKeyword.groovy:32)
	at com.kms.katalon.core.keyword.internal.KeywordExecutor.executeKeywordForPlatform(KeywordExecutor.groovy:74)
	at com.kms.katalon.core.mobile.keyword.MobileBuiltInKeywords.closeApplication(MobileBuiltInKeywords.groovy:134)
	at BaseTest.closeApplication(BaseTest.groovy:36)
	at java.base/jdk.internal.reflect.NativeMethodAccessorImpl.invoke0(Native Method)
	at java.base/jdk.internal.reflect.NativeMethodAccessorImpl.invoke(NativeMethodAccessorImpl.java:77)
	at java.base/jdk.internal.reflect.DelegatingMethodAccessorImpl.invoke(DelegatingMethodAccessorImpl.java:43)
	at com.kms.katalon.core.context.internal.TestHooker.invokeMethod(TestHooker.java:111)
	at com.kms.katalon.core.context.internal.TestHooker.lambda$3(TestHooker.java:95)
	at com.kms.katalon.core.context.internal.TestHooker.invokeContextMethods(TestHooker.java:94)
	at com.kms.katalon.core.context.internal.TestListenerCollector.lambda$3(TestListenerCollector.java:88)
	at com.kms.katalon.core.context.internal.TestListenerCollector.handleListenerEvent(TestListenerCollector.java:85)
	at com.kms.katalon.core.context.internal.ExecutionEventManager.publicEvent(ExecutionEventManager.java:36)
	at com.kms.katalon.core.main.TestCaseExecutor.execute(TestCaseExecutor.java:315)
	at com.kms.katalon.core.common.CommonExecutor.accessTestCaseMainPhase(CommonExecutor.java:65)
	at com.kms.katalon.core.main.TestSuiteExecutor.accessTestSuiteMainPhase(TestSuiteExecutor.java:148)
	at com.kms.katalon.core.main.TestSuiteExecutor.execute(TestSuiteExecutor.java:106)
	at com.kms.katalon.core.main.TestCaseMain.startTestSuite(TestCaseMain.java:180)
	at TempTestSuite1721359240774.run(TempTestSuite1721359240774.groovy:35)
	at java.base/jdk.internal.reflect.NativeMethodAccessorImpl.invoke0(Native Method)
	at java.base/jdk.internal.reflect.NativeMethodAccessorImpl.invoke(NativeMethodAccessorImpl.java:77)
	at java.base/jdk.internal.reflect.DelegatingMethodAccessorImpl.invoke(DelegatingMethodAccessorImpl.java:43)
Caused by: com.kms.katalon.core.exception.StepFailedException: No driver found
	at java.base/jdk.internal.reflect.NativeConstructorAccessorImpl.newInstance0(Native Method)
	at java.base/jdk.internal.reflect.NativeConstructorAccessorImpl.newInstance(NativeConstructorAccessorImpl.java:77)
	at java.base/jdk.internal.reflect.DelegatingConstructorAccessorImpl.newInstance(DelegatingConstructorAccessorImpl.java:45)
	at com.kms.katalon.core.mobile.keyword.internal.MobileAbstractKeyword.getAnyAppiumDriver(MobileAbstractKeyword.groovy:43)
	at java.base/jdk.internal.reflect.NativeMethodAccessorImpl.invoke0(Native Method)
	at java.base/jdk.internal.reflect.NativeMethodAccessorImpl.invoke(NativeMethodAccessorImpl.java:77)
	at java.base/jdk.internal.reflect.DelegatingMethodAccessorImpl.invoke(DelegatingMethodAccessorImpl.java:43)
	at com.kms.katalon.core.mobile.keyword.builtin.CloseApplicationKeyword$_closeApplication_closure1.doCall(CloseApplicationKeyword.groovy:38)
	at com.kms.katalon.core.mobile.keyword.builtin.CloseApplicationKeyword$_closeApplication_closure1.call(CloseApplicationKeyword.groovy)
	at com.kms.katalon.core.mobile.keyword.internal.MobileKeywordMain.runKeyword(MobileKeywordMain.groovy:19)
	... 23 more


19-07-2024T10:22:22 - [TEST_STEP][PASSED] - Start listener action : closeBrowser: null

19-07-2024T10:22:22 - [TEST_STEP][PASSED] - if (!(isAPIRunning) & isWebRunning): null]]></system-out>
         <system-err><![CDATA[]]></system-err>
      </testcase>
      <testcase name="Test Cases/API/Patient Management/GET_Verify get patient accounts list successfully" time="2.719" classname="Test Cases/API/Patient Management/GET_Verify get patient accounts list successfully" status="FAILED">
         <failure type="FAILED" message="Test Cases/API/Patient Management/GET_Verify get patient accounts list successfully FAILED.&#xa;Reason:&#xa;com.kms.katalon.core.exception.StepFailedException: 1 Issue(s):&#xa;> $.items[0].address: is missing but it is required&#xa;	at com.kms.katalon.core.keyword.internal.KeywordMain.stepFailed(KeywordMain.groovy:51)&#xa;	at com.kms.katalon.core.keyword.internal.KeywordMain.stepFailed(KeywordMain.groovy)&#xa;	at com.kms.katalon.core.keyword.internal.KeywordMain.stepFailed(KeywordMain.groovy:23)&#xa;	at com.kms.katalon.core.webservice.keyword.builtin.ValidateWithJsonSchema$_validateWithJsonSchema_closure1.doCall(ValidateWithJsonSchema.groovy:72)&#xa;	at com.kms.katalon.core.webservice.keyword.builtin.ValidateWithJsonSchema$_validateWithJsonSchema_closure1.call(ValidateWithJsonSchema.groovy)&#xa;	at com.kms.katalon.core.keyword.internal.KeywordMain.runKeyword(KeywordMain.groovy:75)&#xa;	at com.kms.katalon.core.webservice.keyword.builtin.ValidateWithJsonSchema.validateWithJsonSchema(ValidateWithJsonSchema.groovy:53)&#xa;	at com.kms.katalon.core.webservice.keyword.builtin.ValidateWithJsonSchema.validateWithJsonSchema(ValidateWithJsonSchema.groovy:48)&#xa;	at com.kms.katalon.core.webservice.keyword.builtin.ValidateWithJsonSchema.execute(ValidateWithJsonSchema.groovy:36)&#xa;	at com.kms.katalon.core.keyword.internal.KeywordExecutor.executeKeywordForPlatform(KeywordExecutor.groovy:74)&#xa;	at com.kms.katalon.core.webservice.keyword.WSBuiltInKeywords.validateJsonAgainstSchema(WSBuiltInKeywords.groovy:486)&#xa;	at katalon.fw.lib.BaseService.validateJsonAgainstSchema(BaseService.groovy:206)&#xa;	at GET_Verify get patient accounts list successfully.run(GET_Verify get patient accounts list successfully:18)&#xa;	at com.kms.katalon.core.main.ScriptEngine.run(ScriptEngine.java:194)&#xa;	at com.kms.katalon.core.main.ScriptEngine.runScriptAsRawText(ScriptEngine.java:119)&#xa;	at com.kms.katalon.core.main.TestCaseExecutor.runScript(TestCaseExecutor.java:448)&#xa;	at com.kms.katalon.core.main.TestCaseExecutor.doExecute(TestCaseExecutor.java:439)&#xa;	at com.kms.katalon.core.main.TestCaseExecutor.processExecutionPhase(TestCaseExecutor.java:418)&#xa;	at com.kms.katalon.core.main.TestCaseExecutor.accessMainPhase(TestCaseExecutor.java:410)&#xa;	at com.kms.katalon.core.main.TestCaseExecutor.execute(TestCaseExecutor.java:285)&#xa;	at com.kms.katalon.core.common.CommonExecutor.accessTestCaseMainPhase(CommonExecutor.java:65)&#xa;	at com.kms.katalon.core.main.TestSuiteExecutor.accessTestSuiteMainPhase(TestSuiteExecutor.java:148)&#xa;	at com.kms.katalon.core.main.TestSuiteExecutor.execute(TestSuiteExecutor.java:106)&#xa;	at com.kms.katalon.core.main.TestCaseMain.startTestSuite(TestCaseMain.java:180)&#xa;	at TempTestSuite1721359240774.run(TempTestSuite1721359240774.groovy:35)&#xa;	at java.base/jdk.internal.reflect.NativeMethodAccessorImpl.invoke0(Native Method)&#xa;	at java.base/jdk.internal.reflect.NativeMethodAccessorImpl.invoke(NativeMethodAccessorImpl.java:77)&#xa;	at java.base/jdk.internal.reflect.DelegatingMethodAccessorImpl.invoke(DelegatingMethodAccessorImpl.java:43)&#xa;"/>
         <system-out><![CDATA[19-07-2024T10:22:22 - [TEST_CASE][FAILED] - Test Cases/API/Patient Management/GET_Verify get patient accounts list successfully: Test Cases/API/Patient Management/GET_Verify get patient accounts list successfully FAILED.
Reason:
com.kms.katalon.core.exception.StepFailedException: 1 Issue(s):
> $.items[0].address: is missing but it is required
	at com.kms.katalon.core.keyword.internal.KeywordMain.stepFailed(KeywordMain.groovy:51)
	at com.kms.katalon.core.keyword.internal.KeywordMain.stepFailed(KeywordMain.groovy)
	at com.kms.katalon.core.keyword.internal.KeywordMain.stepFailed(KeywordMain.groovy:23)
	at com.kms.katalon.core.webservice.keyword.builtin.ValidateWithJsonSchema$_validateWithJsonSchema_closure1.doCall(ValidateWithJsonSchema.groovy:72)
	at com.kms.katalon.core.webservice.keyword.builtin.ValidateWithJsonSchema$_validateWithJsonSchema_closure1.call(ValidateWithJsonSchema.groovy)
	at com.kms.katalon.core.keyword.internal.KeywordMain.runKeyword(KeywordMain.groovy:75)
	at com.kms.katalon.core.webservice.keyword.builtin.ValidateWithJsonSchema.validateWithJsonSchema(ValidateWithJsonSchema.groovy:53)
	at com.kms.katalon.core.webservice.keyword.builtin.ValidateWithJsonSchema.validateWithJsonSchema(ValidateWithJsonSchema.groovy:48)
	at com.kms.katalon.core.webservice.keyword.builtin.ValidateWithJsonSchema.execute(ValidateWithJsonSchema.groovy:36)
	at com.kms.katalon.core.keyword.internal.KeywordExecutor.executeKeywordForPlatform(KeywordExecutor.groovy:74)
	at com.kms.katalon.core.webservice.keyword.WSBuiltInKeywords.validateJsonAgainstSchema(WSBuiltInKeywords.groovy:486)
	at katalon.fw.lib.BaseService.validateJsonAgainstSchema(BaseService.groovy:206)
	at GET_Verify get patient accounts list successfully.run(GET_Verify get patient accounts list successfully:18)
	at com.kms.katalon.core.main.ScriptEngine.run(ScriptEngine.java:194)
	at com.kms.katalon.core.main.ScriptEngine.runScriptAsRawText(ScriptEngine.java:119)
	at com.kms.katalon.core.main.TestCaseExecutor.runScript(TestCaseExecutor.java:448)
	at com.kms.katalon.core.main.TestCaseExecutor.doExecute(TestCaseExecutor.java:439)
	at com.kms.katalon.core.main.TestCaseExecutor.processExecutionPhase(TestCaseExecutor.java:418)
	at com.kms.katalon.core.main.TestCaseExecutor.accessMainPhase(TestCaseExecutor.java:410)
	at com.kms.katalon.core.main.TestCaseExecutor.execute(TestCaseExecutor.java:285)
	at com.kms.katalon.core.common.CommonExecutor.accessTestCaseMainPhase(CommonExecutor.java:65)
	at com.kms.katalon.core.main.TestSuiteExecutor.accessTestSuiteMainPhase(TestSuiteExecutor.java:148)
	at com.kms.katalon.core.main.TestSuiteExecutor.execute(TestSuiteExecutor.java:106)
	at com.kms.katalon.core.main.TestCaseMain.startTestSuite(TestCaseMain.java:180)
	at TempTestSuite1721359240774.run(TempTestSuite1721359240774.groovy:35)
	at java.base/jdk.internal.reflect.NativeMethodAccessorImpl.invoke0(Native Method)
	at java.base/jdk.internal.reflect.NativeMethodAccessorImpl.invoke(NativeMethodAccessorImpl.java:77)
	at java.base/jdk.internal.reflect.DelegatingMethodAccessorImpl.invoke(DelegatingMethodAccessorImpl.java:43)


19-07-2024T10:22:22 - [TEST_STEP][PASSED] - Start listener action : before: null

19-07-2024T10:22:22 - [TEST_STEP][PASSED] - if (isApiTestCase(testCaseContext.getTestCaseId())): null

19-07-2024T10:22:22 - [TEST_STEP][PASSED] - if (isWebTestCase(testCaseContext.getTestCaseId())): null

19-07-2024T10:22:22 - [TEST_STEP][PASSED] - Start listener action : openApplication: null

19-07-2024T10:22:22 - [TEST_STEP][PASSED] - if (!(isAPIRunning) & !(isWebRunning)): null

19-07-2024T10:22:22 - [TEST_STEP][PASSED] - Start listener action : openBrowser: null

19-07-2024T10:22:22 - [TEST_STEP][PASSED] - if (!(isAPIRunning) & isWebRunning): null

19-07-2024T10:22:22 - [TEST_STEP][PASSED] - user = withRole("Admin").getFirst(): null

19-07-2024T10:22:22 - [TEST_STEP][PASSED] - adminAccessToken = signIn(email, pwd).getAccessToken(): Send request successfully

19-07-2024T10:22:24 - [MESSAGE][INFO] - HAR: /Users/linh.phan/Automation_Katalon_QE/katalon-healthcare/Reports/20240719_102040/API/API Regression Test/20240719_102040/requests/main/62.har

19-07-2024T10:22:24 - [MESSAGE][PASSED] - Send request successfully

19-07-2024T10:22:24 - [TEST_STEP][FAILED] - verifyStatusCode(200).validateJsonAgainstSchema("
										{
										"$schema": "http://json-schema.org/draft-04/schema#",
										"type": "object",
										"properties": {
										  "items": {
											"type": "array",
											"items": [
											  {
												"type": "object",
												"properties": {
												  "id": {
													"type": "string"
												  },
												  "fullName": {
													"type": "string"
												  },
												  "address": {
													"type": "string"
												  },
												  "email": {
													"type": "string"
												  },
												  "birthday": {
													"type": "string"
												  },
												  "phoneNumber": {
													"type": "string"
												  },
												  "gender": {
													"type": "string"
												  },
												  "weight": {
													"type": "integer"
												  },
												  "height": {
													"type": "integer"
												  },
												  "activated": {
													"type": "boolean"
												  }
												},
												"required": [
												  "id",
												  "fullName",
												  "address",
												  "email",
												  "phoneNumber",
												  "activated"
												]
											  }
											]
										  },
										  "pagination": {
											"type": "object",
											"properties": {
											  "currentPage": {
												"type": "integer"
											  },
											  "totalPages": {
												"type": "integer"
											  },
											  "totalRecords": {
												"type": "integer"
											  }
											},
											"required": [
											  "currentPage",
											  "totalPages",
											  "totalRecords"
											]
										  }
										},
										"required": [
										  "items",
										  "pagination"
										]
									  }
									}"): Failed to validate your JSON Object with the JSON Schema (Root cause: com.kms.katalon.core.exception.StepFailedException: 1 Issue(s):
> $.items[0].address: is missing but it is required
	at com.kms.katalon.core.keyword.internal.KeywordMain.stepFailed(KeywordMain.groovy:51)
	at com.kms.katalon.core.keyword.internal.KeywordMain.stepFailed(KeywordMain.groovy)
	at com.kms.katalon.core.keyword.internal.KeywordMain.stepFailed(KeywordMain.groovy:23)
	at com.kms.katalon.core.webservice.keyword.builtin.ValidateWithJsonSchema$_validateWithJsonSchema_closure1.doCall(ValidateWithJsonSchema.groovy:72)
	at com.kms.katalon.core.webservice.keyword.builtin.ValidateWithJsonSchema$_validateWithJsonSchema_closure1.call(ValidateWithJsonSchema.groovy)
	at com.kms.katalon.core.keyword.internal.KeywordMain.runKeyword(KeywordMain.groovy:75)
	at com.kms.katalon.core.webservice.keyword.builtin.ValidateWithJsonSchema.validateWithJsonSchema(ValidateWithJsonSchema.groovy:53)
	at com.kms.katalon.core.webservice.keyword.builtin.ValidateWithJsonSchema.validateWithJsonSchema(ValidateWithJsonSchema.groovy:48)
	at com.kms.katalon.core.webservice.keyword.builtin.ValidateWithJsonSchema.execute(ValidateWithJsonSchema.groovy:36)
	at com.kms.katalon.core.keyword.internal.KeywordExecutor.executeKeywordForPlatform(KeywordExecutor.groovy:74)
	at com.kms.katalon.core.webservice.keyword.WSBuiltInKeywords.validateJsonAgainstSchema(WSBuiltInKeywords.groovy:486)
	at katalon.fw.lib.BaseService.validateJsonAgainstSchema(BaseService.groovy:206)
	at GET_Verify get patient accounts list successfully.run(GET_Verify get patient accounts list successfully:18)
	at com.kms.katalon.core.main.ScriptEngine.run(ScriptEngine.java:194)
	at com.kms.katalon.core.main.ScriptEngine.runScriptAsRawText(ScriptEngine.java:119)
	at com.kms.katalon.core.main.TestCaseExecutor.runScript(TestCaseExecutor.java:448)
	at com.kms.katalon.core.main.TestCaseExecutor.doExecute(TestCaseExecutor.java:439)
	at com.kms.katalon.core.main.TestCaseExecutor.processExecutionPhase(TestCaseExecutor.java:418)
	at com.kms.katalon.core.main.TestCaseExecutor.accessMainPhase(TestCaseExecutor.java:410)
	at com.kms.katalon.core.main.TestCaseExecutor.execute(TestCaseExecutor.java:285)
	at com.kms.katalon.core.common.CommonExecutor.accessTestCaseMainPhase(CommonExecutor.java:65)
	at com.kms.katalon.core.main.TestSuiteExecutor.accessTestSuiteMainPhase(TestSuiteExecutor.java:148)
	at com.kms.katalon.core.main.TestSuiteExecutor.execute(TestSuiteExecutor.java:106)
	at com.kms.katalon.core.main.TestCaseMain.startTestSuite(TestCaseMain.java:180)
	at TempTestSuite1721359240774.run(TempTestSuite1721359240774.groovy:35)
	at java.base/jdk.internal.reflect.NativeMethodAccessorImpl.invoke0(Native Method)
	at java.base/jdk.internal.reflect.NativeMethodAccessorImpl.invoke(NativeMethodAccessorImpl.java:77)
	at java.base/jdk.internal.reflect.DelegatingMethodAccessorImpl.invoke(DelegatingMethodAccessorImpl.java:43)
)

19-07-2024T10:22:25 - [MESSAGE][INFO] - HAR: /Users/linh.phan/Automation_Katalon_QE/katalon-healthcare/Reports/20240719_102040/API/API Regression Test/20240719_102040/requests/main/63.har

19-07-2024T10:22:25 - [MESSAGE][PASSED] - Send request successfully

19-07-2024T10:22:25 - [MESSAGE][PASSED] - Verify response status code successfully

19-07-2024T10:22:25 - [MESSAGE][FAILED] - 1 Issue(s):
> $.items[0].address: is missing but it is required

19-07-2024T10:22:25 - [MESSAGE][FAILED] - Failed to validate your JSON Object with the JSON Schema (Root cause: com.kms.katalon.core.exception.StepFailedException: 1 Issue(s):
> $.items[0].address: is missing but it is required
	at com.kms.katalon.core.keyword.internal.KeywordMain.stepFailed(KeywordMain.groovy:51)
	at com.kms.katalon.core.keyword.internal.KeywordMain.stepFailed(KeywordMain.groovy)
	at com.kms.katalon.core.keyword.internal.KeywordMain.stepFailed(KeywordMain.groovy:23)
	at com.kms.katalon.core.webservice.keyword.builtin.ValidateWithJsonSchema$_validateWithJsonSchema_closure1.doCall(ValidateWithJsonSchema.groovy:72)
	at com.kms.katalon.core.webservice.keyword.builtin.ValidateWithJsonSchema$_validateWithJsonSchema_closure1.call(ValidateWithJsonSchema.groovy)
	at com.kms.katalon.core.keyword.internal.KeywordMain.runKeyword(KeywordMain.groovy:75)
	at com.kms.katalon.core.webservice.keyword.builtin.ValidateWithJsonSchema.validateWithJsonSchema(ValidateWithJsonSchema.groovy:53)
	at com.kms.katalon.core.webservice.keyword.builtin.ValidateWithJsonSchema.validateWithJsonSchema(ValidateWithJsonSchema.groovy:48)
	at com.kms.katalon.core.webservice.keyword.builtin.ValidateWithJsonSchema.execute(ValidateWithJsonSchema.groovy:36)
	at com.kms.katalon.core.keyword.internal.KeywordExecutor.executeKeywordForPlatform(KeywordExecutor.groovy:74)
	at com.kms.katalon.core.webservice.keyword.WSBuiltInKeywords.validateJsonAgainstSchema(WSBuiltInKeywords.groovy:486)
	at katalon.fw.lib.BaseService.validateJsonAgainstSchema(BaseService.groovy:206)
	at GET_Verify get patient accounts list successfully.run(GET_Verify get patient accounts list successfully:18)
	at com.kms.katalon.core.main.ScriptEngine.run(ScriptEngine.java:194)
	at com.kms.katalon.core.main.ScriptEngine.runScriptAsRawText(ScriptEngine.java:119)
	at com.kms.katalon.core.main.TestCaseExecutor.runScript(TestCaseExecutor.java:448)
	at com.kms.katalon.core.main.TestCaseExecutor.doExecute(TestCaseExecutor.java:439)
	at com.kms.katalon.core.main.TestCaseExecutor.processExecutionPhase(TestCaseExecutor.java:418)
	at com.kms.katalon.core.main.TestCaseExecutor.accessMainPhase(TestCaseExecutor.java:410)
	at com.kms.katalon.core.main.TestCaseExecutor.execute(TestCaseExecutor.java:285)
	at com.kms.katalon.core.common.CommonExecutor.accessTestCaseMainPhase(CommonExecutor.java:65)
	at com.kms.katalon.core.main.TestSuiteExecutor.accessTestSuiteMainPhase(TestSuiteExecutor.java:148)
	at com.kms.katalon.core.main.TestSuiteExecutor.execute(TestSuiteExecutor.java:106)
	at com.kms.katalon.core.main.TestCaseMain.startTestSuite(TestCaseMain.java:180)
	at TempTestSuite1721359240774.run(TempTestSuite1721359240774.groovy:35)
	at java.base/jdk.internal.reflect.NativeMethodAccessorImpl.invoke0(Native Method)
	at java.base/jdk.internal.reflect.NativeMethodAccessorImpl.invoke(NativeMethodAccessorImpl.java:77)
	at java.base/jdk.internal.reflect.DelegatingMethodAccessorImpl.invoke(DelegatingMethodAccessorImpl.java:43)
)

19-07-2024T10:22:25 - [TEST_STEP][PASSED] - Start listener action : after: null

19-07-2024T10:22:25 - [TEST_STEP][PASSED] - isAPIRunning = false: null

19-07-2024T10:22:25 - [TEST_STEP][ERROR] - Start listener action : closeApplication: com.kms.katalon.core.exception.StepFailedException: Unable to close app
	at com.kms.katalon.core.mobile.keyword.internal.MobileKeywordMain.stepFailed(MobileKeywordMain.groovy:38)
	at com.kms.katalon.core.mobile.keyword.internal.MobileKeywordMain.runKeyword(MobileKeywordMain.groovy:21)
	at com.kms.katalon.core.mobile.keyword.builtin.CloseApplicationKeyword.closeApplication(CloseApplicationKeyword.groovy:37)
	at com.kms.katalon.core.mobile.keyword.builtin.CloseApplicationKeyword.execute(CloseApplicationKeyword.groovy:32)
	at com.kms.katalon.core.keyword.internal.KeywordExecutor.executeKeywordForPlatform(KeywordExecutor.groovy:74)
	at com.kms.katalon.core.mobile.keyword.MobileBuiltInKeywords.closeApplication(MobileBuiltInKeywords.groovy:134)
	at BaseTest.closeApplication(BaseTest.groovy:36)
	at java.base/jdk.internal.reflect.NativeMethodAccessorImpl.invoke0(Native Method)
	at java.base/jdk.internal.reflect.NativeMethodAccessorImpl.invoke(NativeMethodAccessorImpl.java:77)
	at java.base/jdk.internal.reflect.DelegatingMethodAccessorImpl.invoke(DelegatingMethodAccessorImpl.java:43)
	at com.kms.katalon.core.context.internal.TestHooker.invokeMethod(TestHooker.java:111)
	at com.kms.katalon.core.context.internal.TestHooker.lambda$3(TestHooker.java:95)
	at com.kms.katalon.core.context.internal.TestHooker.invokeContextMethods(TestHooker.java:94)
	at com.kms.katalon.core.context.internal.TestListenerCollector.lambda$3(TestListenerCollector.java:88)
	at com.kms.katalon.core.context.internal.TestListenerCollector.handleListenerEvent(TestListenerCollector.java:85)
	at com.kms.katalon.core.context.internal.ExecutionEventManager.publicEvent(ExecutionEventManager.java:36)
	at com.kms.katalon.core.main.TestCaseExecutor.execute(TestCaseExecutor.java:315)
	at com.kms.katalon.core.common.CommonExecutor.accessTestCaseMainPhase(CommonExecutor.java:65)
	at com.kms.katalon.core.main.TestSuiteExecutor.accessTestSuiteMainPhase(TestSuiteExecutor.java:148)
	at com.kms.katalon.core.main.TestSuiteExecutor.execute(TestSuiteExecutor.java:106)
	at com.kms.katalon.core.main.TestCaseMain.startTestSuite(TestCaseMain.java:180)
	at TempTestSuite1721359240774.run(TempTestSuite1721359240774.groovy:35)
	at java.base/jdk.internal.reflect.NativeMethodAccessorImpl.invoke0(Native Method)
	at java.base/jdk.internal.reflect.NativeMethodAccessorImpl.invoke(NativeMethodAccessorImpl.java:77)
	at java.base/jdk.internal.reflect.DelegatingMethodAccessorImpl.invoke(DelegatingMethodAccessorImpl.java:43)
Caused by: com.kms.katalon.core.exception.StepFailedException: No driver found
	at java.base/jdk.internal.reflect.NativeConstructorAccessorImpl.newInstance0(Native Method)
	at java.base/jdk.internal.reflect.NativeConstructorAccessorImpl.newInstance(NativeConstructorAccessorImpl.java:77)
	at java.base/jdk.internal.reflect.DelegatingConstructorAccessorImpl.newInstance(DelegatingConstructorAccessorImpl.java:45)
	at com.kms.katalon.core.mobile.keyword.internal.MobileAbstractKeyword.getAnyAppiumDriver(MobileAbstractKeyword.groovy:43)
	at java.base/jdk.internal.reflect.NativeMethodAccessorImpl.invoke0(Native Method)
	at java.base/jdk.internal.reflect.NativeMethodAccessorImpl.invoke(NativeMethodAccessorImpl.java:77)
	at java.base/jdk.internal.reflect.DelegatingMethodAccessorImpl.invoke(DelegatingMethodAccessorImpl.java:43)
	at com.kms.katalon.core.mobile.keyword.builtin.CloseApplicationKeyword$_closeApplication_closure1.doCall(CloseApplicationKeyword.groovy:38)
	at com.kms.katalon.core.mobile.keyword.builtin.CloseApplicationKeyword$_closeApplication_closure1.call(CloseApplicationKeyword.groovy)
	at com.kms.katalon.core.mobile.keyword.internal.MobileKeywordMain.runKeyword(MobileKeywordMain.groovy:19)
	... 23 more


19-07-2024T10:22:25 - [TEST_STEP][ERROR] - if (!(isAPIRunning) & !(isWebRunning)): com.kms.katalon.core.exception.StepFailedException: Unable to close app
	at com.kms.katalon.core.mobile.keyword.internal.MobileKeywordMain.stepFailed(MobileKeywordMain.groovy:38)
	at com.kms.katalon.core.mobile.keyword.internal.MobileKeywordMain.runKeyword(MobileKeywordMain.groovy:21)
	at com.kms.katalon.core.mobile.keyword.builtin.CloseApplicationKeyword.closeApplication(CloseApplicationKeyword.groovy:37)
	at com.kms.katalon.core.mobile.keyword.builtin.CloseApplicationKeyword.execute(CloseApplicationKeyword.groovy:32)
	at com.kms.katalon.core.keyword.internal.KeywordExecutor.executeKeywordForPlatform(KeywordExecutor.groovy:74)
	at com.kms.katalon.core.mobile.keyword.MobileBuiltInKeywords.closeApplication(MobileBuiltInKeywords.groovy:134)
	at BaseTest.closeApplication(BaseTest.groovy:36)
	at java.base/jdk.internal.reflect.NativeMethodAccessorImpl.invoke0(Native Method)
	at java.base/jdk.internal.reflect.NativeMethodAccessorImpl.invoke(NativeMethodAccessorImpl.java:77)
	at java.base/jdk.internal.reflect.DelegatingMethodAccessorImpl.invoke(DelegatingMethodAccessorImpl.java:43)
	at com.kms.katalon.core.context.internal.TestHooker.invokeMethod(TestHooker.java:111)
	at com.kms.katalon.core.context.internal.TestHooker.lambda$3(TestHooker.java:95)
	at com.kms.katalon.core.context.internal.TestHooker.invokeContextMethods(TestHooker.java:94)
	at com.kms.katalon.core.context.internal.TestListenerCollector.lambda$3(TestListenerCollector.java:88)
	at com.kms.katalon.core.context.internal.TestListenerCollector.handleListenerEvent(TestListenerCollector.java:85)
	at com.kms.katalon.core.context.internal.ExecutionEventManager.publicEvent(ExecutionEventManager.java:36)
	at com.kms.katalon.core.main.TestCaseExecutor.execute(TestCaseExecutor.java:315)
	at com.kms.katalon.core.common.CommonExecutor.accessTestCaseMainPhase(CommonExecutor.java:65)
	at com.kms.katalon.core.main.TestSuiteExecutor.accessTestSuiteMainPhase(TestSuiteExecutor.java:148)
	at com.kms.katalon.core.main.TestSuiteExecutor.execute(TestSuiteExecutor.java:106)
	at com.kms.katalon.core.main.TestCaseMain.startTestSuite(TestCaseMain.java:180)
	at TempTestSuite1721359240774.run(TempTestSuite1721359240774.groovy:35)
	at java.base/jdk.internal.reflect.NativeMethodAccessorImpl.invoke0(Native Method)
	at java.base/jdk.internal.reflect.NativeMethodAccessorImpl.invoke(NativeMethodAccessorImpl.java:77)
	at java.base/jdk.internal.reflect.DelegatingMethodAccessorImpl.invoke(DelegatingMethodAccessorImpl.java:43)
Caused by: com.kms.katalon.core.exception.StepFailedException: No driver found
	at java.base/jdk.internal.reflect.NativeConstructorAccessorImpl.newInstance0(Native Method)
	at java.base/jdk.internal.reflect.NativeConstructorAccessorImpl.newInstance(NativeConstructorAccessorImpl.java:77)
	at java.base/jdk.internal.reflect.DelegatingConstructorAccessorImpl.newInstance(DelegatingConstructorAccessorImpl.java:45)
	at com.kms.katalon.core.mobile.keyword.internal.MobileAbstractKeyword.getAnyAppiumDriver(MobileAbstractKeyword.groovy:43)
	at java.base/jdk.internal.reflect.NativeMethodAccessorImpl.invoke0(Native Method)
	at java.base/jdk.internal.reflect.NativeMethodAccessorImpl.invoke(NativeMethodAccessorImpl.java:77)
	at java.base/jdk.internal.reflect.DelegatingMethodAccessorImpl.invoke(DelegatingMethodAccessorImpl.java:43)
	at com.kms.katalon.core.mobile.keyword.builtin.CloseApplicationKeyword$_closeApplication_closure1.doCall(CloseApplicationKeyword.groovy:38)
	at com.kms.katalon.core.mobile.keyword.builtin.CloseApplicationKeyword$_closeApplication_closure1.call(CloseApplicationKeyword.groovy)
	at com.kms.katalon.core.mobile.keyword.internal.MobileKeywordMain.runKeyword(MobileKeywordMain.groovy:19)
	... 23 more


19-07-2024T10:22:25 - [TEST_STEP][ERROR] - closeApplication(): com.kms.katalon.core.exception.StepFailedException: Unable to close app
	at com.kms.katalon.core.mobile.keyword.internal.MobileKeywordMain.stepFailed(MobileKeywordMain.groovy:38)
	at com.kms.katalon.core.mobile.keyword.internal.MobileKeywordMain.runKeyword(MobileKeywordMain.groovy:21)
	at com.kms.katalon.core.mobile.keyword.builtin.CloseApplicationKeyword.closeApplication(CloseApplicationKeyword.groovy:37)
	at com.kms.katalon.core.mobile.keyword.builtin.CloseApplicationKeyword.execute(CloseApplicationKeyword.groovy:32)
	at com.kms.katalon.core.keyword.internal.KeywordExecutor.executeKeywordForPlatform(KeywordExecutor.groovy:74)
	at com.kms.katalon.core.mobile.keyword.MobileBuiltInKeywords.closeApplication(MobileBuiltInKeywords.groovy:134)
	at BaseTest.closeApplication(BaseTest.groovy:36)
	at java.base/jdk.internal.reflect.NativeMethodAccessorImpl.invoke0(Native Method)
	at java.base/jdk.internal.reflect.NativeMethodAccessorImpl.invoke(NativeMethodAccessorImpl.java:77)
	at java.base/jdk.internal.reflect.DelegatingMethodAccessorImpl.invoke(DelegatingMethodAccessorImpl.java:43)
	at com.kms.katalon.core.context.internal.TestHooker.invokeMethod(TestHooker.java:111)
	at com.kms.katalon.core.context.internal.TestHooker.lambda$3(TestHooker.java:95)
	at com.kms.katalon.core.context.internal.TestHooker.invokeContextMethods(TestHooker.java:94)
	at com.kms.katalon.core.context.internal.TestListenerCollector.lambda$3(TestListenerCollector.java:88)
	at com.kms.katalon.core.context.internal.TestListenerCollector.handleListenerEvent(TestListenerCollector.java:85)
	at com.kms.katalon.core.context.internal.ExecutionEventManager.publicEvent(ExecutionEventManager.java:36)
	at com.kms.katalon.core.main.TestCaseExecutor.execute(TestCaseExecutor.java:315)
	at com.kms.katalon.core.common.CommonExecutor.accessTestCaseMainPhase(CommonExecutor.java:65)
	at com.kms.katalon.core.main.TestSuiteExecutor.accessTestSuiteMainPhase(TestSuiteExecutor.java:148)
	at com.kms.katalon.core.main.TestSuiteExecutor.execute(TestSuiteExecutor.java:106)
	at com.kms.katalon.core.main.TestCaseMain.startTestSuite(TestCaseMain.java:180)
	at TempTestSuite1721359240774.run(TempTestSuite1721359240774.groovy:35)
	at java.base/jdk.internal.reflect.NativeMethodAccessorImpl.invoke0(Native Method)
	at java.base/jdk.internal.reflect.NativeMethodAccessorImpl.invoke(NativeMethodAccessorImpl.java:77)
	at java.base/jdk.internal.reflect.DelegatingMethodAccessorImpl.invoke(DelegatingMethodAccessorImpl.java:43)
Caused by: com.kms.katalon.core.exception.StepFailedException: No driver found
	at java.base/jdk.internal.reflect.NativeConstructorAccessorImpl.newInstance0(Native Method)
	at java.base/jdk.internal.reflect.NativeConstructorAccessorImpl.newInstance(NativeConstructorAccessorImpl.java:77)
	at java.base/jdk.internal.reflect.DelegatingConstructorAccessorImpl.newInstance(DelegatingConstructorAccessorImpl.java:45)
	at com.kms.katalon.core.mobile.keyword.internal.MobileAbstractKeyword.getAnyAppiumDriver(MobileAbstractKeyword.groovy:43)
	at java.base/jdk.internal.reflect.NativeMethodAccessorImpl.invoke0(Native Method)
	at java.base/jdk.internal.reflect.NativeMethodAccessorImpl.invoke(NativeMethodAccessorImpl.java:77)
	at java.base/jdk.internal.reflect.DelegatingMethodAccessorImpl.invoke(DelegatingMethodAccessorImpl.java:43)
	at com.kms.katalon.core.mobile.keyword.builtin.CloseApplicationKeyword$_closeApplication_closure1.doCall(CloseApplicationKeyword.groovy:38)
	at com.kms.katalon.core.mobile.keyword.builtin.CloseApplicationKeyword$_closeApplication_closure1.call(CloseApplicationKeyword.groovy)
	at com.kms.katalon.core.mobile.keyword.internal.MobileKeywordMain.runKeyword(MobileKeywordMain.groovy:19)
	... 23 more


19-07-2024T10:22:25 - [MESSAGE][FAILED] - Unable to close app (Root cause: com.kms.katalon.core.exception.StepFailedException: Unable to close app
	at com.kms.katalon.core.mobile.keyword.internal.MobileKeywordMain.stepFailed(MobileKeywordMain.groovy:38)
	at com.kms.katalon.core.mobile.keyword.internal.MobileKeywordMain.runKeyword(MobileKeywordMain.groovy:21)
	at com.kms.katalon.core.mobile.keyword.builtin.CloseApplicationKeyword.closeApplication(CloseApplicationKeyword.groovy:37)
	at com.kms.katalon.core.mobile.keyword.builtin.CloseApplicationKeyword.execute(CloseApplicationKeyword.groovy:32)
	at com.kms.katalon.core.keyword.internal.KeywordExecutor.executeKeywordForPlatform(KeywordExecutor.groovy:74)
	at com.kms.katalon.core.mobile.keyword.MobileBuiltInKeywords.closeApplication(MobileBuiltInKeywords.groovy:134)
	at BaseTest.closeApplication(BaseTest.groovy:36)
	at java.base/jdk.internal.reflect.NativeMethodAccessorImpl.invoke0(Native Method)
	at java.base/jdk.internal.reflect.NativeMethodAccessorImpl.invoke(NativeMethodAccessorImpl.java:77)
	at java.base/jdk.internal.reflect.DelegatingMethodAccessorImpl.invoke(DelegatingMethodAccessorImpl.java:43)
	at com.kms.katalon.core.context.internal.TestHooker.invokeMethod(TestHooker.java:111)
	at com.kms.katalon.core.context.internal.TestHooker.lambda$3(TestHooker.java:95)
	at com.kms.katalon.core.context.internal.TestHooker.invokeContextMethods(TestHooker.java:94)
	at com.kms.katalon.core.context.internal.TestListenerCollector.lambda$3(TestListenerCollector.java:88)
	at com.kms.katalon.core.context.internal.TestListenerCollector.handleListenerEvent(TestListenerCollector.java:85)
	at com.kms.katalon.core.context.internal.ExecutionEventManager.publicEvent(ExecutionEventManager.java:36)
	at com.kms.katalon.core.main.TestCaseExecutor.execute(TestCaseExecutor.java:315)
	at com.kms.katalon.core.common.CommonExecutor.accessTestCaseMainPhase(CommonExecutor.java:65)
	at com.kms.katalon.core.main.TestSuiteExecutor.accessTestSuiteMainPhase(TestSuiteExecutor.java:148)
	at com.kms.katalon.core.main.TestSuiteExecutor.execute(TestSuiteExecutor.java:106)
	at com.kms.katalon.core.main.TestCaseMain.startTestSuite(TestCaseMain.java:180)
	at TempTestSuite1721359240774.run(TempTestSuite1721359240774.groovy:35)
	at java.base/jdk.internal.reflect.NativeMethodAccessorImpl.invoke0(Native Method)
	at java.base/jdk.internal.reflect.NativeMethodAccessorImpl.invoke(NativeMethodAccessorImpl.java:77)
	at java.base/jdk.internal.reflect.DelegatingMethodAccessorImpl.invoke(DelegatingMethodAccessorImpl.java:43)
Caused by: com.kms.katalon.core.exception.StepFailedException: No driver found
	at java.base/jdk.internal.reflect.NativeConstructorAccessorImpl.newInstance0(Native Method)
	at java.base/jdk.internal.reflect.NativeConstructorAccessorImpl.newInstance(NativeConstructorAccessorImpl.java:77)
	at java.base/jdk.internal.reflect.DelegatingConstructorAccessorImpl.newInstance(DelegatingConstructorAccessorImpl.java:45)
	at com.kms.katalon.core.mobile.keyword.internal.MobileAbstractKeyword.getAnyAppiumDriver(MobileAbstractKeyword.groovy:43)
	at java.base/jdk.internal.reflect.NativeMethodAccessorImpl.invoke0(Native Method)
	at java.base/jdk.internal.reflect.NativeMethodAccessorImpl.invoke(NativeMethodAccessorImpl.java:77)
	at java.base/jdk.internal.reflect.DelegatingMethodAccessorImpl.invoke(DelegatingMethodAccessorImpl.java:43)
	at com.kms.katalon.core.mobile.keyword.builtin.CloseApplicationKeyword$_closeApplication_closure1.doCall(CloseApplicationKeyword.groovy:38)
	at com.kms.katalon.core.mobile.keyword.builtin.CloseApplicationKeyword$_closeApplication_closure1.call(CloseApplicationKeyword.groovy)
	at com.kms.katalon.core.mobile.keyword.internal.MobileKeywordMain.runKeyword(MobileKeywordMain.groovy:19)
	... 23 more
)

19-07-2024T10:22:25 - [MESSAGE][ERROR] - com.kms.katalon.core.exception.StepFailedException: Unable to close app
	at com.kms.katalon.core.mobile.keyword.internal.MobileKeywordMain.stepFailed(MobileKeywordMain.groovy:38)
	at com.kms.katalon.core.mobile.keyword.internal.MobileKeywordMain.runKeyword(MobileKeywordMain.groovy:21)
	at com.kms.katalon.core.mobile.keyword.builtin.CloseApplicationKeyword.closeApplication(CloseApplicationKeyword.groovy:37)
	at com.kms.katalon.core.mobile.keyword.builtin.CloseApplicationKeyword.execute(CloseApplicationKeyword.groovy:32)
	at com.kms.katalon.core.keyword.internal.KeywordExecutor.executeKeywordForPlatform(KeywordExecutor.groovy:74)
	at com.kms.katalon.core.mobile.keyword.MobileBuiltInKeywords.closeApplication(MobileBuiltInKeywords.groovy:134)
	at BaseTest.closeApplication(BaseTest.groovy:36)
	at java.base/jdk.internal.reflect.NativeMethodAccessorImpl.invoke0(Native Method)
	at java.base/jdk.internal.reflect.NativeMethodAccessorImpl.invoke(NativeMethodAccessorImpl.java:77)
	at java.base/jdk.internal.reflect.DelegatingMethodAccessorImpl.invoke(DelegatingMethodAccessorImpl.java:43)
	at com.kms.katalon.core.context.internal.TestHooker.invokeMethod(TestHooker.java:111)
	at com.kms.katalon.core.context.internal.TestHooker.lambda$3(TestHooker.java:95)
	at com.kms.katalon.core.context.internal.TestHooker.invokeContextMethods(TestHooker.java:94)
	at com.kms.katalon.core.context.internal.TestListenerCollector.lambda$3(TestListenerCollector.java:88)
	at com.kms.katalon.core.context.internal.TestListenerCollector.handleListenerEvent(TestListenerCollector.java:85)
	at com.kms.katalon.core.context.internal.ExecutionEventManager.publicEvent(ExecutionEventManager.java:36)
	at com.kms.katalon.core.main.TestCaseExecutor.execute(TestCaseExecutor.java:315)
	at com.kms.katalon.core.common.CommonExecutor.accessTestCaseMainPhase(CommonExecutor.java:65)
	at com.kms.katalon.core.main.TestSuiteExecutor.accessTestSuiteMainPhase(TestSuiteExecutor.java:148)
	at com.kms.katalon.core.main.TestSuiteExecutor.execute(TestSuiteExecutor.java:106)
	at com.kms.katalon.core.main.TestCaseMain.startTestSuite(TestCaseMain.java:180)
	at TempTestSuite1721359240774.run(TempTestSuite1721359240774.groovy:35)
	at java.base/jdk.internal.reflect.NativeMethodAccessorImpl.invoke0(Native Method)
	at java.base/jdk.internal.reflect.NativeMethodAccessorImpl.invoke(NativeMethodAccessorImpl.java:77)
	at java.base/jdk.internal.reflect.DelegatingMethodAccessorImpl.invoke(DelegatingMethodAccessorImpl.java:43)
Caused by: com.kms.katalon.core.exception.StepFailedException: No driver found
	at java.base/jdk.internal.reflect.NativeConstructorAccessorImpl.newInstance0(Native Method)
	at java.base/jdk.internal.reflect.NativeConstructorAccessorImpl.newInstance(NativeConstructorAccessorImpl.java:77)
	at java.base/jdk.internal.reflect.DelegatingConstructorAccessorImpl.newInstance(DelegatingConstructorAccessorImpl.java:45)
	at com.kms.katalon.core.mobile.keyword.internal.MobileAbstractKeyword.getAnyAppiumDriver(MobileAbstractKeyword.groovy:43)
	at java.base/jdk.internal.reflect.NativeMethodAccessorImpl.invoke0(Native Method)
	at java.base/jdk.internal.reflect.NativeMethodAccessorImpl.invoke(NativeMethodAccessorImpl.java:77)
	at java.base/jdk.internal.reflect.DelegatingMethodAccessorImpl.invoke(DelegatingMethodAccessorImpl.java:43)
	at com.kms.katalon.core.mobile.keyword.builtin.CloseApplicationKeyword$_closeApplication_closure1.doCall(CloseApplicationKeyword.groovy:38)
	at com.kms.katalon.core.mobile.keyword.builtin.CloseApplicationKeyword$_closeApplication_closure1.call(CloseApplicationKeyword.groovy)
	at com.kms.katalon.core.mobile.keyword.internal.MobileKeywordMain.runKeyword(MobileKeywordMain.groovy:19)
	... 23 more


19-07-2024T10:22:25 - [TEST_STEP][PASSED] - Start listener action : closeBrowser: null

19-07-2024T10:22:25 - [TEST_STEP][PASSED] - if (!(isAPIRunning) & isWebRunning): null]]></system-out>
         <system-err><![CDATA[19-07-2024T10:22:22 - [TEST_CASE][FAILED] - Test Cases/API/Patient Management/GET_Verify get patient accounts list successfully: Test Cases/API/Patient Management/GET_Verify get patient accounts list successfully FAILED.
Reason:
com.kms.katalon.core.exception.StepFailedException: 1 Issue(s):
> $.items[0].address: is missing but it is required
	at com.kms.katalon.core.keyword.internal.KeywordMain.stepFailed(KeywordMain.groovy:51)
	at com.kms.katalon.core.keyword.internal.KeywordMain.stepFailed(KeywordMain.groovy)
	at com.kms.katalon.core.keyword.internal.KeywordMain.stepFailed(KeywordMain.groovy:23)
	at com.kms.katalon.core.webservice.keyword.builtin.ValidateWithJsonSchema$_validateWithJsonSchema_closure1.doCall(ValidateWithJsonSchema.groovy:72)
	at com.kms.katalon.core.webservice.keyword.builtin.ValidateWithJsonSchema$_validateWithJsonSchema_closure1.call(ValidateWithJsonSchema.groovy)
	at com.kms.katalon.core.keyword.internal.KeywordMain.runKeyword(KeywordMain.groovy:75)
	at com.kms.katalon.core.webservice.keyword.builtin.ValidateWithJsonSchema.validateWithJsonSchema(ValidateWithJsonSchema.groovy:53)
	at com.kms.katalon.core.webservice.keyword.builtin.ValidateWithJsonSchema.validateWithJsonSchema(ValidateWithJsonSchema.groovy:48)
	at com.kms.katalon.core.webservice.keyword.builtin.ValidateWithJsonSchema.execute(ValidateWithJsonSchema.groovy:36)
	at com.kms.katalon.core.keyword.internal.KeywordExecutor.executeKeywordForPlatform(KeywordExecutor.groovy:74)
	at com.kms.katalon.core.webservice.keyword.WSBuiltInKeywords.validateJsonAgainstSchema(WSBuiltInKeywords.groovy:486)
	at katalon.fw.lib.BaseService.validateJsonAgainstSchema(BaseService.groovy:206)
	at GET_Verify get patient accounts list successfully.run(GET_Verify get patient accounts list successfully:18)
	at com.kms.katalon.core.main.ScriptEngine.run(ScriptEngine.java:194)
	at com.kms.katalon.core.main.ScriptEngine.runScriptAsRawText(ScriptEngine.java:119)
	at com.kms.katalon.core.main.TestCaseExecutor.runScript(TestCaseExecutor.java:448)
	at com.kms.katalon.core.main.TestCaseExecutor.doExecute(TestCaseExecutor.java:439)
	at com.kms.katalon.core.main.TestCaseExecutor.processExecutionPhase(TestCaseExecutor.java:418)
	at com.kms.katalon.core.main.TestCaseExecutor.accessMainPhase(TestCaseExecutor.java:410)
	at com.kms.katalon.core.main.TestCaseExecutor.execute(TestCaseExecutor.java:285)
	at com.kms.katalon.core.common.CommonExecutor.accessTestCaseMainPhase(CommonExecutor.java:65)
	at com.kms.katalon.core.main.TestSuiteExecutor.accessTestSuiteMainPhase(TestSuiteExecutor.java:148)
	at com.kms.katalon.core.main.TestSuiteExecutor.execute(TestSuiteExecutor.java:106)
	at com.kms.katalon.core.main.TestCaseMain.startTestSuite(TestCaseMain.java:180)
	at TempTestSuite1721359240774.run(TempTestSuite1721359240774.groovy:35)
	at java.base/jdk.internal.reflect.NativeMethodAccessorImpl.invoke0(Native Method)
	at java.base/jdk.internal.reflect.NativeMethodAccessorImpl.invoke(NativeMethodAccessorImpl.java:77)
	at java.base/jdk.internal.reflect.DelegatingMethodAccessorImpl.invoke(DelegatingMethodAccessorImpl.java:43)]]></system-err>
      </testcase>
      <testcase name="Test Cases/API/Doctor Profile Draft/PUT_Verify review doctor profile draft successfully" time="9.89" classname="Test Cases/API/Doctor Profile Draft/PUT_Verify review doctor profile draft successfully" status="PASSED">
         <system-out><![CDATA[19-07-2024T10:22:25 - [TEST_CASE][PASSED] - Test Cases/API/Doctor Profile Draft/PUT_Verify review doctor profile draft successfully: Test Cases/API/Doctor Profile Draft/PUT_Verify review doctor profile draft successfully

19-07-2024T10:22:25 - [TEST_STEP][PASSED] - Start listener action : before: null

19-07-2024T10:22:25 - [TEST_STEP][PASSED] - if (isApiTestCase(testCaseContext.getTestCaseId())): null

19-07-2024T10:22:25 - [TEST_STEP][PASSED] - if (isWebTestCase(testCaseContext.getTestCaseId())): null

19-07-2024T10:22:25 - [TEST_STEP][PASSED] - Start listener action : openApplication: null

19-07-2024T10:22:25 - [TEST_STEP][PASSED] - if (!(isAPIRunning) & !(isWebRunning)): null

19-07-2024T10:22:25 - [TEST_STEP][PASSED] - Start listener action : openBrowser: null

19-07-2024T10:22:25 - [TEST_STEP][PASSED] - if (!(isAPIRunning) & isWebRunning): null

19-07-2024T10:22:25 - [TEST_STEP][PASSED] - user = withRole("Admin").getFirst(): null

19-07-2024T10:22:25 - [TEST_STEP][PASSED] - adminToken = signIn(email, pwd).getAccessToken(): Send request successfully

19-07-2024T10:22:26 - [MESSAGE][INFO] - HAR: /Users/linh.phan/Automation_Katalon_QE/katalon-healthcare/Reports/20240719_102040/API/API Regression Test/20240719_102040/requests/main/64.har

19-07-2024T10:22:26 - [MESSAGE][PASSED] - Send request successfully

19-07-2024T10:22:26 - [TEST_STEP][PASSED] - email = RandomProfileGenerator).generateRandomEmail(): null

19-07-2024T10:22:26 - [TEST_STEP][PASSED] - fullName = RandomProfileGenerator).generateRandomName(): null

19-07-2024T10:22:26 - [TEST_STEP][PASSED] - phoneNumber = RandomProfileGenerator).generateRandomPhoneNumber(): null

19-07-2024T10:22:26 - [TEST_STEP][PASSED] - password = "P@ssw0rd@auto": null

19-07-2024T10:22:26 - [TEST_STEP][PASSED] - initRequestObject().createDoctor(adminToken, email, fullName, phoneNumber, password): Send request successfully

19-07-2024T10:22:29 - [MESSAGE][INFO] - HAR: /Users/linh.phan/Automation_Katalon_QE/katalon-healthcare/Reports/20240719_102040/API/API Regression Test/20240719_102040/requests/main/65.har

19-07-2024T10:22:29 - [MESSAGE][PASSED] - Send request successfully

19-07-2024T10:22:29 - [TEST_STEP][PASSED] - user = withRole("Doctor").getFirst(): null

19-07-2024T10:22:29 - [TEST_STEP][PASSED] - doctorToken = signIn(email, pwd).getAccessToken(): Send request successfully

19-07-2024T10:22:30 - [MESSAGE][INFO] - HAR: /Users/linh.phan/Automation_Katalon_QE/katalon-healthcare/Reports/20240719_102040/API/API Regression Test/20240719_102040/requests/main/66.har

19-07-2024T10:22:30 - [MESSAGE][PASSED] - Send request successfully

19-07-2024T10:22:30 - [TEST_STEP][PASSED] - newFullName = RandomProfileGenerator).generateRandomName(): null

19-07-2024T10:22:30 - [TEST_STEP][PASSED] - newPhoneNumber = RandomProfileGenerator).generateRandomPhoneNumber(): null

19-07-2024T10:22:30 - [TEST_STEP][PASSED] - gender = RandomProfileGenerator).generateRandomGender(): null

19-07-2024T10:22:30 - [TEST_STEP][PASSED] - address = RandomProfileGenerator).generateRandomAddress(): null

19-07-2024T10:22:30 - [TEST_STEP][PASSED] - birthday = RandomProfileGenerator).generateRandomBirthday(): null

19-07-2024T10:22:30 - [TEST_STEP][PASSED] - speciality = RandomProfileGenerator).generateRandomSpeciality(): Send request successfully

19-07-2024T10:22:32 - [MESSAGE][INFO] - HAR: /Users/linh.phan/Automation_Katalon_QE/katalon-healthcare/Reports/20240719_102040/API/API Regression Test/20240719_102040/requests/main/67.har

19-07-2024T10:22:32 - [MESSAGE][PASSED] - Send request successfully

19-07-2024T10:22:32 - [TEST_STEP][PASSED] - degree = RandomProfileGenerator).generateRandomDegree(): null

19-07-2024T10:22:32 - [TEST_STEP][PASSED] - description = RandomProfileGenerator).generateRandomDescription(): null

19-07-2024T10:22:32 - [TEST_STEP][PASSED] - photo = "photoAuto": null

19-07-2024T10:22:32 - [TEST_STEP][PASSED] - doctorId = id: Send request successfully

19-07-2024T10:22:33 - [MESSAGE][INFO] - HAR: /Users/linh.phan/Automation_Katalon_QE/katalon-healthcare/Reports/20240719_102040/API/API Regression Test/20240719_102040/requests/main/68.har

19-07-2024T10:22:33 - [MESSAGE][PASSED] - Send request successfully

19-07-2024T10:22:33 - [TEST_STEP][PASSED] - verifyStatusCode(200).verifyPropertyValue("message", "Review sent successfully"): Verify element property value successfully

19-07-2024T10:22:35 - [MESSAGE][INFO] - HAR: /Users/linh.phan/Automation_Katalon_QE/katalon-healthcare/Reports/20240719_102040/API/API Regression Test/20240719_102040/requests/main/69.har

19-07-2024T10:22:35 - [MESSAGE][PASSED] - Send request successfully

19-07-2024T10:22:35 - [MESSAGE][PASSED] - Verify response status code successfully

19-07-2024T10:22:35 - [MESSAGE][PASSED] - Verify element property value successfully

19-07-2024T10:22:35 - [TEST_STEP][PASSED] - Start listener action : after: null

19-07-2024T10:22:35 - [TEST_STEP][PASSED] - isAPIRunning = false: null

19-07-2024T10:22:35 - [TEST_STEP][ERROR] - Start listener action : closeApplication: com.kms.katalon.core.exception.StepFailedException: Unable to close app
	at com.kms.katalon.core.mobile.keyword.internal.MobileKeywordMain.stepFailed(MobileKeywordMain.groovy:38)
	at com.kms.katalon.core.mobile.keyword.internal.MobileKeywordMain.runKeyword(MobileKeywordMain.groovy:21)
	at com.kms.katalon.core.mobile.keyword.builtin.CloseApplicationKeyword.closeApplication(CloseApplicationKeyword.groovy:37)
	at com.kms.katalon.core.mobile.keyword.builtin.CloseApplicationKeyword.execute(CloseApplicationKeyword.groovy:32)
	at com.kms.katalon.core.keyword.internal.KeywordExecutor.executeKeywordForPlatform(KeywordExecutor.groovy:74)
	at com.kms.katalon.core.mobile.keyword.MobileBuiltInKeywords.closeApplication(MobileBuiltInKeywords.groovy:134)
	at BaseTest.closeApplication(BaseTest.groovy:36)
	at java.base/jdk.internal.reflect.NativeMethodAccessorImpl.invoke0(Native Method)
	at java.base/jdk.internal.reflect.NativeMethodAccessorImpl.invoke(NativeMethodAccessorImpl.java:77)
	at java.base/jdk.internal.reflect.DelegatingMethodAccessorImpl.invoke(DelegatingMethodAccessorImpl.java:43)
	at com.kms.katalon.core.context.internal.TestHooker.invokeMethod(TestHooker.java:111)
	at com.kms.katalon.core.context.internal.TestHooker.lambda$3(TestHooker.java:95)
	at com.kms.katalon.core.context.internal.TestHooker.invokeContextMethods(TestHooker.java:94)
	at com.kms.katalon.core.context.internal.TestListenerCollector.lambda$3(TestListenerCollector.java:88)
	at com.kms.katalon.core.context.internal.TestListenerCollector.handleListenerEvent(TestListenerCollector.java:85)
	at com.kms.katalon.core.context.internal.ExecutionEventManager.publicEvent(ExecutionEventManager.java:36)
	at com.kms.katalon.core.main.TestCaseExecutor.execute(TestCaseExecutor.java:315)
	at com.kms.katalon.core.common.CommonExecutor.accessTestCaseMainPhase(CommonExecutor.java:65)
	at com.kms.katalon.core.main.TestSuiteExecutor.accessTestSuiteMainPhase(TestSuiteExecutor.java:148)
	at com.kms.katalon.core.main.TestSuiteExecutor.execute(TestSuiteExecutor.java:106)
	at com.kms.katalon.core.main.TestCaseMain.startTestSuite(TestCaseMain.java:180)
	at TempTestSuite1721359240774.run(TempTestSuite1721359240774.groovy:35)
	at java.base/jdk.internal.reflect.NativeMethodAccessorImpl.invoke0(Native Method)
	at java.base/jdk.internal.reflect.NativeMethodAccessorImpl.invoke(NativeMethodAccessorImpl.java:77)
	at java.base/jdk.internal.reflect.DelegatingMethodAccessorImpl.invoke(DelegatingMethodAccessorImpl.java:43)
Caused by: com.kms.katalon.core.exception.StepFailedException: No driver found
	at java.base/jdk.internal.reflect.NativeConstructorAccessorImpl.newInstance0(Native Method)
	at java.base/jdk.internal.reflect.NativeConstructorAccessorImpl.newInstance(NativeConstructorAccessorImpl.java:77)
	at java.base/jdk.internal.reflect.DelegatingConstructorAccessorImpl.newInstance(DelegatingConstructorAccessorImpl.java:45)
	at com.kms.katalon.core.mobile.keyword.internal.MobileAbstractKeyword.getAnyAppiumDriver(MobileAbstractKeyword.groovy:43)
	at java.base/jdk.internal.reflect.NativeMethodAccessorImpl.invoke0(Native Method)
	at java.base/jdk.internal.reflect.NativeMethodAccessorImpl.invoke(NativeMethodAccessorImpl.java:77)
	at java.base/jdk.internal.reflect.DelegatingMethodAccessorImpl.invoke(DelegatingMethodAccessorImpl.java:43)
	at com.kms.katalon.core.mobile.keyword.builtin.CloseApplicationKeyword$_closeApplication_closure1.doCall(CloseApplicationKeyword.groovy:38)
	at com.kms.katalon.core.mobile.keyword.builtin.CloseApplicationKeyword$_closeApplication_closure1.call(CloseApplicationKeyword.groovy)
	at com.kms.katalon.core.mobile.keyword.internal.MobileKeywordMain.runKeyword(MobileKeywordMain.groovy:19)
	... 23 more


19-07-2024T10:22:35 - [TEST_STEP][ERROR] - if (!(isAPIRunning) & !(isWebRunning)): com.kms.katalon.core.exception.StepFailedException: Unable to close app
	at com.kms.katalon.core.mobile.keyword.internal.MobileKeywordMain.stepFailed(MobileKeywordMain.groovy:38)
	at com.kms.katalon.core.mobile.keyword.internal.MobileKeywordMain.runKeyword(MobileKeywordMain.groovy:21)
	at com.kms.katalon.core.mobile.keyword.builtin.CloseApplicationKeyword.closeApplication(CloseApplicationKeyword.groovy:37)
	at com.kms.katalon.core.mobile.keyword.builtin.CloseApplicationKeyword.execute(CloseApplicationKeyword.groovy:32)
	at com.kms.katalon.core.keyword.internal.KeywordExecutor.executeKeywordForPlatform(KeywordExecutor.groovy:74)
	at com.kms.katalon.core.mobile.keyword.MobileBuiltInKeywords.closeApplication(MobileBuiltInKeywords.groovy:134)
	at BaseTest.closeApplication(BaseTest.groovy:36)
	at java.base/jdk.internal.reflect.NativeMethodAccessorImpl.invoke0(Native Method)
	at java.base/jdk.internal.reflect.NativeMethodAccessorImpl.invoke(NativeMethodAccessorImpl.java:77)
	at java.base/jdk.internal.reflect.DelegatingMethodAccessorImpl.invoke(DelegatingMethodAccessorImpl.java:43)
	at com.kms.katalon.core.context.internal.TestHooker.invokeMethod(TestHooker.java:111)
	at com.kms.katalon.core.context.internal.TestHooker.lambda$3(TestHooker.java:95)
	at com.kms.katalon.core.context.internal.TestHooker.invokeContextMethods(TestHooker.java:94)
	at com.kms.katalon.core.context.internal.TestListenerCollector.lambda$3(TestListenerCollector.java:88)
	at com.kms.katalon.core.context.internal.TestListenerCollector.handleListenerEvent(TestListenerCollector.java:85)
	at com.kms.katalon.core.context.internal.ExecutionEventManager.publicEvent(ExecutionEventManager.java:36)
	at com.kms.katalon.core.main.TestCaseExecutor.execute(TestCaseExecutor.java:315)
	at com.kms.katalon.core.common.CommonExecutor.accessTestCaseMainPhase(CommonExecutor.java:65)
	at com.kms.katalon.core.main.TestSuiteExecutor.accessTestSuiteMainPhase(TestSuiteExecutor.java:148)
	at com.kms.katalon.core.main.TestSuiteExecutor.execute(TestSuiteExecutor.java:106)
	at com.kms.katalon.core.main.TestCaseMain.startTestSuite(TestCaseMain.java:180)
	at TempTestSuite1721359240774.run(TempTestSuite1721359240774.groovy:35)
	at java.base/jdk.internal.reflect.NativeMethodAccessorImpl.invoke0(Native Method)
	at java.base/jdk.internal.reflect.NativeMethodAccessorImpl.invoke(NativeMethodAccessorImpl.java:77)
	at java.base/jdk.internal.reflect.DelegatingMethodAccessorImpl.invoke(DelegatingMethodAccessorImpl.java:43)
Caused by: com.kms.katalon.core.exception.StepFailedException: No driver found
	at java.base/jdk.internal.reflect.NativeConstructorAccessorImpl.newInstance0(Native Method)
	at java.base/jdk.internal.reflect.NativeConstructorAccessorImpl.newInstance(NativeConstructorAccessorImpl.java:77)
	at java.base/jdk.internal.reflect.DelegatingConstructorAccessorImpl.newInstance(DelegatingConstructorAccessorImpl.java:45)
	at com.kms.katalon.core.mobile.keyword.internal.MobileAbstractKeyword.getAnyAppiumDriver(MobileAbstractKeyword.groovy:43)
	at java.base/jdk.internal.reflect.NativeMethodAccessorImpl.invoke0(Native Method)
	at java.base/jdk.internal.reflect.NativeMethodAccessorImpl.invoke(NativeMethodAccessorImpl.java:77)
	at java.base/jdk.internal.reflect.DelegatingMethodAccessorImpl.invoke(DelegatingMethodAccessorImpl.java:43)
	at com.kms.katalon.core.mobile.keyword.builtin.CloseApplicationKeyword$_closeApplication_closure1.doCall(CloseApplicationKeyword.groovy:38)
	at com.kms.katalon.core.mobile.keyword.builtin.CloseApplicationKeyword$_closeApplication_closure1.call(CloseApplicationKeyword.groovy)
	at com.kms.katalon.core.mobile.keyword.internal.MobileKeywordMain.runKeyword(MobileKeywordMain.groovy:19)
	... 23 more


19-07-2024T10:22:35 - [TEST_STEP][ERROR] - closeApplication(): com.kms.katalon.core.exception.StepFailedException: Unable to close app
	at com.kms.katalon.core.mobile.keyword.internal.MobileKeywordMain.stepFailed(MobileKeywordMain.groovy:38)
	at com.kms.katalon.core.mobile.keyword.internal.MobileKeywordMain.runKeyword(MobileKeywordMain.groovy:21)
	at com.kms.katalon.core.mobile.keyword.builtin.CloseApplicationKeyword.closeApplication(CloseApplicationKeyword.groovy:37)
	at com.kms.katalon.core.mobile.keyword.builtin.CloseApplicationKeyword.execute(CloseApplicationKeyword.groovy:32)
	at com.kms.katalon.core.keyword.internal.KeywordExecutor.executeKeywordForPlatform(KeywordExecutor.groovy:74)
	at com.kms.katalon.core.mobile.keyword.MobileBuiltInKeywords.closeApplication(MobileBuiltInKeywords.groovy:134)
	at BaseTest.closeApplication(BaseTest.groovy:36)
	at java.base/jdk.internal.reflect.NativeMethodAccessorImpl.invoke0(Native Method)
	at java.base/jdk.internal.reflect.NativeMethodAccessorImpl.invoke(NativeMethodAccessorImpl.java:77)
	at java.base/jdk.internal.reflect.DelegatingMethodAccessorImpl.invoke(DelegatingMethodAccessorImpl.java:43)
	at com.kms.katalon.core.context.internal.TestHooker.invokeMethod(TestHooker.java:111)
	at com.kms.katalon.core.context.internal.TestHooker.lambda$3(TestHooker.java:95)
	at com.kms.katalon.core.context.internal.TestHooker.invokeContextMethods(TestHooker.java:94)
	at com.kms.katalon.core.context.internal.TestListenerCollector.lambda$3(TestListenerCollector.java:88)
	at com.kms.katalon.core.context.internal.TestListenerCollector.handleListenerEvent(TestListenerCollector.java:85)
	at com.kms.katalon.core.context.internal.ExecutionEventManager.publicEvent(ExecutionEventManager.java:36)
	at com.kms.katalon.core.main.TestCaseExecutor.execute(TestCaseExecutor.java:315)
	at com.kms.katalon.core.common.CommonExecutor.accessTestCaseMainPhase(CommonExecutor.java:65)
	at com.kms.katalon.core.main.TestSuiteExecutor.accessTestSuiteMainPhase(TestSuiteExecutor.java:148)
	at com.kms.katalon.core.main.TestSuiteExecutor.execute(TestSuiteExecutor.java:106)
	at com.kms.katalon.core.main.TestCaseMain.startTestSuite(TestCaseMain.java:180)
	at TempTestSuite1721359240774.run(TempTestSuite1721359240774.groovy:35)
	at java.base/jdk.internal.reflect.NativeMethodAccessorImpl.invoke0(Native Method)
	at java.base/jdk.internal.reflect.NativeMethodAccessorImpl.invoke(NativeMethodAccessorImpl.java:77)
	at java.base/jdk.internal.reflect.DelegatingMethodAccessorImpl.invoke(DelegatingMethodAccessorImpl.java:43)
Caused by: com.kms.katalon.core.exception.StepFailedException: No driver found
	at java.base/jdk.internal.reflect.NativeConstructorAccessorImpl.newInstance0(Native Method)
	at java.base/jdk.internal.reflect.NativeConstructorAccessorImpl.newInstance(NativeConstructorAccessorImpl.java:77)
	at java.base/jdk.internal.reflect.DelegatingConstructorAccessorImpl.newInstance(DelegatingConstructorAccessorImpl.java:45)
	at com.kms.katalon.core.mobile.keyword.internal.MobileAbstractKeyword.getAnyAppiumDriver(MobileAbstractKeyword.groovy:43)
	at java.base/jdk.internal.reflect.NativeMethodAccessorImpl.invoke0(Native Method)
	at java.base/jdk.internal.reflect.NativeMethodAccessorImpl.invoke(NativeMethodAccessorImpl.java:77)
	at java.base/jdk.internal.reflect.DelegatingMethodAccessorImpl.invoke(DelegatingMethodAccessorImpl.java:43)
	at com.kms.katalon.core.mobile.keyword.builtin.CloseApplicationKeyword$_closeApplication_closure1.doCall(CloseApplicationKeyword.groovy:38)
	at com.kms.katalon.core.mobile.keyword.builtin.CloseApplicationKeyword$_closeApplication_closure1.call(CloseApplicationKeyword.groovy)
	at com.kms.katalon.core.mobile.keyword.internal.MobileKeywordMain.runKeyword(MobileKeywordMain.groovy:19)
	... 23 more


19-07-2024T10:22:35 - [MESSAGE][FAILED] - Unable to close app (Root cause: com.kms.katalon.core.exception.StepFailedException: Unable to close app
	at com.kms.katalon.core.mobile.keyword.internal.MobileKeywordMain.stepFailed(MobileKeywordMain.groovy:38)
	at com.kms.katalon.core.mobile.keyword.internal.MobileKeywordMain.runKeyword(MobileKeywordMain.groovy:21)
	at com.kms.katalon.core.mobile.keyword.builtin.CloseApplicationKeyword.closeApplication(CloseApplicationKeyword.groovy:37)
	at com.kms.katalon.core.mobile.keyword.builtin.CloseApplicationKeyword.execute(CloseApplicationKeyword.groovy:32)
	at com.kms.katalon.core.keyword.internal.KeywordExecutor.executeKeywordForPlatform(KeywordExecutor.groovy:74)
	at com.kms.katalon.core.mobile.keyword.MobileBuiltInKeywords.closeApplication(MobileBuiltInKeywords.groovy:134)
	at BaseTest.closeApplication(BaseTest.groovy:36)
	at java.base/jdk.internal.reflect.NativeMethodAccessorImpl.invoke0(Native Method)
	at java.base/jdk.internal.reflect.NativeMethodAccessorImpl.invoke(NativeMethodAccessorImpl.java:77)
	at java.base/jdk.internal.reflect.DelegatingMethodAccessorImpl.invoke(DelegatingMethodAccessorImpl.java:43)
	at com.kms.katalon.core.context.internal.TestHooker.invokeMethod(TestHooker.java:111)
	at com.kms.katalon.core.context.internal.TestHooker.lambda$3(TestHooker.java:95)
	at com.kms.katalon.core.context.internal.TestHooker.invokeContextMethods(TestHooker.java:94)
	at com.kms.katalon.core.context.internal.TestListenerCollector.lambda$3(TestListenerCollector.java:88)
	at com.kms.katalon.core.context.internal.TestListenerCollector.handleListenerEvent(TestListenerCollector.java:85)
	at com.kms.katalon.core.context.internal.ExecutionEventManager.publicEvent(ExecutionEventManager.java:36)
	at com.kms.katalon.core.main.TestCaseExecutor.execute(TestCaseExecutor.java:315)
	at com.kms.katalon.core.common.CommonExecutor.accessTestCaseMainPhase(CommonExecutor.java:65)
	at com.kms.katalon.core.main.TestSuiteExecutor.accessTestSuiteMainPhase(TestSuiteExecutor.java:148)
	at com.kms.katalon.core.main.TestSuiteExecutor.execute(TestSuiteExecutor.java:106)
	at com.kms.katalon.core.main.TestCaseMain.startTestSuite(TestCaseMain.java:180)
	at TempTestSuite1721359240774.run(TempTestSuite1721359240774.groovy:35)
	at java.base/jdk.internal.reflect.NativeMethodAccessorImpl.invoke0(Native Method)
	at java.base/jdk.internal.reflect.NativeMethodAccessorImpl.invoke(NativeMethodAccessorImpl.java:77)
	at java.base/jdk.internal.reflect.DelegatingMethodAccessorImpl.invoke(DelegatingMethodAccessorImpl.java:43)
Caused by: com.kms.katalon.core.exception.StepFailedException: No driver found
	at java.base/jdk.internal.reflect.NativeConstructorAccessorImpl.newInstance0(Native Method)
	at java.base/jdk.internal.reflect.NativeConstructorAccessorImpl.newInstance(NativeConstructorAccessorImpl.java:77)
	at java.base/jdk.internal.reflect.DelegatingConstructorAccessorImpl.newInstance(DelegatingConstructorAccessorImpl.java:45)
	at com.kms.katalon.core.mobile.keyword.internal.MobileAbstractKeyword.getAnyAppiumDriver(MobileAbstractKeyword.groovy:43)
	at java.base/jdk.internal.reflect.NativeMethodAccessorImpl.invoke0(Native Method)
	at java.base/jdk.internal.reflect.NativeMethodAccessorImpl.invoke(NativeMethodAccessorImpl.java:77)
	at java.base/jdk.internal.reflect.DelegatingMethodAccessorImpl.invoke(DelegatingMethodAccessorImpl.java:43)
	at com.kms.katalon.core.mobile.keyword.builtin.CloseApplicationKeyword$_closeApplication_closure1.doCall(CloseApplicationKeyword.groovy:38)
	at com.kms.katalon.core.mobile.keyword.builtin.CloseApplicationKeyword$_closeApplication_closure1.call(CloseApplicationKeyword.groovy)
	at com.kms.katalon.core.mobile.keyword.internal.MobileKeywordMain.runKeyword(MobileKeywordMain.groovy:19)
	... 23 more
)

19-07-2024T10:22:35 - [MESSAGE][ERROR] - com.kms.katalon.core.exception.StepFailedException: Unable to close app
	at com.kms.katalon.core.mobile.keyword.internal.MobileKeywordMain.stepFailed(MobileKeywordMain.groovy:38)
	at com.kms.katalon.core.mobile.keyword.internal.MobileKeywordMain.runKeyword(MobileKeywordMain.groovy:21)
	at com.kms.katalon.core.mobile.keyword.builtin.CloseApplicationKeyword.closeApplication(CloseApplicationKeyword.groovy:37)
	at com.kms.katalon.core.mobile.keyword.builtin.CloseApplicationKeyword.execute(CloseApplicationKeyword.groovy:32)
	at com.kms.katalon.core.keyword.internal.KeywordExecutor.executeKeywordForPlatform(KeywordExecutor.groovy:74)
	at com.kms.katalon.core.mobile.keyword.MobileBuiltInKeywords.closeApplication(MobileBuiltInKeywords.groovy:134)
	at BaseTest.closeApplication(BaseTest.groovy:36)
	at java.base/jdk.internal.reflect.NativeMethodAccessorImpl.invoke0(Native Method)
	at java.base/jdk.internal.reflect.NativeMethodAccessorImpl.invoke(NativeMethodAccessorImpl.java:77)
	at java.base/jdk.internal.reflect.DelegatingMethodAccessorImpl.invoke(DelegatingMethodAccessorImpl.java:43)
	at com.kms.katalon.core.context.internal.TestHooker.invokeMethod(TestHooker.java:111)
	at com.kms.katalon.core.context.internal.TestHooker.lambda$3(TestHooker.java:95)
	at com.kms.katalon.core.context.internal.TestHooker.invokeContextMethods(TestHooker.java:94)
	at com.kms.katalon.core.context.internal.TestListenerCollector.lambda$3(TestListenerCollector.java:88)
	at com.kms.katalon.core.context.internal.TestListenerCollector.handleListenerEvent(TestListenerCollector.java:85)
	at com.kms.katalon.core.context.internal.ExecutionEventManager.publicEvent(ExecutionEventManager.java:36)
	at com.kms.katalon.core.main.TestCaseExecutor.execute(TestCaseExecutor.java:315)
	at com.kms.katalon.core.common.CommonExecutor.accessTestCaseMainPhase(CommonExecutor.java:65)
	at com.kms.katalon.core.main.TestSuiteExecutor.accessTestSuiteMainPhase(TestSuiteExecutor.java:148)
	at com.kms.katalon.core.main.TestSuiteExecutor.execute(TestSuiteExecutor.java:106)
	at com.kms.katalon.core.main.TestCaseMain.startTestSuite(TestCaseMain.java:180)
	at TempTestSuite1721359240774.run(TempTestSuite1721359240774.groovy:35)
	at java.base/jdk.internal.reflect.NativeMethodAccessorImpl.invoke0(Native Method)
	at java.base/jdk.internal.reflect.NativeMethodAccessorImpl.invoke(NativeMethodAccessorImpl.java:77)
	at java.base/jdk.internal.reflect.DelegatingMethodAccessorImpl.invoke(DelegatingMethodAccessorImpl.java:43)
Caused by: com.kms.katalon.core.exception.StepFailedException: No driver found
	at java.base/jdk.internal.reflect.NativeConstructorAccessorImpl.newInstance0(Native Method)
	at java.base/jdk.internal.reflect.NativeConstructorAccessorImpl.newInstance(NativeConstructorAccessorImpl.java:77)
	at java.base/jdk.internal.reflect.DelegatingConstructorAccessorImpl.newInstance(DelegatingConstructorAccessorImpl.java:45)
	at com.kms.katalon.core.mobile.keyword.internal.MobileAbstractKeyword.getAnyAppiumDriver(MobileAbstractKeyword.groovy:43)
	at java.base/jdk.internal.reflect.NativeMethodAccessorImpl.invoke0(Native Method)
	at java.base/jdk.internal.reflect.NativeMethodAccessorImpl.invoke(NativeMethodAccessorImpl.java:77)
	at java.base/jdk.internal.reflect.DelegatingMethodAccessorImpl.invoke(DelegatingMethodAccessorImpl.java:43)
	at com.kms.katalon.core.mobile.keyword.builtin.CloseApplicationKeyword$_closeApplication_closure1.doCall(CloseApplicationKeyword.groovy:38)
	at com.kms.katalon.core.mobile.keyword.builtin.CloseApplicationKeyword$_closeApplication_closure1.call(CloseApplicationKeyword.groovy)
	at com.kms.katalon.core.mobile.keyword.internal.MobileKeywordMain.runKeyword(MobileKeywordMain.groovy:19)
	... 23 more


19-07-2024T10:22:35 - [TEST_STEP][PASSED] - Start listener action : closeBrowser: null

19-07-2024T10:22:35 - [TEST_STEP][PASSED] - if (!(isAPIRunning) & isWebRunning): null]]></system-out>
         <system-err><![CDATA[]]></system-err>
      </testcase>
      <testcase name="Test Cases/API/Doctor Profile Draft/PUT_Verify review doctor profile draft successfully" time="8.781" classname="Test Cases/API/Doctor Profile Draft/PUT_Verify review doctor profile draft successfully" status="PASSED">
         <system-out><![CDATA[19-07-2024T10:22:35 - [TEST_CASE][PASSED] - Test Cases/API/Doctor Profile Draft/PUT_Verify review doctor profile draft successfully: Test Cases/API/Doctor Profile Draft/PUT_Verify review doctor profile draft successfully

19-07-2024T10:22:35 - [TEST_STEP][PASSED] - Start listener action : before: null

19-07-2024T10:22:35 - [TEST_STEP][PASSED] - if (isApiTestCase(testCaseContext.getTestCaseId())): null

19-07-2024T10:22:35 - [TEST_STEP][PASSED] - if (isWebTestCase(testCaseContext.getTestCaseId())): null

19-07-2024T10:22:35 - [TEST_STEP][PASSED] - Start listener action : openApplication: null

19-07-2024T10:22:35 - [TEST_STEP][PASSED] - if (!(isAPIRunning) & !(isWebRunning)): null

19-07-2024T10:22:35 - [TEST_STEP][PASSED] - Start listener action : openBrowser: null

19-07-2024T10:22:35 - [TEST_STEP][PASSED] - if (!(isAPIRunning) & isWebRunning): null

19-07-2024T10:22:35 - [TEST_STEP][PASSED] - user = withRole("Admin").getFirst(): null

19-07-2024T10:22:35 - [TEST_STEP][PASSED] - adminToken = signIn(email, pwd).getAccessToken(): Send request successfully

19-07-2024T10:22:36 - [MESSAGE][INFO] - HAR: /Users/linh.phan/Automation_Katalon_QE/katalon-healthcare/Reports/20240719_102040/API/API Regression Test/20240719_102040/requests/main/70.har

19-07-2024T10:22:36 - [MESSAGE][PASSED] - Send request successfully

19-07-2024T10:22:36 - [TEST_STEP][PASSED] - email = RandomProfileGenerator).generateRandomEmail(): null

19-07-2024T10:22:36 - [TEST_STEP][PASSED] - fullName = RandomProfileGenerator).generateRandomName(): null

19-07-2024T10:22:36 - [TEST_STEP][PASSED] - phoneNumber = RandomProfileGenerator).generateRandomPhoneNumber(): null

19-07-2024T10:22:36 - [TEST_STEP][PASSED] - password = "P@ssw0rd@auto": null

19-07-2024T10:22:36 - [TEST_STEP][PASSED] - initRequestObject().createDoctor(adminToken, email, fullName, phoneNumber, password): Send request successfully

19-07-2024T10:22:38 - [MESSAGE][INFO] - HAR: /Users/linh.phan/Automation_Katalon_QE/katalon-healthcare/Reports/20240719_102040/API/API Regression Test/20240719_102040/requests/main/71.har

19-07-2024T10:22:38 - [MESSAGE][PASSED] - Send request successfully

19-07-2024T10:22:38 - [TEST_STEP][PASSED] - user = withRole("Doctor").getFirst(): null

19-07-2024T10:22:38 - [TEST_STEP][PASSED] - doctorToken = signIn(email, pwd).getAccessToken(): Send request successfully

19-07-2024T10:22:40 - [MESSAGE][INFO] - HAR: /Users/linh.phan/Automation_Katalon_QE/katalon-healthcare/Reports/20240719_102040/API/API Regression Test/20240719_102040/requests/main/72.har

19-07-2024T10:22:40 - [MESSAGE][PASSED] - Send request successfully

19-07-2024T10:22:40 - [TEST_STEP][PASSED] - newFullName = RandomProfileGenerator).generateRandomName(): null

19-07-2024T10:22:40 - [TEST_STEP][PASSED] - newPhoneNumber = RandomProfileGenerator).generateRandomPhoneNumber(): null

19-07-2024T10:22:40 - [TEST_STEP][PASSED] - gender = RandomProfileGenerator).generateRandomGender(): null

19-07-2024T10:22:40 - [TEST_STEP][PASSED] - address = RandomProfileGenerator).generateRandomAddress(): null

19-07-2024T10:22:40 - [TEST_STEP][PASSED] - birthday = RandomProfileGenerator).generateRandomBirthday(): null

19-07-2024T10:22:40 - [TEST_STEP][PASSED] - speciality = RandomProfileGenerator).generateRandomSpeciality(): Send request successfully

19-07-2024T10:22:41 - [MESSAGE][INFO] - HAR: /Users/linh.phan/Automation_Katalon_QE/katalon-healthcare/Reports/20240719_102040/API/API Regression Test/20240719_102040/requests/main/73.har

19-07-2024T10:22:41 - [MESSAGE][PASSED] - Send request successfully

19-07-2024T10:22:41 - [TEST_STEP][PASSED] - degree = RandomProfileGenerator).generateRandomDegree(): null

19-07-2024T10:22:41 - [TEST_STEP][PASSED] - description = RandomProfileGenerator).generateRandomDescription(): null

19-07-2024T10:22:41 - [TEST_STEP][PASSED] - photo = "photoAuto": null

19-07-2024T10:22:41 - [TEST_STEP][PASSED] - doctorId = id: Send request successfully

19-07-2024T10:22:42 - [MESSAGE][INFO] - HAR: /Users/linh.phan/Automation_Katalon_QE/katalon-healthcare/Reports/20240719_102040/API/API Regression Test/20240719_102040/requests/main/74.har

19-07-2024T10:22:42 - [MESSAGE][PASSED] - Send request successfully

19-07-2024T10:22:42 - [TEST_STEP][PASSED] - verifyStatusCode(200).verifyPropertyValue("message", "Review sent successfully"): Verify element property value successfully

19-07-2024T10:22:43 - [MESSAGE][INFO] - HAR: /Users/linh.phan/Automation_Katalon_QE/katalon-healthcare/Reports/20240719_102040/API/API Regression Test/20240719_102040/requests/main/75.har

19-07-2024T10:22:43 - [MESSAGE][PASSED] - Send request successfully

19-07-2024T10:22:43 - [MESSAGE][PASSED] - Verify response status code successfully

19-07-2024T10:22:43 - [MESSAGE][PASSED] - Verify element property value successfully

19-07-2024T10:22:43 - [TEST_STEP][PASSED] - Start listener action : after: null

19-07-2024T10:22:43 - [TEST_STEP][PASSED] - isAPIRunning = false: null

19-07-2024T10:22:43 - [TEST_STEP][ERROR] - Start listener action : closeApplication: com.kms.katalon.core.exception.StepFailedException: Unable to close app
	at com.kms.katalon.core.mobile.keyword.internal.MobileKeywordMain.stepFailed(MobileKeywordMain.groovy:38)
	at com.kms.katalon.core.mobile.keyword.internal.MobileKeywordMain.runKeyword(MobileKeywordMain.groovy:21)
	at com.kms.katalon.core.mobile.keyword.builtin.CloseApplicationKeyword.closeApplication(CloseApplicationKeyword.groovy:37)
	at com.kms.katalon.core.mobile.keyword.builtin.CloseApplicationKeyword.execute(CloseApplicationKeyword.groovy:32)
	at com.kms.katalon.core.keyword.internal.KeywordExecutor.executeKeywordForPlatform(KeywordExecutor.groovy:74)
	at com.kms.katalon.core.mobile.keyword.MobileBuiltInKeywords.closeApplication(MobileBuiltInKeywords.groovy:134)
	at BaseTest.closeApplication(BaseTest.groovy:36)
	at java.base/jdk.internal.reflect.NativeMethodAccessorImpl.invoke0(Native Method)
	at java.base/jdk.internal.reflect.NativeMethodAccessorImpl.invoke(NativeMethodAccessorImpl.java:77)
	at java.base/jdk.internal.reflect.DelegatingMethodAccessorImpl.invoke(DelegatingMethodAccessorImpl.java:43)
	at com.kms.katalon.core.context.internal.TestHooker.invokeMethod(TestHooker.java:111)
	at com.kms.katalon.core.context.internal.TestHooker.lambda$3(TestHooker.java:95)
	at com.kms.katalon.core.context.internal.TestHooker.invokeContextMethods(TestHooker.java:94)
	at com.kms.katalon.core.context.internal.TestListenerCollector.lambda$3(TestListenerCollector.java:88)
	at com.kms.katalon.core.context.internal.TestListenerCollector.handleListenerEvent(TestListenerCollector.java:85)
	at com.kms.katalon.core.context.internal.ExecutionEventManager.publicEvent(ExecutionEventManager.java:36)
	at com.kms.katalon.core.main.TestCaseExecutor.execute(TestCaseExecutor.java:315)
	at com.kms.katalon.core.common.CommonExecutor.accessTestCaseMainPhase(CommonExecutor.java:65)
	at com.kms.katalon.core.main.TestSuiteExecutor.accessTestSuiteMainPhase(TestSuiteExecutor.java:148)
	at com.kms.katalon.core.main.TestSuiteExecutor.execute(TestSuiteExecutor.java:106)
	at com.kms.katalon.core.main.TestCaseMain.startTestSuite(TestCaseMain.java:180)
	at TempTestSuite1721359240774.run(TempTestSuite1721359240774.groovy:35)
	at java.base/jdk.internal.reflect.NativeMethodAccessorImpl.invoke0(Native Method)
	at java.base/jdk.internal.reflect.NativeMethodAccessorImpl.invoke(NativeMethodAccessorImpl.java:77)
	at java.base/jdk.internal.reflect.DelegatingMethodAccessorImpl.invoke(DelegatingMethodAccessorImpl.java:43)
Caused by: com.kms.katalon.core.exception.StepFailedException: No driver found
	at java.base/jdk.internal.reflect.NativeConstructorAccessorImpl.newInstance0(Native Method)
	at java.base/jdk.internal.reflect.NativeConstructorAccessorImpl.newInstance(NativeConstructorAccessorImpl.java:77)
	at java.base/jdk.internal.reflect.DelegatingConstructorAccessorImpl.newInstance(DelegatingConstructorAccessorImpl.java:45)
	at com.kms.katalon.core.mobile.keyword.internal.MobileAbstractKeyword.getAnyAppiumDriver(MobileAbstractKeyword.groovy:43)
	at java.base/jdk.internal.reflect.NativeMethodAccessorImpl.invoke0(Native Method)
	at java.base/jdk.internal.reflect.NativeMethodAccessorImpl.invoke(NativeMethodAccessorImpl.java:77)
	at java.base/jdk.internal.reflect.DelegatingMethodAccessorImpl.invoke(DelegatingMethodAccessorImpl.java:43)
	at com.kms.katalon.core.mobile.keyword.builtin.CloseApplicationKeyword$_closeApplication_closure1.doCall(CloseApplicationKeyword.groovy:38)
	at com.kms.katalon.core.mobile.keyword.builtin.CloseApplicationKeyword$_closeApplication_closure1.call(CloseApplicationKeyword.groovy)
	at com.kms.katalon.core.mobile.keyword.internal.MobileKeywordMain.runKeyword(MobileKeywordMain.groovy:19)
	... 23 more


19-07-2024T10:22:43 - [TEST_STEP][ERROR] - if (!(isAPIRunning) & !(isWebRunning)): com.kms.katalon.core.exception.StepFailedException: Unable to close app
	at com.kms.katalon.core.mobile.keyword.internal.MobileKeywordMain.stepFailed(MobileKeywordMain.groovy:38)
	at com.kms.katalon.core.mobile.keyword.internal.MobileKeywordMain.runKeyword(MobileKeywordMain.groovy:21)
	at com.kms.katalon.core.mobile.keyword.builtin.CloseApplicationKeyword.closeApplication(CloseApplicationKeyword.groovy:37)
	at com.kms.katalon.core.mobile.keyword.builtin.CloseApplicationKeyword.execute(CloseApplicationKeyword.groovy:32)
	at com.kms.katalon.core.keyword.internal.KeywordExecutor.executeKeywordForPlatform(KeywordExecutor.groovy:74)
	at com.kms.katalon.core.mobile.keyword.MobileBuiltInKeywords.closeApplication(MobileBuiltInKeywords.groovy:134)
	at BaseTest.closeApplication(BaseTest.groovy:36)
	at java.base/jdk.internal.reflect.NativeMethodAccessorImpl.invoke0(Native Method)
	at java.base/jdk.internal.reflect.NativeMethodAccessorImpl.invoke(NativeMethodAccessorImpl.java:77)
	at java.base/jdk.internal.reflect.DelegatingMethodAccessorImpl.invoke(DelegatingMethodAccessorImpl.java:43)
	at com.kms.katalon.core.context.internal.TestHooker.invokeMethod(TestHooker.java:111)
	at com.kms.katalon.core.context.internal.TestHooker.lambda$3(TestHooker.java:95)
	at com.kms.katalon.core.context.internal.TestHooker.invokeContextMethods(TestHooker.java:94)
	at com.kms.katalon.core.context.internal.TestListenerCollector.lambda$3(TestListenerCollector.java:88)
	at com.kms.katalon.core.context.internal.TestListenerCollector.handleListenerEvent(TestListenerCollector.java:85)
	at com.kms.katalon.core.context.internal.ExecutionEventManager.publicEvent(ExecutionEventManager.java:36)
	at com.kms.katalon.core.main.TestCaseExecutor.execute(TestCaseExecutor.java:315)
	at com.kms.katalon.core.common.CommonExecutor.accessTestCaseMainPhase(CommonExecutor.java:65)
	at com.kms.katalon.core.main.TestSuiteExecutor.accessTestSuiteMainPhase(TestSuiteExecutor.java:148)
	at com.kms.katalon.core.main.TestSuiteExecutor.execute(TestSuiteExecutor.java:106)
	at com.kms.katalon.core.main.TestCaseMain.startTestSuite(TestCaseMain.java:180)
	at TempTestSuite1721359240774.run(TempTestSuite1721359240774.groovy:35)
	at java.base/jdk.internal.reflect.NativeMethodAccessorImpl.invoke0(Native Method)
	at java.base/jdk.internal.reflect.NativeMethodAccessorImpl.invoke(NativeMethodAccessorImpl.java:77)
	at java.base/jdk.internal.reflect.DelegatingMethodAccessorImpl.invoke(DelegatingMethodAccessorImpl.java:43)
Caused by: com.kms.katalon.core.exception.StepFailedException: No driver found
	at java.base/jdk.internal.reflect.NativeConstructorAccessorImpl.newInstance0(Native Method)
	at java.base/jdk.internal.reflect.NativeConstructorAccessorImpl.newInstance(NativeConstructorAccessorImpl.java:77)
	at java.base/jdk.internal.reflect.DelegatingConstructorAccessorImpl.newInstance(DelegatingConstructorAccessorImpl.java:45)
	at com.kms.katalon.core.mobile.keyword.internal.MobileAbstractKeyword.getAnyAppiumDriver(MobileAbstractKeyword.groovy:43)
	at java.base/jdk.internal.reflect.NativeMethodAccessorImpl.invoke0(Native Method)
	at java.base/jdk.internal.reflect.NativeMethodAccessorImpl.invoke(NativeMethodAccessorImpl.java:77)
	at java.base/jdk.internal.reflect.DelegatingMethodAccessorImpl.invoke(DelegatingMethodAccessorImpl.java:43)
	at com.kms.katalon.core.mobile.keyword.builtin.CloseApplicationKeyword$_closeApplication_closure1.doCall(CloseApplicationKeyword.groovy:38)
	at com.kms.katalon.core.mobile.keyword.builtin.CloseApplicationKeyword$_closeApplication_closure1.call(CloseApplicationKeyword.groovy)
	at com.kms.katalon.core.mobile.keyword.internal.MobileKeywordMain.runKeyword(MobileKeywordMain.groovy:19)
	... 23 more


19-07-2024T10:22:43 - [TEST_STEP][ERROR] - closeApplication(): com.kms.katalon.core.exception.StepFailedException: Unable to close app
	at com.kms.katalon.core.mobile.keyword.internal.MobileKeywordMain.stepFailed(MobileKeywordMain.groovy:38)
	at com.kms.katalon.core.mobile.keyword.internal.MobileKeywordMain.runKeyword(MobileKeywordMain.groovy:21)
	at com.kms.katalon.core.mobile.keyword.builtin.CloseApplicationKeyword.closeApplication(CloseApplicationKeyword.groovy:37)
	at com.kms.katalon.core.mobile.keyword.builtin.CloseApplicationKeyword.execute(CloseApplicationKeyword.groovy:32)
	at com.kms.katalon.core.keyword.internal.KeywordExecutor.executeKeywordForPlatform(KeywordExecutor.groovy:74)
	at com.kms.katalon.core.mobile.keyword.MobileBuiltInKeywords.closeApplication(MobileBuiltInKeywords.groovy:134)
	at BaseTest.closeApplication(BaseTest.groovy:36)
	at java.base/jdk.internal.reflect.NativeMethodAccessorImpl.invoke0(Native Method)
	at java.base/jdk.internal.reflect.NativeMethodAccessorImpl.invoke(NativeMethodAccessorImpl.java:77)
	at java.base/jdk.internal.reflect.DelegatingMethodAccessorImpl.invoke(DelegatingMethodAccessorImpl.java:43)
	at com.kms.katalon.core.context.internal.TestHooker.invokeMethod(TestHooker.java:111)
	at com.kms.katalon.core.context.internal.TestHooker.lambda$3(TestHooker.java:95)
	at com.kms.katalon.core.context.internal.TestHooker.invokeContextMethods(TestHooker.java:94)
	at com.kms.katalon.core.context.internal.TestListenerCollector.lambda$3(TestListenerCollector.java:88)
	at com.kms.katalon.core.context.internal.TestListenerCollector.handleListenerEvent(TestListenerCollector.java:85)
	at com.kms.katalon.core.context.internal.ExecutionEventManager.publicEvent(ExecutionEventManager.java:36)
	at com.kms.katalon.core.main.TestCaseExecutor.execute(TestCaseExecutor.java:315)
	at com.kms.katalon.core.common.CommonExecutor.accessTestCaseMainPhase(CommonExecutor.java:65)
	at com.kms.katalon.core.main.TestSuiteExecutor.accessTestSuiteMainPhase(TestSuiteExecutor.java:148)
	at com.kms.katalon.core.main.TestSuiteExecutor.execute(TestSuiteExecutor.java:106)
	at com.kms.katalon.core.main.TestCaseMain.startTestSuite(TestCaseMain.java:180)
	at TempTestSuite1721359240774.run(TempTestSuite1721359240774.groovy:35)
	at java.base/jdk.internal.reflect.NativeMethodAccessorImpl.invoke0(Native Method)
	at java.base/jdk.internal.reflect.NativeMethodAccessorImpl.invoke(NativeMethodAccessorImpl.java:77)
	at java.base/jdk.internal.reflect.DelegatingMethodAccessorImpl.invoke(DelegatingMethodAccessorImpl.java:43)
Caused by: com.kms.katalon.core.exception.StepFailedException: No driver found
	at java.base/jdk.internal.reflect.NativeConstructorAccessorImpl.newInstance0(Native Method)
	at java.base/jdk.internal.reflect.NativeConstructorAccessorImpl.newInstance(NativeConstructorAccessorImpl.java:77)
	at java.base/jdk.internal.reflect.DelegatingConstructorAccessorImpl.newInstance(DelegatingConstructorAccessorImpl.java:45)
	at com.kms.katalon.core.mobile.keyword.internal.MobileAbstractKeyword.getAnyAppiumDriver(MobileAbstractKeyword.groovy:43)
	at java.base/jdk.internal.reflect.NativeMethodAccessorImpl.invoke0(Native Method)
	at java.base/jdk.internal.reflect.NativeMethodAccessorImpl.invoke(NativeMethodAccessorImpl.java:77)
	at java.base/jdk.internal.reflect.DelegatingMethodAccessorImpl.invoke(DelegatingMethodAccessorImpl.java:43)
	at com.kms.katalon.core.mobile.keyword.builtin.CloseApplicationKeyword$_closeApplication_closure1.doCall(CloseApplicationKeyword.groovy:38)
	at com.kms.katalon.core.mobile.keyword.builtin.CloseApplicationKeyword$_closeApplication_closure1.call(CloseApplicationKeyword.groovy)
	at com.kms.katalon.core.mobile.keyword.internal.MobileKeywordMain.runKeyword(MobileKeywordMain.groovy:19)
	... 23 more


19-07-2024T10:22:43 - [MESSAGE][FAILED] - Unable to close app (Root cause: com.kms.katalon.core.exception.StepFailedException: Unable to close app
	at com.kms.katalon.core.mobile.keyword.internal.MobileKeywordMain.stepFailed(MobileKeywordMain.groovy:38)
	at com.kms.katalon.core.mobile.keyword.internal.MobileKeywordMain.runKeyword(MobileKeywordMain.groovy:21)
	at com.kms.katalon.core.mobile.keyword.builtin.CloseApplicationKeyword.closeApplication(CloseApplicationKeyword.groovy:37)
	at com.kms.katalon.core.mobile.keyword.builtin.CloseApplicationKeyword.execute(CloseApplicationKeyword.groovy:32)
	at com.kms.katalon.core.keyword.internal.KeywordExecutor.executeKeywordForPlatform(KeywordExecutor.groovy:74)
	at com.kms.katalon.core.mobile.keyword.MobileBuiltInKeywords.closeApplication(MobileBuiltInKeywords.groovy:134)
	at BaseTest.closeApplication(BaseTest.groovy:36)
	at java.base/jdk.internal.reflect.NativeMethodAccessorImpl.invoke0(Native Method)
	at java.base/jdk.internal.reflect.NativeMethodAccessorImpl.invoke(NativeMethodAccessorImpl.java:77)
	at java.base/jdk.internal.reflect.DelegatingMethodAccessorImpl.invoke(DelegatingMethodAccessorImpl.java:43)
	at com.kms.katalon.core.context.internal.TestHooker.invokeMethod(TestHooker.java:111)
	at com.kms.katalon.core.context.internal.TestHooker.lambda$3(TestHooker.java:95)
	at com.kms.katalon.core.context.internal.TestHooker.invokeContextMethods(TestHooker.java:94)
	at com.kms.katalon.core.context.internal.TestListenerCollector.lambda$3(TestListenerCollector.java:88)
	at com.kms.katalon.core.context.internal.TestListenerCollector.handleListenerEvent(TestListenerCollector.java:85)
	at com.kms.katalon.core.context.internal.ExecutionEventManager.publicEvent(ExecutionEventManager.java:36)
	at com.kms.katalon.core.main.TestCaseExecutor.execute(TestCaseExecutor.java:315)
	at com.kms.katalon.core.common.CommonExecutor.accessTestCaseMainPhase(CommonExecutor.java:65)
	at com.kms.katalon.core.main.TestSuiteExecutor.accessTestSuiteMainPhase(TestSuiteExecutor.java:148)
	at com.kms.katalon.core.main.TestSuiteExecutor.execute(TestSuiteExecutor.java:106)
	at com.kms.katalon.core.main.TestCaseMain.startTestSuite(TestCaseMain.java:180)
	at TempTestSuite1721359240774.run(TempTestSuite1721359240774.groovy:35)
	at java.base/jdk.internal.reflect.NativeMethodAccessorImpl.invoke0(Native Method)
	at java.base/jdk.internal.reflect.NativeMethodAccessorImpl.invoke(NativeMethodAccessorImpl.java:77)
	at java.base/jdk.internal.reflect.DelegatingMethodAccessorImpl.invoke(DelegatingMethodAccessorImpl.java:43)
Caused by: com.kms.katalon.core.exception.StepFailedException: No driver found
	at java.base/jdk.internal.reflect.NativeConstructorAccessorImpl.newInstance0(Native Method)
	at java.base/jdk.internal.reflect.NativeConstructorAccessorImpl.newInstance(NativeConstructorAccessorImpl.java:77)
	at java.base/jdk.internal.reflect.DelegatingConstructorAccessorImpl.newInstance(DelegatingConstructorAccessorImpl.java:45)
	at com.kms.katalon.core.mobile.keyword.internal.MobileAbstractKeyword.getAnyAppiumDriver(MobileAbstractKeyword.groovy:43)
	at java.base/jdk.internal.reflect.NativeMethodAccessorImpl.invoke0(Native Method)
	at java.base/jdk.internal.reflect.NativeMethodAccessorImpl.invoke(NativeMethodAccessorImpl.java:77)
	at java.base/jdk.internal.reflect.DelegatingMethodAccessorImpl.invoke(DelegatingMethodAccessorImpl.java:43)
	at com.kms.katalon.core.mobile.keyword.builtin.CloseApplicationKeyword$_closeApplication_closure1.doCall(CloseApplicationKeyword.groovy:38)
	at com.kms.katalon.core.mobile.keyword.builtin.CloseApplicationKeyword$_closeApplication_closure1.call(CloseApplicationKeyword.groovy)
	at com.kms.katalon.core.mobile.keyword.internal.MobileKeywordMain.runKeyword(MobileKeywordMain.groovy:19)
	... 23 more
)

19-07-2024T10:22:43 - [MESSAGE][ERROR] - com.kms.katalon.core.exception.StepFailedException: Unable to close app
	at com.kms.katalon.core.mobile.keyword.internal.MobileKeywordMain.stepFailed(MobileKeywordMain.groovy:38)
	at com.kms.katalon.core.mobile.keyword.internal.MobileKeywordMain.runKeyword(MobileKeywordMain.groovy:21)
	at com.kms.katalon.core.mobile.keyword.builtin.CloseApplicationKeyword.closeApplication(CloseApplicationKeyword.groovy:37)
	at com.kms.katalon.core.mobile.keyword.builtin.CloseApplicationKeyword.execute(CloseApplicationKeyword.groovy:32)
	at com.kms.katalon.core.keyword.internal.KeywordExecutor.executeKeywordForPlatform(KeywordExecutor.groovy:74)
	at com.kms.katalon.core.mobile.keyword.MobileBuiltInKeywords.closeApplication(MobileBuiltInKeywords.groovy:134)
	at BaseTest.closeApplication(BaseTest.groovy:36)
	at java.base/jdk.internal.reflect.NativeMethodAccessorImpl.invoke0(Native Method)
	at java.base/jdk.internal.reflect.NativeMethodAccessorImpl.invoke(NativeMethodAccessorImpl.java:77)
	at java.base/jdk.internal.reflect.DelegatingMethodAccessorImpl.invoke(DelegatingMethodAccessorImpl.java:43)
	at com.kms.katalon.core.context.internal.TestHooker.invokeMethod(TestHooker.java:111)
	at com.kms.katalon.core.context.internal.TestHooker.lambda$3(TestHooker.java:95)
	at com.kms.katalon.core.context.internal.TestHooker.invokeContextMethods(TestHooker.java:94)
	at com.kms.katalon.core.context.internal.TestListenerCollector.lambda$3(TestListenerCollector.java:88)
	at com.kms.katalon.core.context.internal.TestListenerCollector.handleListenerEvent(TestListenerCollector.java:85)
	at com.kms.katalon.core.context.internal.ExecutionEventManager.publicEvent(ExecutionEventManager.java:36)
	at com.kms.katalon.core.main.TestCaseExecutor.execute(TestCaseExecutor.java:315)
	at com.kms.katalon.core.common.CommonExecutor.accessTestCaseMainPhase(CommonExecutor.java:65)
	at com.kms.katalon.core.main.TestSuiteExecutor.accessTestSuiteMainPhase(TestSuiteExecutor.java:148)
	at com.kms.katalon.core.main.TestSuiteExecutor.execute(TestSuiteExecutor.java:106)
	at com.kms.katalon.core.main.TestCaseMain.startTestSuite(TestCaseMain.java:180)
	at TempTestSuite1721359240774.run(TempTestSuite1721359240774.groovy:35)
	at java.base/jdk.internal.reflect.NativeMethodAccessorImpl.invoke0(Native Method)
	at java.base/jdk.internal.reflect.NativeMethodAccessorImpl.invoke(NativeMethodAccessorImpl.java:77)
	at java.base/jdk.internal.reflect.DelegatingMethodAccessorImpl.invoke(DelegatingMethodAccessorImpl.java:43)
Caused by: com.kms.katalon.core.exception.StepFailedException: No driver found
	at java.base/jdk.internal.reflect.NativeConstructorAccessorImpl.newInstance0(Native Method)
	at java.base/jdk.internal.reflect.NativeConstructorAccessorImpl.newInstance(NativeConstructorAccessorImpl.java:77)
	at java.base/jdk.internal.reflect.DelegatingConstructorAccessorImpl.newInstance(DelegatingConstructorAccessorImpl.java:45)
	at com.kms.katalon.core.mobile.keyword.internal.MobileAbstractKeyword.getAnyAppiumDriver(MobileAbstractKeyword.groovy:43)
	at java.base/jdk.internal.reflect.NativeMethodAccessorImpl.invoke0(Native Method)
	at java.base/jdk.internal.reflect.NativeMethodAccessorImpl.invoke(NativeMethodAccessorImpl.java:77)
	at java.base/jdk.internal.reflect.DelegatingMethodAccessorImpl.invoke(DelegatingMethodAccessorImpl.java:43)
	at com.kms.katalon.core.mobile.keyword.builtin.CloseApplicationKeyword$_closeApplication_closure1.doCall(CloseApplicationKeyword.groovy:38)
	at com.kms.katalon.core.mobile.keyword.builtin.CloseApplicationKeyword$_closeApplication_closure1.call(CloseApplicationKeyword.groovy)
	at com.kms.katalon.core.mobile.keyword.internal.MobileKeywordMain.runKeyword(MobileKeywordMain.groovy:19)
	... 23 more


19-07-2024T10:22:43 - [TEST_STEP][PASSED] - Start listener action : closeBrowser: null

19-07-2024T10:22:43 - [TEST_STEP][PASSED] - if (!(isAPIRunning) & isWebRunning): null]]></system-out>
         <system-err><![CDATA[]]></system-err>
      </testcase>
      <testcase name="Test Cases/API/Doctor Profile Draft/GET_Verify get doctor draft profile by id successfully" time="9.897" classname="Test Cases/API/Doctor Profile Draft/GET_Verify get doctor draft profile by id successfully" status="PASSED">
         <system-out><![CDATA[19-07-2024T10:22:43 - [TEST_CASE][PASSED] - Test Cases/API/Doctor Profile Draft/GET_Verify get doctor draft profile by id successfully: Test Cases/API/Doctor Profile Draft/GET_Verify get doctor draft profile by id successfully

19-07-2024T10:22:43 - [TEST_STEP][PASSED] - Start listener action : before: null

19-07-2024T10:22:43 - [TEST_STEP][PASSED] - if (isApiTestCase(testCaseContext.getTestCaseId())): null

19-07-2024T10:22:43 - [TEST_STEP][PASSED] - if (isWebTestCase(testCaseContext.getTestCaseId())): null

19-07-2024T10:22:43 - [TEST_STEP][PASSED] - Start listener action : openApplication: null

19-07-2024T10:22:43 - [TEST_STEP][PASSED] - if (!(isAPIRunning) & !(isWebRunning)): null

19-07-2024T10:22:43 - [TEST_STEP][PASSED] - Start listener action : openBrowser: null

19-07-2024T10:22:43 - [TEST_STEP][PASSED] - if (!(isAPIRunning) & isWebRunning): null

19-07-2024T10:22:43 - [TEST_STEP][PASSED] - user = withRole("Admin").getFirst(): null

19-07-2024T10:22:43 - [TEST_STEP][PASSED] - adminToken = signIn(email, pwd).getAccessToken(): Send request successfully

19-07-2024T10:22:45 - [MESSAGE][INFO] - HAR: /Users/linh.phan/Automation_Katalon_QE/katalon-healthcare/Reports/20240719_102040/API/API Regression Test/20240719_102040/requests/main/76.har

19-07-2024T10:22:45 - [MESSAGE][PASSED] - Send request successfully

19-07-2024T10:22:45 - [TEST_STEP][PASSED] - email = RandomProfileGenerator).generateRandomEmail(): null

19-07-2024T10:22:45 - [TEST_STEP][PASSED] - fullName = RandomProfileGenerator).generateRandomName(): null

19-07-2024T10:22:45 - [TEST_STEP][PASSED] - phoneNumber = RandomProfileGenerator).generateRandomPhoneNumber(): null

19-07-2024T10:22:45 - [TEST_STEP][PASSED] - password = "P@ssw0rd@auto": null

19-07-2024T10:22:45 - [TEST_STEP][PASSED] - createDoctor(adminToken, email, fullName, phoneNumber, password).verifyStatusCode(200): Verify response status code successfully

19-07-2024T10:22:47 - [MESSAGE][INFO] - HAR: /Users/linh.phan/Automation_Katalon_QE/katalon-healthcare/Reports/20240719_102040/API/API Regression Test/20240719_102040/requests/main/77.har

19-07-2024T10:22:47 - [MESSAGE][PASSED] - Send request successfully

19-07-2024T10:22:47 - [MESSAGE][PASSED] - Verify response status code successfully

19-07-2024T10:22:47 - [TEST_STEP][PASSED] - user = withRole("Doctor").getFirst(): null

19-07-2024T10:22:47 - [TEST_STEP][PASSED] - doctorToken = signIn(email, pwd).getAccessToken(): Send request successfully

19-07-2024T10:22:48 - [MESSAGE][INFO] - HAR: /Users/linh.phan/Automation_Katalon_QE/katalon-healthcare/Reports/20240719_102040/API/API Regression Test/20240719_102040/requests/main/78.har

19-07-2024T10:22:48 - [MESSAGE][PASSED] - Send request successfully

19-07-2024T10:22:48 - [TEST_STEP][PASSED] - newFullName = RandomProfileGenerator).generateRandomName(): null

19-07-2024T10:22:48 - [TEST_STEP][PASSED] - newPhoneNumber = RandomProfileGenerator).generateRandomPhoneNumber(): null

19-07-2024T10:22:48 - [TEST_STEP][PASSED] - gender = RandomProfileGenerator).generateRandomGender(): null

19-07-2024T10:22:48 - [TEST_STEP][PASSED] - address = RandomProfileGenerator).generateRandomAddress(): null

19-07-2024T10:22:48 - [TEST_STEP][PASSED] - birthday = RandomProfileGenerator).generateRandomBirthday(): null

19-07-2024T10:22:48 - [TEST_STEP][PASSED] - speciality = RandomProfileGenerator).generateRandomSpeciality(): Send request successfully

19-07-2024T10:22:49 - [MESSAGE][INFO] - HAR: /Users/linh.phan/Automation_Katalon_QE/katalon-healthcare/Reports/20240719_102040/API/API Regression Test/20240719_102040/requests/main/79.har

19-07-2024T10:22:49 - [MESSAGE][PASSED] - Send request successfully

19-07-2024T10:22:49 - [TEST_STEP][PASSED] - degree = RandomProfileGenerator).generateRandomDegree(): null

19-07-2024T10:22:49 - [TEST_STEP][PASSED] - description = RandomProfileGenerator).generateRandomDescription(): null

19-07-2024T10:22:49 - [TEST_STEP][PASSED] - photo = "photoAuto": null

19-07-2024T10:22:49 - [TEST_STEP][PASSED] - doctorId = id: Verify response status code successfully

19-07-2024T10:22:51 - [MESSAGE][INFO] - HAR: /Users/linh.phan/Automation_Katalon_QE/katalon-healthcare/Reports/20240719_102040/API/API Regression Test/20240719_102040/requests/main/80.har

19-07-2024T10:22:51 - [MESSAGE][PASSED] - Send request successfully

19-07-2024T10:22:51 - [MESSAGE][PASSED] - Verify response status code successfully

19-07-2024T10:22:51 - [TEST_STEP][PASSED] - description", description).hasProperty("data.activated"): Verify element property value successfully

19-07-2024T10:22:53 - [MESSAGE][INFO] - HAR: /Users/linh.phan/Automation_Katalon_QE/katalon-healthcare/Reports/20240719_102040/API/API Regression Test/20240719_102040/requests/main/81.har

19-07-2024T10:22:53 - [MESSAGE][PASSED] - Send request successfully

19-07-2024T10:22:53 - [MESSAGE][PASSED] - Verify response status code successfully

19-07-2024T10:22:53 - [MESSAGE][PASSED] - Verify element property value successfully

19-07-2024T10:22:53 - [MESSAGE][PASSED] - Verify element property value successfully

19-07-2024T10:22:53 - [MESSAGE][PASSED] - Verify element property value successfully

19-07-2024T10:22:53 - [MESSAGE][PASSED] - Verify element property value successfully

19-07-2024T10:22:53 - [MESSAGE][PASSED] - Verify element property value successfully

19-07-2024T10:22:53 - [MESSAGE][PASSED] - Verify element property value successfully

19-07-2024T10:22:53 - [MESSAGE][PASSED] - Verify element property value successfully

19-07-2024T10:22:53 - [MESSAGE][PASSED] - Verify element property value successfully

19-07-2024T10:22:53 - [MESSAGE][PASSED] - Verify element property value successfully

19-07-2024T10:22:53 - [MESSAGE][PASSED] - Verify element property value successfully

19-07-2024T10:22:53 - [TEST_STEP][PASSED] - Start listener action : after: null

19-07-2024T10:22:53 - [TEST_STEP][PASSED] - isAPIRunning = false: null

19-07-2024T10:22:53 - [TEST_STEP][ERROR] - Start listener action : closeApplication: com.kms.katalon.core.exception.StepFailedException: Unable to close app
	at com.kms.katalon.core.mobile.keyword.internal.MobileKeywordMain.stepFailed(MobileKeywordMain.groovy:38)
	at com.kms.katalon.core.mobile.keyword.internal.MobileKeywordMain.runKeyword(MobileKeywordMain.groovy:21)
	at com.kms.katalon.core.mobile.keyword.builtin.CloseApplicationKeyword.closeApplication(CloseApplicationKeyword.groovy:37)
	at com.kms.katalon.core.mobile.keyword.builtin.CloseApplicationKeyword.execute(CloseApplicationKeyword.groovy:32)
	at com.kms.katalon.core.keyword.internal.KeywordExecutor.executeKeywordForPlatform(KeywordExecutor.groovy:74)
	at com.kms.katalon.core.mobile.keyword.MobileBuiltInKeywords.closeApplication(MobileBuiltInKeywords.groovy:134)
	at BaseTest.closeApplication(BaseTest.groovy:36)
	at java.base/jdk.internal.reflect.NativeMethodAccessorImpl.invoke0(Native Method)
	at java.base/jdk.internal.reflect.NativeMethodAccessorImpl.invoke(NativeMethodAccessorImpl.java:77)
	at java.base/jdk.internal.reflect.DelegatingMethodAccessorImpl.invoke(DelegatingMethodAccessorImpl.java:43)
	at com.kms.katalon.core.context.internal.TestHooker.invokeMethod(TestHooker.java:111)
	at com.kms.katalon.core.context.internal.TestHooker.lambda$3(TestHooker.java:95)
	at com.kms.katalon.core.context.internal.TestHooker.invokeContextMethods(TestHooker.java:94)
	at com.kms.katalon.core.context.internal.TestListenerCollector.lambda$3(TestListenerCollector.java:88)
	at com.kms.katalon.core.context.internal.TestListenerCollector.handleListenerEvent(TestListenerCollector.java:85)
	at com.kms.katalon.core.context.internal.ExecutionEventManager.publicEvent(ExecutionEventManager.java:36)
	at com.kms.katalon.core.main.TestCaseExecutor.execute(TestCaseExecutor.java:315)
	at com.kms.katalon.core.common.CommonExecutor.accessTestCaseMainPhase(CommonExecutor.java:65)
	at com.kms.katalon.core.main.TestSuiteExecutor.accessTestSuiteMainPhase(TestSuiteExecutor.java:148)
	at com.kms.katalon.core.main.TestSuiteExecutor.execute(TestSuiteExecutor.java:106)
	at com.kms.katalon.core.main.TestCaseMain.startTestSuite(TestCaseMain.java:180)
	at TempTestSuite1721359240774.run(TempTestSuite1721359240774.groovy:35)
	at java.base/jdk.internal.reflect.NativeMethodAccessorImpl.invoke0(Native Method)
	at java.base/jdk.internal.reflect.NativeMethodAccessorImpl.invoke(NativeMethodAccessorImpl.java:77)
	at java.base/jdk.internal.reflect.DelegatingMethodAccessorImpl.invoke(DelegatingMethodAccessorImpl.java:43)
Caused by: com.kms.katalon.core.exception.StepFailedException: No driver found
	at java.base/jdk.internal.reflect.NativeConstructorAccessorImpl.newInstance0(Native Method)
	at java.base/jdk.internal.reflect.NativeConstructorAccessorImpl.newInstance(NativeConstructorAccessorImpl.java:77)
	at java.base/jdk.internal.reflect.DelegatingConstructorAccessorImpl.newInstance(DelegatingConstructorAccessorImpl.java:45)
	at com.kms.katalon.core.mobile.keyword.internal.MobileAbstractKeyword.getAnyAppiumDriver(MobileAbstractKeyword.groovy:43)
	at java.base/jdk.internal.reflect.NativeMethodAccessorImpl.invoke0(Native Method)
	at java.base/jdk.internal.reflect.NativeMethodAccessorImpl.invoke(NativeMethodAccessorImpl.java:77)
	at java.base/jdk.internal.reflect.DelegatingMethodAccessorImpl.invoke(DelegatingMethodAccessorImpl.java:43)
	at com.kms.katalon.core.mobile.keyword.builtin.CloseApplicationKeyword$_closeApplication_closure1.doCall(CloseApplicationKeyword.groovy:38)
	at com.kms.katalon.core.mobile.keyword.builtin.CloseApplicationKeyword$_closeApplication_closure1.call(CloseApplicationKeyword.groovy)
	at com.kms.katalon.core.mobile.keyword.internal.MobileKeywordMain.runKeyword(MobileKeywordMain.groovy:19)
	... 23 more


19-07-2024T10:22:53 - [TEST_STEP][ERROR] - if (!(isAPIRunning) & !(isWebRunning)): com.kms.katalon.core.exception.StepFailedException: Unable to close app
	at com.kms.katalon.core.mobile.keyword.internal.MobileKeywordMain.stepFailed(MobileKeywordMain.groovy:38)
	at com.kms.katalon.core.mobile.keyword.internal.MobileKeywordMain.runKeyword(MobileKeywordMain.groovy:21)
	at com.kms.katalon.core.mobile.keyword.builtin.CloseApplicationKeyword.closeApplication(CloseApplicationKeyword.groovy:37)
	at com.kms.katalon.core.mobile.keyword.builtin.CloseApplicationKeyword.execute(CloseApplicationKeyword.groovy:32)
	at com.kms.katalon.core.keyword.internal.KeywordExecutor.executeKeywordForPlatform(KeywordExecutor.groovy:74)
	at com.kms.katalon.core.mobile.keyword.MobileBuiltInKeywords.closeApplication(MobileBuiltInKeywords.groovy:134)
	at BaseTest.closeApplication(BaseTest.groovy:36)
	at java.base/jdk.internal.reflect.NativeMethodAccessorImpl.invoke0(Native Method)
	at java.base/jdk.internal.reflect.NativeMethodAccessorImpl.invoke(NativeMethodAccessorImpl.java:77)
	at java.base/jdk.internal.reflect.DelegatingMethodAccessorImpl.invoke(DelegatingMethodAccessorImpl.java:43)
	at com.kms.katalon.core.context.internal.TestHooker.invokeMethod(TestHooker.java:111)
	at com.kms.katalon.core.context.internal.TestHooker.lambda$3(TestHooker.java:95)
	at com.kms.katalon.core.context.internal.TestHooker.invokeContextMethods(TestHooker.java:94)
	at com.kms.katalon.core.context.internal.TestListenerCollector.lambda$3(TestListenerCollector.java:88)
	at com.kms.katalon.core.context.internal.TestListenerCollector.handleListenerEvent(TestListenerCollector.java:85)
	at com.kms.katalon.core.context.internal.ExecutionEventManager.publicEvent(ExecutionEventManager.java:36)
	at com.kms.katalon.core.main.TestCaseExecutor.execute(TestCaseExecutor.java:315)
	at com.kms.katalon.core.common.CommonExecutor.accessTestCaseMainPhase(CommonExecutor.java:65)
	at com.kms.katalon.core.main.TestSuiteExecutor.accessTestSuiteMainPhase(TestSuiteExecutor.java:148)
	at com.kms.katalon.core.main.TestSuiteExecutor.execute(TestSuiteExecutor.java:106)
	at com.kms.katalon.core.main.TestCaseMain.startTestSuite(TestCaseMain.java:180)
	at TempTestSuite1721359240774.run(TempTestSuite1721359240774.groovy:35)
	at java.base/jdk.internal.reflect.NativeMethodAccessorImpl.invoke0(Native Method)
	at java.base/jdk.internal.reflect.NativeMethodAccessorImpl.invoke(NativeMethodAccessorImpl.java:77)
	at java.base/jdk.internal.reflect.DelegatingMethodAccessorImpl.invoke(DelegatingMethodAccessorImpl.java:43)
Caused by: com.kms.katalon.core.exception.StepFailedException: No driver found
	at java.base/jdk.internal.reflect.NativeConstructorAccessorImpl.newInstance0(Native Method)
	at java.base/jdk.internal.reflect.NativeConstructorAccessorImpl.newInstance(NativeConstructorAccessorImpl.java:77)
	at java.base/jdk.internal.reflect.DelegatingConstructorAccessorImpl.newInstance(DelegatingConstructorAccessorImpl.java:45)
	at com.kms.katalon.core.mobile.keyword.internal.MobileAbstractKeyword.getAnyAppiumDriver(MobileAbstractKeyword.groovy:43)
	at java.base/jdk.internal.reflect.NativeMethodAccessorImpl.invoke0(Native Method)
	at java.base/jdk.internal.reflect.NativeMethodAccessorImpl.invoke(NativeMethodAccessorImpl.java:77)
	at java.base/jdk.internal.reflect.DelegatingMethodAccessorImpl.invoke(DelegatingMethodAccessorImpl.java:43)
	at com.kms.katalon.core.mobile.keyword.builtin.CloseApplicationKeyword$_closeApplication_closure1.doCall(CloseApplicationKeyword.groovy:38)
	at com.kms.katalon.core.mobile.keyword.builtin.CloseApplicationKeyword$_closeApplication_closure1.call(CloseApplicationKeyword.groovy)
	at com.kms.katalon.core.mobile.keyword.internal.MobileKeywordMain.runKeyword(MobileKeywordMain.groovy:19)
	... 23 more


19-07-2024T10:22:53 - [TEST_STEP][ERROR] - closeApplication(): com.kms.katalon.core.exception.StepFailedException: Unable to close app
	at com.kms.katalon.core.mobile.keyword.internal.MobileKeywordMain.stepFailed(MobileKeywordMain.groovy:38)
	at com.kms.katalon.core.mobile.keyword.internal.MobileKeywordMain.runKeyword(MobileKeywordMain.groovy:21)
	at com.kms.katalon.core.mobile.keyword.builtin.CloseApplicationKeyword.closeApplication(CloseApplicationKeyword.groovy:37)
	at com.kms.katalon.core.mobile.keyword.builtin.CloseApplicationKeyword.execute(CloseApplicationKeyword.groovy:32)
	at com.kms.katalon.core.keyword.internal.KeywordExecutor.executeKeywordForPlatform(KeywordExecutor.groovy:74)
	at com.kms.katalon.core.mobile.keyword.MobileBuiltInKeywords.closeApplication(MobileBuiltInKeywords.groovy:134)
	at BaseTest.closeApplication(BaseTest.groovy:36)
	at java.base/jdk.internal.reflect.NativeMethodAccessorImpl.invoke0(Native Method)
	at java.base/jdk.internal.reflect.NativeMethodAccessorImpl.invoke(NativeMethodAccessorImpl.java:77)
	at java.base/jdk.internal.reflect.DelegatingMethodAccessorImpl.invoke(DelegatingMethodAccessorImpl.java:43)
	at com.kms.katalon.core.context.internal.TestHooker.invokeMethod(TestHooker.java:111)
	at com.kms.katalon.core.context.internal.TestHooker.lambda$3(TestHooker.java:95)
	at com.kms.katalon.core.context.internal.TestHooker.invokeContextMethods(TestHooker.java:94)
	at com.kms.katalon.core.context.internal.TestListenerCollector.lambda$3(TestListenerCollector.java:88)
	at com.kms.katalon.core.context.internal.TestListenerCollector.handleListenerEvent(TestListenerCollector.java:85)
	at com.kms.katalon.core.context.internal.ExecutionEventManager.publicEvent(ExecutionEventManager.java:36)
	at com.kms.katalon.core.main.TestCaseExecutor.execute(TestCaseExecutor.java:315)
	at com.kms.katalon.core.common.CommonExecutor.accessTestCaseMainPhase(CommonExecutor.java:65)
	at com.kms.katalon.core.main.TestSuiteExecutor.accessTestSuiteMainPhase(TestSuiteExecutor.java:148)
	at com.kms.katalon.core.main.TestSuiteExecutor.execute(TestSuiteExecutor.java:106)
	at com.kms.katalon.core.main.TestCaseMain.startTestSuite(TestCaseMain.java:180)
	at TempTestSuite1721359240774.run(TempTestSuite1721359240774.groovy:35)
	at java.base/jdk.internal.reflect.NativeMethodAccessorImpl.invoke0(Native Method)
	at java.base/jdk.internal.reflect.NativeMethodAccessorImpl.invoke(NativeMethodAccessorImpl.java:77)
	at java.base/jdk.internal.reflect.DelegatingMethodAccessorImpl.invoke(DelegatingMethodAccessorImpl.java:43)
Caused by: com.kms.katalon.core.exception.StepFailedException: No driver found
	at java.base/jdk.internal.reflect.NativeConstructorAccessorImpl.newInstance0(Native Method)
	at java.base/jdk.internal.reflect.NativeConstructorAccessorImpl.newInstance(NativeConstructorAccessorImpl.java:77)
	at java.base/jdk.internal.reflect.DelegatingConstructorAccessorImpl.newInstance(DelegatingConstructorAccessorImpl.java:45)
	at com.kms.katalon.core.mobile.keyword.internal.MobileAbstractKeyword.getAnyAppiumDriver(MobileAbstractKeyword.groovy:43)
	at java.base/jdk.internal.reflect.NativeMethodAccessorImpl.invoke0(Native Method)
	at java.base/jdk.internal.reflect.NativeMethodAccessorImpl.invoke(NativeMethodAccessorImpl.java:77)
	at java.base/jdk.internal.reflect.DelegatingMethodAccessorImpl.invoke(DelegatingMethodAccessorImpl.java:43)
	at com.kms.katalon.core.mobile.keyword.builtin.CloseApplicationKeyword$_closeApplication_closure1.doCall(CloseApplicationKeyword.groovy:38)
	at com.kms.katalon.core.mobile.keyword.builtin.CloseApplicationKeyword$_closeApplication_closure1.call(CloseApplicationKeyword.groovy)
	at com.kms.katalon.core.mobile.keyword.internal.MobileKeywordMain.runKeyword(MobileKeywordMain.groovy:19)
	... 23 more


19-07-2024T10:22:53 - [MESSAGE][FAILED] - Unable to close app (Root cause: com.kms.katalon.core.exception.StepFailedException: Unable to close app
	at com.kms.katalon.core.mobile.keyword.internal.MobileKeywordMain.stepFailed(MobileKeywordMain.groovy:38)
	at com.kms.katalon.core.mobile.keyword.internal.MobileKeywordMain.runKeyword(MobileKeywordMain.groovy:21)
	at com.kms.katalon.core.mobile.keyword.builtin.CloseApplicationKeyword.closeApplication(CloseApplicationKeyword.groovy:37)
	at com.kms.katalon.core.mobile.keyword.builtin.CloseApplicationKeyword.execute(CloseApplicationKeyword.groovy:32)
	at com.kms.katalon.core.keyword.internal.KeywordExecutor.executeKeywordForPlatform(KeywordExecutor.groovy:74)
	at com.kms.katalon.core.mobile.keyword.MobileBuiltInKeywords.closeApplication(MobileBuiltInKeywords.groovy:134)
	at BaseTest.closeApplication(BaseTest.groovy:36)
	at java.base/jdk.internal.reflect.NativeMethodAccessorImpl.invoke0(Native Method)
	at java.base/jdk.internal.reflect.NativeMethodAccessorImpl.invoke(NativeMethodAccessorImpl.java:77)
	at java.base/jdk.internal.reflect.DelegatingMethodAccessorImpl.invoke(DelegatingMethodAccessorImpl.java:43)
	at com.kms.katalon.core.context.internal.TestHooker.invokeMethod(TestHooker.java:111)
	at com.kms.katalon.core.context.internal.TestHooker.lambda$3(TestHooker.java:95)
	at com.kms.katalon.core.context.internal.TestHooker.invokeContextMethods(TestHooker.java:94)
	at com.kms.katalon.core.context.internal.TestListenerCollector.lambda$3(TestListenerCollector.java:88)
	at com.kms.katalon.core.context.internal.TestListenerCollector.handleListenerEvent(TestListenerCollector.java:85)
	at com.kms.katalon.core.context.internal.ExecutionEventManager.publicEvent(ExecutionEventManager.java:36)
	at com.kms.katalon.core.main.TestCaseExecutor.execute(TestCaseExecutor.java:315)
	at com.kms.katalon.core.common.CommonExecutor.accessTestCaseMainPhase(CommonExecutor.java:65)
	at com.kms.katalon.core.main.TestSuiteExecutor.accessTestSuiteMainPhase(TestSuiteExecutor.java:148)
	at com.kms.katalon.core.main.TestSuiteExecutor.execute(TestSuiteExecutor.java:106)
	at com.kms.katalon.core.main.TestCaseMain.startTestSuite(TestCaseMain.java:180)
	at TempTestSuite1721359240774.run(TempTestSuite1721359240774.groovy:35)
	at java.base/jdk.internal.reflect.NativeMethodAccessorImpl.invoke0(Native Method)
	at java.base/jdk.internal.reflect.NativeMethodAccessorImpl.invoke(NativeMethodAccessorImpl.java:77)
	at java.base/jdk.internal.reflect.DelegatingMethodAccessorImpl.invoke(DelegatingMethodAccessorImpl.java:43)
Caused by: com.kms.katalon.core.exception.StepFailedException: No driver found
	at java.base/jdk.internal.reflect.NativeConstructorAccessorImpl.newInstance0(Native Method)
	at java.base/jdk.internal.reflect.NativeConstructorAccessorImpl.newInstance(NativeConstructorAccessorImpl.java:77)
	at java.base/jdk.internal.reflect.DelegatingConstructorAccessorImpl.newInstance(DelegatingConstructorAccessorImpl.java:45)
	at com.kms.katalon.core.mobile.keyword.internal.MobileAbstractKeyword.getAnyAppiumDriver(MobileAbstractKeyword.groovy:43)
	at java.base/jdk.internal.reflect.NativeMethodAccessorImpl.invoke0(Native Method)
	at java.base/jdk.internal.reflect.NativeMethodAccessorImpl.invoke(NativeMethodAccessorImpl.java:77)
	at java.base/jdk.internal.reflect.DelegatingMethodAccessorImpl.invoke(DelegatingMethodAccessorImpl.java:43)
	at com.kms.katalon.core.mobile.keyword.builtin.CloseApplicationKeyword$_closeApplication_closure1.doCall(CloseApplicationKeyword.groovy:38)
	at com.kms.katalon.core.mobile.keyword.builtin.CloseApplicationKeyword$_closeApplication_closure1.call(CloseApplicationKeyword.groovy)
	at com.kms.katalon.core.mobile.keyword.internal.MobileKeywordMain.runKeyword(MobileKeywordMain.groovy:19)
	... 23 more
)

19-07-2024T10:22:53 - [MESSAGE][ERROR] - com.kms.katalon.core.exception.StepFailedException: Unable to close app
	at com.kms.katalon.core.mobile.keyword.internal.MobileKeywordMain.stepFailed(MobileKeywordMain.groovy:38)
	at com.kms.katalon.core.mobile.keyword.internal.MobileKeywordMain.runKeyword(MobileKeywordMain.groovy:21)
	at com.kms.katalon.core.mobile.keyword.builtin.CloseApplicationKeyword.closeApplication(CloseApplicationKeyword.groovy:37)
	at com.kms.katalon.core.mobile.keyword.builtin.CloseApplicationKeyword.execute(CloseApplicationKeyword.groovy:32)
	at com.kms.katalon.core.keyword.internal.KeywordExecutor.executeKeywordForPlatform(KeywordExecutor.groovy:74)
	at com.kms.katalon.core.mobile.keyword.MobileBuiltInKeywords.closeApplication(MobileBuiltInKeywords.groovy:134)
	at BaseTest.closeApplication(BaseTest.groovy:36)
	at java.base/jdk.internal.reflect.NativeMethodAccessorImpl.invoke0(Native Method)
	at java.base/jdk.internal.reflect.NativeMethodAccessorImpl.invoke(NativeMethodAccessorImpl.java:77)
	at java.base/jdk.internal.reflect.DelegatingMethodAccessorImpl.invoke(DelegatingMethodAccessorImpl.java:43)
	at com.kms.katalon.core.context.internal.TestHooker.invokeMethod(TestHooker.java:111)
	at com.kms.katalon.core.context.internal.TestHooker.lambda$3(TestHooker.java:95)
	at com.kms.katalon.core.context.internal.TestHooker.invokeContextMethods(TestHooker.java:94)
	at com.kms.katalon.core.context.internal.TestListenerCollector.lambda$3(TestListenerCollector.java:88)
	at com.kms.katalon.core.context.internal.TestListenerCollector.handleListenerEvent(TestListenerCollector.java:85)
	at com.kms.katalon.core.context.internal.ExecutionEventManager.publicEvent(ExecutionEventManager.java:36)
	at com.kms.katalon.core.main.TestCaseExecutor.execute(TestCaseExecutor.java:315)
	at com.kms.katalon.core.common.CommonExecutor.accessTestCaseMainPhase(CommonExecutor.java:65)
	at com.kms.katalon.core.main.TestSuiteExecutor.accessTestSuiteMainPhase(TestSuiteExecutor.java:148)
	at com.kms.katalon.core.main.TestSuiteExecutor.execute(TestSuiteExecutor.java:106)
	at com.kms.katalon.core.main.TestCaseMain.startTestSuite(TestCaseMain.java:180)
	at TempTestSuite1721359240774.run(TempTestSuite1721359240774.groovy:35)
	at java.base/jdk.internal.reflect.NativeMethodAccessorImpl.invoke0(Native Method)
	at java.base/jdk.internal.reflect.NativeMethodAccessorImpl.invoke(NativeMethodAccessorImpl.java:77)
	at java.base/jdk.internal.reflect.DelegatingMethodAccessorImpl.invoke(DelegatingMethodAccessorImpl.java:43)
Caused by: com.kms.katalon.core.exception.StepFailedException: No driver found
	at java.base/jdk.internal.reflect.NativeConstructorAccessorImpl.newInstance0(Native Method)
	at java.base/jdk.internal.reflect.NativeConstructorAccessorImpl.newInstance(NativeConstructorAccessorImpl.java:77)
	at java.base/jdk.internal.reflect.DelegatingConstructorAccessorImpl.newInstance(DelegatingConstructorAccessorImpl.java:45)
	at com.kms.katalon.core.mobile.keyword.internal.MobileAbstractKeyword.getAnyAppiumDriver(MobileAbstractKeyword.groovy:43)
	at java.base/jdk.internal.reflect.NativeMethodAccessorImpl.invoke0(Native Method)
	at java.base/jdk.internal.reflect.NativeMethodAccessorImpl.invoke(NativeMethodAccessorImpl.java:77)
	at java.base/jdk.internal.reflect.DelegatingMethodAccessorImpl.invoke(DelegatingMethodAccessorImpl.java:43)
	at com.kms.katalon.core.mobile.keyword.builtin.CloseApplicationKeyword$_closeApplication_closure1.doCall(CloseApplicationKeyword.groovy:38)
	at com.kms.katalon.core.mobile.keyword.builtin.CloseApplicationKeyword$_closeApplication_closure1.call(CloseApplicationKeyword.groovy)
	at com.kms.katalon.core.mobile.keyword.internal.MobileKeywordMain.runKeyword(MobileKeywordMain.groovy:19)
	... 23 more


19-07-2024T10:22:53 - [TEST_STEP][PASSED] - Start listener action : closeBrowser: null

19-07-2024T10:22:53 - [TEST_STEP][PASSED] - if (!(isAPIRunning) & isWebRunning): null]]></system-out>
         <system-err><![CDATA[]]></system-err>
      </testcase>
      <testcase name="Test Cases/API/Doctor Profile/PUT_Verify update doctor profile successfully" time="4.202" classname="Test Cases/API/Doctor Profile/PUT_Verify update doctor profile successfully" status="PASSED">
         <system-out><![CDATA[19-07-2024T10:22:53 - [TEST_CASE][PASSED] - Test Cases/API/Doctor Profile/PUT_Verify update doctor profile successfully: Test Cases/API/Doctor Profile/PUT_Verify update doctor profile successfully

19-07-2024T10:22:53 - [TEST_STEP][PASSED] - Start listener action : before: null

19-07-2024T10:22:53 - [TEST_STEP][PASSED] - if (isApiTestCase(testCaseContext.getTestCaseId())): null

19-07-2024T10:22:53 - [TEST_STEP][PASSED] - if (isWebTestCase(testCaseContext.getTestCaseId())): null

19-07-2024T10:22:53 - [TEST_STEP][PASSED] - Start listener action : openApplication: null

19-07-2024T10:22:53 - [TEST_STEP][PASSED] - if (!(isAPIRunning) & !(isWebRunning)): null

19-07-2024T10:22:53 - [TEST_STEP][PASSED] - Start listener action : openBrowser: null

19-07-2024T10:22:53 - [TEST_STEP][PASSED] - if (!(isAPIRunning) & isWebRunning): null

19-07-2024T10:22:53 - [TEST_STEP][PASSED] - user = withRole("Doctor").getFirst(): null

19-07-2024T10:22:53 - [TEST_STEP][PASSED] - doctorAccessToken = signIn(email, pwd).getAccessToken(): Send request successfully

19-07-2024T10:22:55 - [MESSAGE][INFO] - HAR: /Users/linh.phan/Automation_Katalon_QE/katalon-healthcare/Reports/20240719_102040/API/API Regression Test/20240719_102040/requests/main/82.har

19-07-2024T10:22:55 - [MESSAGE][PASSED] - Send request successfully

19-07-2024T10:22:55 - [TEST_STEP][PASSED] - fullName = RandomProfileGenerator).generateRandomName(): null

19-07-2024T10:22:55 - [TEST_STEP][PASSED] - birthday = RandomProfileGenerator).generateRandomBirthday(): null

19-07-2024T10:22:55 - [TEST_STEP][PASSED] - gender = RandomProfileGenerator).generateRandomGender(): null

19-07-2024T10:22:55 - [TEST_STEP][PASSED] - address = RandomProfileGenerator).generateRandomAddress(): null

19-07-2024T10:22:55 - [TEST_STEP][PASSED] - phoneNumber = RandomProfileGenerator).generateRandomPhoneNumber(): null

19-07-2024T10:22:55 - [TEST_STEP][PASSED] - degree = RandomProfileGenerator).generateRandomDegree(): null

19-07-2024T10:22:55 - [TEST_STEP][PASSED] - speciality = RandomProfileGenerator).generateRandomSpeciality(): Send request successfully

19-07-2024T10:22:56 - [MESSAGE][INFO] - HAR: /Users/linh.phan/Automation_Katalon_QE/katalon-healthcare/Reports/20240719_102040/API/API Regression Test/20240719_102040/requests/main/83.har

19-07-2024T10:22:56 - [MESSAGE][PASSED] - Send request successfully

19-07-2024T10:22:56 - [TEST_STEP][PASSED] - description = RandomProfileGenerator).generateRandomDescription(): null

19-07-2024T10:22:56 - [TEST_STEP][PASSED] - degree", degree).hasProperty("data.id"): Verify element property value successfully

19-07-2024T10:22:57 - [MESSAGE][INFO] - HAR: /Users/linh.phan/Automation_Katalon_QE/katalon-healthcare/Reports/20240719_102040/API/API Regression Test/20240719_102040/requests/main/84.har

19-07-2024T10:22:57 - [MESSAGE][PASSED] - Send request successfully

19-07-2024T10:22:57 - [MESSAGE][PASSED] - Verify response status code successfully

19-07-2024T10:22:57 - [MESSAGE][PASSED] - Verify element property value successfully

19-07-2024T10:22:57 - [MESSAGE][PASSED] - Verify element property value successfully

19-07-2024T10:22:57 - [MESSAGE][PASSED] - Verify element property value successfully

19-07-2024T10:22:57 - [MESSAGE][PASSED] - Verify element property value successfully

19-07-2024T10:22:57 - [MESSAGE][PASSED] - Verify element property value successfully

19-07-2024T10:22:57 - [MESSAGE][PASSED] - Verify element property value successfully

19-07-2024T10:22:57 - [MESSAGE][PASSED] - Verify element property value successfully

19-07-2024T10:22:58 - [MESSAGE][PASSED] - Verify element property value successfully

19-07-2024T10:22:58 - [TEST_STEP][PASSED] - Start listener action : after: null

19-07-2024T10:22:58 - [TEST_STEP][PASSED] - isAPIRunning = false: null

19-07-2024T10:22:58 - [TEST_STEP][ERROR] - Start listener action : closeApplication: com.kms.katalon.core.exception.StepFailedException: Unable to close app
	at com.kms.katalon.core.mobile.keyword.internal.MobileKeywordMain.stepFailed(MobileKeywordMain.groovy:38)
	at com.kms.katalon.core.mobile.keyword.internal.MobileKeywordMain.runKeyword(MobileKeywordMain.groovy:21)
	at com.kms.katalon.core.mobile.keyword.builtin.CloseApplicationKeyword.closeApplication(CloseApplicationKeyword.groovy:37)
	at com.kms.katalon.core.mobile.keyword.builtin.CloseApplicationKeyword.execute(CloseApplicationKeyword.groovy:32)
	at com.kms.katalon.core.keyword.internal.KeywordExecutor.executeKeywordForPlatform(KeywordExecutor.groovy:74)
	at com.kms.katalon.core.mobile.keyword.MobileBuiltInKeywords.closeApplication(MobileBuiltInKeywords.groovy:134)
	at BaseTest.closeApplication(BaseTest.groovy:36)
	at java.base/jdk.internal.reflect.NativeMethodAccessorImpl.invoke0(Native Method)
	at java.base/jdk.internal.reflect.NativeMethodAccessorImpl.invoke(NativeMethodAccessorImpl.java:77)
	at java.base/jdk.internal.reflect.DelegatingMethodAccessorImpl.invoke(DelegatingMethodAccessorImpl.java:43)
	at com.kms.katalon.core.context.internal.TestHooker.invokeMethod(TestHooker.java:111)
	at com.kms.katalon.core.context.internal.TestHooker.lambda$3(TestHooker.java:95)
	at com.kms.katalon.core.context.internal.TestHooker.invokeContextMethods(TestHooker.java:94)
	at com.kms.katalon.core.context.internal.TestListenerCollector.lambda$3(TestListenerCollector.java:88)
	at com.kms.katalon.core.context.internal.TestListenerCollector.handleListenerEvent(TestListenerCollector.java:85)
	at com.kms.katalon.core.context.internal.ExecutionEventManager.publicEvent(ExecutionEventManager.java:36)
	at com.kms.katalon.core.main.TestCaseExecutor.execute(TestCaseExecutor.java:315)
	at com.kms.katalon.core.common.CommonExecutor.accessTestCaseMainPhase(CommonExecutor.java:65)
	at com.kms.katalon.core.main.TestSuiteExecutor.accessTestSuiteMainPhase(TestSuiteExecutor.java:148)
	at com.kms.katalon.core.main.TestSuiteExecutor.execute(TestSuiteExecutor.java:106)
	at com.kms.katalon.core.main.TestCaseMain.startTestSuite(TestCaseMain.java:180)
	at TempTestSuite1721359240774.run(TempTestSuite1721359240774.groovy:35)
	at java.base/jdk.internal.reflect.NativeMethodAccessorImpl.invoke0(Native Method)
	at java.base/jdk.internal.reflect.NativeMethodAccessorImpl.invoke(NativeMethodAccessorImpl.java:77)
	at java.base/jdk.internal.reflect.DelegatingMethodAccessorImpl.invoke(DelegatingMethodAccessorImpl.java:43)
Caused by: com.kms.katalon.core.exception.StepFailedException: No driver found
	at java.base/jdk.internal.reflect.NativeConstructorAccessorImpl.newInstance0(Native Method)
	at java.base/jdk.internal.reflect.NativeConstructorAccessorImpl.newInstance(NativeConstructorAccessorImpl.java:77)
	at java.base/jdk.internal.reflect.DelegatingConstructorAccessorImpl.newInstance(DelegatingConstructorAccessorImpl.java:45)
	at com.kms.katalon.core.mobile.keyword.internal.MobileAbstractKeyword.getAnyAppiumDriver(MobileAbstractKeyword.groovy:43)
	at java.base/jdk.internal.reflect.NativeMethodAccessorImpl.invoke0(Native Method)
	at java.base/jdk.internal.reflect.NativeMethodAccessorImpl.invoke(NativeMethodAccessorImpl.java:77)
	at java.base/jdk.internal.reflect.DelegatingMethodAccessorImpl.invoke(DelegatingMethodAccessorImpl.java:43)
	at com.kms.katalon.core.mobile.keyword.builtin.CloseApplicationKeyword$_closeApplication_closure1.doCall(CloseApplicationKeyword.groovy:38)
	at com.kms.katalon.core.mobile.keyword.builtin.CloseApplicationKeyword$_closeApplication_closure1.call(CloseApplicationKeyword.groovy)
	at com.kms.katalon.core.mobile.keyword.internal.MobileKeywordMain.runKeyword(MobileKeywordMain.groovy:19)
	... 23 more


19-07-2024T10:22:58 - [TEST_STEP][ERROR] - if (!(isAPIRunning) & !(isWebRunning)): com.kms.katalon.core.exception.StepFailedException: Unable to close app
	at com.kms.katalon.core.mobile.keyword.internal.MobileKeywordMain.stepFailed(MobileKeywordMain.groovy:38)
	at com.kms.katalon.core.mobile.keyword.internal.MobileKeywordMain.runKeyword(MobileKeywordMain.groovy:21)
	at com.kms.katalon.core.mobile.keyword.builtin.CloseApplicationKeyword.closeApplication(CloseApplicationKeyword.groovy:37)
	at com.kms.katalon.core.mobile.keyword.builtin.CloseApplicationKeyword.execute(CloseApplicationKeyword.groovy:32)
	at com.kms.katalon.core.keyword.internal.KeywordExecutor.executeKeywordForPlatform(KeywordExecutor.groovy:74)
	at com.kms.katalon.core.mobile.keyword.MobileBuiltInKeywords.closeApplication(MobileBuiltInKeywords.groovy:134)
	at BaseTest.closeApplication(BaseTest.groovy:36)
	at java.base/jdk.internal.reflect.NativeMethodAccessorImpl.invoke0(Native Method)
	at java.base/jdk.internal.reflect.NativeMethodAccessorImpl.invoke(NativeMethodAccessorImpl.java:77)
	at java.base/jdk.internal.reflect.DelegatingMethodAccessorImpl.invoke(DelegatingMethodAccessorImpl.java:43)
	at com.kms.katalon.core.context.internal.TestHooker.invokeMethod(TestHooker.java:111)
	at com.kms.katalon.core.context.internal.TestHooker.lambda$3(TestHooker.java:95)
	at com.kms.katalon.core.context.internal.TestHooker.invokeContextMethods(TestHooker.java:94)
	at com.kms.katalon.core.context.internal.TestListenerCollector.lambda$3(TestListenerCollector.java:88)
	at com.kms.katalon.core.context.internal.TestListenerCollector.handleListenerEvent(TestListenerCollector.java:85)
	at com.kms.katalon.core.context.internal.ExecutionEventManager.publicEvent(ExecutionEventManager.java:36)
	at com.kms.katalon.core.main.TestCaseExecutor.execute(TestCaseExecutor.java:315)
	at com.kms.katalon.core.common.CommonExecutor.accessTestCaseMainPhase(CommonExecutor.java:65)
	at com.kms.katalon.core.main.TestSuiteExecutor.accessTestSuiteMainPhase(TestSuiteExecutor.java:148)
	at com.kms.katalon.core.main.TestSuiteExecutor.execute(TestSuiteExecutor.java:106)
	at com.kms.katalon.core.main.TestCaseMain.startTestSuite(TestCaseMain.java:180)
	at TempTestSuite1721359240774.run(TempTestSuite1721359240774.groovy:35)
	at java.base/jdk.internal.reflect.NativeMethodAccessorImpl.invoke0(Native Method)
	at java.base/jdk.internal.reflect.NativeMethodAccessorImpl.invoke(NativeMethodAccessorImpl.java:77)
	at java.base/jdk.internal.reflect.DelegatingMethodAccessorImpl.invoke(DelegatingMethodAccessorImpl.java:43)
Caused by: com.kms.katalon.core.exception.StepFailedException: No driver found
	at java.base/jdk.internal.reflect.NativeConstructorAccessorImpl.newInstance0(Native Method)
	at java.base/jdk.internal.reflect.NativeConstructorAccessorImpl.newInstance(NativeConstructorAccessorImpl.java:77)
	at java.base/jdk.internal.reflect.DelegatingConstructorAccessorImpl.newInstance(DelegatingConstructorAccessorImpl.java:45)
	at com.kms.katalon.core.mobile.keyword.internal.MobileAbstractKeyword.getAnyAppiumDriver(MobileAbstractKeyword.groovy:43)
	at java.base/jdk.internal.reflect.NativeMethodAccessorImpl.invoke0(Native Method)
	at java.base/jdk.internal.reflect.NativeMethodAccessorImpl.invoke(NativeMethodAccessorImpl.java:77)
	at java.base/jdk.internal.reflect.DelegatingMethodAccessorImpl.invoke(DelegatingMethodAccessorImpl.java:43)
	at com.kms.katalon.core.mobile.keyword.builtin.CloseApplicationKeyword$_closeApplication_closure1.doCall(CloseApplicationKeyword.groovy:38)
	at com.kms.katalon.core.mobile.keyword.builtin.CloseApplicationKeyword$_closeApplication_closure1.call(CloseApplicationKeyword.groovy)
	at com.kms.katalon.core.mobile.keyword.internal.MobileKeywordMain.runKeyword(MobileKeywordMain.groovy:19)
	... 23 more


19-07-2024T10:22:58 - [TEST_STEP][ERROR] - closeApplication(): com.kms.katalon.core.exception.StepFailedException: Unable to close app
	at com.kms.katalon.core.mobile.keyword.internal.MobileKeywordMain.stepFailed(MobileKeywordMain.groovy:38)
	at com.kms.katalon.core.mobile.keyword.internal.MobileKeywordMain.runKeyword(MobileKeywordMain.groovy:21)
	at com.kms.katalon.core.mobile.keyword.builtin.CloseApplicationKeyword.closeApplication(CloseApplicationKeyword.groovy:37)
	at com.kms.katalon.core.mobile.keyword.builtin.CloseApplicationKeyword.execute(CloseApplicationKeyword.groovy:32)
	at com.kms.katalon.core.keyword.internal.KeywordExecutor.executeKeywordForPlatform(KeywordExecutor.groovy:74)
	at com.kms.katalon.core.mobile.keyword.MobileBuiltInKeywords.closeApplication(MobileBuiltInKeywords.groovy:134)
	at BaseTest.closeApplication(BaseTest.groovy:36)
	at java.base/jdk.internal.reflect.NativeMethodAccessorImpl.invoke0(Native Method)
	at java.base/jdk.internal.reflect.NativeMethodAccessorImpl.invoke(NativeMethodAccessorImpl.java:77)
	at java.base/jdk.internal.reflect.DelegatingMethodAccessorImpl.invoke(DelegatingMethodAccessorImpl.java:43)
	at com.kms.katalon.core.context.internal.TestHooker.invokeMethod(TestHooker.java:111)
	at com.kms.katalon.core.context.internal.TestHooker.lambda$3(TestHooker.java:95)
	at com.kms.katalon.core.context.internal.TestHooker.invokeContextMethods(TestHooker.java:94)
	at com.kms.katalon.core.context.internal.TestListenerCollector.lambda$3(TestListenerCollector.java:88)
	at com.kms.katalon.core.context.internal.TestListenerCollector.handleListenerEvent(TestListenerCollector.java:85)
	at com.kms.katalon.core.context.internal.ExecutionEventManager.publicEvent(ExecutionEventManager.java:36)
	at com.kms.katalon.core.main.TestCaseExecutor.execute(TestCaseExecutor.java:315)
	at com.kms.katalon.core.common.CommonExecutor.accessTestCaseMainPhase(CommonExecutor.java:65)
	at com.kms.katalon.core.main.TestSuiteExecutor.accessTestSuiteMainPhase(TestSuiteExecutor.java:148)
	at com.kms.katalon.core.main.TestSuiteExecutor.execute(TestSuiteExecutor.java:106)
	at com.kms.katalon.core.main.TestCaseMain.startTestSuite(TestCaseMain.java:180)
	at TempTestSuite1721359240774.run(TempTestSuite1721359240774.groovy:35)
	at java.base/jdk.internal.reflect.NativeMethodAccessorImpl.invoke0(Native Method)
	at java.base/jdk.internal.reflect.NativeMethodAccessorImpl.invoke(NativeMethodAccessorImpl.java:77)
	at java.base/jdk.internal.reflect.DelegatingMethodAccessorImpl.invoke(DelegatingMethodAccessorImpl.java:43)
Caused by: com.kms.katalon.core.exception.StepFailedException: No driver found
	at java.base/jdk.internal.reflect.NativeConstructorAccessorImpl.newInstance0(Native Method)
	at java.base/jdk.internal.reflect.NativeConstructorAccessorImpl.newInstance(NativeConstructorAccessorImpl.java:77)
	at java.base/jdk.internal.reflect.DelegatingConstructorAccessorImpl.newInstance(DelegatingConstructorAccessorImpl.java:45)
	at com.kms.katalon.core.mobile.keyword.internal.MobileAbstractKeyword.getAnyAppiumDriver(MobileAbstractKeyword.groovy:43)
	at java.base/jdk.internal.reflect.NativeMethodAccessorImpl.invoke0(Native Method)
	at java.base/jdk.internal.reflect.NativeMethodAccessorImpl.invoke(NativeMethodAccessorImpl.java:77)
	at java.base/jdk.internal.reflect.DelegatingMethodAccessorImpl.invoke(DelegatingMethodAccessorImpl.java:43)
	at com.kms.katalon.core.mobile.keyword.builtin.CloseApplicationKeyword$_closeApplication_closure1.doCall(CloseApplicationKeyword.groovy:38)
	at com.kms.katalon.core.mobile.keyword.builtin.CloseApplicationKeyword$_closeApplication_closure1.call(CloseApplicationKeyword.groovy)
	at com.kms.katalon.core.mobile.keyword.internal.MobileKeywordMain.runKeyword(MobileKeywordMain.groovy:19)
	... 23 more


19-07-2024T10:22:58 - [MESSAGE][FAILED] - Unable to close app (Root cause: com.kms.katalon.core.exception.StepFailedException: Unable to close app
	at com.kms.katalon.core.mobile.keyword.internal.MobileKeywordMain.stepFailed(MobileKeywordMain.groovy:38)
	at com.kms.katalon.core.mobile.keyword.internal.MobileKeywordMain.runKeyword(MobileKeywordMain.groovy:21)
	at com.kms.katalon.core.mobile.keyword.builtin.CloseApplicationKeyword.closeApplication(CloseApplicationKeyword.groovy:37)
	at com.kms.katalon.core.mobile.keyword.builtin.CloseApplicationKeyword.execute(CloseApplicationKeyword.groovy:32)
	at com.kms.katalon.core.keyword.internal.KeywordExecutor.executeKeywordForPlatform(KeywordExecutor.groovy:74)
	at com.kms.katalon.core.mobile.keyword.MobileBuiltInKeywords.closeApplication(MobileBuiltInKeywords.groovy:134)
	at BaseTest.closeApplication(BaseTest.groovy:36)
	at java.base/jdk.internal.reflect.NativeMethodAccessorImpl.invoke0(Native Method)
	at java.base/jdk.internal.reflect.NativeMethodAccessorImpl.invoke(NativeMethodAccessorImpl.java:77)
	at java.base/jdk.internal.reflect.DelegatingMethodAccessorImpl.invoke(DelegatingMethodAccessorImpl.java:43)
	at com.kms.katalon.core.context.internal.TestHooker.invokeMethod(TestHooker.java:111)
	at com.kms.katalon.core.context.internal.TestHooker.lambda$3(TestHooker.java:95)
	at com.kms.katalon.core.context.internal.TestHooker.invokeContextMethods(TestHooker.java:94)
	at com.kms.katalon.core.context.internal.TestListenerCollector.lambda$3(TestListenerCollector.java:88)
	at com.kms.katalon.core.context.internal.TestListenerCollector.handleListenerEvent(TestListenerCollector.java:85)
	at com.kms.katalon.core.context.internal.ExecutionEventManager.publicEvent(ExecutionEventManager.java:36)
	at com.kms.katalon.core.main.TestCaseExecutor.execute(TestCaseExecutor.java:315)
	at com.kms.katalon.core.common.CommonExecutor.accessTestCaseMainPhase(CommonExecutor.java:65)
	at com.kms.katalon.core.main.TestSuiteExecutor.accessTestSuiteMainPhase(TestSuiteExecutor.java:148)
	at com.kms.katalon.core.main.TestSuiteExecutor.execute(TestSuiteExecutor.java:106)
	at com.kms.katalon.core.main.TestCaseMain.startTestSuite(TestCaseMain.java:180)
	at TempTestSuite1721359240774.run(TempTestSuite1721359240774.groovy:35)
	at java.base/jdk.internal.reflect.NativeMethodAccessorImpl.invoke0(Native Method)
	at java.base/jdk.internal.reflect.NativeMethodAccessorImpl.invoke(NativeMethodAccessorImpl.java:77)
	at java.base/jdk.internal.reflect.DelegatingMethodAccessorImpl.invoke(DelegatingMethodAccessorImpl.java:43)
Caused by: com.kms.katalon.core.exception.StepFailedException: No driver found
	at java.base/jdk.internal.reflect.NativeConstructorAccessorImpl.newInstance0(Native Method)
	at java.base/jdk.internal.reflect.NativeConstructorAccessorImpl.newInstance(NativeConstructorAccessorImpl.java:77)
	at java.base/jdk.internal.reflect.DelegatingConstructorAccessorImpl.newInstance(DelegatingConstructorAccessorImpl.java:45)
	at com.kms.katalon.core.mobile.keyword.internal.MobileAbstractKeyword.getAnyAppiumDriver(MobileAbstractKeyword.groovy:43)
	at java.base/jdk.internal.reflect.NativeMethodAccessorImpl.invoke0(Native Method)
	at java.base/jdk.internal.reflect.NativeMethodAccessorImpl.invoke(NativeMethodAccessorImpl.java:77)
	at java.base/jdk.internal.reflect.DelegatingMethodAccessorImpl.invoke(DelegatingMethodAccessorImpl.java:43)
	at com.kms.katalon.core.mobile.keyword.builtin.CloseApplicationKeyword$_closeApplication_closure1.doCall(CloseApplicationKeyword.groovy:38)
	at com.kms.katalon.core.mobile.keyword.builtin.CloseApplicationKeyword$_closeApplication_closure1.call(CloseApplicationKeyword.groovy)
	at com.kms.katalon.core.mobile.keyword.internal.MobileKeywordMain.runKeyword(MobileKeywordMain.groovy:19)
	... 23 more
)

19-07-2024T10:22:58 - [MESSAGE][ERROR] - com.kms.katalon.core.exception.StepFailedException: Unable to close app
	at com.kms.katalon.core.mobile.keyword.internal.MobileKeywordMain.stepFailed(MobileKeywordMain.groovy:38)
	at com.kms.katalon.core.mobile.keyword.internal.MobileKeywordMain.runKeyword(MobileKeywordMain.groovy:21)
	at com.kms.katalon.core.mobile.keyword.builtin.CloseApplicationKeyword.closeApplication(CloseApplicationKeyword.groovy:37)
	at com.kms.katalon.core.mobile.keyword.builtin.CloseApplicationKeyword.execute(CloseApplicationKeyword.groovy:32)
	at com.kms.katalon.core.keyword.internal.KeywordExecutor.executeKeywordForPlatform(KeywordExecutor.groovy:74)
	at com.kms.katalon.core.mobile.keyword.MobileBuiltInKeywords.closeApplication(MobileBuiltInKeywords.groovy:134)
	at BaseTest.closeApplication(BaseTest.groovy:36)
	at java.base/jdk.internal.reflect.NativeMethodAccessorImpl.invoke0(Native Method)
	at java.base/jdk.internal.reflect.NativeMethodAccessorImpl.invoke(NativeMethodAccessorImpl.java:77)
	at java.base/jdk.internal.reflect.DelegatingMethodAccessorImpl.invoke(DelegatingMethodAccessorImpl.java:43)
	at com.kms.katalon.core.context.internal.TestHooker.invokeMethod(TestHooker.java:111)
	at com.kms.katalon.core.context.internal.TestHooker.lambda$3(TestHooker.java:95)
	at com.kms.katalon.core.context.internal.TestHooker.invokeContextMethods(TestHooker.java:94)
	at com.kms.katalon.core.context.internal.TestListenerCollector.lambda$3(TestListenerCollector.java:88)
	at com.kms.katalon.core.context.internal.TestListenerCollector.handleListenerEvent(TestListenerCollector.java:85)
	at com.kms.katalon.core.context.internal.ExecutionEventManager.publicEvent(ExecutionEventManager.java:36)
	at com.kms.katalon.core.main.TestCaseExecutor.execute(TestCaseExecutor.java:315)
	at com.kms.katalon.core.common.CommonExecutor.accessTestCaseMainPhase(CommonExecutor.java:65)
	at com.kms.katalon.core.main.TestSuiteExecutor.accessTestSuiteMainPhase(TestSuiteExecutor.java:148)
	at com.kms.katalon.core.main.TestSuiteExecutor.execute(TestSuiteExecutor.java:106)
	at com.kms.katalon.core.main.TestCaseMain.startTestSuite(TestCaseMain.java:180)
	at TempTestSuite1721359240774.run(TempTestSuite1721359240774.groovy:35)
	at java.base/jdk.internal.reflect.NativeMethodAccessorImpl.invoke0(Native Method)
	at java.base/jdk.internal.reflect.NativeMethodAccessorImpl.invoke(NativeMethodAccessorImpl.java:77)
	at java.base/jdk.internal.reflect.DelegatingMethodAccessorImpl.invoke(DelegatingMethodAccessorImpl.java:43)
Caused by: com.kms.katalon.core.exception.StepFailedException: No driver found
	at java.base/jdk.internal.reflect.NativeConstructorAccessorImpl.newInstance0(Native Method)
	at java.base/jdk.internal.reflect.NativeConstructorAccessorImpl.newInstance(NativeConstructorAccessorImpl.java:77)
	at java.base/jdk.internal.reflect.DelegatingConstructorAccessorImpl.newInstance(DelegatingConstructorAccessorImpl.java:45)
	at com.kms.katalon.core.mobile.keyword.internal.MobileAbstractKeyword.getAnyAppiumDriver(MobileAbstractKeyword.groovy:43)
	at java.base/jdk.internal.reflect.NativeMethodAccessorImpl.invoke0(Native Method)
	at java.base/jdk.internal.reflect.NativeMethodAccessorImpl.invoke(NativeMethodAccessorImpl.java:77)
	at java.base/jdk.internal.reflect.DelegatingMethodAccessorImpl.invoke(DelegatingMethodAccessorImpl.java:43)
	at com.kms.katalon.core.mobile.keyword.builtin.CloseApplicationKeyword$_closeApplication_closure1.doCall(CloseApplicationKeyword.groovy:38)
	at com.kms.katalon.core.mobile.keyword.builtin.CloseApplicationKeyword$_closeApplication_closure1.call(CloseApplicationKeyword.groovy)
	at com.kms.katalon.core.mobile.keyword.internal.MobileKeywordMain.runKeyword(MobileKeywordMain.groovy:19)
	... 23 more


19-07-2024T10:22:58 - [TEST_STEP][PASSED] - Start listener action : closeBrowser: null

19-07-2024T10:22:58 - [TEST_STEP][PASSED] - if (!(isAPIRunning) & isWebRunning): null]]></system-out>
         <system-err><![CDATA[]]></system-err>
      </testcase>
      <system-out><![CDATA[19-07-2024T10:20:46 - [TEST_SUITE][FAILED] - API Regression Test: Test Cases/API/Patient Management/GET_Verify get patient accounts list successfully FAILED.
Reason:
com.kms.katalon.core.exception.StepFailedException: 1 Issue(s):
> $.items[0].address: is missing but it is required
	at com.kms.katalon.core.keyword.internal.KeywordMain.stepFailed(KeywordMain.groovy:51)
	at com.kms.katalon.core.keyword.internal.KeywordMain.stepFailed(KeywordMain.groovy)
	at com.kms.katalon.core.keyword.internal.KeywordMain.stepFailed(KeywordMain.groovy:23)
	at com.kms.katalon.core.webservice.keyword.builtin.ValidateWithJsonSchema$_validateWithJsonSchema_closure1.doCall(ValidateWithJsonSchema.groovy:72)
	at com.kms.katalon.core.webservice.keyword.builtin.ValidateWithJsonSchema$_validateWithJsonSchema_closure1.call(ValidateWithJsonSchema.groovy)
	at com.kms.katalon.core.keyword.internal.KeywordMain.runKeyword(KeywordMain.groovy:75)
	at com.kms.katalon.core.webservice.keyword.builtin.ValidateWithJsonSchema.validateWithJsonSchema(ValidateWithJsonSchema.groovy:53)
	at com.kms.katalon.core.webservice.keyword.builtin.ValidateWithJsonSchema.validateWithJsonSchema(ValidateWithJsonSchema.groovy:48)
	at com.kms.katalon.core.webservice.keyword.builtin.ValidateWithJsonSchema.execute(ValidateWithJsonSchema.groovy:36)
	at com.kms.katalon.core.keyword.internal.KeywordExecutor.executeKeywordForPlatform(KeywordExecutor.groovy:74)
	at com.kms.katalon.core.webservice.keyword.WSBuiltInKeywords.validateJsonAgainstSchema(WSBuiltInKeywords.groovy:486)
	at katalon.fw.lib.BaseService.validateJsonAgainstSchema(BaseService.groovy:206)
	at GET_Verify get patient accounts list successfully.run(GET_Verify get patient accounts list successfully:18)
	at com.kms.katalon.core.main.ScriptEngine.run(ScriptEngine.java:194)
	at com.kms.katalon.core.main.ScriptEngine.runScriptAsRawText(ScriptEngine.java:119)
	at com.kms.katalon.core.main.TestCaseExecutor.runScript(TestCaseExecutor.java:448)
	at com.kms.katalon.core.main.TestCaseExecutor.doExecute(TestCaseExecutor.java:439)
	at com.kms.katalon.core.main.TestCaseExecutor.processExecutionPhase(TestCaseExecutor.java:418)
	at com.kms.katalon.core.main.TestCaseExecutor.accessMainPhase(TestCaseExecutor.java:410)
	at com.kms.katalon.core.main.TestCaseExecutor.execute(TestCaseExecutor.java:285)
	at com.kms.katalon.core.common.CommonExecutor.accessTestCaseMainPhase(CommonExecutor.java:65)
	at com.kms.katalon.core.main.TestSuiteExecutor.accessTestSuiteMainPhase(TestSuiteExecutor.java:148)
	at com.kms.katalon.core.main.TestSuiteExecutor.execute(TestSuiteExecutor.java:106)
	at com.kms.katalon.core.main.TestCaseMain.startTestSuite(TestCaseMain.java:180)
	at TempTestSuite1721359240774.run(TempTestSuite1721359240774.groovy:35)
	at java.base/jdk.internal.reflect.NativeMethodAccessorImpl.invoke0(Native Method)
	at java.base/jdk.internal.reflect.NativeMethodAccessorImpl.invoke(NativeMethodAccessorImpl.java:77)
	at java.base/jdk.internal.reflect.DelegatingMethodAccessorImpl.invoke(DelegatingMethodAccessorImpl.java:43)]]></system-out>
      <system-err><![CDATA[19-07-2024T10:20:46 - [TEST_SUITE][FAILED] - API Regression Test: Test Cases/API/Patient Management/GET_Verify get patient accounts list successfully FAILED.
Reason:
com.kms.katalon.core.exception.StepFailedException: 1 Issue(s):
> $.items[0].address: is missing but it is required
	at com.kms.katalon.core.keyword.internal.KeywordMain.stepFailed(KeywordMain.groovy:51)
	at com.kms.katalon.core.keyword.internal.KeywordMain.stepFailed(KeywordMain.groovy)
	at com.kms.katalon.core.keyword.internal.KeywordMain.stepFailed(KeywordMain.groovy:23)
	at com.kms.katalon.core.webservice.keyword.builtin.ValidateWithJsonSchema$_validateWithJsonSchema_closure1.doCall(ValidateWithJsonSchema.groovy:72)
	at com.kms.katalon.core.webservice.keyword.builtin.ValidateWithJsonSchema$_validateWithJsonSchema_closure1.call(ValidateWithJsonSchema.groovy)
	at com.kms.katalon.core.keyword.internal.KeywordMain.runKeyword(KeywordMain.groovy:75)
	at com.kms.katalon.core.webservice.keyword.builtin.ValidateWithJsonSchema.validateWithJsonSchema(ValidateWithJsonSchema.groovy:53)
	at com.kms.katalon.core.webservice.keyword.builtin.ValidateWithJsonSchema.validateWithJsonSchema(ValidateWithJsonSchema.groovy:48)
	at com.kms.katalon.core.webservice.keyword.builtin.ValidateWithJsonSchema.execute(ValidateWithJsonSchema.groovy:36)
	at com.kms.katalon.core.keyword.internal.KeywordExecutor.executeKeywordForPlatform(KeywordExecutor.groovy:74)
	at com.kms.katalon.core.webservice.keyword.WSBuiltInKeywords.validateJsonAgainstSchema(WSBuiltInKeywords.groovy:486)
	at katalon.fw.lib.BaseService.validateJsonAgainstSchema(BaseService.groovy:206)
	at GET_Verify get patient accounts list successfully.run(GET_Verify get patient accounts list successfully:18)
	at com.kms.katalon.core.main.ScriptEngine.run(ScriptEngine.java:194)
	at com.kms.katalon.core.main.ScriptEngine.runScriptAsRawText(ScriptEngine.java:119)
	at com.kms.katalon.core.main.TestCaseExecutor.runScript(TestCaseExecutor.java:448)
	at com.kms.katalon.core.main.TestCaseExecutor.doExecute(TestCaseExecutor.java:439)
	at com.kms.katalon.core.main.TestCaseExecutor.processExecutionPhase(TestCaseExecutor.java:418)
	at com.kms.katalon.core.main.TestCaseExecutor.accessMainPhase(TestCaseExecutor.java:410)
	at com.kms.katalon.core.main.TestCaseExecutor.execute(TestCaseExecutor.java:285)
	at com.kms.katalon.core.common.CommonExecutor.accessTestCaseMainPhase(CommonExecutor.java:65)
	at com.kms.katalon.core.main.TestSuiteExecutor.accessTestSuiteMainPhase(TestSuiteExecutor.java:148)
	at com.kms.katalon.core.main.TestSuiteExecutor.execute(TestSuiteExecutor.java:106)
	at com.kms.katalon.core.main.TestCaseMain.startTestSuite(TestCaseMain.java:180)
	at TempTestSuite1721359240774.run(TempTestSuite1721359240774.groovy:35)
	at java.base/jdk.internal.reflect.NativeMethodAccessorImpl.invoke0(Native Method)
	at java.base/jdk.internal.reflect.NativeMethodAccessorImpl.invoke(NativeMethodAccessorImpl.java:77)
	at java.base/jdk.internal.reflect.DelegatingMethodAccessorImpl.invoke(DelegatingMethodAccessorImpl.java:43)]]></system-err>
   </testsuite>
</testsuites>
